1733790121.2368746 [INFO] [launch]: All log files can be found below /home/ubuntu/.ros/log/2024-12-10-00-22-01-233374-minipupperv2-1670
1733790121.2378032 [INFO] [launch]: Default logging verbosity is set to INFO
1733790126.6579914 [INFO] [robot_state_publisher-1]: process started with pid [1674]
1733790126.6614578 [INFO] [quadruped_controller_node-2]: process started with pid [1676]
1733790126.6838965 [INFO] [state_estimation_node-3]: process started with pid [1678]
1733790126.6846976 [INFO] [ekf_node-4]: process started with pid [1680]
1733790126.6855240 [INFO] [ekf_node-5]: process started with pid [1682]
1733790126.6863253 [INFO] [servo_interface-6]: process started with pid [1687]
1733790126.6871805 [INFO] [ldlidar_stl_ros2_node-7]: process started with pid [1696]
1733790126.6879928 [INFO] [imu_interface-8]: process started with pid [1705]
1733790126.7202499 [robot_state_publisher-1] [INFO] [1733790126.702169602] [robot_state_publisher]: got segment Board_PCB
1733790126.7209687 [robot_state_publisher-1] [INFO] [1733790126.707788673] [robot_state_publisher]: got segment Board_connectors_1
1733790126.7215807 [robot_state_publisher-1] [INFO] [1733790126.707961802] [robot_state_publisher]: got segment Board_connectors_2
1733790126.7221706 [robot_state_publisher-1] [INFO] [1733790126.708016301] [robot_state_publisher]: got segment Body_front
1733790126.7227161 [robot_state_publisher-1] [INFO] [1733790126.708050375] [robot_state_publisher]: got segment Shell_Side
1733790126.7315354 [robot_state_publisher-1] [INFO] [1733790126.708083097] [robot_state_publisher]: got segment base_inertia
1733790126.7359929 [robot_state_publisher-1] [INFO] [1733790126.708113412] [robot_state_publisher]: got segment base_link
1733790126.7366841 [robot_state_publisher-1] [INFO] [1733790126.708143022] [robot_state_publisher]: got segment imu_link
1733790126.7405446 [robot_state_publisher-1] [INFO] [1733790126.708171893] [robot_state_publisher]: got segment lb1
1733790126.7428823 [robot_state_publisher-1] [INFO] [1733790126.708200411] [robot_state_publisher]: got segment lb2
1733790126.7494974 [robot_state_publisher-1] [INFO] [1733790126.708228985] [robot_state_publisher]: got segment lb3
1733790126.7544527 [robot_state_publisher-1] [INFO] [1733790126.709092368] [robot_state_publisher]: got segment lbfoot
1733790126.7600803 [robot_state_publisher-1] [INFO] [1733790126.709216978] [robot_state_publisher]: got segment lf1
1733790126.7680149 [robot_state_publisher-1] [INFO] [1733790126.709264459] [robot_state_publisher]: got segment lf2
1733790126.7738895 [robot_state_publisher-1] [INFO] [1733790126.709298551] [robot_state_publisher]: got segment lf3
1733790126.7819214 [robot_state_publisher-1] [INFO] [1733790126.709328977] [robot_state_publisher]: got segment lffoot
1733790126.7875254 [robot_state_publisher-1] [INFO] [1733790126.709358384] [robot_state_publisher]: got segment lidar_link
1733790126.7923193 [robot_state_publisher-1] [INFO] [1733790126.709387384] [robot_state_publisher]: got segment lpb1
1733790126.7962620 [robot_state_publisher-1] [INFO] [1733790126.709416643] [robot_state_publisher]: got segment lpb2
1733790126.8001785 [robot_state_publisher-1] [INFO] [1733790126.709446106] [robot_state_publisher]: got segment lpf1
1733790126.8054438 [robot_state_publisher-1] [INFO] [1733790126.709481309] [robot_state_publisher]: got segment lpf2
1733790126.8089745 [robot_state_publisher-1] [INFO] [1733790126.709515939] [robot_state_publisher]: got segment rb1
1733790126.8129177 [robot_state_publisher-1] [INFO] [1733790126.709552827] [robot_state_publisher]: got segment rb2
1733790126.8178723 [robot_state_publisher-1] [INFO] [1733790126.710500432] [robot_state_publisher]: got segment rb3
1733790126.8212831 [robot_state_publisher-1] [INFO] [1733790126.710579561] [robot_state_publisher]: got segment rbfoot
1733790126.8262763 [robot_state_publisher-1] [INFO] [1733790126.710621412] [robot_state_publisher]: got segment rf1
1733790126.8312697 [robot_state_publisher-1] [INFO] [1733790126.710652301] [robot_state_publisher]: got segment rf2
1733790126.8345289 [robot_state_publisher-1] [INFO] [1733790126.710681375] [robot_state_publisher]: got segment rf3
1733790126.8389552 [robot_state_publisher-1] [INFO] [1733790126.710710004] [robot_state_publisher]: got segment rffoot
1733790126.8434463 [robot_state_publisher-1] [INFO] [1733790126.710739615] [robot_state_publisher]: got segment rpb1
1733790126.8468704 [robot_state_publisher-1] [INFO] [1733790126.710769448] [robot_state_publisher]: got segment rpb2
1733790126.8512394 [robot_state_publisher-1] [INFO] [1733790126.710798337] [robot_state_publisher]: got segment rpf1
1733790126.8617506 [robot_state_publisher-1] [INFO] [1733790126.710827651] [robot_state_publisher]: got segment rpf2
1733790130.1677830 [ERROR] [ldlidar_stl_ros2_node-7]: process has died [pid 1696, exit code 1, cmd '/home/ubuntu/ros2_ws/install/ldlidar_stl_ros2/lib/ldlidar_stl_ros2/ldlidar_stl_ros2_node --ros-args -r __node:=LD06 --params-file /tmp/launch_params_fq7j54pp --params-file /tmp/launch_params_26pizh9z --params-file /tmp/launch_params_pjje84ub --params-file /tmp/launch_params_x9bnijz6 --params-file /tmp/launch_params_4xlc28ne --params-file /tmp/launch_params_4uvcqk4i --params-file /tmp/launch_params_4ej6bsd5 --params-file /tmp/launch_params_wzzc27m_ --params-file /tmp/launch_params_7bnmlgf0'].
1733790269.8762579 [WARNING] [launch]: user interrupted with ctrl-c (SIGINT)
1733790270.1255529 [INFO] [quadruped_controller_node-2]: process has finished cleanly [pid 1676]
1733790270.1314623 [robot_state_publisher-1] [INFO] [1733790269.875403587] [rclcpp]: signal_handler(signum=2)
1733790270.1410537 [INFO] [robot_state_publisher-1]: process has finished cleanly [pid 1674]
1733790270.2973452 [INFO] [ekf_node-4]: process has finished cleanly [pid 1680]
1733790270.3526905 [ERROR] [imu_interface-8]: process has died [pid 1705, exit code -2, cmd '/home/ubuntu/ros2_ws/install/mini_pupper_driver/lib/mini_pupper_driver/imu_interface --ros-args -r __node:=imu_interface -r __ns:=/'].
1733790270.3536365 [INFO] [state_estimation_node-3]: process has finished cleanly [pid 1678]
1733790270.3917089 [ERROR] [servo_interface-6]: process has died [pid 1687, exit code -2, cmd '/home/ubuntu/ros2_ws/install/mini_pupper_driver/lib/mini_pupper_driver/servo_interface --ros-args -r __node:=servo_interface'].
1733790270.4001777 [INFO] [ekf_node-5]: process has finished cleanly [pid 1682]
