1733448248.7262316 [INFO] [launch]: All log files can be found below /home/ubuntu/.ros/log/2024-12-06-01-24-08-723111-minipupperv2-9739
1733448248.7268679 [INFO] [launch]: Default logging verbosity is set to INFO
1733448253.9971049 [INFO] [robot_state_publisher-1]: process started with pid [9747]
1733448254.0017960 [INFO] [quadruped_controller_node-2]: process started with pid [9749]
1733448254.0078363 [INFO] [state_estimation_node-3]: process started with pid [9751]
1733448254.0144072 [INFO] [ekf_node-4]: process started with pid [9753]
1733448254.0220773 [INFO] [ekf_node-5]: process started with pid [9755]
1733448254.0302782 [INFO] [servo_interface-6]: process started with pid [9758]
1733448254.0384853 [INFO] [ldlidar_stl_ros2_node-7]: process started with pid [9765]
1733448254.0453911 [INFO] [imu_interface-8]: process started with pid [9777]
1733448254.0927851 [robot_state_publisher-1] [INFO] [1733448254.090325723] [robot_state_publisher]: got segment Board_PCB
1733448254.1030464 [robot_state_publisher-1] [INFO] [1733448254.091390008] [robot_state_publisher]: got segment Board_connectors_1
1733448254.1082513 [robot_state_publisher-1] [INFO] [1733448254.091546728] [robot_state_publisher]: got segment Board_connectors_2
1733448254.1138947 [robot_state_publisher-1] [INFO] [1733448254.091598394] [robot_state_publisher]: got segment Body_front
1733448254.1172359 [robot_state_publisher-1] [INFO] [1733448254.091639708] [robot_state_publisher]: got segment Shell_Side
1733448254.1205566 [robot_state_publisher-1] [INFO] [1733448254.091672282] [robot_state_publisher]: got segment base_inertia
1733448254.1249523 [robot_state_publisher-1] [INFO] [1733448254.091704115] [robot_state_publisher]: got segment base_link
1733448254.1291325 [robot_state_publisher-1] [INFO] [1733448254.091735689] [robot_state_publisher]: got segment imu_link
1733448254.1324549 [robot_state_publisher-1] [INFO] [1733448254.091767929] [robot_state_publisher]: got segment lb1
1733448254.1374602 [robot_state_publisher-1] [INFO] [1733448254.091896039] [robot_state_publisher]: got segment lb2
1733448254.1417415 [robot_state_publisher-1] [INFO] [1733448254.092077907] [robot_state_publisher]: got segment lb3
1733448254.1450019 [robot_state_publisher-1] [INFO] [1733448254.092122648] [robot_state_publisher]: got segment lbfoot
1733448254.1495113 [robot_state_publisher-1] [INFO] [1733448254.092165740] [robot_state_publisher]: got segment lf1
1733448254.1547720 [robot_state_publisher-1] [INFO] [1733448254.092201721] [robot_state_publisher]: got segment lf2
1733448254.1583548 [robot_state_publisher-1] [INFO] [1733448254.092234757] [robot_state_publisher]: got segment lf3
1733448254.1627622 [robot_state_publisher-1] [INFO] [1733448254.092265664] [robot_state_publisher]: got segment lffoot
1733448254.1671665 [robot_state_publisher-1] [INFO] [1733448254.092295386] [robot_state_publisher]: got segment lidar_link
1733448254.1709497 [robot_state_publisher-1] [INFO] [1733448254.092324738] [robot_state_publisher]: got segment lpb1
1733448254.1757746 [robot_state_publisher-1] [INFO] [1733448254.092356200] [robot_state_publisher]: got segment lpb2
1733448254.1790960 [robot_state_publisher-1] [INFO] [1733448254.092386811] [robot_state_publisher]: got segment lpf1
1733448254.1824079 [robot_state_publisher-1] [INFO] [1733448254.092526532] [robot_state_publisher]: got segment lpf2
1733448254.1868389 [robot_state_publisher-1] [INFO] [1733448254.092702623] [robot_state_publisher]: got segment rb1
1733448254.1898904 [robot_state_publisher-1] [INFO] [1733448254.092745863] [robot_state_publisher]: got segment rb2
1733448254.1929455 [robot_state_publisher-1] [INFO] [1733448254.092780270] [robot_state_publisher]: got segment rb3
1733448254.1967399 [robot_state_publisher-1] [INFO] [1733448254.092822992] [robot_state_publisher]: got segment rbfoot
1733448254.2002831 [robot_state_publisher-1] [INFO] [1733448254.092857250] [robot_state_publisher]: got segment rf1
1733448254.2031088 [robot_state_publisher-1] [INFO] [1733448254.092890583] [robot_state_publisher]: got segment rf2
1733448254.2063282 [robot_state_publisher-1] [INFO] [1733448254.092922509] [robot_state_publisher]: got segment rf3
1733448254.2112648 [robot_state_publisher-1] [INFO] [1733448254.092952490] [robot_state_publisher]: got segment rffoot
1733448254.2147093 [robot_state_publisher-1] [INFO] [1733448254.092983323] [robot_state_publisher]: got segment rpb1
1733448254.2190399 [robot_state_publisher-1] [INFO] [1733448254.093013897] [robot_state_publisher]: got segment rpb2
1733448254.2217290 [robot_state_publisher-1] [INFO] [1733448254.093177339] [robot_state_publisher]: got segment rpf1
1733448254.2255216 [robot_state_publisher-1] [INFO] [1733448254.093357652] [robot_state_publisher]: got segment rpf2
1733448257.8723934 [ERROR] [ldlidar_stl_ros2_node-7]: process has died [pid 9765, exit code 1, cmd '/home/ubuntu/ros2_ws/install/ldlidar_stl_ros2/lib/ldlidar_stl_ros2/ldlidar_stl_ros2_node --ros-args -r __node:=LD06 --params-file /tmp/launch_params_d6e37jly --params-file /tmp/launch_params_u3buz6my --params-file /tmp/launch_params_pdd5_r1p --params-file /tmp/launch_params_0vnf4h_a --params-file /tmp/launch_params_5yfbqwdg --params-file /tmp/launch_params_aall7ycr --params-file /tmp/launch_params_2pvxbi03 --params-file /tmp/launch_params_4iha7762 --params-file /tmp/launch_params_lber61ic'].
1733448791.5439548 [WARNING] [launch]: user interrupted with ctrl-c (SIGINT)
1733448791.8529143 [INFO] [quadruped_controller_node-2]: process has finished cleanly [pid 9749]
1733448791.8795922 [robot_state_publisher-1] [INFO] [1733448791.542396941] [rclcpp]: signal_handler(signum=2)
1733448792.1481516 [INFO] [robot_state_publisher-1]: process has finished cleanly [pid 9747]
1733448792.1673143 [INFO] [ekf_node-5]: process has finished cleanly [pid 9755]
1733448792.2025208 [ERROR] [imu_interface-8]: process has died [pid 9777, exit code -2, cmd '/home/ubuntu/ros2_ws/install/mini_pupper_driver/lib/mini_pupper_driver/imu_interface --ros-args -r __node:=imu_interface -r __ns:=/'].
1733448792.2058423 [INFO] [state_estimation_node-3]: process has finished cleanly [pid 9751]
1733448792.2088823 [ERROR] [servo_interface-6]: process has died [pid 9758, exit code -2, cmd '/home/ubuntu/ros2_ws/install/mini_pupper_driver/lib/mini_pupper_driver/servo_interface --ros-args -r __node:=servo_interface'].
1733448792.2321384 [INFO] [ekf_node-4]: process has finished cleanly [pid 9753]
