1717408538.4951406 [INFO] [launch]: All log files can be found below /home/ubuntu/.ros/log/2024-06-03-09-55-38-491893-minipupperv2-2516
1717408538.4957366 [INFO] [launch]: Default logging verbosity is set to INFO
1717408542.5046053 [INFO] [robot_state_publisher-1]: process started with pid [2520]
1717408542.5088918 [INFO] [quadruped_controller_node-2]: process started with pid [2522]
1717408542.5186203 [INFO] [state_estimation_node-3]: process started with pid [2524]
1717408542.5198798 [INFO] [ekf_node-4]: process started with pid [2526]
1717408542.5210488 [INFO] [ekf_node-5]: process started with pid [2528]
1717408542.5222602 [INFO] [servo_interface-6]: process started with pid [2538]
1717408542.5234323 [INFO] [ldlidar_stl_ros2_node-7]: process started with pid [2545]
1717408542.9864748 [robot_state_publisher-1] [INFO] [1717408542.984881261] [robot_state_publisher]: got segment base_inertia
1717408542.9894102 [robot_state_publisher-1] [INFO] [1717408542.985488341] [robot_state_publisher]: got segment base_link
1717408542.9904797 [robot_state_publisher-1] [INFO] [1717408542.985620258] [robot_state_publisher]: got segment imu_link
1717408542.9913483 [robot_state_publisher-1] [INFO] [1717408542.985664046] [robot_state_publisher]: got segment lb1
1717408542.9919000 [robot_state_publisher-1] [INFO] [1717408542.985695206] [robot_state_publisher]: got segment lb2
1717408542.9924436 [robot_state_publisher-1] [INFO] [1717408542.985725959] [robot_state_publisher]: got segment lb3
1717408542.9929831 [robot_state_publisher-1] [INFO] [1717408542.985758526] [robot_state_publisher]: got segment lbfoot
1717408542.9935541 [robot_state_publisher-1] [INFO] [1717408542.985789039] [robot_state_publisher]: got segment lf1
1717408542.9939601 [robot_state_publisher-1] [INFO] [1717408542.985818699] [robot_state_publisher]: got segment lf2
1717408542.9942636 [robot_state_publisher-1] [INFO] [1717408542.985850674] [robot_state_publisher]: got segment lf3
1717408542.9947922 [robot_state_publisher-1] [INFO] [1717408542.985882057] [robot_state_publisher]: got segment lffoot
1717408542.9952147 [robot_state_publisher-1] [INFO] [1717408542.985912699] [robot_state_publisher]: got segment lidar_link
1717408542.9955719 [robot_state_publisher-1] [INFO] [1717408542.985942674] [robot_state_publisher]: got segment lpb1
1717408542.9961388 [robot_state_publisher-1] [INFO] [1717408542.985972760] [robot_state_publisher]: got segment lpb2
1717408542.9966102 [robot_state_publisher-1] [INFO] [1717408542.986003384] [robot_state_publisher]: got segment lpf1
1717408542.9969018 [robot_state_publisher-1] [INFO] [1717408542.986035137] [robot_state_publisher]: got segment lpf2
1717408542.9973454 [robot_state_publisher-1] [INFO] [1717408542.986098735] [robot_state_publisher]: got segment rb1
1717408542.9978478 [robot_state_publisher-1] [INFO] [1717408542.986129525] [robot_state_publisher]: got segment rb2
1717408542.9983227 [robot_state_publisher-1] [INFO] [1717408542.986159389] [robot_state_publisher]: got segment rb3
1717408543.0085235 [robot_state_publisher-1] [INFO] [1717408542.986190753] [robot_state_publisher]: got segment rbfoot
1717408543.0093565 [robot_state_publisher-1] [INFO] [1717408542.986221136] [robot_state_publisher]: got segment rf1
1717408543.0109420 [robot_state_publisher-1] [INFO] [1717408542.986250907] [robot_state_publisher]: got segment rf2
1717408543.0117223 [robot_state_publisher-1] [INFO] [1717408542.986282012] [robot_state_publisher]: got segment rf3
1717408543.0124712 [robot_state_publisher-1] [INFO] [1717408542.986311802] [robot_state_publisher]: got segment rffoot
1717408543.0131855 [robot_state_publisher-1] [INFO] [1717408542.986380992] [robot_state_publisher]: got segment rpb1
1717408543.0139389 [robot_state_publisher-1] [INFO] [1717408542.986418651] [robot_state_publisher]: got segment rpb2
1717408543.0148435 [robot_state_publisher-1] [INFO] [1717408542.986449756] [robot_state_publisher]: got segment rpf1
1717408543.0226533 [robot_state_publisher-1] [INFO] [1717408542.986479398] [robot_state_publisher]: got segment rpf2
1717408543.0252523 [robot_state_publisher-1] [INFO] [1717408542.986509929] [robot_state_publisher]: got segment yellow_plate
1717408555.5079532 [WARNING] [launch]: user interrupted with ctrl-c (SIGINT)
1717408555.6235518 [robot_state_publisher-1] [INFO] [1717408555.512768261] [rclcpp]: signal_handler(signum=2)
1717408555.7503059 [INFO] [quadruped_controller_node-2]: process has finished cleanly [pid 2522]
1717408555.8127422 [INFO] [robot_state_publisher-1]: process has finished cleanly [pid 2520]
1717408555.8340461 [INFO] [ldlidar_stl_ros2_node-7]: process has finished cleanly [pid 2545]
1717408555.8388329 [INFO] [state_estimation_node-3]: process has finished cleanly [pid 2524]
1717408555.9017677 [ERROR] [servo_interface-6]: process has died [pid 2538, exit code -2, cmd '/home/ubuntu/ros2_ws/install/mini_pupper_driver/lib/mini_pupper_driver/servo_interface --ros-args -r __node:=servo_interface'].
1717408555.9638617 [INFO] [ekf_node-5]: process has finished cleanly [pid 2528]
1717408555.9681990 [INFO] [ekf_node-4]: process has finished cleanly [pid 2526]
