1717642475.1872890 [INFO] [launch]: All log files can be found below /home/ubuntu/.ros/log/2024-06-06-02-54-35-184008-minipupperv2-1436
1717642475.1881058 [INFO] [launch]: Default logging verbosity is set to INFO
1717642479.3267024 [INFO] [robot_state_publisher-1]: process started with pid [1440]
1717642479.3296123 [INFO] [quadruped_controller_node-2]: process started with pid [1442]
1717642479.3321152 [INFO] [state_estimation_node-3]: process started with pid [1444]
1717642479.3353183 [INFO] [ekf_node-4]: process started with pid [1446]
1717642479.3415520 [INFO] [ekf_node-5]: process started with pid [1448]
1717642479.3462431 [INFO] [servo_interface-6]: process started with pid [1460]
1717642479.3525853 [INFO] [ldlidar_stl_ros2_node-7]: process started with pid [1475]
1717642479.8737183 [robot_state_publisher-1] [INFO] [1717642479.871204957] [robot_state_publisher]: got segment base_inertia
1717642479.8801222 [robot_state_publisher-1] [INFO] [1717642479.877576269] [robot_state_publisher]: got segment base_link
1717642479.8826671 [robot_state_publisher-1] [INFO] [1717642479.877728693] [robot_state_publisher]: got segment imu_link
1717642479.8852227 [robot_state_publisher-1] [INFO] [1717642479.877775378] [robot_state_publisher]: got segment lb1
1717642479.8878868 [robot_state_publisher-1] [INFO] [1717642479.877810655] [robot_state_publisher]: got segment lb2
1717642479.8928668 [robot_state_publisher-1] [INFO] [1717642479.877844007] [robot_state_publisher]: got segment lb3
1717642479.8974590 [robot_state_publisher-1] [INFO] [1717642479.877876377] [robot_state_publisher]: got segment lbfoot
1717642479.9023702 [robot_state_publisher-1] [INFO] [1717642479.877907784] [robot_state_publisher]: got segment lf1
1717642479.9048488 [robot_state_publisher-1] [INFO] [1717642479.877938784] [robot_state_publisher]: got segment lf2
1717642479.9065480 [robot_state_publisher-1] [INFO] [1717642479.877968117] [robot_state_publisher]: got segment lf3
1717642479.9085395 [robot_state_publisher-1] [INFO] [1717642479.877998894] [robot_state_publisher]: got segment lffoot
1717642479.9101663 [robot_state_publisher-1] [INFO] [1717642479.878029487] [robot_state_publisher]: got segment lidar_link
1717642479.9113331 [robot_state_publisher-1] [INFO] [1717642479.878059764] [robot_state_publisher]: got segment lpb1
1717642479.9141176 [robot_state_publisher-1] [INFO] [1717642479.878090042] [robot_state_publisher]: got segment lpb2
1717642479.9154327 [robot_state_publisher-1] [INFO] [1717642479.878120523] [robot_state_publisher]: got segment lpf1
1717642479.9191256 [robot_state_publisher-1] [INFO] [1717642479.878153096] [robot_state_publisher]: got segment lpf2
1717642479.9202847 [robot_state_publisher-1] [INFO] [1717642479.878183504] [robot_state_publisher]: got segment rb1
1717642479.9215009 [robot_state_publisher-1] [INFO] [1717642479.878214244] [robot_state_publisher]: got segment rb2
1717642479.9241755 [robot_state_publisher-1] [INFO] [1717642479.878245540] [robot_state_publisher]: got segment rb3
1717642479.9264014 [robot_state_publisher-1] [INFO] [1717642479.878275318] [robot_state_publisher]: got segment rbfoot
1717642479.9276667 [robot_state_publisher-1] [INFO] [1717642479.879913228] [robot_state_publisher]: got segment rf1
1717642479.9288282 [robot_state_publisher-1] [INFO] [1717642479.879968506] [robot_state_publisher]: got segment rf2
1717642479.9298728 [robot_state_publisher-1] [INFO] [1717642479.879999690] [robot_state_publisher]: got segment rf3
1717642479.9310539 [robot_state_publisher-1] [INFO] [1717642479.880030616] [robot_state_publisher]: got segment rffoot
1717642479.9322276 [robot_state_publisher-1] [INFO] [1717642479.880060190] [robot_state_publisher]: got segment rpb1
1717642479.9332449 [robot_state_publisher-1] [INFO] [1717642479.880090486] [robot_state_publisher]: got segment rpb2
1717642479.9342797 [robot_state_publisher-1] [INFO] [1717642479.880120486] [robot_state_publisher]: got segment rpf1
1717642479.9352682 [robot_state_publisher-1] [INFO] [1717642479.880149374] [robot_state_publisher]: got segment rpf2
1717642479.9363313 [robot_state_publisher-1] [INFO] [1717642479.880178559] [robot_state_publisher]: got segment yellow_plate
1717642547.9024677 [WARNING] [launch]: user interrupted with ctrl-c (SIGINT)
1717642548.1035595 [robot_state_publisher-1] [INFO] [1717642547.901798373] [rclcpp]: signal_handler(signum=2)
1717642548.2407260 [INFO] [quadruped_controller_node-2]: process has finished cleanly [pid 1442]
1717642548.2687850 [INFO] [robot_state_publisher-1]: process has finished cleanly [pid 1440]
1717642548.2867498 [INFO] [state_estimation_node-3]: process has finished cleanly [pid 1444]
1717642548.3185470 [INFO] [ekf_node-4]: process has finished cleanly [pid 1446]
1717642548.3620133 [ERROR] [servo_interface-6]: process has died [pid 1460, exit code -2, cmd '/home/ubuntu/ros2_ws/install/mini_pupper_driver/lib/mini_pupper_driver/servo_interface --ros-args -r __node:=servo_interface'].
1717642548.3724306 [INFO] [ekf_node-5]: process has finished cleanly [pid 1448]
1717642548.3742006 [INFO] [ldlidar_stl_ros2_node-7]: process has finished cleanly [pid 1475]
