1733447941.8225203 [INFO] [launch]: All log files can be found below /home/ubuntu/.ros/log/2024-12-06-01-19-01-817473-minipupperv2-9362
1733447941.8231194 [INFO] [launch]: Default logging verbosity is set to INFO
1733447947.4718189 [INFO] [robot_state_publisher-1]: process started with pid [9373]
1733447947.4739478 [INFO] [quadruped_controller_node-2]: process started with pid [9375]
1733447947.4776182 [INFO] [state_estimation_node-3]: process started with pid [9377]
1733447947.4796848 [INFO] [ekf_node-4]: process started with pid [9379]
1733447947.4815490 [INFO] [ekf_node-5]: process started with pid [9381]
1733447947.4840040 [INFO] [servo_interface-6]: process started with pid [9383]
1733447947.4860127 [INFO] [ldlidar_stl_ros2_node-7]: process started with pid [9385]
1733447947.4886644 [INFO] [imu_interface-8]: process started with pid [9387]
1733447953.8997898 [robot_state_publisher-1] [INFO] [1733447953.898263269] [robot_state_publisher]: got segment Board_PCB
1733447953.9025514 [robot_state_publisher-1] [INFO] [1733447953.898843985] [robot_state_publisher]: got segment Board_connectors_1
1733447953.9033031 [robot_state_publisher-1] [INFO] [1733447953.898966558] [robot_state_publisher]: got segment Board_connectors_2
1733447953.9042921 [robot_state_publisher-1] [INFO] [1733447953.899005446] [robot_state_publisher]: got segment Body_front
1733447953.9050746 [robot_state_publisher-1] [INFO] [1733447953.899038168] [robot_state_publisher]: got segment Shell_Side
1733447953.9058001 [robot_state_publisher-1] [INFO] [1733447953.899067464] [robot_state_publisher]: got segment base_inertia
1733447953.9068382 [robot_state_publisher-1] [INFO] [1733447953.899098019] [robot_state_publisher]: got segment base_link
1733447953.9077137 [robot_state_publisher-1] [INFO] [1733447953.899127667] [robot_state_publisher]: got segment imu_link
1733447953.9086862 [robot_state_publisher-1] [INFO] [1733447953.899157667] [robot_state_publisher]: got segment lb1
1733447953.9093447 [robot_state_publisher-1] [INFO] [1733447953.899188296] [robot_state_publisher]: got segment lb2
1733447953.9102411 [robot_state_publisher-1] [INFO] [1733447953.899218814] [robot_state_publisher]: got segment lb3
1733447953.9112992 [robot_state_publisher-1] [INFO] [1733447953.899248536] [robot_state_publisher]: got segment lbfoot
1733447953.9127235 [robot_state_publisher-1] [INFO] [1733447953.899278832] [robot_state_publisher]: got segment lf1
1733447953.9144928 [robot_state_publisher-1] [INFO] [1733447953.899309387] [robot_state_publisher]: got segment lf2
1733447953.9157064 [robot_state_publisher-1] [INFO] [1733447953.899343794] [robot_state_publisher]: got segment lf3
1733447953.9168448 [robot_state_publisher-1] [INFO] [1733447953.899373609] [robot_state_publisher]: got segment lffoot
1733447953.9175584 [robot_state_publisher-1] [INFO] [1733447953.899403997] [robot_state_publisher]: got segment lidar_link
1733447953.9185283 [robot_state_publisher-1] [INFO] [1733447953.899434793] [robot_state_publisher]: got segment lpb1
1733447953.9195683 [robot_state_publisher-1] [INFO] [1733447953.899464367] [robot_state_publisher]: got segment lpb2
1733447953.9213476 [robot_state_publisher-1] [INFO] [1733447953.899494052] [robot_state_publisher]: got segment lpf1
1733447953.9219749 [robot_state_publisher-1] [INFO] [1733447953.899523996] [robot_state_publisher]: got segment lpf2
1733447953.9230094 [robot_state_publisher-1] [INFO] [1733447953.899553551] [robot_state_publisher]: got segment rb1
1733447953.9243231 [robot_state_publisher-1] [INFO] [1733447953.899582977] [robot_state_publisher]: got segment rb2
1733447953.9258931 [robot_state_publisher-1] [INFO] [1733447953.899612476] [robot_state_publisher]: got segment rb3
1733447953.9265378 [robot_state_publisher-1] [INFO] [1733447953.899643661] [robot_state_publisher]: got segment rbfoot
1733447953.9283671 [robot_state_publisher-1] [INFO] [1733447953.899673809] [robot_state_publisher]: got segment rf1
1733447953.9293790 [robot_state_publisher-1] [INFO] [1733447953.899703327] [robot_state_publisher]: got segment rf2
1733447953.9302452 [robot_state_publisher-1] [INFO] [1733447953.899732697] [robot_state_publisher]: got segment rf3
1733447953.9314787 [robot_state_publisher-1] [INFO] [1733447953.899762697] [robot_state_publisher]: got segment rffoot
1733447953.9328249 [robot_state_publisher-1] [INFO] [1733447953.899792882] [robot_state_publisher]: got segment rpb1
1733447953.9341726 [robot_state_publisher-1] [INFO] [1733447953.899823289] [robot_state_publisher]: got segment rpb2
1733447953.9365478 [robot_state_publisher-1] [INFO] [1733447953.899853103] [robot_state_publisher]: got segment rpf1
1733447953.9375079 [robot_state_publisher-1] [INFO] [1733447953.899884603] [robot_state_publisher]: got segment rpf2
1733447956.4768972 [ERROR] [ldlidar_stl_ros2_node-7]: process has died [pid 9385, exit code 1, cmd '/home/ubuntu/ros2_ws/install/ldlidar_stl_ros2/lib/ldlidar_stl_ros2/ldlidar_stl_ros2_node --ros-args -r __node:=LD06 --params-file /tmp/launch_params_sxg26m7d --params-file /tmp/launch_params_jgixei05 --params-file /tmp/launch_params_helxtv3u --params-file /tmp/launch_params_0awp56zo --params-file /tmp/launch_params_ns0it0zm --params-file /tmp/launch_params_9wtuejpy --params-file /tmp/launch_params_xecwh50o --params-file /tmp/launch_params_aseujg5q --params-file /tmp/launch_params_03cgnwwm'].
1733448020.3342400 [WARNING] [launch]: user interrupted with ctrl-c (SIGINT)
1733448020.7034767 [INFO] [quadruped_controller_node-2]: process has finished cleanly [pid 9375]
1733448020.7067335 [INFO] [robot_state_publisher-1]: process has finished cleanly [pid 9373]
1733448020.7237659 [robot_state_publisher-1] [INFO] [1733448020.318548970] [rclcpp]: signal_handler(signum=2)
1733448020.8636582 [INFO] [state_estimation_node-3]: process has finished cleanly [pid 9377]
1733448020.8685038 [INFO] [ekf_node-5]: process has finished cleanly [pid 9381]
1733448020.9418745 [INFO] [ekf_node-4]: process has finished cleanly [pid 9379]
1733448020.9588504 [ERROR] [imu_interface-8]: process has died [pid 9387, exit code -2, cmd '/home/ubuntu/ros2_ws/install/mini_pupper_driver/lib/mini_pupper_driver/imu_interface --ros-args -r __node:=imu_interface -r __ns:=/'].
1733448021.0016029 [ERROR] [servo_interface-6]: process has died [pid 9383, exit code -2, cmd '/home/ubuntu/ros2_ws/install/mini_pupper_driver/lib/mini_pupper_driver/servo_interface --ros-args -r __node:=servo_interface'].
