2024-10-31 17:18:18.017 [info] [main] Log level: Info
2024-10-31 17:18:18.017 [info] [main] Validating found git in: "git"
2024-10-31 17:18:18.017 [info] [main] Using git "2.34.1" from "git"
2024-10-31 17:18:18.017 [info] [Model][doInitialScan] Initial repository scan started
2024-10-31 17:18:18.017 [info] > git rev-parse --show-toplevel [153ms]
2024-10-31 17:18:18.017 [info] fatal: not a git repository (or any of the parent directories): .git
2024-10-31 17:18:18.033 [info] > git rev-parse --show-toplevel [22ms]
2024-10-31 17:18:18.060 [info] > git rev-parse --git-dir --git-common-dir [6ms]
2024-10-31 17:18:18.131 [info] [Model][openRepository] Opened repository: /home/ubuntu/apps-md-robots
2024-10-31 17:18:18.180 [info] > git config --get commit.template [23ms]
2024-10-31 17:18:18.185 [info] > git rev-parse --show-toplevel [13ms]
2024-10-31 17:18:18.185 [info] fatal: not a git repository (or any of the parent directories): .git
2024-10-31 17:18:18.244 [info] > git for-each-ref --format=%(refname)%00%(upstream:short)%00%(objectname)%00%(upstream:track)%00%(upstream:remotename)%00%(upstream:remoteref) refs/heads/main refs/remotes/main [38ms]
2024-10-31 17:18:18.247 [info] > git rev-parse --show-toplevel [24ms]
2024-10-31 17:18:18.247 [info] fatal: not a git repository (or any of the parent directories): .git
2024-10-31 17:18:18.269 [info] > git rev-parse --show-toplevel [6ms]
2024-10-31 17:18:18.269 [info] fatal: not a git repository (or any of the parent directories): .git
2024-10-31 17:18:18.334 [info] > git status -z -uall [31ms]
2024-10-31 17:18:18.338 [info] > git rev-parse --show-toplevel [53ms]
2024-10-31 17:18:18.338 [info] fatal: not a git repository (or any of the parent directories): .git
2024-10-31 17:18:18.362 [info] > git for-each-ref --sort -committerdate --format %(refname) %(objectname) %(*objectname) [34ms]
2024-10-31 17:18:18.453 [info] > git for-each-ref --format=%(refname)%00%(upstream:short)%00%(objectname)%00%(upstream:track)%00%(upstream:remotename)%00%(upstream:remoteref) refs/heads/main refs/remotes/main [35ms]
2024-10-31 17:18:18.473 [info] > git rev-parse --show-toplevel [118ms]
2024-10-31 17:18:18.473 [info] fatal: not a git repository (or any of the parent directories): .git
2024-10-31 17:18:18.691 [info] > git config --local branch.main.vscode-merge-base [219ms]
2024-10-31 17:18:18.715 [info] > git config --get commit.template [267ms]
2024-10-31 17:18:18.721 [info] > git for-each-ref --format=%(refname)%00%(upstream:short)%00%(objectname)%00%(upstream:track)%00%(upstream:remotename)%00%(upstream:remoteref) refs/heads/origin/main refs/remotes/origin/main [9ms]
2024-10-31 17:18:18.747 [info] > git rev-parse --show-toplevel [76ms]
2024-10-31 17:18:19.310 [info] > git check-ignore -v -z --stdin [545ms]
2024-10-31 17:18:19.314 [info] > git merge-base refs/heads/main refs/remotes/origin/main [571ms]
2024-10-31 17:18:19.348 [info] > git rev-parse --git-dir --git-common-dir [549ms]
2024-10-31 17:18:19.390 [info] [Model][openRepository] Opened repository: /home/ubuntu/PS4Joystick
2024-10-31 17:18:19.393 [info] > git for-each-ref --format=%(refname)%00%(upstream:short)%00%(objectname)%00%(upstream:track)%00%(upstream:remotename)%00%(upstream:remoteref) refs/heads/main refs/remotes/main [610ms]
2024-10-31 17:18:19.448 [info] > git fetch [1319ms]
2024-10-31 17:18:19.452 [info] > git diff --name-status -z --diff-filter=ADMR dd14a0dfe75f4621a9c862edf27d700f052145cf...refs/remotes/origin/main [113ms]
2024-10-31 17:18:19.531 [info] > git rev-parse --show-toplevel [99ms]
2024-10-31 17:18:19.532 [info] > git config --get commit.template [117ms]
2024-10-31 17:18:19.596 [info] > git config --get commit.template [119ms]
2024-10-31 17:18:19.631 [info] > git rev-parse --git-dir --git-common-dir [73ms]
2024-10-31 17:18:19.667 [info] [Model][openRepository] Opened repository: /home/ubuntu/PupperCommand
2024-10-31 17:18:19.780 [info] > git for-each-ref --format=%(refname)%00%(upstream:short)%00%(objectname)%00%(upstream:track)%00%(upstream:remotename)%00%(upstream:remoteref) refs/heads/master refs/remotes/master [164ms]
2024-10-31 17:18:19.806 [warning] [Git][revParse] Unable to read file: ENOENT: no such file or directory, open '/home/ubuntu/PS4Joystick/.git/refs/remotes/origin/master'
2024-10-31 17:18:20.053 [info] > git rev-parse --show-toplevel [278ms]
2024-10-31 17:18:20.056 [info] > git config --get commit.template [306ms]
2024-10-31 17:18:20.058 [info] > git for-each-ref --format=%(refname)%00%(upstream:short)%00%(objectname)%00%(upstream:track)%00%(upstream:remotename)%00%(upstream:remoteref) refs/heads/main refs/remotes/main [370ms]
2024-10-31 17:18:20.188 [info] > git check-ignore -v -z --stdin [107ms]
2024-10-31 17:18:20.193 [info] > git check-ignore -v -z --stdin [83ms]
2024-10-31 17:18:20.197 [info] > git rev-parse refs/remotes/origin/master [394ms]
2024-10-31 17:18:20.261 [info] > git fetch [873ms]
2024-10-31 17:18:20.271 [info] > git for-each-ref --sort -committerdate --format %(refname) %(objectname) %(*objectname) [11ms] (cancelled)
2024-10-31 17:18:20.412 [info] > git status -z -uall [195ms] (cancelled)
2024-10-31 17:18:20.418 [info] > git for-each-ref --format=%(refname)%00%(upstream:short)%00%(objectname)%00%(upstream:track)%00%(upstream:remotename)%00%(upstream:remoteref) refs/heads/master refs/remotes/master [124ms]
2024-10-31 17:18:20.457 [info] > git rev-parse --git-dir --git-common-dir [277ms]
2024-10-31 17:18:20.550 [info] [Model][openRepository] Opened repository: /home/ubuntu/StanfordQuadruped
2024-10-31 17:18:20.557 [info] > git fetch [891ms]
2024-10-31 17:18:20.717 [info] > git config --local branch.master.vscode-merge-base [262ms]
2024-10-31 17:18:20.762 [info] > git config --get commit.template [360ms]
2024-10-31 17:18:20.763 [info] > git config --get commit.template [385ms]
2024-10-31 17:18:20.764 [info] > git for-each-ref --format=%(refname)%00%(upstream:short)%00%(objectname)%00%(upstream:track)%00%(upstream:remotename)%00%(upstream:remoteref) refs/heads/master refs/remotes/master [431ms]
2024-10-31 17:18:20.845 [warning] [Git][revParse] Unable to read file: ENOENT: no such file or directory, open '/home/ubuntu/PupperCommand/.git/refs/remotes/origin/master'
2024-10-31 17:18:20.899 [info] > git config --get commit.template [216ms]
2024-10-31 17:18:20.900 [info] > git rev-parse --show-toplevel [260ms]
2024-10-31 17:18:20.902 [info] > git config --get commit.template [296ms]
2024-10-31 17:18:21.080 [info] > git status -z -uall [288ms]
2024-10-31 17:18:21.082 [info] > git rev-parse refs/remotes/origin/master [237ms]
2024-10-31 17:18:21.144 [info] > git for-each-ref --sort -committerdate --format %(refname) %(objectname) %(*objectname) [319ms]
2024-10-31 17:18:21.191 [info] > git for-each-ref --format=%(refname)%00%(upstream:short)%00%(objectname)%00%(upstream:track)%00%(upstream:remotename)%00%(upstream:remoteref) refs/heads/origin/master refs/remotes/origin/master [429ms]
2024-10-31 17:18:21.401 [info] > git check-ignore -v -z --stdin [156ms]
2024-10-31 17:18:21.403 [info] > git check-ignore -v -z --stdin [133ms]
2024-10-31 17:18:21.405 [info] > git check-ignore -v -z --stdin [111ms]
2024-10-31 17:18:21.408 [info] > git merge-base refs/heads/master refs/remotes/origin/master [181ms]
2024-10-31 17:18:21.432 [info] > git for-each-ref --format=%(refname)%00%(upstream:short)%00%(objectname)%00%(upstream:track)%00%(upstream:remotename)%00%(upstream:remoteref) refs/heads/master refs/remotes/master [296ms]
2024-10-31 17:18:21.453 [info] > git rev-parse --git-dir --git-common-dir [432ms]
2024-10-31 17:18:21.492 [info] [Model][openRepository] Opened repository: /home/ubuntu/UDPComms
2024-10-31 17:18:21.498 [info] > git for-each-ref --format=%(refname)%00%(upstream:short)%00%(objectname)%00%(upstream:track)%00%(upstream:remotename)%00%(upstream:remoteref) refs/heads/master refs/remotes/master [510ms]
2024-10-31 17:18:21.499 [info] > git for-each-ref --format=%(refname)%00%(upstream:short)%00%(objectname)%00%(upstream:track)%00%(upstream:remotename)%00%(upstream:remoteref) refs/heads/master refs/remotes/master [564ms]
2024-10-31 17:18:21.583 [warning] [Git][revParse] Unable to read file: ENOENT: no such file or directory, open '/home/ubuntu/PS4Joystick/.git/refs/remotes/origin/master'
2024-10-31 17:18:21.604 [warning] [Git][revParse] Unable to read file: ENOENT: no such file or directory, open '/home/ubuntu/PS4Joystick/.git/refs/remotes/origin/master'
2024-10-31 17:18:21.641 [info] > git config --local branch.master.vscode-merge-base [190ms]
2024-10-31 17:18:21.664 [info] > git diff --name-status -z --diff-filter=ADMR defa868598cc91924683d328a1da1856bf9f0791...refs/remotes/origin/master [233ms]
2024-10-31 17:18:21.668 [info] > git config --get commit.template [288ms]
2024-10-31 17:18:21.669 [info] > git for-each-ref --format=%(refname)%00%(upstream:short)%00%(objectname)%00%(upstream:track)%00%(upstream:remotename)%00%(upstream:remoteref) refs/heads/master refs/remotes/master [314ms]
2024-10-31 17:18:21.670 [info] > git for-each-ref --format=%(refname)%00%(upstream:short)%00%(objectname)%00%(upstream:track)%00%(upstream:remotename)%00%(upstream:remoteref) refs/heads/mini_pupper refs/remotes/mini_pupper [344ms]
2024-10-31 17:18:21.672 [info] > git fetch [1125ms]
2024-10-31 17:18:21.714 [warning] [Git][revParse] Unable to read file: ENOENT: no such file or directory, open '/home/ubuntu/PupperCommand/.git/refs/remotes/origin/master'
2024-10-31 17:18:21.758 [info] > git for-each-ref --format=%(refname)%00%(upstream:short)%00%(objectname)%00%(upstream:track)%00%(upstream:remotename)%00%(upstream:remoteref) refs/heads/origin/master refs/remotes/origin/master [94ms]
2024-10-31 17:18:21.781 [info] > git rev-parse refs/remotes/origin/master [178ms]
2024-10-31 17:18:21.788 [info] > git rev-parse refs/remotes/origin/master [205ms]
2024-10-31 17:18:21.833 [info] > git rev-parse --show-toplevel [277ms]
2024-10-31 17:18:21.837 [info] > git config --get commit.template [303ms]
2024-10-31 17:18:21.891 [info] > git status -z -uall [78ms]
2024-10-31 17:18:21.891 [info] > git for-each-ref --sort -committerdate --format %(refname) %(objectname) %(*objectname) [59ms]
2024-10-31 17:18:21.910 [info] > git merge-base refs/heads/master refs/remotes/origin/master [130ms]
2024-10-31 17:18:21.928 [info] > git config --get commit.template [192ms]
2024-10-31 17:18:21.929 [info] > git rev-parse refs/remotes/origin/master [215ms]
2024-10-31 17:18:21.982 [info] > git merge-base refs/heads/master refs/remotes/origin/master [31ms]
2024-10-31 17:18:22.002 [info] > git diff --name-status -z --diff-filter=ADMR 4b7b3dfd50cc0e66d0e815114c1b6b01a7aa1183...refs/remotes/origin/master [75ms]
2024-10-31 17:18:22.003 [info] > git rev-parse --git-dir --git-common-dir [119ms]
2024-10-31 17:18:22.044 [info] [Model][openRepository] Opened repository: /home/ubuntu/mini_pupper_bsp
2024-10-31 17:18:22.049 [info] > git for-each-ref --format=%(refname)%00%(upstream:short)%00%(objectname)%00%(upstream:track)%00%(upstream:remotename)%00%(upstream:remoteref) refs/heads/master refs/remotes/master [183ms]
2024-10-31 17:18:22.171 [warning] [Git][revParse] Unable to read file: ENOENT: no such file or directory, open '/home/ubuntu/PupperCommand/.git/refs/remotes/origin/master'
2024-10-31 17:18:22.236 [info] > git diff --name-status -z --diff-filter=ADMR 4b7b3dfd50cc0e66d0e815114c1b6b01a7aa1183...refs/remotes/origin/master [234ms]
2024-10-31 17:18:22.239 [info] > git for-each-ref --format=%(refname)%00%(upstream:short)%00%(objectname)%00%(upstream:track)%00%(upstream:remotename)%00%(upstream:remoteref) refs/heads/master refs/remotes/master [269ms]
2024-10-31 17:18:22.241 [info] > git fetch [750ms]
2024-10-31 17:18:22.306 [warning] [Git][revParse] Unable to read file: ENOENT: no such file or directory, open '/home/ubuntu/UDPComms/.git/refs/remotes/origin/master'
2024-10-31 17:18:22.332 [info] > git rev-parse refs/remotes/origin/master [161ms]
2024-10-31 17:18:22.368 [info] > git rev-parse --show-toplevel [219ms]
2024-10-31 17:18:22.369 [info] > git config --get commit.template [244ms]
2024-10-31 17:18:22.369 [info] > git for-each-ref --format=%(refname)%00%(upstream:short)%00%(objectname)%00%(upstream:track)%00%(upstream:remotename)%00%(upstream:remoteref) refs/heads/mini_pupper refs/remotes/mini_pupper [271ms]
2024-10-31 17:18:22.370 [info] > git for-each-ref --format=%(refname)%00%(upstream:short)%00%(objectname)%00%(upstream:track)%00%(upstream:remotename)%00%(upstream:remoteref) refs/heads/mini_pupper refs/remotes/mini_pupper [294ms]
2024-10-31 17:18:22.411 [info] > git status -z -uall [60ms]
2024-10-31 17:18:22.412 [info] > git for-each-ref --sort -committerdate --format %(refname) %(objectname) %(*objectname) [45ms]
2024-10-31 17:18:22.427 [info] > git config --get commit.template [102ms]
2024-10-31 17:18:22.427 [info] > git rev-parse refs/remotes/origin/master [122ms]
2024-10-31 17:18:22.452 [info] > git config --get commit.template [181ms]
2024-10-31 17:18:22.505 [info] > git for-each-ref --format=%(refname)%00%(upstream:short)%00%(objectname)%00%(upstream:track)%00%(upstream:remotename)%00%(upstream:remoteref) refs/heads/master refs/remotes/master [58ms]
2024-10-31 17:18:22.526 [info] > git rev-parse --git-dir --git-common-dir [120ms]
2024-10-31 17:18:22.555 [info] [Model][openRepository] Opened repository: /home/ubuntu/mini_pupper_ros
2024-10-31 17:18:22.557 [info] > git config --local branch.mini_pupper.vscode-merge-base [170ms]
2024-10-31 17:18:22.701 [info] > git for-each-ref --format=%(refname)%00%(upstream:short)%00%(objectname)%00%(upstream:track)%00%(upstream:remotename)%00%(upstream:remoteref) refs/heads/origin/mini_pupper refs/remotes/origin/mini_pupper [128ms]
2024-10-31 17:18:22.735 [info] > git config --local branch.master.vscode-merge-base [210ms]
2024-10-31 17:18:22.763 [info] > git config --get commit.template [261ms]
2024-10-31 17:18:22.764 [info] > git for-each-ref --format=%(refname)%00%(upstream:short)%00%(objectname)%00%(upstream:track)%00%(upstream:remotename)%00%(upstream:remoteref) refs/heads/main refs/remotes/main [290ms]
2024-10-31 17:18:22.766 [info] > git fetch [724ms]
2024-10-31 17:18:22.835 [info] > git for-each-ref --format=%(refname)%00%(upstream:short)%00%(objectname)%00%(upstream:track)%00%(upstream:remotename)%00%(upstream:remoteref) refs/heads/origin/master refs/remotes/origin/master [73ms]
2024-10-31 17:18:22.854 [info] > git merge-base refs/heads/mini_pupper refs/remotes/origin/mini_pupper [119ms]
2024-10-31 17:18:22.871 [info] > git rev-parse --show-toplevel [222ms]
2024-10-31 17:18:22.872 [info] > git config --get commit.template [243ms]
2024-10-31 17:18:22.873 [info] > git for-each-ref --format=%(refname)%00%(upstream:short)%00%(objectname)%00%(upstream:track)%00%(upstream:remotename)%00%(upstream:remoteref) refs/heads/master refs/remotes/master [261ms]
2024-10-31 17:18:22.874 [info] > git for-each-ref --format=%(refname)%00%(upstream:short)%00%(objectname)%00%(upstream:track)%00%(upstream:remotename)%00%(upstream:remoteref) refs/heads/mini_pupper refs/remotes/mini_pupper [280ms]
2024-10-31 17:18:22.923 [warning] [Git][revParse] Unable to read file: ENOENT: no such file or directory, open '/home/ubuntu/UDPComms/.git/refs/remotes/origin/master'
2024-10-31 17:18:22.933 [info] > git merge-base refs/heads/master refs/remotes/origin/master [81ms]
2024-10-31 17:18:22.951 [info] > git config --get commit.template [121ms]
2024-10-31 17:18:22.951 [info] > git merge-base refs/heads/mini_pupper refs/remotes/origin/mini_pupper [144ms]
2024-10-31 17:18:23.010 [info] > git diff --name-status -z --diff-filter=ADMR 6737d6c6089146fb239f5cd03d8e3c5515344be1...refs/remotes/origin/master [60ms]
2024-10-31 17:18:23.012 [info] > git rev-parse refs/remotes/origin/master [89ms]
2024-10-31 17:18:23.017 [info] > git rev-parse --git-dir --git-common-dir [110ms]
2024-10-31 17:18:23.055 [info] [Model][openRepository] Opened repository: /home/ubuntu/ros2_setup_scripts_ubuntu
2024-10-31 17:18:23.059 [info] > git for-each-ref --format=%(refname)%00%(upstream:short)%00%(objectname)%00%(upstream:track)%00%(upstream:remotename)%00%(upstream:remoteref) refs/heads/master refs/remotes/master [167ms]
2024-10-31 17:18:23.061 [info] > git diff --name-status -z --diff-filter=ADMR dd5cb4bc2bf9584003513c9235d7af234ffad316...refs/remotes/origin/mini_pupper [190ms]
2024-10-31 17:18:23.180 [warning] [Git][revParse] Unable to read file: ENOENT: no such file or directory, open '/home/ubuntu/UDPComms/.git/refs/remotes/origin/master'
2024-10-31 17:18:23.192 [info] > git for-each-ref --format=%(refname)%00%(upstream:short)%00%(objectname)%00%(upstream:track)%00%(upstream:remotename)%00%(upstream:remoteref) refs/heads/ros2-dev refs/remotes/ros2-dev [208ms]
2024-10-31 17:18:23.193 [info] > git diff --name-status -z --diff-filter=ADMR dd5cb4bc2bf9584003513c9235d7af234ffad316...refs/remotes/origin/mini_pupper [226ms]
2024-10-31 17:18:23.390 [info] > git check-ignore -v -z --stdin [155ms]
2024-10-31 17:18:23.392 [info] > git check-ignore -v -z --stdin [140ms]
2024-10-31 17:18:23.393 [info] > git check-ignore -v -z --stdin [125ms]
2024-10-31 17:18:23.394 [info] > git check-ignore -v -z --stdin [87ms]
2024-10-31 17:18:23.395 [info] > git check-ignore -v -z --stdin [70ms]
2024-10-31 17:18:23.396 [info] > git status -z -uall [37ms]
2024-10-31 17:18:23.397 [info] > git rev-parse refs/remotes/origin/master [217ms]
2024-10-31 17:18:23.430 [info] > git rev-parse --show-toplevel [269ms]
2024-10-31 17:18:23.430 [info] fatal: not a git repository (or any of the parent directories): .git
2024-10-31 17:18:23.443 [info] [Model][doInitialScan] Initial repository scan completed - repositories (8), closed repositories (0), parent repositories (0), unsafe repositories (0)
2024-10-31 17:18:23.479 [info] > git config --get commit.template [338ms]
2024-10-31 17:18:23.479 [info] > git for-each-ref --format=%(refname)%00%(upstream:short)%00%(objectname)%00%(upstream:track)%00%(upstream:remotename)%00%(upstream:remoteref) refs/heads/main refs/remotes/main [358ms]
2024-10-31 17:18:23.480 [info] > git for-each-ref --format=%(refname)%00%(upstream:short)%00%(objectname)%00%(upstream:track)%00%(upstream:remotename)%00%(upstream:remoteref) refs/heads/main refs/remotes/main [383ms]
2024-10-31 17:18:23.498 [info] > git fetch [944ms]
2024-10-31 17:18:23.567 [info] > git status -z -uall [154ms]
2024-10-31 17:18:23.567 [info] > git show --textconv :api/google_api.py [107ms]
2024-10-31 17:18:23.568 [info] > git config --local branch.main.vscode-merge-base [70ms]
2024-10-31 17:18:23.584 [info] > git ls-files --stage -- /home/ubuntu/apps-md-robots/api/google_api.py [106ms]
2024-10-31 17:18:23.605 [info] > git for-each-ref --sort -committerdate --format %(refname) %(objectname) %(*objectname) [175ms]
2024-10-31 17:18:23.619 [info] > git for-each-ref --sort -committerdate --format %(refname) %(objectname) %(*objectname) [243ms]
2024-10-31 17:18:23.632 [info] > git config --get commit.template [288ms]
2024-10-31 17:18:23.633 [info] > git fetch [580ms]
2024-10-31 17:18:23.689 [info] > git cat-file -s 1b8c181226d34d828d88b429f0c2486ef982ea6f [87ms]
2024-10-31 17:18:23.691 [info] > git for-each-ref --format=%(refname)%00%(upstream:short)%00%(objectname)%00%(upstream:track)%00%(upstream:remotename)%00%(upstream:remoteref) refs/heads/origin/main refs/remotes/origin/main [107ms]
2024-10-31 17:18:23.708 [info] > git config --get commit.template [148ms]
2024-10-31 17:18:23.751 [info] > git config --get commit.template [74ms]
2024-10-31 17:18:23.752 [info] > git for-each-ref --format=%(refname)%00%(upstream:short)%00%(objectname)%00%(upstream:track)%00%(upstream:remotename)%00%(upstream:remoteref) refs/heads/main refs/remotes/main [100ms]
2024-10-31 17:18:24.039 [info] > git for-each-ref --format=%(refname)%00%(upstream:short)%00%(objectname)%00%(upstream:track)%00%(upstream:remotename)%00%(upstream:remoteref) refs/heads/ros2-dev refs/remotes/ros2-dev [295ms]
2024-10-31 17:18:24.056 [info] > git for-each-ref --format=%(refname)%00%(upstream:short)%00%(objectname)%00%(upstream:track)%00%(upstream:remotename)%00%(upstream:remoteref) refs/heads/main refs/remotes/main [331ms]
2024-10-31 17:18:24.057 [info] > git merge-base refs/heads/main refs/remotes/origin/main [350ms]
2024-10-31 17:18:24.105 [info] > git config --local branch.ros2-dev.vscode-merge-base [50ms]
2024-10-31 17:18:24.121 [info] > git for-each-ref --format=%(refname)%00%(upstream:short)%00%(objectname)%00%(upstream:track)%00%(upstream:remotename)%00%(upstream:remoteref) refs/heads/ros2-dev refs/remotes/ros2-dev [312ms]
2024-10-31 17:18:24.122 [info] > git merge-base refs/heads/main refs/remotes/origin/main [330ms]
2024-10-31 17:18:24.140 [info] > git config --get commit.template [367ms]
2024-10-31 17:18:24.149 [info] > git for-each-ref --format=%(refname)%00%(upstream:short)%00%(objectname)%00%(upstream:track)%00%(upstream:remotename)%00%(upstream:remoteref) refs/heads/origin/ros2-dev refs/remotes/origin/ros2-dev [29ms]
2024-10-31 17:18:24.166 [info] > git for-each-ref --format=%(refname)%00%(upstream:short)%00%(objectname)%00%(upstream:track)%00%(upstream:remotename)%00%(upstream:remoteref) refs/heads/main refs/remotes/main [75ms]
2024-10-31 17:18:24.167 [info] > git diff --name-status -z --diff-filter=ADMR 4576ca9da14cd109f0f810d9e0a77d2f7b28d417...refs/remotes/origin/main [93ms]
2024-10-31 17:18:24.232 [info] > git diff --name-status -z --diff-filter=ADMR 4576ca9da14cd109f0f810d9e0a77d2f7b28d417...refs/remotes/origin/main [93ms]
2024-10-31 17:18:24.287 [info] > git status -z -uall [21ms]
2024-10-31 17:18:24.288 [info] > git for-each-ref --format=%(refname)%00%(upstream:short)%00%(objectname)%00%(upstream:track)%00%(upstream:remotename)%00%(upstream:remoteref) refs/heads/main refs/remotes/main [82ms]
2024-10-31 17:18:24.305 [info] > git for-each-ref --format=%(refname)%00%(upstream:short)%00%(objectname)%00%(upstream:track)%00%(upstream:remotename)%00%(upstream:remoteref) refs/heads/ros2-dev refs/remotes/ros2-dev [120ms]
2024-10-31 17:18:24.306 [info] > git merge-base refs/heads/ros2-dev refs/remotes/origin/ros2-dev [141ms]
2024-10-31 17:18:24.387 [info] > git config --local branch.main.vscode-merge-base [83ms]
2024-10-31 17:18:24.407 [info] > git for-each-ref --sort -committerdate --format %(refname) %(objectname) %(*objectname) [125ms]
2024-10-31 17:18:24.424 [info] > git config --get commit.template [173ms]
2024-10-31 17:18:24.489 [info] > git for-each-ref --format=%(refname)%00%(upstream:short)%00%(objectname)%00%(upstream:track)%00%(upstream:remotename)%00%(upstream:remoteref) refs/heads/origin/main refs/remotes/origin/main [84ms]
2024-10-31 17:18:24.508 [info] > git merge-base refs/heads/ros2-dev refs/remotes/origin/ros2-dev [163ms]
2024-10-31 17:18:24.572 [info] > git merge-base refs/heads/main refs/remotes/origin/main [66ms]
2024-10-31 17:18:24.596 [info] > git for-each-ref --format=%(refname)%00%(upstream:short)%00%(objectname)%00%(upstream:track)%00%(upstream:remotename)%00%(upstream:remoteref) refs/heads/main refs/remotes/main [144ms]
2024-10-31 17:18:24.727 [info] > git diff --name-status -z --diff-filter=ADMR 610ebcc490c6a63468a056cc4ecb6e090691c9bb...refs/remotes/origin/main [131ms]
2024-10-31 17:18:24.736 [info] > git for-each-ref --format=%(refname)%00%(upstream:short)%00%(objectname)%00%(upstream:track)%00%(upstream:remotename)%00%(upstream:remoteref) refs/heads/main refs/remotes/main [174ms]
2024-10-31 17:18:24.752 [info] > git status -z -uall [102ms]
2024-10-31 17:18:24.753 [info] > git for-each-ref --sort -committerdate --format %(refname) %(objectname) %(*objectname) [58ms]
2024-10-31 17:18:24.808 [info] > git config --local branch.main.vscode-merge-base [186ms]
2024-10-31 17:18:24.862 [info] > git merge-base refs/heads/ros2-dev refs/remotes/origin/ros2-dev [60ms]
2024-10-31 17:18:24.954 [info] > git for-each-ref --format=%(refname)%00%(upstream:short)%00%(objectname)%00%(upstream:track)%00%(upstream:remotename)%00%(upstream:remoteref) refs/heads/origin/main refs/remotes/origin/main [113ms]
2024-10-31 17:18:25.040 [info] > git diff --name-status -z --diff-filter=ADMR abb7dd9ede17485d9bf7df5635ebe758074356bb...refs/remotes/origin/ros2-dev [716ms]
2024-10-31 17:18:25.063 [info] > git for-each-ref --sort -committerdate --format %(refname) %(objectname) %(*objectname) [27ms]
2024-10-31 17:18:25.072 [info] > git status -z -uall [75ms]
2024-10-31 17:18:25.183 [info] > git diff --name-status -z --diff-filter=ADMR abb7dd9ede17485d9bf7df5635ebe758074356bb...refs/remotes/origin/ros2-dev [653ms]
2024-10-31 17:18:25.664 [info] > git diff --name-status -z --diff-filter=ADMR abb7dd9ede17485d9bf7df5635ebe758074356bb...refs/remotes/origin/ros2-dev [773ms]
2024-10-31 17:18:25.691 [info] > git rev-parse --show-toplevel [4ms]
2024-10-31 17:18:25.712 [info] > git rev-parse --show-toplevel [4ms]
2024-10-31 17:18:25.732 [info] > git rev-parse --show-toplevel [4ms]
