1718697509.7447219 [INFO] [launch]: All log files can be found below /home/ubuntu/.ros/log/2024-06-18-07-58-29-741497-minipupperv2-3821
1718697509.7453198 [INFO] [launch]: Default logging verbosity is set to INFO
1718697514.7901907 [INFO] [robot_state_publisher-1]: process started with pid [3825]
1718697514.8068864 [INFO] [quadruped_controller_node-2]: process started with pid [3827]
1718697514.8076689 [INFO] [state_estimation_node-3]: process started with pid [3829]
1718697514.8083687 [INFO] [ekf_node-4]: process started with pid [3831]
1718697514.8091154 [INFO] [ekf_node-5]: process started with pid [3833]
1718697514.8101404 [INFO] [servo_interface-6]: process started with pid [3838]
1718697514.8108249 [INFO] [ldlidar_stl_ros2_node-7]: process started with pid [3856]
1718697514.8115940 [INFO] [imu_interface-8]: process started with pid [3862]
1718697515.8900681 [robot_state_publisher-1] [INFO] [1718697515.888770494] [robot_state_publisher]: got segment Board_PCB
1718697515.9071498 [robot_state_publisher-1] [INFO] [1718697515.906160063] [robot_state_publisher]: got segment Board_connectors_1
1718697515.9126034 [robot_state_publisher-1] [INFO] [1718697515.911656247] [robot_state_publisher]: got segment Board_connectors_2
1718697515.9206297 [robot_state_publisher-1] [INFO] [1718697515.919363485] [robot_state_publisher]: got segment Body_front
1718697515.9249032 [robot_state_publisher-1] [INFO] [1718697515.923849614] [robot_state_publisher]: got segment Shell_Side
1718697515.9295449 [robot_state_publisher-1] [INFO] [1718697515.927279372] [robot_state_publisher]: got segment base_inertia
1718697515.9301796 [robot_state_publisher-1] [INFO] [1718697515.927406650] [robot_state_publisher]: got segment base_link
1718697515.9307663 [robot_state_publisher-1] [INFO] [1718697515.927449964] [robot_state_publisher]: got segment imu_link
1718697515.9313450 [robot_state_publisher-1] [INFO] [1718697515.927482835] [robot_state_publisher]: got segment lb1
1718697515.9319315 [robot_state_publisher-1] [INFO] [1718697515.927514242] [robot_state_publisher]: got segment lb2
1718697515.9325323 [robot_state_publisher-1] [INFO] [1718697515.927545353] [robot_state_publisher]: got segment lb3
1718697515.9606235 [robot_state_publisher-1] [INFO] [1718697515.927574909] [robot_state_publisher]: got segment lbfoot
1718697515.9710684 [robot_state_publisher-1] [INFO] [1718697515.927604761] [robot_state_publisher]: got segment lf1
1718697515.9716480 [robot_state_publisher-1] [INFO] [1718697515.927634224] [robot_state_publisher]: got segment lf2
1718697515.9964592 [robot_state_publisher-1] [INFO] [1718697515.927663983] [robot_state_publisher]: got segment lf3
1718697516.0142488 [robot_state_publisher-1] [INFO] [1718697515.927693316] [robot_state_publisher]: got segment lffoot
1718697516.0231287 [robot_state_publisher-1] [INFO] [1718697515.927725205] [robot_state_publisher]: got segment lidar_link
1718697516.0302589 [robot_state_publisher-1] [INFO] [1718697515.927756446] [robot_state_publisher]: got segment lpb1
1718697516.0378194 [robot_state_publisher-1] [INFO] [1718697515.927785872] [robot_state_publisher]: got segment lpb2
1718697516.0437813 [robot_state_publisher-1] [INFO] [1718697515.927814187] [robot_state_publisher]: got segment lpf1
1718697516.0508108 [robot_state_publisher-1] [INFO] [1718697515.927843075] [robot_state_publisher]: got segment lpf2
1718697516.0594466 [robot_state_publisher-1] [INFO] [1718697515.927872390] [robot_state_publisher]: got segment rb1
1718697516.0648117 [robot_state_publisher-1] [INFO] [1718697515.927901501] [robot_state_publisher]: got segment rb2
1718697516.0709159 [robot_state_publisher-1] [INFO] [1718697515.927930742] [robot_state_publisher]: got segment rb3
1718697516.0751286 [robot_state_publisher-1] [INFO] [1718697515.927960631] [robot_state_publisher]: got segment rbfoot
1718697516.0817151 [robot_state_publisher-1] [INFO] [1718697515.927990298] [robot_state_publisher]: got segment rf1
1718697516.0923278 [robot_state_publisher-1] [INFO] [1718697515.928019094] [robot_state_publisher]: got segment rf2
1718697516.0929081 [robot_state_publisher-1] [INFO] [1718697515.928049649] [robot_state_publisher]: got segment rf3
1718697516.1008563 [robot_state_publisher-1] [INFO] [1718697515.928078964] [robot_state_publisher]: got segment rffoot
1718697516.1015897 [robot_state_publisher-1] [INFO] [1718697515.928110279] [robot_state_publisher]: got segment rpb1
1718697516.1261835 [robot_state_publisher-1] [INFO] [1718697515.938272239] [robot_state_publisher]: got segment rpb2
1718697516.1269102 [robot_state_publisher-1] [INFO] [1718697515.938374387] [robot_state_publisher]: got segment rpf1
1718697516.1275115 [robot_state_publisher-1] [INFO] [1718697515.938416146] [robot_state_publisher]: got segment rpf2
