1733788610.4213407 [INFO] [launch]: All log files can be found below /home/ubuntu/.ros/log/2024-12-09-23-56-50-414876-minipupperv2-1943
1733788610.4234133 [INFO] [launch]: Default logging verbosity is set to INFO
1733788624.9942698 [INFO] [robot_state_publisher-1]: process started with pid [1949]
1733788625.0057063 [INFO] [quadruped_controller_node-2]: process started with pid [1951]
1733788625.0193648 [INFO] [state_estimation_node-3]: process started with pid [1953]
1733788625.0322487 [INFO] [ekf_node-4]: process started with pid [1955]
1733788625.0477622 [INFO] [ekf_node-5]: process started with pid [1958]
1733788625.0548844 [INFO] [servo_interface-6]: process started with pid [1960]
1733788625.0599961 [INFO] [ldlidar_stl_ros2_node-7]: process started with pid [1963]
1733788625.0819044 [INFO] [imu_interface-8]: process started with pid [1968]
1733788625.5617318 [robot_state_publisher-1] [INFO] [1733788625.559755825] [robot_state_publisher]: got segment Board_PCB
1733788625.5805788 [robot_state_publisher-1] [INFO] [1733788625.560623722] [robot_state_publisher]: got segment Board_connectors_1
1733788625.5939894 [robot_state_publisher-1] [INFO] [1733788625.560946940] [robot_state_publisher]: got segment Board_connectors_2
1733788625.6035886 [robot_state_publisher-1] [INFO] [1733788625.561029365] [robot_state_publisher]: got segment Body_front
1733788625.6145141 [robot_state_publisher-1] [INFO] [1733788625.561070346] [robot_state_publisher]: got segment Shell_Side
1733788625.6234977 [robot_state_publisher-1] [INFO] [1733788625.561104808] [robot_state_publisher]: got segment base_inertia
1733788625.6304522 [robot_state_publisher-1] [INFO] [1733788625.561136919] [robot_state_publisher]: got segment base_link
1733788625.6367493 [robot_state_publisher-1] [INFO] [1733788625.561176493] [robot_state_publisher]: got segment imu_link
1733788625.6431708 [robot_state_publisher-1] [INFO] [1733788625.561208511] [robot_state_publisher]: got segment lb1
1733788625.6479073 [robot_state_publisher-1] [INFO] [1733788625.561239325] [robot_state_publisher]: got segment lb2
1733788625.6743875 [robot_state_publisher-1] [INFO] [1733788625.561270880] [robot_state_publisher]: got segment lb3
1733788625.6820571 [robot_state_publisher-1] [INFO] [1733788625.561300991] [robot_state_publisher]: got segment lbfoot
1733788625.6874766 [robot_state_publisher-1] [INFO] [1733788625.561330972] [robot_state_publisher]: got segment lf1
1733788625.6931131 [robot_state_publisher-1] [INFO] [1733788625.561361935] [robot_state_publisher]: got segment lf2
1733788625.7017257 [robot_state_publisher-1] [INFO] [1733788625.561391638] [robot_state_publisher]: got segment lf3
1733788625.7082582 [robot_state_publisher-1] [INFO] [1733788625.561448600] [robot_state_publisher]: got segment lffoot
1733788625.7135458 [robot_state_publisher-1] [INFO] [1733788625.561503192] [robot_state_publisher]: got segment lidar_link
1733788625.7194359 [robot_state_publisher-1] [INFO] [1733788625.561555433] [robot_state_publisher]: got segment lpb1
1733788625.7244396 [robot_state_publisher-1] [INFO] [1733788625.561604025] [robot_state_publisher]: got segment lpb2
1733788625.7282107 [robot_state_publisher-1] [INFO] [1733788625.561638820] [robot_state_publisher]: got segment lpf1
1733788625.7321570 [robot_state_publisher-1] [INFO] [1733788625.561687653] [robot_state_publisher]: got segment lpf2
1733788625.7408831 [robot_state_publisher-1] [INFO] [1733788625.561720023] [robot_state_publisher]: got segment rb1
1733788625.7460158 [robot_state_publisher-1] [INFO] [1733788625.561751004] [robot_state_publisher]: got segment rb2
1733788625.7494423 [robot_state_publisher-1] [INFO] [1733788625.561788244] [robot_state_publisher]: got segment rb3
1733788625.7543087 [robot_state_publisher-1] [INFO] [1733788625.561930891] [robot_state_publisher]: got segment rbfoot
1733788625.7588816 [robot_state_publisher-1] [INFO] [1733788625.561980594] [robot_state_publisher]: got segment rf1
1733788625.7628551 [robot_state_publisher-1] [INFO] [1733788625.562011723] [robot_state_publisher]: got segment rf2
1733788625.7703612 [robot_state_publisher-1] [INFO] [1733788625.562506921] [robot_state_publisher]: got segment rf3
1733788625.7799542 [robot_state_publisher-1] [INFO] [1733788625.562616234] [robot_state_publisher]: got segment rffoot
1733788625.7854040 [robot_state_publisher-1] [INFO] [1733788625.562657289] [robot_state_publisher]: got segment rpb1
1733788625.7942224 [robot_state_publisher-1] [INFO] [1733788625.562746288] [robot_state_publisher]: got segment rpb2
1733788625.8017836 [robot_state_publisher-1] [INFO] [1733788625.562788029] [robot_state_publisher]: got segment rpf1
1733788625.8113418 [robot_state_publisher-1] [INFO] [1733788625.562840880] [robot_state_publisher]: got segment rpf2
1733788628.6608756 [ERROR] [ldlidar_stl_ros2_node-7]: process has died [pid 1963, exit code 1, cmd '/home/ubuntu/ros2_ws/install/ldlidar_stl_ros2/lib/ldlidar_stl_ros2/ldlidar_stl_ros2_node --ros-args -r __node:=LD06 --params-file /tmp/launch_params__dw5ovb6 --params-file /tmp/launch_params_uarspq08 --params-file /tmp/launch_params_r0spk8lk --params-file /tmp/launch_params__lmpj63y --params-file /tmp/launch_params_fw306d5s --params-file /tmp/launch_params_4igxlizx --params-file /tmp/launch_params_62xoaf2z --params-file /tmp/launch_params_9nf504ot --params-file /tmp/launch_params_gfxvd1nm'].
1733788631.5758603 [WARNING] [launch]: user interrupted with ctrl-c (SIGINT)
1733788631.8105857 [robot_state_publisher-1] [INFO] [1733788631.579839176] [rclcpp]: signal_handler(signum=2)
1733788631.9098599 [INFO] [quadruped_controller_node-2]: process has finished cleanly [pid 1951]
1733788632.1547709 [INFO] [robot_state_publisher-1]: process has finished cleanly [pid 1949]
1733788632.3018539 [INFO] [state_estimation_node-3]: process has finished cleanly [pid 1953]
1733788632.4465756 [INFO] [ekf_node-5]: process has finished cleanly [pid 1958]
1733788632.4547968 [INFO] [ekf_node-4]: process has finished cleanly [pid 1955]
1733788632.4901350 [ERROR] [imu_interface-8]: process has died [pid 1968, exit code -2, cmd '/home/ubuntu/ros2_ws/install/mini_pupper_driver/lib/mini_pupper_driver/imu_interface --ros-args -r __node:=imu_interface -r __ns:=/'].
1733788632.6575522 [ERROR] [servo_interface-6]: process has died [pid 1960, exit code -2, cmd '/home/ubuntu/ros2_ws/install/mini_pupper_driver/lib/mini_pupper_driver/servo_interface --ros-args -r __node:=servo_interface'].
