[0.035s] Invoking command in '/home/ubuntu/ros2_ws/build/mini_pupper_2_description': CMAKE_PREFIX_PATH=/opt/ros/humble /usr/bin/cmake --build /home/ubuntu/ros2_ws/build/mini_pupper_2_description
[0.192s] Invoked command in '/home/ubuntu/ros2_ws/build/mini_pupper_2_description' returned '0': CMAKE_PREFIX_PATH=/opt/ros/humble /usr/bin/cmake --build /home/ubuntu/ros2_ws/build/mini_pupper_2_description
[0.300s] Invoking command in '/home/ubuntu/ros2_ws/build/mini_pupper_2_description': CMAKE_PREFIX_PATH=/opt/ros/humble /usr/bin/cmake --install /home/ubuntu/ros2_ws/build/mini_pupper_2_description
[0.329s] -- Install configuration: ""
[0.332s] -- Execute custom install script
[0.335s] -- Up-to-date symlink: /home/ubuntu/ros2_ws/install/mini_pupper_2_description/share/mini_pupper_2_description/launch/description.launch.py
[0.339s] -- Up-to-date symlink: /home/ubuntu/ros2_ws/install/mini_pupper_2_description/share/mini_pupper_2_description/config/champ/gait.yaml
[0.340s] -- Up-to-date symlink: /home/ubuntu/ros2_ws/install/mini_pupper_2_description/share/mini_pupper_2_description/config/champ/joints.yaml
[0.342s] -- Up-to-date symlink: /home/ubuntu/ros2_ws/install/mini_pupper_2_description/share/mini_pupper_2_description/config/champ/links.yaml
[0.344s] -- Up-to-date symlink: /home/ubuntu/ros2_ws/install/mini_pupper_2_description/share/mini_pupper_2_description/config/ros_control/mini_pupper_controller.yaml
[0.346s] -- Up-to-date symlink: /home/ubuntu/ros2_ws/install/mini_pupper_2_description/share/mini_pupper_2_description/rviz/urdf_viewer.rviz
[0.349s] -- Up-to-date symlink: /home/ubuntu/ros2_ws/install/mini_pupper_2_description/share/mini_pupper_2_description/urdf/materials.xacro
[0.350s] -- Up-to-date symlink: /home/ubuntu/ros2_ws/install/mini_pupper_2_description/share/mini_pupper_2_description/urdf/mini_pupper_description.trans
[0.352s] -- Up-to-date symlink: /home/ubuntu/ros2_ws/install/mini_pupper_2_description/share/mini_pupper_2_description/urdf/mini_pupper_description.urdf.xacro
[0.357s] -- Up-to-date symlink: /home/ubuntu/ros2_ws/install/mini_pupper_2_description/share/mini_pupper_2_description/meshes/Board_PCB.stl
[0.358s] -- Up-to-date symlink: /home/ubuntu/ros2_ws/install/mini_pupper_2_description/share/mini_pupper_2_description/meshes/Board_connectors_1.stl
[0.360s] -- Up-to-date symlink: /home/ubuntu/ros2_ws/install/mini_pupper_2_description/share/mini_pupper_2_description/meshes/Board_connectors_2.stl
[0.361s] -- Up-to-date symlink: /home/ubuntu/ros2_ws/install/mini_pupper_2_description/share/mini_pupper_2_description/meshes/Body_front.stl
[0.363s] -- Up-to-date symlink: /home/ubuntu/ros2_ws/install/mini_pupper_2_description/share/mini_pupper_2_description/meshes/Shell_Side.stl
[0.364s] -- Up-to-date symlink: /home/ubuntu/ros2_ws/install/mini_pupper_2_description/share/mini_pupper_2_description/meshes/base_link.stl
[0.366s] -- Up-to-date symlink: /home/ubuntu/ros2_ws/install/mini_pupper_2_description/share/mini_pupper_2_description/meshes/lb1.stl
[0.367s] -- Up-to-date symlink: /home/ubuntu/ros2_ws/install/mini_pupper_2_description/share/mini_pupper_2_description/meshes/lb2.stl
[0.369s] -- Up-to-date symlink: /home/ubuntu/ros2_ws/install/mini_pupper_2_description/share/mini_pupper_2_description/meshes/lb3.stl
[0.370s] -- Up-to-date symlink: /home/ubuntu/ros2_ws/install/mini_pupper_2_description/share/mini_pupper_2_description/meshes/lbfoot.stl
[0.372s] -- Up-to-date symlink: /home/ubuntu/ros2_ws/install/mini_pupper_2_description/share/mini_pupper_2_description/meshes/lf1.stl
[0.373s] -- Up-to-date symlink: /home/ubuntu/ros2_ws/install/mini_pupper_2_description/share/mini_pupper_2_description/meshes/lf2.stl
[0.375s] -- Up-to-date symlink: /home/ubuntu/ros2_ws/install/mini_pupper_2_description/share/mini_pupper_2_description/meshes/lf3.stl
[0.376s] -- Up-to-date symlink: /home/ubuntu/ros2_ws/install/mini_pupper_2_description/share/mini_pupper_2_description/meshes/lffoot.stl
[0.377s] -- Up-to-date symlink: /home/ubuntu/ros2_ws/install/mini_pupper_2_description/share/mini_pupper_2_description/meshes/lidar.stl
[0.379s] -- Up-to-date symlink: /home/ubuntu/ros2_ws/install/mini_pupper_2_description/share/mini_pupper_2_description/meshes/lpb1.stl
[0.380s] -- Up-to-date symlink: /home/ubuntu/ros2_ws/install/mini_pupper_2_description/share/mini_pupper_2_description/meshes/lpb2.stl
[0.382s] -- Up-to-date symlink: /home/ubuntu/ros2_ws/install/mini_pupper_2_description/share/mini_pupper_2_description/meshes/lpf1.stl
[0.383s] -- Up-to-date symlink: /home/ubuntu/ros2_ws/install/mini_pupper_2_description/share/mini_pupper_2_description/meshes/lpf2.stl
[0.385s] -- Up-to-date symlink: /home/ubuntu/ros2_ws/install/mini_pupper_2_description/share/mini_pupper_2_description/meshes/rb1.stl
[0.386s] -- Up-to-date symlink: /home/ubuntu/ros2_ws/install/mini_pupper_2_description/share/mini_pupper_2_description/meshes/rb2.stl
[0.388s] -- Up-to-date symlink: /home/ubuntu/ros2_ws/install/mini_pupper_2_description/share/mini_pupper_2_description/meshes/rb3.stl
[0.389s] -- Up-to-date symlink: /home/ubuntu/ros2_ws/install/mini_pupper_2_description/share/mini_pupper_2_description/meshes/rbfoot.stl
[0.391s] -- Up-to-date symlink: /home/ubuntu/ros2_ws/install/mini_pupper_2_description/share/mini_pupper_2_description/meshes/rf1.stl
[0.392s] -- Up-to-date symlink: /home/ubuntu/ros2_ws/install/mini_pupper_2_description/share/mini_pupper_2_description/meshes/rf2.stl
[0.393s] -- Up-to-date symlink: /home/ubuntu/ros2_ws/install/mini_pupper_2_description/share/mini_pupper_2_description/meshes/rf3.stl
[0.395s] -- Up-to-date symlink: /home/ubuntu/ros2_ws/install/mini_pupper_2_description/share/mini_pupper_2_description/meshes/rffoot.stl
[0.396s] -- Up-to-date symlink: /home/ubuntu/ros2_ws/install/mini_pupper_2_description/share/mini_pupper_2_description/meshes/rpb1.stl
[0.398s] -- Up-to-date symlink: /home/ubuntu/ros2_ws/install/mini_pupper_2_description/share/mini_pupper_2_description/meshes/rpb2.stl
[0.399s] -- Up-to-date symlink: /home/ubuntu/ros2_ws/install/mini_pupper_2_description/share/mini_pupper_2_description/meshes/rpf1.stl
[0.401s] -- Up-to-date symlink: /home/ubuntu/ros2_ws/install/mini_pupper_2_description/share/mini_pupper_2_description/meshes/rpf2.stl
[0.403s] -- Up-to-date symlink: /home/ubuntu/ros2_ws/install/mini_pupper_2_description/share/ament_index/resource_index/package_run_dependencies/mini_pupper_2_description
[0.406s] -- Up-to-date symlink: /home/ubuntu/ros2_ws/install/mini_pupper_2_description/share/ament_index/resource_index/parent_prefix_path/mini_pupper_2_description
[0.407s] -- Up-to-date symlink: /home/ubuntu/ros2_ws/install/mini_pupper_2_description/share/mini_pupper_2_description/environment/ament_prefix_path.sh
[0.408s] -- Up-to-date symlink: /home/ubuntu/ros2_ws/install/mini_pupper_2_description/share/mini_pupper_2_description/environment/ament_prefix_path.dsv
[0.410s] -- Up-to-date symlink: /home/ubuntu/ros2_ws/install/mini_pupper_2_description/share/mini_pupper_2_description/environment/path.sh
[0.411s] -- Up-to-date symlink: /home/ubuntu/ros2_ws/install/mini_pupper_2_description/share/mini_pupper_2_description/environment/path.dsv
[0.413s] -- Up-to-date symlink: /home/ubuntu/ros2_ws/install/mini_pupper_2_description/share/mini_pupper_2_description/local_setup.bash
[0.415s] -- Up-to-date symlink: /home/ubuntu/ros2_ws/install/mini_pupper_2_description/share/mini_pupper_2_description/local_setup.sh
[0.416s] -- Up-to-date symlink: /home/ubuntu/ros2_ws/install/mini_pupper_2_description/share/mini_pupper_2_description/local_setup.zsh
[0.418s] -- Up-to-date symlink: /home/ubuntu/ros2_ws/install/mini_pupper_2_description/share/mini_pupper_2_description/local_setup.dsv
[0.418s] -- Symlinking: /home/ubuntu/ros2_ws/install/mini_pupper_2_description/share/mini_pupper_2_description/package.dsv
[0.452s] -- Up-to-date symlink: /home/ubuntu/ros2_ws/install/mini_pupper_2_description/share/ament_index/resource_index/packages/mini_pupper_2_description
[0.454s] -- Up-to-date symlink: /home/ubuntu/ros2_ws/install/mini_pupper_2_description/share/mini_pupper_2_description/cmake/mini_pupper_2_descriptionConfig.cmake
[0.456s] -- Up-to-date symlink: /home/ubuntu/ros2_ws/install/mini_pupper_2_description/share/mini_pupper_2_description/cmake/mini_pupper_2_descriptionConfig-version.cmake
[0.457s] -- Up-to-date symlink: /home/ubuntu/ros2_ws/install/mini_pupper_2_description/share/mini_pupper_2_description/package.xml
[0.465s] Invoked command in '/home/ubuntu/ros2_ws/build/mini_pupper_2_description' returned '0': CMAKE_PREFIX_PATH=/opt/ros/humble /usr/bin/cmake --install /home/ubuntu/ros2_ws/build/mini_pupper_2_description
