[0.033s] Invoking command in '/home/ubuntu/ros2_ws/build/champ': CMAKE_PREFIX_PATH=/opt/ros/humble /usr/bin/cmake /home/ubuntu/ros2_ws/src/champ/champ/champ -DAMENT_CMAKE_SYMLINK_INSTALL=1 -DCMAKE_INSTALL_PREFIX=/home/ubuntu/ros2_ws/install/champ
[0.726s] -- The C compiler identification is GNU 11.4.0
[1.326s] -- The CXX compiler identification is GNU 11.4.0
[1.351s] -- Detecting C compiler ABI info
[1.652s] -- Detecting C compiler ABI info - done
[1.676s] -- Check for working C compiler: /usr/bin/cc - skipped
[1.676s] -- Detecting C compile features
[1.678s] -- Detecting C compile features - done
[1.689s] -- Detecting CXX compiler ABI info
[2.007s] -- Detecting CXX compiler ABI info - done
[2.031s] -- Check for working CXX compiler: /usr/bin/c++ - skipped
[2.032s] -- Detecting CXX compile features
[2.034s] -- Detecting CXX compile features - done
[2.051s] -- Found ament_cmake: 1.3.9 (/opt/ros/humble/share/ament_cmake/cmake)
[2.716s] -- Found Python3: /usr/bin/python3 (found version "3.10.12") found components: Interpreter 
[3.000s] -- Override CMake install command with custom implementation using symlinks instead of copying resources
[3.187s] -- Found rclcpp: 16.0.9 (/opt/ros/humble/share/rclcpp/cmake)
[3.436s] -- Found rosidl_generator_c: 3.1.5 (/opt/ros/humble/share/rosidl_generator_c/cmake)
[3.468s] -- Found rosidl_adapter: 3.1.5 (/opt/ros/humble/share/rosidl_adapter/cmake)
[3.513s] -- Found rosidl_generator_cpp: 3.1.5 (/opt/ros/humble/share/rosidl_generator_cpp/cmake)
[3.579s] -- Using all available rosidl_typesupport_c: rosidl_typesupport_fastrtps_c;rosidl_typesupport_introspection_c
[3.674s] -- Using all available rosidl_typesupport_cpp: rosidl_typesupport_fastrtps_cpp;rosidl_typesupport_introspection_cpp
[3.997s] -- Found rmw_implementation_cmake: 6.1.2 (/opt/ros/humble/share/rmw_implementation_cmake/cmake)
[4.014s] -- Found rmw_fastrtps_cpp: 6.2.6 (/opt/ros/humble/share/rmw_fastrtps_cpp/cmake)
[4.455s] -- Found OpenSSL: /usr/lib/aarch64-linux-gnu/libcrypto.so (found version "3.0.2")  
[4.606s] -- Found FastRTPS: /opt/ros/humble/include  
[4.881s] -- Using RMW implementation 'rmw_fastrtps_cpp' as default
[4.938s] -- Looking for pthread.h
[5.251s] -- Looking for pthread.h - found
[5.252s] -- Performing Test CMAKE_HAVE_LIBC_PTHREAD
[5.551s] -- Performing Test CMAKE_HAVE_LIBC_PTHREAD - Success
[5.555s] -- Found Threads: TRUE  
[6.185s] -- Found ament_lint_auto: 0.12.11 (/opt/ros/humble/share/ament_lint_auto/cmake)
[6.472s] -- Configuring done
[6.504s] -- Generating done
[6.509s] -- Build files have been written to: /home/ubuntu/ros2_ws/build/champ
[6.543s] Invoked command in '/home/ubuntu/ros2_ws/build/champ' returned '0': CMAKE_PREFIX_PATH=/opt/ros/humble /usr/bin/cmake /home/ubuntu/ros2_ws/src/champ/champ/champ -DAMENT_CMAKE_SYMLINK_INSTALL=1 -DCMAKE_INSTALL_PREFIX=/home/ubuntu/ros2_ws/install/champ
[6.552s] Invoking command in '/home/ubuntu/ros2_ws/build/champ': CMAKE_PREFIX_PATH=/opt/ros/humble /usr/bin/cmake --build /home/ubuntu/ros2_ws/build/champ
[6.692s] Invoked command in '/home/ubuntu/ros2_ws/build/champ' returned '0': CMAKE_PREFIX_PATH=/opt/ros/humble /usr/bin/cmake --build /home/ubuntu/ros2_ws/build/champ
[6.812s] Invoking command in '/home/ubuntu/ros2_ws/build/champ': CMAKE_PREFIX_PATH=/opt/ros/humble /usr/bin/cmake --install /home/ubuntu/ros2_ws/build/champ
[6.833s] -- Install configuration: ""
[6.835s] -- Execute custom install script
[6.839s] -- Symlinking: /home/ubuntu/ros2_ws/install/champ/include/champ/.git
[6.867s] -- Symlinking: /home/ubuntu/ros2_ws/install/champ/include/champ/LICENSE
[6.896s] -- Symlinking: /home/ubuntu/ros2_ws/install/champ/include/champ/README.md
[6.924s] -- Symlinking: /home/ubuntu/ros2_ws/install/champ/include/champ/bla/basic_linear_algebra.h
[6.952s] -- Symlinking: /home/ubuntu/ros2_ws/install/champ/include/champ/bla/memory_delegate.h
[6.981s] -- Symlinking: /home/ubuntu/ros2_ws/install/champ/include/champ/body_controller/body_controller.h
[7.009s] -- Symlinking: /home/ubuntu/ros2_ws/install/champ/include/champ/geometry/geometry.h
[7.037s] -- Symlinking: /home/ubuntu/ros2_ws/install/champ/include/champ/kinematics/kinematics.h
[7.066s] -- Symlinking: /home/ubuntu/ros2_ws/install/champ/include/champ/leg_controller/leg_controller.h
[7.094s] -- Symlinking: /home/ubuntu/ros2_ws/install/champ/include/champ/leg_controller/phase_generator.h
[7.121s] -- Symlinking: /home/ubuntu/ros2_ws/install/champ/include/champ/leg_controller/trajectory_planner.h
[7.150s] -- Symlinking: /home/ubuntu/ros2_ws/install/champ/include/champ/macros/macros.h
[7.178s] -- Symlinking: /home/ubuntu/ros2_ws/install/champ/include/champ/odometry/odometry.h
[7.206s] -- Symlinking: /home/ubuntu/ros2_ws/install/champ/include/champ/quadruped_base/quadruped_base.h
[7.235s] -- Symlinking: /home/ubuntu/ros2_ws/install/champ/include/champ/quadruped_base/quadruped_components.h
[7.264s] -- Symlinking: /home/ubuntu/ros2_ws/install/champ/include/champ/quadruped_base/quadruped_joint.h
[7.292s] -- Symlinking: /home/ubuntu/ros2_ws/install/champ/include/champ/quadruped_base/quadruped_leg.h
[7.320s] -- Symlinking: /home/ubuntu/ros2_ws/install/champ/include/champ/utils/urdf_loader.h
[7.348s] -- Symlinking: /home/ubuntu/ros2_ws/install/champ/include/champ/utils/xmlrpc_helpers.h
[7.377s] -- Symlinking: /home/ubuntu/ros2_ws/install/champ/share/ament_index/resource_index/package_run_dependencies/champ
[7.406s] -- Symlinking: /home/ubuntu/ros2_ws/install/champ/share/ament_index/resource_index/parent_prefix_path/champ
[7.435s] -- Symlinking: /home/ubuntu/ros2_ws/install/champ/share/champ/environment/ament_prefix_path.sh
[7.463s] -- Symlinking: /home/ubuntu/ros2_ws/install/champ/share/champ/environment/ament_prefix_path.dsv
[7.491s] -- Symlinking: /home/ubuntu/ros2_ws/install/champ/share/champ/environment/path.sh
[7.519s] -- Symlinking: /home/ubuntu/ros2_ws/install/champ/share/champ/environment/path.dsv
[7.548s] -- Symlinking: /home/ubuntu/ros2_ws/install/champ/share/champ/local_setup.bash
[7.576s] -- Symlinking: /home/ubuntu/ros2_ws/install/champ/share/champ/local_setup.sh
[7.604s] -- Symlinking: /home/ubuntu/ros2_ws/install/champ/share/champ/local_setup.zsh
[7.632s] -- Symlinking: /home/ubuntu/ros2_ws/install/champ/share/champ/local_setup.dsv
[7.661s] -- Symlinking: /home/ubuntu/ros2_ws/install/champ/share/champ/package.dsv
[7.689s] -- Symlinking: /home/ubuntu/ros2_ws/install/champ/share/ament_index/resource_index/packages/champ
[7.718s] -- Symlinking: /home/ubuntu/ros2_ws/install/champ/share/champ/cmake/ament_cmake_export_include_directories-extras.cmake
[7.747s] -- Symlinking: /home/ubuntu/ros2_ws/install/champ/share/champ/cmake/champConfig.cmake
[7.775s] -- Symlinking: /home/ubuntu/ros2_ws/install/champ/share/champ/cmake/champConfig-version.cmake
[7.803s] -- Symlinking: /home/ubuntu/ros2_ws/install/champ/share/champ/package.xml
[7.836s] Invoked command in '/home/ubuntu/ros2_ws/build/champ' returned '0': CMAKE_PREFIX_PATH=/opt/ros/humble /usr/bin/cmake --install /home/ubuntu/ros2_ws/build/champ
