2024-11-22 01:20:33.643 [info] [main] Log level: Info
2024-11-22 01:20:33.643 [info] [main] Validating found git in: "git"
2024-11-22 01:20:33.643 [info] [main] Using git "2.34.1" from "git"
2024-11-22 01:20:33.643 [info] [Model][doInitialScan] Initial repository scan started
2024-11-22 01:20:33.643 [info] > git rev-parse --show-toplevel [223ms]
2024-11-22 01:20:33.643 [info] fatal: not a git repository (or any of the parent directories): .git
2024-11-22 01:20:33.687 [info] > git rev-parse --show-toplevel [49ms]
2024-11-22 01:20:33.786 [info] > git rev-parse --git-dir --git-common-dir [29ms]
2024-11-22 01:20:33.950 [info] [Model][openRepository] Opened repository: /home/ubuntu/apps-md-robots
2024-11-22 01:20:34.058 [info] > git rev-parse --show-toplevel [27ms]
2024-11-22 01:20:34.061 [info] fatal: not a git repository (or any of the parent directories): .git
2024-11-22 01:20:34.066 [info] > git config --get commit.template [70ms]
2024-11-22 01:20:34.151 [info] > git rev-parse --show-toplevel [54ms]
2024-11-22 01:20:34.154 [info] fatal: not a git repository (or any of the parent directories): .git
2024-11-22 01:20:34.190 [info] > git rev-parse --show-toplevel [6ms]
2024-11-22 01:20:34.190 [info] fatal: not a git repository (or any of the parent directories): .git
2024-11-22 01:20:34.219 [info] > git rev-parse --show-toplevel [7ms]
2024-11-22 01:20:34.219 [info] fatal: not a git repository (or any of the parent directories): .git
2024-11-22 01:20:34.271 [info] > git for-each-ref --format=%(refname)%00%(upstream:short)%00%(objectname)%00%(upstream:track)%00%(upstream:remotename)%00%(upstream:remoteref) refs/heads/main refs/remotes/main [136ms]
2024-11-22 01:20:34.309 [info] > git rev-parse --show-toplevel [64ms]
2024-11-22 01:20:34.309 [info] fatal: not a git repository (or any of the parent directories): .git
2024-11-22 01:20:34.465 [info] > git rev-parse --show-toplevel [107ms]
2024-11-22 01:20:34.465 [info] fatal: not a git repository (or any of the parent directories): .git
2024-11-22 01:20:34.563 [info] > git for-each-ref --sort -committerdate --format %(refname) %(objectname) %(*objectname) [120ms]
2024-11-22 01:20:34.673 [info] > git rev-parse --show-toplevel [182ms]
2024-11-22 01:20:34.699 [info] > git rev-parse --git-dir --git-common-dir [5ms]
2024-11-22 01:20:34.746 [info] [Model][openRepository] Opened repository: /home/ubuntu/PS4Joystick
2024-11-22 01:20:34.881 [info] > git status -z -uall [485ms]
2024-11-22 01:20:34.882 [info] > git check-ignore -v -z --stdin [31ms]
2024-11-22 01:20:34.891 [info] > git config --get commit.template [112ms]
2024-11-22 01:20:34.985 [info] > git for-each-ref --format=%(refname)%00%(upstream:short)%00%(objectname)%00%(upstream:track)%00%(upstream:remotename)%00%(upstream:remoteref) refs/heads/main refs/remotes/main [42ms]
2024-11-22 01:20:35.012 [info] > git rev-parse --show-toplevel [213ms]
2024-11-22 01:20:35.133 [info] > git config --local branch.main.vscode-merge-base [124ms]
2024-11-22 01:20:35.160 [info] > git config --get commit.template [179ms]
2024-11-22 01:20:35.165 [info] > git rev-parse --git-dir --git-common-dir [49ms]
2024-11-22 01:20:35.204 [info] [Model][openRepository] Opened repository: /home/ubuntu/PupperCommand
2024-11-22 01:20:35.209 [info] > git for-each-ref --format=%(refname)%00%(upstream:short)%00%(objectname)%00%(upstream:track)%00%(upstream:remotename)%00%(upstream:remoteref) refs/heads/master refs/remotes/master [115ms]
2024-11-22 01:20:35.308 [warning] [Git][revParse] Unable to read file: ENOENT: no such file or directory, open '/home/ubuntu/PS4Joystick/.git/refs/remotes/origin/master'
2024-11-22 01:20:35.773 [info] > git for-each-ref --format=%(refname)%00%(upstream:short)%00%(objectname)%00%(upstream:track)%00%(upstream:remotename)%00%(upstream:remoteref) refs/heads/origin/main refs/remotes/origin/main [614ms]
2024-11-22 01:20:35.955 [info] > git check-ignore -v -z --stdin [64ms]
2024-11-22 01:20:35.971 [info] > git merge-base refs/heads/main refs/remotes/origin/main [138ms]
2024-11-22 01:20:36.023 [info] > git rev-parse refs/remotes/origin/master [716ms]
2024-11-22 01:20:36.094 [info] > git rev-parse --show-toplevel [812ms]
2024-11-22 01:20:36.097 [info] > git config --get commit.template [837ms]
2024-11-22 01:20:36.099 [info] > git for-each-ref --format=%(refname)%00%(upstream:short)%00%(objectname)%00%(upstream:track)%00%(upstream:remotename)%00%(upstream:remoteref) refs/heads/main refs/remotes/main [864ms]
2024-11-22 01:20:36.168 [info] > git status -z -uall [111ms]
2024-11-22 01:20:36.172 [info] > git diff --name-status -z --diff-filter=ADMR dd14a0dfe75f4621a9c862edf27d700f052145cf...refs/remotes/origin/main [150ms]
2024-11-22 01:20:36.267 [info] > git rev-parse --git-dir --git-common-dir [116ms]
2024-11-22 01:20:36.310 [info] [Model][openRepository] Opened repository: /home/ubuntu/StanfordQuadruped
2024-11-22 01:20:36.316 [info] > git for-each-ref --sort -committerdate --format %(refname) %(objectname) %(*objectname) [226ms]
2024-11-22 01:20:36.498 [info] > git for-each-ref --format=%(refname)%00%(upstream:short)%00%(objectname)%00%(upstream:track)%00%(upstream:remotename)%00%(upstream:remoteref) refs/heads/master refs/remotes/master [288ms]
2024-11-22 01:20:36.583 [warning] [Git][revParse] Unable to read file: ENOENT: no such file or directory, open '/home/ubuntu/PupperCommand/.git/refs/remotes/origin/master'
2024-11-22 01:20:36.597 [info] > git config --get commit.template [173ms]
2024-11-22 01:20:36.598 [info] > git config --get commit.template [217ms]
2024-11-22 01:20:36.598 [info] > git for-each-ref --format=%(refname)%00%(upstream:short)%00%(objectname)%00%(upstream:track)%00%(upstream:remotename)%00%(upstream:remoteref) refs/heads/master refs/remotes/master [246ms]
2024-11-22 01:20:36.670 [info] > git status -z -uall [142ms]
2024-11-22 01:20:36.672 [info] > git config --local branch.master.vscode-merge-base [49ms]
2024-11-22 01:20:36.723 [info] > git rev-parse refs/remotes/origin/master [140ms]
2024-11-22 01:20:36.777 [info] > git for-each-ref --sort -committerdate --format %(refname) %(objectname) %(*objectname) [219ms]
2024-11-22 01:20:36.836 [info] > git rev-parse --show-toplevel [413ms]
2024-11-22 01:20:37.186 [info] > git status -z -uall [442ms]
2024-11-22 01:20:37.207 [info] > git for-each-ref --sort -committerdate --format %(refname) %(objectname) %(*objectname) [414ms]
2024-11-22 01:20:37.382 [info] > git for-each-ref --format=%(refname)%00%(upstream:short)%00%(objectname)%00%(upstream:track)%00%(upstream:remotename)%00%(upstream:remoteref) refs/heads/origin/master refs/remotes/origin/master [658ms]
2024-11-22 01:20:37.425 [info] > git fetch [2221ms]
2024-11-22 01:20:37.430 [info] > git fetch [2687ms]
2024-11-22 01:20:37.438 [info] > git fetch [3489ms]
2024-11-22 01:20:37.848 [info] > git check-ignore -v -z --stdin [333ms]
2024-11-22 01:20:37.853 [info] > git check-ignore -v -z --stdin [282ms]
2024-11-22 01:20:37.859 [info] > git merge-base refs/heads/master refs/remotes/origin/master [438ms]
2024-11-22 01:20:37.902 [info] > git for-each-ref --format=%(refname)%00%(upstream:short)%00%(objectname)%00%(upstream:track)%00%(upstream:remotename)%00%(upstream:remoteref) refs/heads/master refs/remotes/master [546ms]
2024-11-22 01:20:37.944 [info] > git rev-parse --git-dir --git-common-dir [1010ms]
2024-11-22 01:20:37.992 [info] [Model][openRepository] Opened repository: /home/ubuntu/UDPComms
2024-11-22 01:20:37.997 [info] > git for-each-ref --format=%(refname)%00%(upstream:short)%00%(objectname)%00%(upstream:track)%00%(upstream:remotename)%00%(upstream:remoteref) refs/heads/master refs/remotes/master [1090ms]
2024-11-22 01:20:37.998 [info] > git for-each-ref --format=%(refname)%00%(upstream:short)%00%(objectname)%00%(upstream:track)%00%(upstream:remotename)%00%(upstream:remoteref) refs/heads/mini_pupper refs/remotes/mini_pupper [1119ms]
2024-11-22 01:20:38.000 [info] > git fetch [1690ms]
2024-11-22 01:20:38.115 [warning] [Git][revParse] Unable to read file: ENOENT: no such file or directory, open '/home/ubuntu/PS4Joystick/.git/refs/remotes/origin/master'
2024-11-22 01:20:38.187 [info] > git config --local branch.master.vscode-merge-base [243ms]
2024-11-22 01:20:38.265 [info] > git diff --name-status -z --diff-filter=ADMR defa868598cc91924683d328a1da1856bf9f0791...refs/remotes/origin/master [364ms]
2024-11-22 01:20:38.269 [info] > git config --get commit.template [468ms]
2024-11-22 01:20:38.270 [info] > git config --get commit.template [548ms]
2024-11-22 01:20:38.279 [info] > git config --get commit.template [596ms]
2024-11-22 01:20:38.281 [info] > git config --get commit.template [639ms]
2024-11-22 01:20:38.350 [info] > git for-each-ref --format=%(refname)%00%(upstream:short)%00%(objectname)%00%(upstream:track)%00%(upstream:remotename)%00%(upstream:remoteref) refs/heads/origin/master refs/remotes/origin/master [86ms]
2024-11-22 01:20:38.376 [info] > git config --get commit.template [203ms]
2024-11-22 01:20:38.377 [info] > git rev-parse refs/remotes/origin/master [262ms]
2024-11-22 01:20:38.394 [info] > git rev-parse --show-toplevel [304ms]
2024-11-22 01:20:38.395 [info] > git config --get commit.template [336ms]
2024-11-22 01:20:38.721 [info] > git merge-base refs/heads/master refs/remotes/origin/master [346ms]
2024-11-22 01:20:38.762 [info] > git rev-parse --git-dir --git-common-dir [208ms]
2024-11-22 01:20:38.822 [info] [Model][openRepository] Opened repository: /home/ubuntu/mini_pupper_bsp
2024-11-22 01:20:38.829 [info] > git for-each-ref --format=%(refname)%00%(upstream:short)%00%(objectname)%00%(upstream:track)%00%(upstream:remotename)%00%(upstream:remoteref) refs/heads/main refs/remotes/main [310ms]
2024-11-22 01:20:38.831 [info] > git for-each-ref --format=%(refname)%00%(upstream:short)%00%(objectname)%00%(upstream:track)%00%(upstream:remotename)%00%(upstream:remoteref) refs/heads/master refs/remotes/master [341ms]
2024-11-22 01:20:38.836 [info] > git for-each-ref --format=%(refname)%00%(upstream:short)%00%(objectname)%00%(upstream:track)%00%(upstream:remotename)%00%(upstream:remoteref) refs/heads/master refs/remotes/master [382ms]
2024-11-22 01:20:38.838 [info] > git for-each-ref --format=%(refname)%00%(upstream:short)%00%(objectname)%00%(upstream:track)%00%(upstream:remotename)%00%(upstream:remoteref) refs/heads/master refs/remotes/master [417ms]
2024-11-22 01:20:39.136 [warning] [Git][revParse] Unable to read file: ENOENT: no such file or directory, open '/home/ubuntu/PS4Joystick/.git/refs/remotes/origin/master'
2024-11-22 01:20:39.168 [warning] [Git][revParse] Unable to read file: ENOENT: no such file or directory, open '/home/ubuntu/PupperCommand/.git/refs/remotes/origin/master'
2024-11-22 01:20:39.195 [warning] [Git][revParse] Unable to read file: ENOENT: no such file or directory, open '/home/ubuntu/PupperCommand/.git/refs/remotes/origin/master'
2024-11-22 01:20:39.224 [info] > git check-ignore -v -z --stdin [331ms]
2024-11-22 01:20:39.226 [info] > git check-ignore -v -z --stdin [294ms]
2024-11-22 01:20:39.228 [info] > git diff --name-status -z --diff-filter=ADMR 4b7b3dfd50cc0e66d0e815114c1b6b01a7aa1183...refs/remotes/origin/master [468ms]
2024-11-22 01:20:39.230 [info] > git for-each-ref --format=%(refname)%00%(upstream:short)%00%(objectname)%00%(upstream:track)%00%(upstream:remotename)%00%(upstream:remoteref) refs/heads/mini_pupper refs/remotes/mini_pupper [571ms]
2024-11-22 01:20:39.231 [info] > git for-each-ref --format=%(refname)%00%(upstream:short)%00%(objectname)%00%(upstream:track)%00%(upstream:remotename)%00%(upstream:remoteref) refs/heads/mini_pupper refs/remotes/mini_pupper [605ms]
2024-11-22 01:20:39.255 [info] > git for-each-ref --format=%(refname)%00%(upstream:short)%00%(objectname)%00%(upstream:track)%00%(upstream:remotename)%00%(upstream:remoteref) refs/heads/master refs/remotes/master [658ms]
2024-11-22 01:20:39.257 [info] > git fetch [1267ms]
2024-11-22 01:20:39.290 [warning] [Git][revParse] Unable to read file: ENOENT: no such file or directory, open '/home/ubuntu/UDPComms/.git/refs/remotes/origin/master'
2024-11-22 01:20:39.342 [info] > git config --local branch.mini_pupper.vscode-merge-base [88ms]
2024-11-22 01:20:39.373 [info] > git rev-parse refs/remotes/origin/master [179ms]
2024-11-22 01:20:39.381 [info] > git rev-parse refs/remotes/origin/master [214ms]
2024-11-22 01:20:39.427 [info] > git rev-parse refs/remotes/origin/master [291ms]
2024-11-22 01:20:39.488 [info] > git rev-parse --show-toplevel [383ms]
2024-11-22 01:20:39.489 [info] > git config --get commit.template [439ms]
2024-11-22 01:20:39.490 [info] > git config --get commit.template [518ms]
2024-11-22 01:20:39.529 [info] > git status -z -uall [127ms]
2024-11-22 01:20:39.529 [info] > git status -z -uall [74ms]
2024-11-22 01:20:39.531 [info] > git for-each-ref --sort -committerdate --format %(refname) %(objectname) %(*objectname) [105ms]
2024-11-22 01:20:39.556 [info] > git for-each-ref --format=%(refname)%00%(upstream:short)%00%(objectname)%00%(upstream:track)%00%(upstream:remotename)%00%(upstream:remoteref) refs/heads/origin/mini_pupper refs/remotes/origin/mini_pupper [183ms]
2024-11-22 01:20:39.586 [info] > git config --get commit.template [271ms]
2024-11-22 01:20:39.588 [info] > git rev-parse refs/remotes/origin/master [298ms]
2024-11-22 01:20:39.639 [info] > git fetch [819ms]
2024-11-22 01:20:39.908 [info] > git status -z -uall [159ms]
2024-11-22 01:20:39.911 [info] > git for-each-ref --format=%(refname)%00%(upstream:short)%00%(objectname)%00%(upstream:track)%00%(upstream:remotename)%00%(upstream:remoteref) refs/heads/master refs/remotes/master [290ms]
2024-11-22 01:20:39.942 [info] > git merge-base refs/heads/mini_pupper refs/remotes/origin/mini_pupper [357ms]
2024-11-22 01:20:39.978 [info] > git rev-parse --git-dir --git-common-dir [459ms]
2024-11-22 01:20:40.050 [info] [Model][openRepository] Opened repository: /home/ubuntu/mini_pupper_ros
2024-11-22 01:20:40.055 [info] > git for-each-ref --sort -committerdate --format %(refname) %(objectname) %(*objectname) [568ms]
2024-11-22 01:20:40.334 [info] > git check-ignore -v -z --stdin [243ms]
2024-11-22 01:20:40.337 [info] > git check-ignore -v -z --stdin [223ms]
2024-11-22 01:20:40.340 [info] > git check-ignore -v -z --stdin [197ms]
2024-11-22 01:20:40.343 [info] > git diff --name-status -z --diff-filter=ADMR dd5cb4bc2bf9584003513c9235d7af234ffad316...refs/remotes/origin/mini_pupper [366ms]
2024-11-22 01:20:40.347 [info] > git config --local branch.master.vscode-merge-base [406ms]
2024-11-22 01:20:40.378 [info] > git config --get commit.template [512ms]
2024-11-22 01:20:40.379 [info] > git config --get commit.template [546ms]
2024-11-22 01:20:40.380 [info] > git for-each-ref --sort -committerdate --format %(refname) %(objectname) %(*objectname) [588ms]
2024-11-22 01:20:40.399 [info] > git for-each-ref --format=%(refname)%00%(upstream:short)%00%(objectname)%00%(upstream:track)%00%(upstream:remotename)%00%(upstream:remoteref) refs/heads/main refs/remotes/main [686ms]
2024-11-22 01:20:40.400 [info] > git for-each-ref --format=%(refname)%00%(upstream:short)%00%(objectname)%00%(upstream:track)%00%(upstream:remotename)%00%(upstream:remoteref) refs/heads/mini_pupper refs/remotes/mini_pupper [720ms]
2024-11-22 01:20:40.433 [info] > git for-each-ref --format=%(refname)%00%(upstream:short)%00%(objectname)%00%(upstream:track)%00%(upstream:remotename)%00%(upstream:remoteref) refs/heads/origin/master refs/remotes/origin/master [56ms]
2024-11-22 01:20:40.460 [info] > git rev-parse --show-toplevel [153ms]
2024-11-22 01:20:40.461 [info] > git config --get commit.template [198ms]
2024-11-22 01:20:40.462 [info] > git for-each-ref --format=%(refname)%00%(upstream:short)%00%(objectname)%00%(upstream:track)%00%(upstream:remotename)%00%(upstream:remoteref) refs/heads/master refs/remotes/master [254ms]
2024-11-22 01:20:40.464 [info] > git merge-base refs/heads/mini_pupper refs/remotes/origin/mini_pupper [286ms]
2024-11-22 01:20:40.608 [warning] [Git][revParse] Unable to read file: ENOENT: no such file or directory, open '/home/ubuntu/UDPComms/.git/refs/remotes/origin/master'
2024-11-22 01:20:40.640 [info] > git rev-parse refs/remotes/origin/master [32ms]
2024-11-22 01:20:40.669 [info] > git rev-parse --git-dir --git-common-dir [84ms]
2024-11-22 01:20:40.707 [info] [Model][openRepository] Opened repository: /home/ubuntu/ros2_setup_scripts_ubuntu
2024-11-22 01:20:40.710 [info] > git for-each-ref --format=%(refname)%00%(upstream:short)%00%(objectname)%00%(upstream:track)%00%(upstream:remotename)%00%(upstream:remoteref) refs/heads/main refs/remotes/main [157ms]
2024-11-22 01:20:40.710 [info] > git for-each-ref --format=%(refname)%00%(upstream:short)%00%(objectname)%00%(upstream:track)%00%(upstream:remotename)%00%(upstream:remoteref) refs/heads/master refs/remotes/master [185ms]
2024-11-22 01:20:40.711 [info] > git merge-base refs/heads/master refs/remotes/origin/master [253ms]
2024-11-22 01:20:40.736 [info] > git diff --name-status -z --diff-filter=ADMR dd5cb4bc2bf9584003513c9235d7af234ffad316...refs/remotes/origin/mini_pupper [248ms]
2024-11-22 01:20:40.895 [warning] [Git][revParse] Unable to read file: ENOENT: no such file or directory, open '/home/ubuntu/UDPComms/.git/refs/remotes/origin/master'
2024-11-22 01:20:40.911 [info] > git status -z -uall [111ms]
2024-11-22 01:20:40.913 [info] > git diff --name-status -z --diff-filter=ADMR 6737d6c6089146fb239f5cd03d8e3c5515344be1...refs/remotes/origin/master [177ms]
2024-11-22 01:20:40.914 [info] > git merge-base refs/heads/master refs/remotes/origin/master [248ms]
2024-11-22 01:20:41.070 [info] > git check-ignore -v -z --stdin [108ms]
2024-11-22 01:20:41.071 [info] > git check-ignore -v -z --stdin [85ms]
2024-11-22 01:20:41.073 [info] > git check-ignore -v -z --stdin [60ms]
2024-11-22 01:20:41.074 [info] > git check-ignore -v -z --stdin [40ms]
2024-11-22 01:20:41.076 [info] > git diff --name-status -z --diff-filter=ADMR 6737d6c6089146fb239f5cd03d8e3c5515344be1...refs/remotes/origin/master [139ms]
2024-11-22 01:20:41.078 [info] > git rev-parse refs/remotes/origin/master [182ms]
2024-11-22 01:20:41.124 [info] > git rev-parse --show-toplevel [252ms]
2024-11-22 01:20:41.124 [info] fatal: not a git repository (or any of the parent directories): .git
2024-11-22 01:20:41.141 [info] [Model][doInitialScan] Initial repository scan completed - repositories (8), closed repositories (0), parent repositories (0), unsafe repositories (0)
2024-11-22 01:20:41.194 [info] > git config --get commit.template [346ms]
2024-11-22 01:20:41.196 [info] > git for-each-ref --sort -committerdate --format %(refname) %(objectname) %(*objectname) [371ms]
2024-11-22 01:20:41.215 [info] > git for-each-ref --format=%(refname)%00%(upstream:short)%00%(objectname)%00%(upstream:track)%00%(upstream:remotename)%00%(upstream:remoteref) refs/heads/main refs/remotes/main [442ms]
2024-11-22 01:20:41.237 [info] > git for-each-ref --format=%(refname)%00%(upstream:short)%00%(objectname)%00%(upstream:track)%00%(upstream:remotename)%00%(upstream:remoteref) refs/heads/ros2-dev refs/remotes/ros2-dev [602ms]
2024-11-22 01:20:41.285 [info] > git status -z -uall [186ms]
2024-11-22 01:20:41.336 [info] > git show --textconv :api/google_api.py [169ms]
2024-11-22 01:20:41.336 [info] > git config --local branch.main.vscode-merge-base [100ms]
2024-11-22 01:20:41.359 [info] > git ls-files --stage -- /home/ubuntu/apps-md-robots/api/google_api.py [168ms]
2024-11-22 01:20:41.383 [info] > git for-each-ref --sort -committerdate --format %(refname) %(objectname) %(*objectname) [260ms]
2024-11-22 01:20:41.400 [info] > git config --get commit.template [340ms]
2024-11-22 01:20:41.457 [info] > git cat-file -s 1b8c181226d34d828d88b429f0c2486ef982ea6f [77ms]
2024-11-22 01:20:41.459 [info] > git for-each-ref --format=%(refname)%00%(upstream:short)%00%(objectname)%00%(upstream:track)%00%(upstream:remotename)%00%(upstream:remoteref) refs/heads/origin/main refs/remotes/origin/main [101ms]
2024-11-22 01:20:41.527 [info] > git for-each-ref --format=%(refname)%00%(upstream:short)%00%(objectname)%00%(upstream:track)%00%(upstream:remotename)%00%(upstream:remoteref) refs/heads/main refs/remotes/main [75ms]
2024-11-22 01:20:41.846 [info] > git for-each-ref --format=%(refname)%00%(upstream:short)%00%(objectname)%00%(upstream:track)%00%(upstream:remotename)%00%(upstream:remoteref) refs/heads/main refs/remotes/main [334ms]
2024-11-22 01:20:41.847 [info] > git merge-base refs/heads/main refs/remotes/origin/main [364ms]
2024-11-22 01:20:41.884 [info] > git for-each-ref --sort -committerdate --format %(refname) %(objectname) %(*objectname) [288ms]
2024-11-22 01:20:41.886 [info] > git fetch [1836ms]
2024-11-22 01:20:41.886 [info] From https://github.com/mangdangroboticsclub/mini_pupper_ros
   e7dd6fc..a5a1db0  ros2-dev   -> origin/ros2-dev
2024-11-22 01:20:41.914 [info] > git fetch [1208ms]
2024-11-22 01:20:41.920 [info] > git for-each-ref --format=%(refname)%00%(upstream:short)%00%(objectname)%00%(upstream:track)%00%(upstream:remotename)%00%(upstream:remoteref) refs/heads/main refs/remotes/main [491ms]
2024-11-22 01:20:41.920 [info] > git config --local branch.main.vscode-merge-base [370ms]
2024-11-22 01:20:42.029 [info] > git status -z -uall [455ms] (cancelled)
2024-11-22 01:20:42.030 [info] > git for-each-ref --format=%(refname)%00%(upstream:short)%00%(objectname)%00%(upstream:track)%00%(upstream:remotename)%00%(upstream:remoteref) refs/heads/ros2-dev refs/remotes/ros2-dev [120ms]
2024-11-22 01:20:42.060 [info] > git config --get commit.template [36ms]
2024-11-22 01:20:42.061 [info] > git config --get commit.template [59ms]
2024-11-22 01:20:42.062 [info] > git config --get commit.template [83ms]
2024-11-22 01:20:42.062 [info] > git diff --name-status -z --diff-filter=ADMR 4576ca9da14cd109f0f810d9e0a77d2f7b28d417...refs/remotes/origin/main [193ms]
2024-11-22 01:20:42.065 [info] > git for-each-ref --format=%(refname)%00%(upstream:short)%00%(objectname)%00%(upstream:track)%00%(upstream:remotename)%00%(upstream:remoteref) refs/heads/origin/main refs/remotes/origin/main [122ms]
2024-11-22 01:20:42.115 [info] > git config --local branch.ros2-dev.vscode-merge-base [64ms]
2024-11-22 01:20:42.252 [info] > git status -z -uall [164ms]
2024-11-22 01:20:42.253 [info] > git for-each-ref --sort -committerdate --format %(refname) %(objectname) %(*objectname) [141ms]
2024-11-22 01:20:42.286 [info] > git for-each-ref --format=%(refname)%00%(upstream:short)%00%(objectname)%00%(upstream:track)%00%(upstream:remotename)%00%(upstream:remoteref) refs/heads/main refs/remotes/main [55ms]
2024-11-22 01:20:42.312 [info] > git for-each-ref --format=%(refname)%00%(upstream:short)%00%(objectname)%00%(upstream:track)%00%(upstream:remotename)%00%(upstream:remoteref) refs/heads/main refs/remotes/main [105ms]
2024-11-22 01:20:42.312 [info] > git for-each-ref --format=%(refname)%00%(upstream:short)%00%(objectname)%00%(upstream:track)%00%(upstream:remotename)%00%(upstream:remoteref) refs/heads/ros2-dev refs/remotes/ros2-dev [129ms]
2024-11-22 01:20:42.313 [info] > git for-each-ref --format=%(refname)%00%(upstream:short)%00%(objectname)%00%(upstream:track)%00%(upstream:remotename)%00%(upstream:remoteref) refs/heads/ros2-dev refs/remotes/ros2-dev [152ms]
2024-11-22 01:20:42.328 [info] > git for-each-ref --format=%(refname)%00%(upstream:short)%00%(objectname)%00%(upstream:track)%00%(upstream:remotename)%00%(upstream:remoteref) refs/heads/origin/ros2-dev refs/remotes/origin/ros2-dev [190ms]
2024-11-22 01:20:42.362 [info] > git config --local branch.main.vscode-merge-base [52ms]
2024-11-22 01:20:42.388 [info] > git config --get commit.template [109ms]
2024-11-22 01:20:42.393 [info] > git merge-base refs/heads/ros2-dev refs/remotes/origin/ros2-dev [40ms]
2024-11-22 01:20:42.445 [info] > git for-each-ref --format=%(refname)%00%(upstream:short)%00%(objectname)%00%(upstream:track)%00%(upstream:remotename)%00%(upstream:remoteref) refs/heads/origin/main refs/remotes/origin/main [58ms]
2024-11-22 01:20:42.611 [info] > git status -z -uall [86ms]
2024-11-22 01:20:42.613 [info] > git for-each-ref --format=%(refname)%00%(upstream:short)%00%(objectname)%00%(upstream:track)%00%(upstream:remotename)%00%(upstream:remoteref) refs/heads/main refs/remotes/main [174ms]
2024-11-22 01:20:42.621 [info] > git merge-base refs/heads/ros2-dev refs/remotes/origin/ros2-dev [44ms]
2024-11-22 01:20:42.644 [info] > git for-each-ref --sort -committerdate --format %(refname) %(objectname) %(*objectname) [95ms]
2024-11-22 01:20:42.684 [info] > git merge-base refs/heads/main refs/remotes/origin/main [183ms]
2024-11-22 01:20:42.718 [info] > git merge-base refs/heads/main refs/remotes/origin/main [247ms]
2024-11-22 01:20:42.799 [info] > git diff --name-status -z --diff-filter=ADMR 610ebcc490c6a63468a056cc4ecb6e090691c9bb...refs/remotes/origin/main [81ms]
2024-11-22 01:20:42.805 [info] > git merge-base refs/heads/ros2-dev refs/remotes/origin/ros2-dev [124ms]
2024-11-22 01:20:42.855 [info] > git diff --name-status -z --diff-filter=ADMR 610ebcc490c6a63468a056cc4ecb6e090691c9bb...refs/remotes/origin/main [107ms]
2024-11-22 01:20:43.031 [info] > git for-each-ref --sort -committerdate --format %(refname) %(objectname) %(*objectname) [61ms]
2024-11-22 01:20:43.894 [info] > git diff --name-status -z --diff-filter=ADMR abb7dd9ede17485d9bf7df5635ebe758074356bb...refs/remotes/origin/ros2-dev [1478ms]
2024-11-22 01:20:43.915 [info] > git diff --name-status -z --diff-filter=ADMR abb7dd9ede17485d9bf7df5635ebe758074356bb...refs/remotes/origin/ros2-dev [1064ms]
2024-11-22 01:20:43.925 [info] > git diff --name-status -z --diff-filter=ADMR abb7dd9ede17485d9bf7df5635ebe758074356bb...refs/remotes/origin/ros2-dev [1281ms]
2024-11-22 01:20:43.937 [info] > git status -z -uall [1028ms]
2024-11-22 01:20:44.472 [info] > git rev-parse --show-toplevel [5ms]
2024-11-22 01:20:44.499 [info] > git rev-parse --show-toplevel [5ms]
2024-11-22 01:20:44.528 [info] > git rev-parse --show-toplevel [5ms]
2024-11-22 01:21:37.456 [info] > git show --textconv :ai-app/ai_app.py [29ms]
2024-11-22 01:21:37.461 [info] > git ls-files --stage -- /home/ubuntu/apps-md-robots/ai-app/ai_app.py [9ms]
2024-11-22 01:21:37.491 [info] > git cat-file -s 1677f54d2fe582a528d38f45b4ec93e688e45b8c [8ms]
2024-11-22 01:21:37.921 [info] > git check-ignore -v -z --stdin [9ms]
2024-11-22 01:22:14.132 [info] > git rev-parse --show-toplevel [9ms]
2024-11-22 01:22:14.133 [info] fatal: not a git repository (or any of the parent directories): .git
2024-11-22 01:23:40.089 [info] > git fetch [511ms]
2024-11-22 01:23:40.151 [info] > git config --get commit.template [34ms]
2024-11-22 01:23:40.153 [info] > git for-each-ref --format=%(refname)%00%(upstream:short)%00%(objectname)%00%(upstream:track)%00%(upstream:remotename)%00%(upstream:remoteref) refs/heads/master refs/remotes/master [7ms]
2024-11-22 01:23:40.174 [warning] [Git][revParse] Unable to read file: ENOENT: no such file or directory, open '/home/ubuntu/PupperCommand/.git/refs/remotes/origin/master'
2024-11-22 01:23:40.179 [info] > git rev-parse refs/remotes/origin/master [5ms]
2024-11-22 01:23:40.282 [info] > git status -z -uall [72ms]
2024-11-22 01:23:40.284 [info] > git for-each-ref --sort -committerdate --format %(refname) %(objectname) %(*objectname) [48ms]
2024-11-22 01:23:40.639 [info] > git fetch [552ms]
2024-11-22 01:23:40.715 [info] > git for-each-ref --format=%(refname)%00%(upstream:short)%00%(objectname)%00%(upstream:track)%00%(upstream:remotename)%00%(upstream:remoteref) refs/heads/master refs/remotes/master [27ms]
2024-11-22 01:23:40.717 [info] > git config --get commit.template [52ms]
2024-11-22 01:23:40.744 [warning] [Git][revParse] Unable to read file: ENOENT: no such file or directory, open '/home/ubuntu/PS4Joystick/.git/refs/remotes/origin/master'
2024-11-22 01:23:40.755 [info] > git rev-parse refs/remotes/origin/master [11ms]
2024-11-22 01:23:40.816 [info] > git status -z -uall [35ms]
2024-11-22 01:23:40.818 [info] > git fetch [552ms]
2024-11-22 01:23:40.846 [info] > git for-each-ref --sort -committerdate --format %(refname) %(objectname) %(*objectname) [36ms]
2024-11-22 01:23:40.858 [info] > git config --get commit.template [13ms]
2024-11-22 01:23:40.893 [info] > git for-each-ref --format=%(refname)%00%(upstream:short)%00%(objectname)%00%(upstream:track)%00%(upstream:remotename)%00%(upstream:remoteref) refs/heads/mini_pupper refs/remotes/mini_pupper [10ms]
2024-11-22 01:23:40.970 [info] > git status -z -uall [45ms]
2024-11-22 01:23:40.972 [info] > git fetch [548ms]
2024-11-22 01:23:40.998 [info] > git for-each-ref --sort -committerdate --format %(refname) %(objectname) %(*objectname) [38ms]
2024-11-22 01:23:41.010 [info] > git config --get commit.template [14ms]
2024-11-22 01:23:41.041 [info] > git for-each-ref --format=%(refname)%00%(upstream:short)%00%(objectname)%00%(upstream:track)%00%(upstream:remotename)%00%(upstream:remoteref) refs/heads/main refs/remotes/main [8ms]
2024-11-22 01:23:41.093 [info] > git status -z -uall [29ms]
2024-11-22 01:23:41.099 [info] > git for-each-ref --sort -committerdate --format %(refname) %(objectname) %(*objectname) [11ms]
2024-11-22 01:23:41.243 [info] > git fetch [532ms]
2024-11-22 01:23:41.292 [info] > git config --get commit.template [24ms]
2024-11-22 01:23:41.297 [info] > git for-each-ref --format=%(refname)%00%(upstream:short)%00%(objectname)%00%(upstream:track)%00%(upstream:remotename)%00%(upstream:remoteref) refs/heads/master refs/remotes/master [7ms]
2024-11-22 01:23:41.318 [warning] [Git][revParse] Unable to read file: ENOENT: no such file or directory, open '/home/ubuntu/UDPComms/.git/refs/remotes/origin/master'
2024-11-22 01:23:41.324 [info] > git rev-parse refs/remotes/origin/master [5ms]
2024-11-22 01:23:41.371 [info] > git status -z -uall [25ms]
2024-11-22 01:23:41.376 [info] > git for-each-ref --sort -committerdate --format %(refname) %(objectname) %(*objectname) [8ms]
2024-11-22 01:23:41.968 [info] > git fetch [492ms]
2024-11-22 01:23:42.015 [info] > git config --get commit.template [23ms]
2024-11-22 01:23:42.021 [info] > git for-each-ref --format=%(refname)%00%(upstream:short)%00%(objectname)%00%(upstream:track)%00%(upstream:remotename)%00%(upstream:remoteref) refs/heads/main refs/remotes/main [8ms]
2024-11-22 01:23:42.067 [info] > git status -z -uall [24ms]
2024-11-22 01:23:42.074 [info] > git for-each-ref --sort -committerdate --format %(refname) %(objectname) %(*objectname) [9ms]
2024-11-22 01:23:43.219 [info] > git config --get commit.template [26ms]
2024-11-22 01:23:43.225 [info] > git for-each-ref --format=%(refname)%00%(upstream:short)%00%(objectname)%00%(upstream:track)%00%(upstream:remotename)%00%(upstream:remoteref) refs/heads/main refs/remotes/main [9ms]
2024-11-22 01:23:43.280 [info] > git status -z -uall [29ms]
2024-11-22 01:23:43.283 [info] > git fetch [757ms]
2024-11-22 01:23:43.286 [info] > git fetch [682ms]
2024-11-22 01:23:43.335 [info] > git for-each-ref --sort -committerdate --format %(refname) %(objectname) %(*objectname) [58ms]
2024-11-22 01:23:43.346 [info] > git config --get commit.template [13ms]
2024-11-22 01:23:43.347 [info] > git config --get commit.template [35ms]
2024-11-22 01:23:43.395 [info] > git for-each-ref --format=%(refname)%00%(upstream:short)%00%(objectname)%00%(upstream:track)%00%(upstream:remotename)%00%(upstream:remoteref) refs/heads/main refs/remotes/main [27ms]
2024-11-22 01:23:43.451 [info] > git status -z -uall [31ms]
2024-11-22 01:23:43.453 [info] > git for-each-ref --format=%(refname)%00%(upstream:short)%00%(objectname)%00%(upstream:track)%00%(upstream:remotename)%00%(upstream:remoteref) refs/heads/ros2-dev refs/remotes/ros2-dev [63ms]
2024-11-22 01:23:43.456 [info] > git for-each-ref --sort -committerdate --format %(refname) %(objectname) %(*objectname) [14ms]
2024-11-22 01:23:43.520 [info] > git status -z -uall [30ms]
2024-11-22 01:23:43.524 [info] > git for-each-ref --sort -committerdate --format %(refname) %(objectname) %(*objectname) [10ms]
2024-11-22 01:23:43.993 [info] > git rev-parse --show-toplevel [6ms]
2024-11-22 01:23:44.023 [info] > git rev-parse --show-toplevel [6ms]
2024-11-22 01:23:44.051 [info] > git rev-parse --show-toplevel [6ms]
2024-11-22 01:23:44.606 [info] > git ls-files --stage -- /home/ubuntu/apps-md-robots/ai-app/ai_app.py [6ms]
2024-11-22 01:23:44.633 [info] > git cat-file -s 1677f54d2fe582a528d38f45b4ec93e688e45b8c [6ms]
2024-11-22 01:23:44.681 [info] > git show --textconv :ai-app/ai_app.py [8ms]
2024-11-22 01:23:47.150 [info] > git config --get commit.template [26ms]
2024-11-22 01:23:47.157 [info] > git for-each-ref --format=%(refname)%00%(upstream:short)%00%(objectname)%00%(upstream:track)%00%(upstream:remotename)%00%(upstream:remoteref) refs/heads/main refs/remotes/main [10ms]
2024-11-22 01:23:47.207 [info] > git status -z -uall [27ms]
2024-11-22 01:23:47.210 [info] > git for-each-ref --sort -committerdate --format %(refname) %(objectname) %(*objectname) [8ms]
2024-11-22 01:24:47.042 [info] > git show --textconv :api/movement_api.py [26ms]
2024-11-22 01:24:47.048 [info] > git ls-files --stage -- /home/ubuntu/apps-md-robots/api/movement_api.py [9ms]
2024-11-22 01:25:00.845 [info] > git config --get commit.template [24ms]
2024-11-22 01:25:00.850 [info] > git for-each-ref --format=%(refname)%00%(upstream:short)%00%(objectname)%00%(upstream:track)%00%(upstream:remotename)%00%(upstream:remoteref) refs/heads/main refs/remotes/main [8ms]
2024-11-22 01:25:00.898 [info] > git status -z -uall [26ms]
2024-11-22 01:25:00.903 [info] > git for-each-ref --sort -committerdate --format %(refname) %(objectname) %(*objectname) [8ms]
2024-11-22 01:25:14.555 [info] > git show --textconv :ai-app/ai_app.py [27ms]
2024-11-22 01:25:14.560 [info] > git ls-files --stage -- /home/ubuntu/apps-md-robots/ai-app/ai_app.py [8ms]
2024-11-22 01:25:14.594 [info] > git cat-file -s 1677f54d2fe582a528d38f45b4ec93e688e45b8c [9ms]
2024-11-22 01:25:18.756 [info] > git config --get commit.template [36ms]
2024-11-22 01:25:18.764 [info] > git for-each-ref --format=%(refname)%00%(upstream:short)%00%(objectname)%00%(upstream:track)%00%(upstream:remotename)%00%(upstream:remoteref) refs/heads/main refs/remotes/main [16ms]
2024-11-22 01:25:18.858 [info] > git status -z -uall [62ms]
2024-11-22 01:25:18.865 [info] > git for-each-ref --sort -committerdate --format %(refname) %(objectname) %(*objectname) [17ms]
2024-11-22 01:26:10.948 [info] > git config --get commit.template [25ms]
2024-11-22 01:26:10.955 [info] > git for-each-ref --format=%(refname)%00%(upstream:short)%00%(objectname)%00%(upstream:track)%00%(upstream:remotename)%00%(upstream:remoteref) refs/heads/main refs/remotes/main [9ms]
2024-11-22 01:26:11.004 [info] > git status -z -uall [25ms]
2024-11-22 01:26:11.010 [info] > git for-each-ref --sort -committerdate --format %(refname) %(objectname) %(*objectname) [7ms]
2024-11-22 01:26:27.193 [info] > git config --get commit.template [35ms]
2024-11-22 01:26:27.202 [info] > git for-each-ref --format=%(refname)%00%(upstream:short)%00%(objectname)%00%(upstream:track)%00%(upstream:remotename)%00%(upstream:remoteref) refs/heads/main refs/remotes/main [12ms]
2024-11-22 01:26:27.280 [info] > git status -z -uall [48ms]
2024-11-22 01:26:27.285 [info] > git for-each-ref --sort -committerdate --format %(refname) %(objectname) %(*objectname) [17ms]
2024-11-22 01:26:40.833 [info] > git fetch [503ms]
2024-11-22 01:26:40.882 [info] > git config --get commit.template [25ms]
2024-11-22 01:26:40.913 [info] > git for-each-ref --format=%(refname)%00%(upstream:short)%00%(objectname)%00%(upstream:track)%00%(upstream:remotename)%00%(upstream:remoteref) refs/heads/master refs/remotes/master [8ms]
2024-11-22 01:26:40.936 [warning] [Git][revParse] Unable to read file: ENOENT: no such file or directory, open '/home/ubuntu/PupperCommand/.git/refs/remotes/origin/master'
2024-11-22 01:26:40.941 [info] > git rev-parse refs/remotes/origin/master [6ms]
2024-11-22 01:26:40.995 [info] > git status -z -uall [31ms]
2024-11-22 01:26:40.998 [info] > git for-each-ref --sort -committerdate --format %(refname) %(objectname) %(*objectname) [11ms]
2024-11-22 01:26:41.357 [info] > git fetch [478ms]
2024-11-22 01:26:41.410 [info] > git config --get commit.template [28ms]
2024-11-22 01:26:41.442 [info] > git for-each-ref --format=%(refname)%00%(upstream:short)%00%(objectname)%00%(upstream:track)%00%(upstream:remotename)%00%(upstream:remoteref) refs/heads/master refs/remotes/master [8ms]
2024-11-22 01:26:41.467 [warning] [Git][revParse] Unable to read file: ENOENT: no such file or directory, open '/home/ubuntu/PS4Joystick/.git/refs/remotes/origin/master'
2024-11-22 01:26:41.473 [info] > git rev-parse refs/remotes/origin/master [7ms]
2024-11-22 01:26:41.531 [info] > git status -z -uall [34ms]
2024-11-22 01:26:41.551 [info] > git for-each-ref --sort -committerdate --format %(refname) %(objectname) %(*objectname) [28ms]
2024-11-22 01:26:41.610 [info] > git fetch [480ms]
2024-11-22 01:26:41.622 [info] > git fetch [589ms]
2024-11-22 01:26:41.686 [info] > git config --get commit.template [33ms]
2024-11-22 01:26:41.688 [info] > git config --get commit.template [7ms]
2024-11-22 01:26:41.739 [info] > git for-each-ref --format=%(refname)%00%(upstream:short)%00%(objectname)%00%(upstream:track)%00%(upstream:remotename)%00%(upstream:remoteref) refs/heads/main refs/remotes/main [28ms]
2024-11-22 01:26:41.792 [info] > git for-each-ref --format=%(refname)%00%(upstream:short)%00%(objectname)%00%(upstream:track)%00%(upstream:remotename)%00%(upstream:remoteref) refs/heads/mini_pupper refs/remotes/mini_pupper [58ms]
2024-11-22 01:26:41.793 [info] > git status -z -uall [29ms]
2024-11-22 01:26:41.847 [info] > git status -z -uall [29ms]
2024-11-22 01:26:41.849 [info] > git for-each-ref --sort -committerdate --format %(refname) %(objectname) %(*objectname) [60ms]
2024-11-22 01:26:41.858 [info] > git for-each-ref --sort -committerdate --format %(refname) %(objectname) %(*objectname) [16ms]
2024-11-22 01:26:41.901 [info] > git fetch [496ms]
2024-11-22 01:26:41.951 [info] > git config --get commit.template [26ms]
2024-11-22 01:26:41.964 [info] > git for-each-ref --format=%(refname)%00%(upstream:short)%00%(objectname)%00%(upstream:track)%00%(upstream:remotename)%00%(upstream:remoteref) refs/heads/master refs/remotes/master [18ms]
2024-11-22 01:26:41.990 [warning] [Git][revParse] Unable to read file: ENOENT: no such file or directory, open '/home/ubuntu/UDPComms/.git/refs/remotes/origin/master'
2024-11-22 01:26:41.996 [info] > git rev-parse refs/remotes/origin/master [5ms]
2024-11-22 01:26:42.045 [info] > git status -z -uall [24ms]
2024-11-22 01:26:42.050 [info] > git for-each-ref --sort -committerdate --format %(refname) %(objectname) %(*objectname) [8ms]
2024-11-22 01:26:42.572 [info] > git fetch [468ms]
2024-11-22 01:26:42.621 [info] > git config --get commit.template [25ms]
2024-11-22 01:26:42.627 [info] > git for-each-ref --format=%(refname)%00%(upstream:short)%00%(objectname)%00%(upstream:track)%00%(upstream:remotename)%00%(upstream:remoteref) refs/heads/main refs/remotes/main [9ms]
2024-11-22 01:26:42.678 [info] > git status -z -uall [27ms]
2024-11-22 01:26:42.684 [info] > git for-each-ref --sort -committerdate --format %(refname) %(objectname) %(*objectname) [8ms]
2024-11-22 01:26:43.110 [info] > git config --get commit.template [25ms]
2024-11-22 01:26:43.114 [info] > git for-each-ref --format=%(refname)%00%(upstream:short)%00%(objectname)%00%(upstream:track)%00%(upstream:remotename)%00%(upstream:remoteref) refs/heads/master refs/remotes/master [7ms]
2024-11-22 01:26:43.137 [warning] [Git][revParse] Unable to read file: ENOENT: no such file or directory, open '/home/ubuntu/UDPComms/.git/refs/remotes/origin/master'
2024-11-22 01:26:43.142 [info] > git rev-parse refs/remotes/origin/master [5ms]
2024-11-22 01:26:43.188 [info] > git status -z -uall [26ms]
2024-11-22 01:26:43.195 [info] > git for-each-ref --sort -committerdate --format %(refname) %(objectname) %(*objectname) [8ms]
2024-11-22 01:26:43.897 [info] > git config --get commit.template [27ms]
2024-11-22 01:26:43.905 [info] > git for-each-ref --format=%(refname)%00%(upstream:short)%00%(objectname)%00%(upstream:track)%00%(upstream:remotename)%00%(upstream:remoteref) refs/heads/main refs/remotes/main [9ms]
2024-11-22 01:26:43.966 [info] > git status -z -uall [37ms]
2024-11-22 01:26:43.977 [info] > git for-each-ref --sort -committerdate --format %(refname) %(objectname) %(*objectname) [16ms]
2024-11-22 01:26:44.054 [info] > git fetch [560ms]
2024-11-22 01:26:44.085 [info] > git config --get commit.template [7ms]
2024-11-22 01:26:44.115 [info] > git fetch [550ms]
2024-11-22 01:26:44.141 [info] > git for-each-ref --format=%(refname)%00%(upstream:short)%00%(objectname)%00%(upstream:track)%00%(upstream:remotename)%00%(upstream:remoteref) refs/heads/main refs/remotes/main [33ms]
2024-11-22 01:26:44.168 [info] > git config --get commit.template [29ms]
2024-11-22 01:26:44.219 [info] > git status -z -uall [29ms]
2024-11-22 01:26:44.220 [info] > git for-each-ref --format=%(refname)%00%(upstream:short)%00%(objectname)%00%(upstream:track)%00%(upstream:remotename)%00%(upstream:remoteref) refs/heads/ros2-dev refs/remotes/ros2-dev [54ms]
2024-11-22 01:26:44.224 [info] > git for-each-ref --sort -committerdate --format %(refname) %(objectname) %(*objectname) [10ms]
2024-11-22 01:26:44.284 [info] > git status -z -uall [29ms]
2024-11-22 01:26:44.286 [info] > git for-each-ref --sort -committerdate --format %(refname) %(objectname) %(*objectname) [8ms]
2024-11-22 01:26:44.753 [info] > git rev-parse --show-toplevel [5ms]
2024-11-22 01:26:44.780 [info] > git rev-parse --show-toplevel [6ms]
2024-11-22 01:26:44.806 [info] > git rev-parse --show-toplevel [5ms]
2024-11-22 01:27:17.771 [info] > git ls-files --stage -- /home/ubuntu/apps-md-robots/ai-app/ai_app.py [6ms]
2024-11-22 01:27:17.801 [info] > git cat-file -s 1677f54d2fe582a528d38f45b4ec93e688e45b8c [6ms]
2024-11-22 01:27:17.855 [info] > git show --textconv :ai-app/ai_app.py [8ms]
2024-11-22 01:27:48.090 [info] > git config --get commit.template [27ms]
2024-11-22 01:27:48.096 [info] > git for-each-ref --format=%(refname)%00%(upstream:short)%00%(objectname)%00%(upstream:track)%00%(upstream:remotename)%00%(upstream:remoteref) refs/heads/main refs/remotes/main [8ms]
2024-11-22 01:27:48.145 [info] > git status -z -uall [26ms]
2024-11-22 01:27:48.151 [info] > git for-each-ref --sort -committerdate --format %(refname) %(objectname) %(*objectname) [9ms]
2024-11-22 01:29:04.260 [info] > git rev-parse --show-toplevel [10ms]
2024-11-22 01:29:04.260 [info] fatal: not a git repository (or any of the parent directories): .git
2024-11-22 01:29:41.696 [info] > git fetch [667ms]
2024-11-22 01:29:41.750 [info] > git config --get commit.template [31ms]
2024-11-22 01:29:41.752 [info] > git for-each-ref --format=%(refname)%00%(upstream:short)%00%(objectname)%00%(upstream:track)%00%(upstream:remotename)%00%(upstream:remoteref) refs/heads/master refs/remotes/master [8ms]
2024-11-22 01:29:41.774 [warning] [Git][revParse] Unable to read file: ENOENT: no such file or directory, open '/home/ubuntu/PupperCommand/.git/refs/remotes/origin/master'
2024-11-22 01:29:41.779 [info] > git rev-parse refs/remotes/origin/master [6ms]
2024-11-22 01:29:41.841 [info] > git status -z -uall [38ms]
2024-11-22 01:29:41.845 [info] > git for-each-ref --sort -committerdate --format %(refname) %(objectname) %(*objectname) [11ms]
2024-11-22 01:29:42.231 [info] > git fetch [609ms]
2024-11-22 01:29:42.270 [info] > git config --get commit.template [6ms]
2024-11-22 01:29:42.312 [info] > git for-each-ref --format=%(refname)%00%(upstream:short)%00%(objectname)%00%(upstream:track)%00%(upstream:remotename)%00%(upstream:remoteref) refs/heads/master refs/remotes/master [10ms]
2024-11-22 01:29:42.347 [warning] [Git][revParse] Unable to read file: ENOENT: no such file or directory, open '/home/ubuntu/PS4Joystick/.git/refs/remotes/origin/master'
2024-11-22 01:29:42.357 [info] > git rev-parse refs/remotes/origin/master [10ms]
2024-11-22 01:29:42.422 [info] > git status -z -uall [30ms]
2024-11-22 01:29:42.426 [info] > git for-each-ref --sort -committerdate --format %(refname) %(objectname) %(*objectname) [8ms]
2024-11-22 01:29:42.626 [info] > git fetch [748ms]
2024-11-22 01:29:42.693 [info] > git fetch [780ms]
2024-11-22 01:29:42.700 [info] > git config --get commit.template [43ms]
2024-11-22 01:29:42.778 [info] > git for-each-ref --format=%(refname)%00%(upstream:short)%00%(objectname)%00%(upstream:track)%00%(upstream:remotename)%00%(upstream:remoteref) refs/heads/main refs/remotes/main [89ms]
2024-11-22 01:29:42.783 [info] > git config --get commit.template [6ms]
2024-11-22 01:29:42.873 [info] > git fetch [793ms]
2024-11-22 01:29:42.961 [info] > git status -z -uall [115ms]
2024-11-22 01:29:42.962 [info] > git for-each-ref --sort -committerdate --format %(refname) %(objectname) %(*objectname) [92ms]
2024-11-22 01:29:42.981 [info] > git for-each-ref --format=%(refname)%00%(upstream:short)%00%(objectname)%00%(upstream:track)%00%(upstream:remotename)%00%(upstream:remoteref) refs/heads/mini_pupper refs/remotes/mini_pupper [169ms]
2024-11-22 01:29:42.993 [info] > git config --get commit.template [49ms]
2024-11-22 01:29:42.994 [info] > git config --get commit.template [77ms]
2024-11-22 01:29:43.113 [info] > git status -z -uall [28ms]
2024-11-22 01:29:43.113 [info] > git for-each-ref --format=%(refname)%00%(upstream:short)%00%(objectname)%00%(upstream:track)%00%(upstream:remotename)%00%(upstream:remoteref) refs/heads/master refs/remotes/master [85ms]
2024-11-22 01:29:43.141 [warning] [Git][revParse] Unable to read file: ENOENT: no such file or directory, open '/home/ubuntu/UDPComms/.git/refs/remotes/origin/master'
2024-11-22 01:29:43.145 [info] > git for-each-ref --sort -committerdate --format %(refname) %(objectname) %(*objectname) [37ms]
2024-11-22 01:29:43.153 [info] > git for-each-ref --format=%(refname)%00%(upstream:short)%00%(objectname)%00%(upstream:track)%00%(upstream:remotename)%00%(upstream:remoteref) refs/heads/master refs/remotes/master [95ms]
2024-11-22 01:29:43.176 [warning] [Git][revParse] Unable to read file: ENOENT: no such file or directory, open '/home/ubuntu/PupperCommand/.git/refs/remotes/origin/master'
2024-11-22 01:29:43.179 [info] > git rev-parse refs/remotes/origin/master [38ms]
2024-11-22 01:29:43.227 [info] > git status -z -uall [25ms]
2024-11-22 01:29:43.228 [info] > git rev-parse refs/remotes/origin/master [53ms]
2024-11-22 01:29:43.281 [info] > git status -z -uall [30ms]
2024-11-22 01:29:43.282 [info] > git for-each-ref --sort -committerdate --format %(refname) %(objectname) %(*objectname) [58ms]
2024-11-22 01:29:43.294 [info] > git for-each-ref --sort -committerdate --format %(refname) %(objectname) %(*objectname) [19ms]
2024-11-22 01:29:43.325 [info] > git fetch [600ms]
2024-11-22 01:29:43.377 [info] > git config --get commit.template [27ms]
2024-11-22 01:29:43.382 [info] > git for-each-ref --format=%(refname)%00%(upstream:short)%00%(objectname)%00%(upstream:track)%00%(upstream:remotename)%00%(upstream:remoteref) refs/heads/main refs/remotes/main [8ms]
2024-11-22 01:29:43.432 [info] > git status -z -uall [27ms]
2024-11-22 01:29:43.437 [info] > git for-each-ref --sort -committerdate --format %(refname) %(objectname) %(*objectname) [9ms]
2024-11-22 01:29:43.519 [info] > git config --get commit.template [26ms]
2024-11-22 01:29:43.525 [info] > git for-each-ref --format=%(refname)%00%(upstream:short)%00%(objectname)%00%(upstream:track)%00%(upstream:remotename)%00%(upstream:remoteref) refs/heads/master refs/remotes/master [10ms]
2024-11-22 01:29:43.546 [warning] [Git][revParse] Unable to read file: ENOENT: no such file or directory, open '/home/ubuntu/PS4Joystick/.git/refs/remotes/origin/master'
2024-11-22 01:29:43.552 [info] > git rev-parse refs/remotes/origin/master [5ms]
2024-11-22 01:29:43.598 [info] > git status -z -uall [26ms]
2024-11-22 01:29:43.603 [info] > git for-each-ref --sort -committerdate --format %(refname) %(objectname) %(*objectname) [8ms]
2024-11-22 01:29:44.589 [info] > git config --get commit.template [31ms]
2024-11-22 01:29:44.598 [info] > git for-each-ref --format=%(refname)%00%(upstream:short)%00%(objectname)%00%(upstream:track)%00%(upstream:remotename)%00%(upstream:remoteref) refs/heads/main refs/remotes/main [14ms]
2024-11-22 01:29:44.653 [info] > git status -z -uall [30ms]
2024-11-22 01:29:44.656 [info] > git for-each-ref --sort -committerdate --format %(refname) %(objectname) %(*objectname) [10ms]
2024-11-22 01:29:44.897 [info] > git fetch [644ms]
2024-11-22 01:29:44.947 [info] > git config --get commit.template [26ms]
2024-11-22 01:29:44.952 [info] > git for-each-ref --format=%(refname)%00%(upstream:short)%00%(objectname)%00%(upstream:track)%00%(upstream:remotename)%00%(upstream:remoteref) refs/heads/main refs/remotes/main [9ms]
2024-11-22 01:29:45.002 [info] > git status -z -uall [26ms]
2024-11-22 01:29:45.006 [info] > git fetch [689ms]
2024-11-22 01:29:45.031 [info] > git for-each-ref --sort -committerdate --format %(refname) %(objectname) %(*objectname) [32ms]
2024-11-22 01:29:45.040 [info] > git config --get commit.template [10ms]
2024-11-22 01:29:45.074 [info] > git for-each-ref --format=%(refname)%00%(upstream:short)%00%(objectname)%00%(upstream:track)%00%(upstream:remotename)%00%(upstream:remoteref) refs/heads/ros2-dev refs/remotes/ros2-dev [12ms]
2024-11-22 01:29:45.129 [info] > git status -z -uall [32ms]
2024-11-22 01:29:45.131 [info] > git for-each-ref --sort -committerdate --format %(refname) %(objectname) %(*objectname) [11ms]
2024-11-22 01:29:45.562 [info] > git rev-parse --show-toplevel [5ms]
2024-11-22 01:29:45.589 [info] > git rev-parse --show-toplevel [4ms]
2024-11-22 01:29:45.617 [info] > git rev-parse --show-toplevel [6ms]
2024-11-22 01:29:46.176 [info] > git config --get commit.template [29ms]
2024-11-22 01:29:46.201 [info] > git for-each-ref --format=%(refname)%00%(upstream:short)%00%(objectname)%00%(upstream:track)%00%(upstream:remotename)%00%(upstream:remoteref) refs/heads/main refs/remotes/main [32ms]
2024-11-22 01:29:46.226 [info] > git config --get commit.template [28ms]
2024-11-22 01:29:46.275 [info] > git status -z -uall [27ms]
2024-11-22 01:29:46.277 [info] > git for-each-ref --format=%(refname)%00%(upstream:short)%00%(objectname)%00%(upstream:track)%00%(upstream:remotename)%00%(upstream:remoteref) refs/heads/ros2-dev refs/remotes/ros2-dev [53ms]
2024-11-22 01:29:46.282 [info] > git for-each-ref --sort -committerdate --format %(refname) %(objectname) %(*objectname) [10ms]
2024-11-22 01:29:46.336 [info] > git status -z -uall [26ms]
2024-11-22 01:29:46.342 [info] > git for-each-ref --sort -committerdate --format %(refname) %(objectname) %(*objectname) [7ms]
2024-11-22 01:29:46.388 [info] > git ls-files --stage -- /home/ubuntu/apps-md-robots/ai-app/ai_app.py [6ms]
2024-11-22 01:29:46.416 [info] > git cat-file -s 1677f54d2fe582a528d38f45b4ec93e688e45b8c [6ms]
2024-11-22 01:29:46.523 [info] > git show --textconv :ai-app/ai_app.py [8ms]
2024-11-22 01:29:46.812 [info] > git rev-parse --show-toplevel [5ms]
2024-11-22 01:29:46.840 [info] > git rev-parse --show-toplevel [5ms]
2024-11-22 01:29:46.866 [info] > git rev-parse --show-toplevel [4ms]
2024-11-22 01:30:36.724 [info] > git check-ignore -v -z --stdin [94ms]
2024-11-22 01:30:36.726 [info] > git check-ignore -v -z --stdin [75ms]
2024-11-22 01:30:36.727 [info] > git check-ignore -v -z --stdin [54ms]
2024-11-22 01:30:36.728 [info] > git check-ignore -v -z --stdin [32ms]
2024-11-22 01:30:36.729 [info] > git check-ignore -v -z --stdin [10ms]
2024-11-22 01:32:23.427 [info] > git config --get commit.template [26ms]
2024-11-22 01:32:23.434 [info] > git for-each-ref --format=%(refname)%00%(upstream:short)%00%(objectname)%00%(upstream:track)%00%(upstream:remotename)%00%(upstream:remoteref) refs/heads/main refs/remotes/main [9ms]
2024-11-22 01:32:23.482 [info] > git status -z -uall [25ms]
2024-11-22 01:32:23.487 [info] > git for-each-ref --sort -committerdate --format %(refname) %(objectname) %(*objectname) [7ms]
2024-11-22 01:36:14.844 [info] > git fetch [622ms]
2024-11-22 01:36:14.898 [info] > git config --get commit.template [28ms]
2024-11-22 01:36:14.902 [info] > git for-each-ref --format=%(refname)%00%(upstream:short)%00%(objectname)%00%(upstream:track)%00%(upstream:remotename)%00%(upstream:remoteref) refs/heads/main refs/remotes/main [10ms]
2024-11-22 01:36:14.967 [info] > git status -z -uall [35ms]
2024-11-22 01:36:14.970 [info] > git fetch [724ms]
2024-11-22 01:36:15.019 [info] > git fetch [698ms]
2024-11-22 01:36:15.022 [info] > git fetch [750ms]
2024-11-22 01:36:15.026 [info] > git fetch [853ms]
2024-11-22 01:36:15.029 [info] > git for-each-ref --sort -committerdate --format %(refname) %(objectname) %(*objectname) [67ms]
2024-11-22 01:36:15.056 [info] > git fetch [859ms]
2024-11-22 01:36:15.163 [info] > git config --get commit.template [149ms]
2024-11-22 01:36:15.206 [info] > git config --get commit.template [44ms]
2024-11-22 01:36:15.206 [info] > git config --get commit.template [68ms]
2024-11-22 01:36:15.207 [info] > git config --get commit.template [94ms]
2024-11-22 01:36:15.207 [info] > git config --get commit.template [117ms]
2024-11-22 01:36:15.207 [info] > git fetch [725ms]
2024-11-22 01:36:15.209 [info] > git fetch [796ms]
2024-11-22 01:36:15.260 [info] > git for-each-ref --format=%(refname)%00%(upstream:short)%00%(objectname)%00%(upstream:track)%00%(upstream:remotename)%00%(upstream:remoteref) refs/heads/mini_pupper refs/remotes/mini_pupper [67ms]
2024-11-22 01:36:15.352 [info] > git config --get commit.template [96ms]
2024-11-22 01:36:15.353 [info] > git config --get commit.template [119ms]
2024-11-22 01:36:15.356 [info] > git for-each-ref --format=%(refname)%00%(upstream:short)%00%(objectname)%00%(upstream:track)%00%(upstream:remotename)%00%(upstream:remoteref) refs/heads/master refs/remotes/master [31ms]
2024-11-22 01:36:15.357 [info] > git for-each-ref --format=%(refname)%00%(upstream:short)%00%(objectname)%00%(upstream:track)%00%(upstream:remotename)%00%(upstream:remoteref) refs/heads/master refs/remotes/master [53ms]
2024-11-22 01:36:15.357 [info] > git for-each-ref --format=%(refname)%00%(upstream:short)%00%(objectname)%00%(upstream:track)%00%(upstream:remotename)%00%(upstream:remoteref) refs/heads/main refs/remotes/main [75ms]
2024-11-22 01:36:15.424 [warning] [Git][revParse] Unable to read file: ENOENT: no such file or directory, open '/home/ubuntu/PupperCommand/.git/refs/remotes/origin/master'
2024-11-22 01:36:15.447 [warning] [Git][revParse] Unable to read file: ENOENT: no such file or directory, open '/home/ubuntu/UDPComms/.git/refs/remotes/origin/master'
2024-11-22 01:36:15.448 [info] > git for-each-ref --format=%(refname)%00%(upstream:short)%00%(objectname)%00%(upstream:track)%00%(upstream:remotename)%00%(upstream:remoteref) refs/heads/master refs/remotes/master [101ms]
2024-11-22 01:36:15.515 [warning] [Git][revParse] Unable to read file: ENOENT: no such file or directory, open '/home/ubuntu/PS4Joystick/.git/refs/remotes/origin/master'
2024-11-22 01:36:15.518 [info] > git rev-parse refs/remotes/origin/master [94ms]
2024-11-22 01:36:15.564 [info] > git for-each-ref --format=%(refname)%00%(upstream:short)%00%(objectname)%00%(upstream:track)%00%(upstream:remotename)%00%(upstream:remoteref) refs/heads/main refs/remotes/main [161ms]
2024-11-22 01:36:15.565 [info] > git for-each-ref --format=%(refname)%00%(upstream:short)%00%(objectname)%00%(upstream:track)%00%(upstream:remotename)%00%(upstream:remoteref) refs/heads/ros2-dev refs/remotes/ros2-dev [186ms]
2024-11-22 01:36:15.572 [info] > git status -z -uall [100ms]
2024-11-22 01:36:15.573 [info] > git status -z -uall [34ms]
2024-11-22 01:36:15.574 [info] > git rev-parse refs/remotes/origin/master [59ms]
2024-11-22 01:36:15.619 [info] > git for-each-ref --sort -committerdate --format %(refname) %(objectname) %(*objectname) [125ms]
2024-11-22 01:36:15.629 [info] > git rev-parse refs/remotes/origin/master [182ms]
2024-11-22 01:36:15.681 [info] > git status -z -uall [85ms]
2024-11-22 01:36:15.681 [info] > git status -z -uall [31ms]
2024-11-22 01:36:15.682 [info] > git for-each-ref --sort -committerdate --format %(refname) %(objectname) %(*objectname) [64ms]
2024-11-22 01:36:15.689 [info] > git for-each-ref --sort -committerdate --format %(refname) %(objectname) %(*objectname) [125ms]
2024-11-22 01:36:15.742 [info] > git for-each-ref --sort -committerdate --format %(refname) %(objectname) %(*objectname) [69ms]
2024-11-22 01:36:15.849 [info] > git status -z -uall [134ms]
2024-11-22 01:36:15.849 [info] > git status -z -uall [72ms]
2024-11-22 01:36:15.850 [info] > git status -z -uall [28ms]
2024-11-22 01:36:15.850 [info] > git for-each-ref --sort -committerdate --format %(refname) %(objectname) %(*objectname) [112ms]
2024-11-22 01:36:15.866 [info] > git for-each-ref --sort -committerdate --format %(refname) %(objectname) %(*objectname) [19ms]
2024-11-22 01:36:15.873 [info] > git for-each-ref --sort -committerdate --format %(refname) %(objectname) %(*objectname) [71ms]
2024-11-22 01:36:16.404 [info] > git rev-parse --show-toplevel [5ms]
2024-11-22 01:36:16.431 [info] > git rev-parse --show-toplevel [5ms]
2024-11-22 01:36:16.458 [info] > git rev-parse --show-toplevel [5ms]
2024-11-22 01:36:16.490 [info] > git ls-files --stage -- /home/ubuntu/apps-md-robots/ai-app/ai_app.py [5ms]
2024-11-22 01:36:16.517 [info] > git cat-file -s 1677f54d2fe582a528d38f45b4ec93e688e45b8c [7ms]
2024-11-22 01:36:16.557 [info] > git show --textconv :ai-app/ai_app.py [8ms]
2024-11-22 01:49:11.819 [info] > git fetch [579ms]
2024-11-22 01:49:11.885 [info] > git fetch [667ms]
2024-11-22 01:49:11.942 [info] > git config --get commit.template [58ms]
2024-11-22 01:49:11.942 [info] > git fetch [673ms]
2024-11-22 01:49:11.973 [info] > git config --get commit.template [59ms]
2024-11-22 01:49:12.001 [info] > git config --get commit.template [33ms]
2024-11-22 01:49:12.002 [info] > git fetch [686ms]
2024-11-22 01:49:12.004 [info] > git for-each-ref --format=%(refname)%00%(upstream:short)%00%(objectname)%00%(upstream:track)%00%(upstream:remotename)%00%(upstream:remoteref) refs/heads/mini_pupper refs/remotes/mini_pupper [67ms]
2024-11-22 01:49:12.028 [info] > git for-each-ref --format=%(refname)%00%(upstream:short)%00%(objectname)%00%(upstream:track)%00%(upstream:remotename)%00%(upstream:remoteref) refs/heads/main refs/remotes/main [34ms]
2024-11-22 01:49:12.053 [info] > git config --get commit.template [27ms]
2024-11-22 01:49:12.201 [info] > git status -z -uall [105ms]
2024-11-22 01:49:12.201 [info] > git status -z -uall [29ms]
2024-11-22 01:49:12.202 [info] > git for-each-ref --format=%(refname)%00%(upstream:short)%00%(objectname)%00%(upstream:track)%00%(upstream:remotename)%00%(upstream:remoteref) refs/heads/master refs/remotes/master [128ms]
2024-11-22 01:49:12.203 [info] > git fetch [763ms]
2024-11-22 01:49:12.205 [info] > git for-each-ref --format=%(refname)%00%(upstream:short)%00%(objectname)%00%(upstream:track)%00%(upstream:remotename)%00%(upstream:remoteref) refs/heads/master refs/remotes/master [154ms]
2024-11-22 01:49:12.226 [warning] [Git][revParse] Unable to read file: ENOENT: no such file or directory, open '/home/ubuntu/PupperCommand/.git/refs/remotes/origin/master'
2024-11-22 01:49:12.269 [warning] [Git][revParse] Unable to read file: ENOENT: no such file or directory, open '/home/ubuntu/PS4Joystick/.git/refs/remotes/origin/master'
2024-11-22 01:49:12.274 [info] > git for-each-ref --sort -committerdate --format %(refname) %(objectname) %(*objectname) [80ms]
2024-11-22 01:49:12.280 [info] > git fetch [776ms]
2024-11-22 01:49:12.282 [info] > git fetch [741ms]
2024-11-22 01:49:12.285 [info] > git for-each-ref --sort -committerdate --format %(refname) %(objectname) %(*objectname) [138ms]
2024-11-22 01:49:12.293 [info] > git fetch [925ms]
2024-11-22 01:49:12.369 [info] > git rev-parse refs/remotes/origin/master [100ms]
2024-11-22 01:49:12.415 [info] > git config --get commit.template [166ms]
2024-11-22 01:49:12.415 [info] > git rev-parse refs/remotes/origin/master [189ms]
2024-11-22 01:49:12.477 [info] > git status -z -uall [85ms]
2024-11-22 01:49:12.477 [info] > git status -z -uall [38ms]
2024-11-22 01:49:12.478 [info] > git for-each-ref --sort -committerdate --format %(refname) %(objectname) %(*objectname) [17ms]
2024-11-22 01:49:12.486 [info] > git for-each-ref --sort -committerdate --format %(refname) %(objectname) %(*objectname) [72ms]
2024-11-22 01:49:12.493 [info] > git config --get commit.template [130ms]
2024-11-22 01:49:12.493 [info] > git config --get commit.template [155ms]
2024-11-22 01:49:12.494 [info] > git config --get commit.template [178ms]
2024-11-22 01:49:12.590 [info] > git for-each-ref --format=%(refname)%00%(upstream:short)%00%(objectname)%00%(upstream:track)%00%(upstream:remotename)%00%(upstream:remoteref) refs/heads/main refs/remotes/main [29ms]
2024-11-22 01:49:12.590 [info] > git for-each-ref --format=%(refname)%00%(upstream:short)%00%(objectname)%00%(upstream:track)%00%(upstream:remotename)%00%(upstream:remoteref) refs/heads/ros2-dev refs/remotes/ros2-dev [51ms]
2024-11-22 01:49:12.591 [info] > git for-each-ref --format=%(refname)%00%(upstream:short)%00%(objectname)%00%(upstream:track)%00%(upstream:remotename)%00%(upstream:remoteref) refs/heads/main refs/remotes/main [74ms]
2024-11-22 01:49:12.594 [info] > git for-each-ref --format=%(refname)%00%(upstream:short)%00%(objectname)%00%(upstream:track)%00%(upstream:remotename)%00%(upstream:remoteref) refs/heads/master refs/remotes/master [12ms]
2024-11-22 01:49:12.617 [warning] [Git][revParse] Unable to read file: ENOENT: no such file or directory, open '/home/ubuntu/UDPComms/.git/refs/remotes/origin/master'
2024-11-22 01:49:12.764 [info] > git status -z -uall [122ms]
2024-11-22 01:49:12.765 [info] > git status -z -uall [76ms]
2024-11-22 01:49:12.765 [info] > git status -z -uall [31ms]
2024-11-22 01:49:12.766 [info] > git for-each-ref --sort -committerdate --format %(refname) %(objectname) %(*objectname) [55ms]
2024-11-22 01:49:12.774 [info] > git for-each-ref --sort -committerdate --format %(refname) %(objectname) %(*objectname) [108ms]
2024-11-22 01:49:12.784 [info] > git rev-parse refs/remotes/origin/master [166ms]
2024-11-22 01:49:12.832 [info] > git status -z -uall [26ms]
2024-11-22 01:49:12.834 [info] > git for-each-ref --sort -committerdate --format %(refname) %(objectname) %(*objectname) [77ms]
2024-11-22 01:49:12.846 [info] > git for-each-ref --sort -committerdate --format %(refname) %(objectname) %(*objectname) [17ms]
2024-11-22 01:49:13.308 [info] > git rev-parse --show-toplevel [6ms]
2024-11-22 01:49:13.336 [info] > git rev-parse --show-toplevel [6ms]
2024-11-22 01:49:13.363 [info] > git rev-parse --show-toplevel [6ms]
2024-11-22 01:49:49.654 [info] > git ls-files --stage -- /home/ubuntu/apps-md-robots/ai-app/ai_app.py [5ms]
2024-11-22 01:49:49.682 [info] > git cat-file -s 1677f54d2fe582a528d38f45b4ec93e688e45b8c [6ms]
2024-11-22 01:49:49.722 [info] > git show --textconv :ai-app/ai_app.py [8ms]
2024-11-22 01:51:28.347 [info] > git config --get commit.template [39ms]
2024-11-22 01:51:28.352 [info] > git for-each-ref --format=%(refname)%00%(upstream:short)%00%(objectname)%00%(upstream:track)%00%(upstream:remotename)%00%(upstream:remoteref) refs/heads/main refs/remotes/main [18ms]
2024-11-22 01:51:28.421 [info] > git status -z -uall [38ms]
2024-11-22 01:51:28.430 [info] > git for-each-ref --sort -committerdate --format %(refname) %(objectname) %(*objectname) [14ms]
2024-11-22 01:51:54.802 [info] > git show --textconv :api/google_api.py [26ms]
2024-11-22 01:51:54.805 [info] > git ls-files --stage -- /home/ubuntu/apps-md-robots/api/google_api.py [6ms]
2024-11-22 01:51:54.833 [info] > git cat-file -s 1b8c181226d34d828d88b429f0c2486ef982ea6f [7ms]
2024-11-22 01:52:08.520 [info] > git config --get commit.template [28ms]
2024-11-22 01:52:08.525 [info] > git for-each-ref --format=%(refname)%00%(upstream:short)%00%(objectname)%00%(upstream:track)%00%(upstream:remotename)%00%(upstream:remoteref) refs/heads/main refs/remotes/main [9ms]
2024-11-22 01:52:08.642 [info] > git status -z -uall [91ms]
2024-11-22 01:52:08.643 [info] > git show --textconv :ai-app/ai_app.py [36ms]
2024-11-22 01:52:08.651 [info] > git ls-files --stage -- /home/ubuntu/apps-md-robots/ai-app/ai_app.py [14ms]
2024-11-22 01:52:08.690 [info] > git for-each-ref --sort -committerdate --format %(refname) %(objectname) %(*objectname) [112ms]
2024-11-22 01:52:08.711 [info] > git cat-file -s 1677f54d2fe582a528d38f45b4ec93e688e45b8c [34ms]
2024-11-22 01:52:12.960 [info] > git fetch [627ms]
2024-11-22 01:52:13.041 [info] > git config --get commit.template [32ms]
2024-11-22 01:52:13.052 [info] > git for-each-ref --format=%(refname)%00%(upstream:short)%00%(objectname)%00%(upstream:track)%00%(upstream:remotename)%00%(upstream:remoteref) refs/heads/mini_pupper refs/remotes/mini_pupper [14ms]
2024-11-22 01:52:13.162 [info] > git status -z -uall [60ms]
2024-11-22 01:52:13.164 [info] > git fetch [857ms]
2024-11-22 01:52:13.211 [info] > git for-each-ref --sort -committerdate --format %(refname) %(objectname) %(*objectname) [62ms]
2024-11-22 01:52:13.222 [info] > git fetch [711ms]
2024-11-22 01:52:13.275 [info] > git config --get commit.template [66ms]
2024-11-22 01:52:13.405 [info] > git config --get commit.template [136ms]
2024-11-22 01:52:13.410 [info] > git for-each-ref --format=%(refname)%00%(upstream:short)%00%(objectname)%00%(upstream:track)%00%(upstream:remotename)%00%(upstream:remoteref) refs/heads/master refs/remotes/master [10ms]
2024-11-22 01:52:13.411 [info] > git fetch [873ms]
2024-11-22 01:52:13.416 [info] > git for-each-ref --format=%(refname)%00%(upstream:short)%00%(objectname)%00%(upstream:track)%00%(upstream:remotename)%00%(upstream:remoteref) refs/heads/main refs/remotes/main [92ms]
2024-11-22 01:52:13.439 [warning] [Git][revParse] Unable to read file: ENOENT: no such file or directory, open '/home/ubuntu/PupperCommand/.git/refs/remotes/origin/master'
2024-11-22 01:52:13.477 [info] > git rev-parse refs/remotes/origin/master [38ms]
2024-11-22 01:52:13.548 [info] > git status -z -uall [39ms]
2024-11-22 01:52:13.550 [info] > git fetch [689ms]
2024-11-22 01:52:13.553 [info] > git config --get commit.template [79ms]
2024-11-22 01:52:13.676 [info] > git status -z -uall [76ms]
2024-11-22 01:52:13.677 [info] > git for-each-ref --sort -committerdate --format %(refname) %(objectname) %(*objectname) [135ms]
2024-11-22 01:52:13.691 [info] > git config --get commit.template [20ms]
2024-11-22 01:52:13.692 [info] > git for-each-ref --sort -committerdate --format %(refname) %(objectname) %(*objectname) [58ms]
2024-11-22 01:52:13.703 [info] > git for-each-ref --format=%(refname)%00%(upstream:short)%00%(objectname)%00%(upstream:track)%00%(upstream:remotename)%00%(upstream:remoteref) refs/heads/master refs/remotes/master [127ms]
2024-11-22 01:52:13.704 [info] > git fetch [809ms]
2024-11-22 01:52:13.706 [info] > git fetch [877ms]
2024-11-22 01:52:13.731 [warning] [Git][revParse] Unable to read file: ENOENT: no such file or directory, open '/home/ubuntu/PS4Joystick/.git/refs/remotes/origin/master'
2024-11-22 01:52:13.781 [info] > git fetch [844ms]
2024-11-22 01:52:13.880 [info] > git config --get commit.template [100ms]
2024-11-22 01:52:13.882 [info] > git config --get commit.template [126ms]
2024-11-22 01:52:13.884 [info] > git rev-parse refs/remotes/origin/master [153ms]
2024-11-22 01:52:14.014 [info] > git status -z -uall [81ms]
2024-11-22 01:52:14.017 [info] > git for-each-ref --sort -committerdate --format %(refname) %(objectname) %(*objectname) [43ms]
2024-11-22 01:52:14.034 [info] > git config --get commit.template [174ms]
2024-11-22 01:52:14.035 [info] > git for-each-ref --format=%(refname)%00%(upstream:short)%00%(objectname)%00%(upstream:track)%00%(upstream:remotename)%00%(upstream:remoteref) refs/heads/main refs/remotes/main [207ms]
2024-11-22 01:52:14.171 [info] > git for-each-ref --format=%(refname)%00%(upstream:short)%00%(objectname)%00%(upstream:track)%00%(upstream:remotename)%00%(upstream:remoteref) refs/heads/ros2-dev refs/remotes/ros2-dev [78ms]
2024-11-22 01:52:14.172 [info] > git for-each-ref --format=%(refname)%00%(upstream:short)%00%(objectname)%00%(upstream:track)%00%(upstream:remotename)%00%(upstream:remoteref) refs/heads/main refs/remotes/main [111ms]
2024-11-22 01:52:14.191 [info] > git for-each-ref --format=%(refname)%00%(upstream:short)%00%(objectname)%00%(upstream:track)%00%(upstream:remotename)%00%(upstream:remoteref) refs/heads/master refs/remotes/master [48ms]
2024-11-22 01:52:14.456 [warning] [Git][revParse] Unable to read file: ENOENT: no such file or directory, open '/home/ubuntu/UDPComms/.git/refs/remotes/origin/master'
2024-11-22 01:52:14.462 [info] > git status -z -uall [200ms]
2024-11-22 01:52:14.463 [info] > git for-each-ref --sort -committerdate --format %(refname) %(objectname) %(*objectname) [109ms]
2024-11-22 01:52:14.638 [info] > git status -z -uall [117ms]
2024-11-22 01:52:14.639 [info] > git status -z -uall [57ms]
2024-11-22 01:52:14.640 [info] > git rev-parse refs/remotes/origin/master [184ms]
2024-11-22 01:52:14.721 [info] > git for-each-ref --sort -committerdate --format %(refname) %(objectname) %(*objectname) [86ms]
2024-11-22 01:52:14.738 [info] > git for-each-ref --sort -committerdate --format %(refname) %(objectname) %(*objectname) [191ms]
2024-11-22 01:52:14.750 [info] > git status -z -uall [72ms]
2024-11-22 01:52:14.750 [info] > git for-each-ref --sort -committerdate --format %(refname) %(objectname) %(*objectname) [40ms]
2024-11-22 01:52:15.025 [info] > git rev-parse --show-toplevel [30ms]
2024-11-22 01:52:15.028 [info] > git ls-files --stage -- /home/ubuntu/apps-md-robots/ai-app/ai_app.py [6ms]
2024-11-22 01:52:15.081 [info] > git cat-file -s 1677f54d2fe582a528d38f45b4ec93e688e45b8c [29ms]
2024-11-22 01:52:15.085 [info] > git rev-parse --show-toplevel [8ms]
2024-11-22 01:52:15.142 [info] > git rev-parse --show-toplevel [31ms]
2024-11-22 01:52:15.148 [info] > git show --textconv :ai-app/ai_app.py [10ms]
2024-11-22 01:52:25.750 [info] > git config --get commit.template [9ms]
2024-11-22 01:52:25.849 [info] > git for-each-ref --format=%(refname)%00%(upstream:short)%00%(objectname)%00%(upstream:track)%00%(upstream:remotename)%00%(upstream:remoteref) refs/heads/main refs/remotes/main [31ms]
2024-11-22 01:52:25.938 [info] > git status -z -uall [41ms]
2024-11-22 01:52:25.951 [info] > git for-each-ref --sort -committerdate --format %(refname) %(objectname) %(*objectname) [17ms]
