2024-11-22 22:56:30.614 [info] [main] Log level: Info
2024-11-22 22:56:30.615 [info] [main] Validating found git in: "git"
2024-11-22 22:56:30.615 [info] [main] Using git "2.34.1" from "git"
2024-11-22 22:56:30.615 [info] [Model][doInitialScan] Initial repository scan started
2024-11-22 22:56:30.831 [info] > git rev-parse --show-toplevel [233ms]
2024-11-22 22:56:30.831 [info] fatal: not a git repository (or any of the parent directories): .git
2024-11-22 22:56:30.939 [info] > git rev-parse --show-toplevel [69ms]
2024-11-22 22:56:30.981 [info] > git rev-parse --git-dir --git-common-dir [15ms]
2024-11-22 22:56:31.086 [info] [Model][openRepository] Opened repository: /home/ubuntu/apps-md-robots
2024-11-22 22:56:31.193 [info] > git config --get commit.template [60ms]
2024-11-22 22:56:31.205 [info] > git rev-parse --show-toplevel [51ms]
2024-11-22 22:56:31.208 [info] fatal: not a git repository (or any of the parent directories): .git
2024-11-22 22:56:31.279 [info] > git rev-parse --show-toplevel [10ms]
2024-11-22 22:56:31.279 [info] fatal: not a git repository (or any of the parent directories): .git
2024-11-22 22:56:31.314 [info] > git rev-parse --show-toplevel [13ms]
2024-11-22 22:56:31.314 [info] fatal: not a git repository (or any of the parent directories): .git
2024-11-22 22:56:31.365 [info] > git rev-parse --show-toplevel [30ms]
2024-11-22 22:56:31.365 [info] fatal: not a git repository (or any of the parent directories): .git
2024-11-22 22:56:31.412 [info] > git for-each-ref --format=%(refname)%00%(upstream:short)%00%(objectname)%00%(upstream:track)%00%(upstream:remotename)%00%(upstream:remoteref) refs/heads/main refs/remotes/main [165ms]
2024-11-22 22:56:31.432 [info] > git rev-parse --show-toplevel [28ms]
2024-11-22 22:56:31.432 [info] fatal: not a git repository (or any of the parent directories): .git
2024-11-22 22:56:31.538 [info] > git rev-parse --show-toplevel [67ms]
2024-11-22 22:56:31.538 [info] fatal: not a git repository (or any of the parent directories): .git
2024-11-22 22:56:31.579 [info] > git for-each-ref --sort -committerdate --format %(refname) %(objectname) %(*objectname) [54ms]
2024-11-22 22:56:31.656 [info] > git status -z -uall [158ms]
2024-11-22 22:56:32.195 [info] > git check-ignore -v -z --stdin [305ms]
2024-11-22 22:56:32.203 [info] > git for-each-ref --format=%(refname)%00%(upstream:short)%00%(objectname)%00%(upstream:track)%00%(upstream:remotename)%00%(upstream:remoteref) refs/heads/main refs/remotes/main [390ms]
2024-11-22 22:56:32.236 [info] > git rev-parse --show-toplevel [663ms]
2024-11-22 22:56:32.268 [info] > git config --local branch.main.vscode-merge-base [34ms]
2024-11-22 22:56:32.292 [info] > git config --get commit.template [132ms]
2024-11-22 22:56:32.766 [info] > git rev-parse --git-dir --git-common-dir [503ms]
2024-11-22 22:56:32.813 [info] [Model][openRepository] Opened repository: /home/ubuntu/PS4Joystick
2024-11-22 22:56:32.943 [info] > git for-each-ref --format=%(refname)%00%(upstream:short)%00%(objectname)%00%(upstream:track)%00%(upstream:remotename)%00%(upstream:remoteref) refs/heads/origin/main refs/remotes/origin/main [653ms]
2024-11-22 22:56:33.004 [info] > git rev-parse --show-toplevel [106ms]
2024-11-22 22:56:33.006 [info] > git config --get commit.template [139ms]
2024-11-22 22:56:33.008 [info] > git for-each-ref --format=%(refname)%00%(upstream:short)%00%(objectname)%00%(upstream:track)%00%(upstream:remotename)%00%(upstream:remoteref) refs/heads/main refs/remotes/main [169ms]
2024-11-22 22:56:33.011 [info] > git fetch [1927ms]
2024-11-22 22:56:33.011 [info] From https://github.com/mangdangroboticsclub/apps-md-robots
   8f9fc7a..ef52438  main       -> origin/main
2024-11-22 22:56:33.238 [info] > git config --get commit.template [139ms]
2024-11-22 22:56:33.239 [info] > git rev-parse --git-dir --git-common-dir [185ms]
2024-11-22 22:56:33.294 [info] [Model][openRepository] Opened repository: /home/ubuntu/PupperCommand
2024-11-22 22:56:33.299 [info] > git merge-base refs/heads/main refs/remotes/origin/main [323ms]
2024-11-22 22:56:33.398 [info] > git for-each-ref --format=%(refname)%00%(upstream:short)%00%(objectname)%00%(upstream:track)%00%(upstream:remotename)%00%(upstream:remoteref) refs/heads/master refs/remotes/master [216ms]
2024-11-22 22:56:33.498 [warning] [Git][revParse] Unable to read file: ENOENT: no such file or directory, open '/home/ubuntu/PS4Joystick/.git/refs/remotes/origin/master'
2024-11-22 22:56:33.504 [info] > git rev-parse --show-toplevel [125ms]
2024-11-22 22:56:33.505 [info] > git config --get commit.template [149ms]
2024-11-22 22:56:33.506 [info] > git diff --name-status -z --diff-filter=ADMR dd14a0dfe75f4621a9c862edf27d700f052145cf...refs/remotes/origin/main [180ms]
2024-11-22 22:56:33.691 [info] > git rev-parse refs/remotes/origin/master [192ms]
2024-11-22 22:56:33.782 [info] > git for-each-ref --format=%(refname)%00%(upstream:short)%00%(objectname)%00%(upstream:track)%00%(upstream:remotename)%00%(upstream:remoteref) refs/heads/main refs/remotes/main [308ms]
2024-11-22 22:56:33.784 [info] > git merge-base refs/heads/main refs/remotes/origin/main [353ms]
2024-11-22 22:56:33.881 [info] > git status -z -uall [141ms]
2024-11-22 22:56:33.883 [info] > git for-each-ref --sort -committerdate --format %(refname) %(objectname) %(*objectname) [101ms]
2024-11-22 22:56:33.984 [info] > git rev-parse --git-dir --git-common-dir [445ms]
2024-11-22 22:56:34.140 [info] [Model][openRepository] Opened repository: /home/ubuntu/StanfordQuadruped
2024-11-22 22:56:34.146 [info] > git fetch [1335ms]
2024-11-22 22:56:34.642 [info] > git check-ignore -v -z --stdin [409ms]
2024-11-22 22:56:34.652 [info] > git check-ignore -v -z --stdin [377ms]
2024-11-22 22:56:34.656 [info] > git check-ignore -v -z --stdin [334ms]
2024-11-22 22:56:34.661 [info] > git for-each-ref --format=%(refname)%00%(upstream:short)%00%(objectname)%00%(upstream:track)%00%(upstream:remotename)%00%(upstream:remoteref) refs/heads/master refs/remotes/master [699ms]
2024-11-22 22:56:34.713 [info] > git for-each-ref --format=%(refname)%00%(upstream:short)%00%(objectname)%00%(upstream:track)%00%(upstream:remotename)%00%(upstream:remoteref) refs/heads/master refs/remotes/master [859ms]
2024-11-22 22:56:34.716 [info] > git fetch [1423ms]
2024-11-22 22:56:34.724 [info] > git diff --name-status -z --diff-filter=ADMR dd14a0dfe75f4621a9c862edf27d700f052145cf...refs/remotes/origin/main [910ms]
2024-11-22 22:56:34.759 [warning] [Git][revParse] Unable to read file: ENOENT: no such file or directory, open '/home/ubuntu/PupperCommand/.git/refs/remotes/origin/master'
2024-11-22 22:56:34.804 [info] > git config --local branch.master.vscode-merge-base [93ms]
2024-11-22 22:56:34.851 [info] > git config --get commit.template [286ms]
2024-11-22 22:56:34.852 [info] > git rev-parse --show-toplevel [330ms]
2024-11-22 22:56:34.854 [info] > git config --get commit.template [375ms]
2024-11-22 22:56:34.855 [info] > git config --get commit.template [416ms]
2024-11-22 22:56:35.011 [info] > git status -z -uall [129ms]
2024-11-22 22:56:35.012 [info] > git config --get commit.template [217ms]
2024-11-22 22:56:35.013 [info] > git rev-parse refs/remotes/origin/master [254ms]
2024-11-22 22:56:35.185 [info] > git for-each-ref --format=%(refname)%00%(upstream:short)%00%(objectname)%00%(upstream:track)%00%(upstream:remotename)%00%(upstream:remoteref) refs/heads/master refs/remotes/master [145ms]
2024-11-22 22:56:35.219 [info] > git rev-parse --git-dir --git-common-dir [242ms]
2024-11-22 22:56:35.291 [info] [Model][openRepository] Opened repository: /home/ubuntu/UDPComms
2024-11-22 22:56:35.306 [info] > git for-each-ref --sort -committerdate --format %(refname) %(objectname) %(*objectname) [369ms]
2024-11-22 22:56:35.333 [info] > git fetch [1194ms]
2024-11-22 22:56:35.337 [info] > git for-each-ref --format=%(refname)%00%(upstream:short)%00%(objectname)%00%(upstream:track)%00%(upstream:remotename)%00%(upstream:remoteref) refs/heads/origin/master refs/remotes/origin/master [486ms]
2024-11-22 22:56:35.710 [info] > git check-ignore -v -z --stdin [308ms]
2024-11-22 22:56:35.712 [info] > git check-ignore -v -z --stdin [263ms]
2024-11-22 22:56:35.714 [info] > git check-ignore -v -z --stdin [232ms]
2024-11-22 22:56:35.716 [info] > git check-ignore -v -z --stdin [208ms]
2024-11-22 22:56:35.720 [info] > git merge-base refs/heads/master refs/remotes/origin/master [350ms]
2024-11-22 22:56:35.748 [info] > git config --local branch.master.vscode-merge-base [530ms]
2024-11-22 22:56:35.779 [info] > git config --get commit.template [612ms]
2024-11-22 22:56:35.780 [info] > git for-each-ref --format=%(refname)%00%(upstream:short)%00%(objectname)%00%(upstream:track)%00%(upstream:remotename)%00%(upstream:remoteref) refs/heads/master refs/remotes/master [647ms]
2024-11-22 22:56:35.781 [info] > git for-each-ref --format=%(refname)%00%(upstream:short)%00%(objectname)%00%(upstream:track)%00%(upstream:remotename)%00%(upstream:remoteref) refs/heads/mini_pupper refs/remotes/mini_pupper [677ms]
2024-11-22 22:56:35.782 [info] > git for-each-ref --format=%(refname)%00%(upstream:short)%00%(objectname)%00%(upstream:track)%00%(upstream:remotename)%00%(upstream:remoteref) refs/heads/master refs/remotes/master [711ms]
2024-11-22 22:56:35.827 [warning] [Git][revParse] Unable to read file: ENOENT: no such file or directory, open '/home/ubuntu/PS4Joystick/.git/refs/remotes/origin/master'
2024-11-22 22:56:35.857 [warning] [Git][revParse] Unable to read file: ENOENT: no such file or directory, open '/home/ubuntu/PS4Joystick/.git/refs/remotes/origin/master'
2024-11-22 22:56:35.876 [info] > git for-each-ref --format=%(refname)%00%(upstream:short)%00%(objectname)%00%(upstream:track)%00%(upstream:remotename)%00%(upstream:remoteref) refs/heads/origin/master refs/remotes/origin/master [98ms]
2024-11-22 22:56:35.921 [info] > git diff --name-status -z --diff-filter=ADMR defa868598cc91924683d328a1da1856bf9f0791...refs/remotes/origin/master [173ms]
2024-11-22 22:56:35.926 [info] > git config --get commit.template [247ms]
2024-11-22 22:56:35.927 [info] > git rev-parse --show-toplevel [288ms]
2024-11-22 22:56:35.930 [info] > git config --get commit.template [344ms]
2024-11-22 22:56:35.932 [info] > git for-each-ref --format=%(refname)%00%(upstream:short)%00%(objectname)%00%(upstream:track)%00%(upstream:remotename)%00%(upstream:remoteref) refs/heads/master refs/remotes/master [382ms]
2024-11-22 22:56:36.024 [warning] [Git][revParse] Unable to read file: ENOENT: no such file or directory, open '/home/ubuntu/PupperCommand/.git/refs/remotes/origin/master'
2024-11-22 22:56:36.052 [info] > git merge-base refs/heads/master refs/remotes/origin/master [134ms]
2024-11-22 22:56:36.081 [info] > git rev-parse refs/remotes/origin/master [225ms]
2024-11-22 22:56:36.090 [info] > git rev-parse refs/remotes/origin/master [263ms]
2024-11-22 22:56:36.211 [info] > git status -z -uall [94ms]
2024-11-22 22:56:36.213 [info] > git diff --name-status -z --diff-filter=ADMR 4b7b3dfd50cc0e66d0e815114c1b6b01a7aa1183...refs/remotes/origin/master [133ms]
2024-11-22 22:56:36.216 [info] > git rev-parse refs/remotes/origin/master [191ms]
2024-11-22 22:56:36.223 [info] > git rev-parse --git-dir --git-common-dir [222ms]
2024-11-22 22:56:36.275 [info] [Model][openRepository] Opened repository: /home/ubuntu/mini_pupper_bsp
2024-11-22 22:56:36.286 [info] > git for-each-ref --format=%(refname)%00%(upstream:short)%00%(objectname)%00%(upstream:track)%00%(upstream:remotename)%00%(upstream:remoteref) refs/heads/master refs/remotes/master [326ms]
2024-11-22 22:56:36.288 [info] > git fetch [998ms]
2024-11-22 22:56:36.559 [warning] [Git][revParse] Unable to read file: ENOENT: no such file or directory, open '/home/ubuntu/PupperCommand/.git/refs/remotes/origin/master'
2024-11-22 22:56:36.611 [info] > git check-ignore -v -z --stdin [285ms]
2024-11-22 22:56:36.613 [info] > git check-ignore -v -z --stdin [258ms]
2024-11-22 22:56:36.615 [info] > git check-ignore -v -z --stdin [235ms]
2024-11-22 22:56:36.617 [info] > git check-ignore -v -z --stdin [210ms]
2024-11-22 22:56:36.619 [info] > git check-ignore -v -z --stdin [186ms]
2024-11-22 22:56:36.622 [info] > git for-each-ref --format=%(refname)%00%(upstream:short)%00%(objectname)%00%(upstream:track)%00%(upstream:remotename)%00%(upstream:remoteref) refs/heads/mini_pupper refs/remotes/mini_pupper [420ms]
2024-11-22 22:56:36.623 [info] > git for-each-ref --format=%(refname)%00%(upstream:short)%00%(objectname)%00%(upstream:track)%00%(upstream:remotename)%00%(upstream:remoteref) refs/heads/master refs/remotes/master [445ms]
2024-11-22 22:56:36.625 [info] > git for-each-ref --sort -committerdate --format %(refname) %(objectname) %(*objectname) [484ms]
2024-11-22 22:56:36.691 [warning] [Git][revParse] Unable to read file: ENOENT: no such file or directory, open '/home/ubuntu/UDPComms/.git/refs/remotes/origin/master'
2024-11-22 22:56:36.698 [info] > git config --get commit.template [116ms]
2024-11-22 22:56:36.698 [info] > git rev-parse refs/remotes/origin/master [140ms]
2024-11-22 22:56:36.749 [info] > git rev-parse --show-toplevel [211ms]
2024-11-22 22:56:36.750 [info] > git config --get commit.template [237ms]
2024-11-22 22:56:36.751 [info] > git for-each-ref --format=%(refname)%00%(upstream:short)%00%(objectname)%00%(upstream:track)%00%(upstream:remotename)%00%(upstream:remoteref) refs/heads/mini_pupper refs/remotes/mini_pupper [266ms]
2024-11-22 22:56:36.808 [info] > git status -z -uall [83ms]
2024-11-22 22:56:36.809 [info] > git for-each-ref --sort -committerdate --format %(refname) %(objectname) %(*objectname) [61ms]
2024-11-22 22:56:36.811 [info] > git rev-parse refs/remotes/origin/master [120ms]
2024-11-22 22:56:36.855 [info] > git config --get commit.template [191ms]
2024-11-22 22:56:36.929 [info] > git for-each-ref --format=%(refname)%00%(upstream:short)%00%(objectname)%00%(upstream:track)%00%(upstream:remotename)%00%(upstream:remoteref) refs/heads/master refs/remotes/master [82ms]
2024-11-22 22:56:36.952 [info] > git rev-parse --git-dir --git-common-dir [152ms]
2024-11-22 22:56:36.989 [info] [Model][openRepository] Opened repository: /home/ubuntu/mini_pupper_ros
2024-11-22 22:56:37.009 [info] > git config --local branch.mini_pupper.vscode-merge-base [234ms]
2024-11-22 22:56:37.257 [info] > git config --local branch.master.vscode-merge-base [306ms]
2024-11-22 22:56:37.282 [info] > git config --get commit.template [356ms]
2024-11-22 22:56:37.283 [info] > git for-each-ref --format=%(refname)%00%(upstream:short)%00%(objectname)%00%(upstream:track)%00%(upstream:remotename)%00%(upstream:remoteref) refs/heads/master refs/remotes/master [381ms]
2024-11-22 22:56:37.284 [info] > git for-each-ref --format=%(refname)%00%(upstream:short)%00%(objectname)%00%(upstream:track)%00%(upstream:remotename)%00%(upstream:remoteref) refs/heads/main refs/remotes/main [403ms]
2024-11-22 22:56:37.286 [info] > git fetch [1013ms]
2024-11-22 22:56:37.389 [warning] [Git][revParse] Unable to read file: ENOENT: no such file or directory, open '/home/ubuntu/UDPComms/.git/refs/remotes/origin/master'
2024-11-22 22:56:37.426 [info] > git for-each-ref --format=%(refname)%00%(upstream:short)%00%(objectname)%00%(upstream:track)%00%(upstream:remotename)%00%(upstream:remoteref) refs/heads/origin/master refs/remotes/origin/master [145ms]
2024-11-22 22:56:37.455 [info] > git rev-parse --show-toplevel [307ms]
2024-11-22 22:56:37.457 [info] > git config --get commit.template [332ms]
2024-11-22 22:56:37.458 [info] > git for-each-ref --format=%(refname)%00%(upstream:short)%00%(objectname)%00%(upstream:track)%00%(upstream:remotename)%00%(upstream:remoteref) refs/heads/mini_pupper refs/remotes/mini_pupper [356ms]
2024-11-22 22:56:37.488 [info] > git for-each-ref --format=%(refname)%00%(upstream:short)%00%(objectname)%00%(upstream:track)%00%(upstream:remotename)%00%(upstream:remoteref) refs/heads/mini_pupper refs/remotes/mini_pupper [418ms]
2024-11-22 22:56:37.489 [info] > git for-each-ref --format=%(refname)%00%(upstream:short)%00%(objectname)%00%(upstream:track)%00%(upstream:remotename)%00%(upstream:remoteref) refs/heads/origin/mini_pupper refs/remotes/origin/mini_pupper [457ms]
2024-11-22 22:56:37.617 [info] > git config --local branch.mini_pupper.vscode-merge-base [130ms]
2024-11-22 22:56:37.642 [info] > git merge-base refs/heads/master refs/remotes/origin/master [188ms]
2024-11-22 22:56:37.668 [info] > git config --get commit.template [248ms]
2024-11-22 22:56:37.669 [info] > git rev-parse refs/remotes/origin/master [280ms]
2024-11-22 22:56:38.029 [info] > git check-ignore -v -z --stdin [283ms]
2024-11-22 22:56:38.030 [info] > git check-ignore -v -z --stdin [238ms]
2024-11-22 22:56:38.032 [info] > git check-ignore -v -z --stdin [215ms]
2024-11-22 22:56:38.033 [info] > git check-ignore -v -z --stdin [194ms]
2024-11-22 22:56:38.034 [info] > git check-ignore -v -z --stdin [163ms]
2024-11-22 22:56:38.035 [info] > git check-ignore -v -z --stdin [136ms]
2024-11-22 22:56:38.036 [info] > git check-ignore -v -z --stdin [101ms]
2024-11-22 22:56:38.037 [info] > git merge-base refs/heads/master refs/remotes/origin/master [325ms]
2024-11-22 22:56:38.064 [info] > git diff --name-status -z --diff-filter=ADMR 6737d6c6089146fb239f5cd03d8e3c5515344be1...refs/remotes/origin/master [397ms]
2024-11-22 22:56:38.066 [info] > git for-each-ref --format=%(refname)%00%(upstream:short)%00%(objectname)%00%(upstream:track)%00%(upstream:remotename)%00%(upstream:remoteref) refs/heads/origin/mini_pupper refs/remotes/origin/mini_pupper [425ms]
2024-11-22 22:56:38.091 [info] > git rev-parse --git-dir --git-common-dir [496ms]
2024-11-22 22:56:38.129 [info] [Model][openRepository] Opened repository: /home/ubuntu/ros2_setup_scripts_ubuntu
2024-11-22 22:56:38.132 [info] > git for-each-ref --format=%(refname)%00%(upstream:short)%00%(objectname)%00%(upstream:track)%00%(upstream:remotename)%00%(upstream:remoteref) refs/heads/master refs/remotes/master [561ms]
2024-11-22 22:56:38.132 [info] > git fetch [1144ms]
2024-11-22 22:56:38.135 [info] > git merge-base refs/heads/mini_pupper refs/remotes/origin/mini_pupper [610ms]
2024-11-22 22:56:38.536 [warning] [Git][revParse] Unable to read file: ENOENT: no such file or directory, open '/home/ubuntu/UDPComms/.git/refs/remotes/origin/master'
2024-11-22 22:56:38.572 [info] > git merge-base refs/heads/mini_pupper refs/remotes/origin/mini_pupper [481ms]
2024-11-22 22:56:38.594 [info] > git diff --name-status -z --diff-filter=ADMR 6737d6c6089146fb239f5cd03d8e3c5515344be1...refs/remotes/origin/master [531ms]
2024-11-22 22:56:38.596 [info] > git for-each-ref --format=%(refname)%00%(upstream:short)%00%(objectname)%00%(upstream:track)%00%(upstream:remotename)%00%(upstream:remoteref) refs/heads/ros2-dev refs/remotes/ros2-dev [605ms]
2024-11-22 22:56:38.688 [info] > git config --get commit.template [129ms]
2024-11-22 22:56:38.688 [info] > git rev-parse refs/remotes/origin/master [152ms]
2024-11-22 22:56:38.731 [info] > git rev-parse --show-toplevel [214ms]
2024-11-22 22:56:38.732 [info] fatal: not a git repository (or any of the parent directories): .git
2024-11-22 22:56:38.743 [info] [Model][doInitialScan] Initial repository scan completed - repositories (8), closed repositories (0), parent repositories (0), unsafe repositories (0)
2024-11-22 22:56:38.789 [info] > git config --get commit.template [293ms]
2024-11-22 22:56:38.790 [info] > git for-each-ref --format=%(refname)%00%(upstream:short)%00%(objectname)%00%(upstream:track)%00%(upstream:remotename)%00%(upstream:remoteref) refs/heads/main refs/remotes/main [577ms]
2024-11-22 22:56:38.791 [info] > git for-each-ref --format=%(refname)%00%(upstream:short)%00%(objectname)%00%(upstream:track)%00%(upstream:remotename)%00%(upstream:remoteref) refs/heads/main refs/remotes/main [604ms]
2024-11-22 22:56:38.813 [info] > git diff --name-status -z --diff-filter=ADMR dd5cb4bc2bf9584003513c9235d7af234ffad316...refs/remotes/origin/mini_pupper [657ms]
2024-11-22 22:56:38.831 [info] > git status -z -uall [185ms]
2024-11-22 22:56:38.831 [info] > git status -z -uall [123ms]
2024-11-22 22:56:38.831 [info] > git show --textconv :ai-app/ai_app.py [66ms]
2024-11-22 22:56:38.832 [info] > git ls-files --stage -- /home/ubuntu/apps-md-robots/ai-app/ai_app.py [43ms]
2024-11-22 22:56:38.856 [info] > git for-each-ref --sort -committerdate --format %(refname) %(objectname) %(*objectname) [125ms]
2024-11-22 22:56:38.869 [info] > git for-each-ref --sort -committerdate --format %(refname) %(objectname) %(*objectname) [202ms]
2024-11-22 22:56:38.883 [info] > git config --get commit.template [261ms]
2024-11-22 22:56:38.883 [info] > git fetch [755ms]
2024-11-22 22:56:38.885 [info] > git diff --name-status -z --diff-filter=ADMR dd5cb4bc2bf9584003513c9235d7af234ffad316...refs/remotes/origin/mini_pupper [292ms]
2024-11-22 22:56:38.971 [info] > git cat-file -s 1677f54d2fe582a528d38f45b4ec93e688e45b8c [117ms]
2024-11-22 22:56:38.972 [info] > git config --local branch.main.vscode-merge-base [159ms]
2024-11-22 22:56:39.053 [info] > git for-each-ref --format=%(refname)%00%(upstream:short)%00%(objectname)%00%(upstream:track)%00%(upstream:remotename)%00%(upstream:remoteref) refs/heads/origin/main refs/remotes/origin/main [60ms]
2024-11-22 22:56:39.076 [info] > git config --get commit.template [113ms]
2024-11-22 22:56:39.077 [info] > git for-each-ref --format=%(refname)%00%(upstream:short)%00%(objectname)%00%(upstream:track)%00%(upstream:remotename)%00%(upstream:remoteref) refs/heads/ros2-dev refs/remotes/ros2-dev [136ms]
2024-11-22 22:56:39.078 [info] > git for-each-ref --format=%(refname)%00%(upstream:short)%00%(objectname)%00%(upstream:track)%00%(upstream:remotename)%00%(upstream:remoteref) refs/heads/main refs/remotes/main [170ms]
2024-11-22 22:56:39.144 [info] > git for-each-ref --format=%(refname)%00%(upstream:short)%00%(objectname)%00%(upstream:track)%00%(upstream:remotename)%00%(upstream:remoteref) refs/heads/ros2-dev refs/remotes/ros2-dev [100ms]
2024-11-22 22:56:39.167 [info] > git for-each-ref --format=%(refname)%00%(upstream:short)%00%(objectname)%00%(upstream:track)%00%(upstream:remotename)%00%(upstream:remoteref) refs/heads/main refs/remotes/main [147ms]
2024-11-22 22:56:39.196 [info] > git merge-base refs/heads/main refs/remotes/origin/main [73ms]
2024-11-22 22:56:39.221 [info] > git config --get commit.template [121ms]
2024-11-22 22:56:39.222 [info] > git merge-base refs/heads/main refs/remotes/origin/main [146ms]
2024-11-22 22:56:39.472 [info] > git check-ignore -v -z --stdin [206ms]
2024-11-22 22:56:39.475 [info] > git check-ignore -v -z --stdin [188ms]
2024-11-22 22:56:39.477 [info] > git check-ignore -v -z --stdin [168ms]
2024-11-22 22:56:39.478 [info] > git check-ignore -v -z --stdin [149ms]
2024-11-22 22:56:39.480 [info] > git check-ignore -v -z --stdin [130ms]
2024-11-22 22:56:39.481 [info] > git check-ignore -v -z --stdin [110ms]
2024-11-22 22:56:39.482 [info] > git check-ignore -v -z --stdin [92ms]
2024-11-22 22:56:39.483 [info] > git check-ignore -v -z --stdin [73ms]
2024-11-22 22:56:39.487 [info] > git diff --name-status -z --diff-filter=ADMR 4576ca9da14cd109f0f810d9e0a77d2f7b28d417...refs/remotes/origin/main [243ms]
2024-11-22 22:56:39.489 [info] > git diff --name-status -z --diff-filter=ADMR 4576ca9da14cd109f0f810d9e0a77d2f7b28d417...refs/remotes/origin/main [271ms]
2024-11-22 22:56:39.491 [info] > git for-each-ref --format=%(refname)%00%(upstream:short)%00%(objectname)%00%(upstream:track)%00%(upstream:remotename)%00%(upstream:remoteref) refs/heads/main refs/remotes/main [300ms]
2024-11-22 22:56:39.492 [info] > git config --local branch.ros2-dev.vscode-merge-base [325ms]
2024-11-22 22:56:39.659 [info] > git status -z -uall [25ms]
2024-11-22 22:56:39.659 [info] > git for-each-ref --format=%(refname)%00%(upstream:short)%00%(objectname)%00%(upstream:track)%00%(upstream:remotename)%00%(upstream:remoteref) refs/heads/ros2-dev refs/remotes/ros2-dev [101ms]
2024-11-22 22:56:39.681 [info] > git for-each-ref --format=%(refname)%00%(upstream:short)%00%(objectname)%00%(upstream:track)%00%(upstream:remotename)%00%(upstream:remoteref) refs/heads/ros2-dev refs/remotes/ros2-dev [146ms]
2024-11-22 22:56:39.683 [info] > git for-each-ref --format=%(refname)%00%(upstream:short)%00%(objectname)%00%(upstream:track)%00%(upstream:remotename)%00%(upstream:remoteref) refs/heads/origin/ros2-dev refs/remotes/origin/ros2-dev [169ms]
2024-11-22 22:56:39.722 [info] > git config --local branch.ros2-dev.vscode-merge-base [41ms]
2024-11-22 22:56:39.746 [info] > git for-each-ref --sort -committerdate --format %(refname) %(objectname) %(*objectname) [90ms]
2024-11-22 22:56:39.759 [info] > git config --get commit.template [146ms]
2024-11-22 22:56:39.759 [info] > git for-each-ref --format=%(refname)%00%(upstream:short)%00%(objectname)%00%(upstream:track)%00%(upstream:remotename)%00%(upstream:remoteref) refs/heads/main refs/remotes/main [175ms]
2024-11-22 22:56:39.831 [info] > git for-each-ref --format=%(refname)%00%(upstream:short)%00%(objectname)%00%(upstream:track)%00%(upstream:remotename)%00%(upstream:remoteref) refs/heads/origin/ros2-dev refs/remotes/origin/ros2-dev [86ms]
2024-11-22 22:56:39.854 [info] > git merge-base refs/heads/ros2-dev refs/remotes/origin/ros2-dev [149ms]
2024-11-22 22:56:39.921 [info] > git merge-base refs/heads/ros2-dev refs/remotes/origin/ros2-dev [68ms]
2024-11-22 22:56:39.945 [info] > git for-each-ref --format=%(refname)%00%(upstream:short)%00%(objectname)%00%(upstream:track)%00%(upstream:remotename)%00%(upstream:remoteref) refs/heads/main refs/remotes/main [137ms]
2024-11-22 22:56:39.967 [info] > git config --local branch.main.vscode-merge-base [187ms]
2024-11-22 22:56:40.066 [info] > git for-each-ref --format=%(refname)%00%(upstream:short)%00%(objectname)%00%(upstream:track)%00%(upstream:remotename)%00%(upstream:remoteref) refs/heads/origin/main refs/remotes/origin/main [68ms]
2024-11-22 22:56:40.088 [info] > git config --local branch.main.vscode-merge-base [122ms]
2024-11-22 22:56:40.123 [info] > git for-each-ref --format=%(refname)%00%(upstream:short)%00%(objectname)%00%(upstream:track)%00%(upstream:remotename)%00%(upstream:remoteref) refs/heads/main refs/remotes/main [220ms]
2024-11-22 22:56:40.132 [info] > git merge-base refs/heads/main refs/remotes/origin/main [44ms]
2024-11-22 22:56:40.170 [info] > git for-each-ref --sort -committerdate --format %(refname) %(objectname) %(*objectname) [107ms]
2024-11-22 22:56:40.174 [info] > git for-each-ref --format=%(refname)%00%(upstream:short)%00%(objectname)%00%(upstream:track)%00%(upstream:remotename)%00%(upstream:remoteref) refs/heads/origin/main refs/remotes/origin/main [52ms]
2024-11-22 22:56:40.203 [info] > git diff --name-status -z --diff-filter=ADMR 610ebcc490c6a63468a056cc4ecb6e090691c9bb...refs/remotes/origin/main [33ms]
2024-11-22 22:56:40.279 [info] > git status -z -uall [255ms]
2024-11-22 22:56:40.323 [info] > git merge-base refs/heads/main refs/remotes/origin/main [125ms]
2024-11-22 22:56:40.352 [info] > git status -z -uall [123ms]
2024-11-22 22:56:40.353 [info] > git merge-base refs/heads/ros2-dev refs/remotes/origin/ros2-dev [33ms]
2024-11-22 22:56:40.378 [info] > git for-each-ref --sort -committerdate --format %(refname) %(objectname) %(*objectname) [124ms]
2024-11-22 22:56:40.399 [info] > git diff --name-status -z --diff-filter=ADMR 610ebcc490c6a63468a056cc4ecb6e090691c9bb...refs/remotes/origin/main [52ms]
2024-11-22 22:56:41.048 [info] > git check-ignore -v -z --stdin [230ms]
2024-11-22 22:56:41.051 [info] > git diff --name-status -z --diff-filter=ADMR abb7dd9ede17485d9bf7df5635ebe758074356bb...refs/remotes/origin/ros2-dev [1107ms]
2024-11-22 22:56:41.062 [info] > git diff --name-status -z --diff-filter=ADMR abb7dd9ede17485d9bf7df5635ebe758074356bb...refs/remotes/origin/ros2-dev [1184ms]
2024-11-22 22:56:41.099 [info] > git rev-parse --show-toplevel [5ms]
2024-11-22 22:56:41.133 [info] > git rev-parse --show-toplevel [10ms]
2024-11-22 22:56:41.160 [info] > git rev-parse --show-toplevel [5ms]
2024-11-22 22:56:41.170 [info] > git diff --name-status -z --diff-filter=ADMR abb7dd9ede17485d9bf7df5635ebe758074356bb...refs/remotes/origin/ros2-dev [793ms]
2024-11-22 22:56:42.866 [info] > git check-ignore -v -z --stdin [5ms]
2024-11-22 22:56:44.323 [info] > git check-ignore -v -z --stdin [6ms]
2024-11-22 22:56:45.965 [info] > git check-ignore -v -z --stdin [6ms]
2024-11-22 22:56:46.967 [info] > git check-ignore -v -z --stdin [6ms]
2024-11-22 22:56:59.495 [info] > git check-ignore -v -z --stdin [6ms]
2024-11-22 22:56:59.987 [info] > git config --get commit.template [24ms]
2024-11-22 22:56:59.992 [info] > git for-each-ref --format=%(refname)%00%(upstream:short)%00%(objectname)%00%(upstream:track)%00%(upstream:remotename)%00%(upstream:remoteref) refs/heads/main refs/remotes/main [9ms]
2024-11-22 22:57:00.039 [info] > git status -z -uall [24ms]
2024-11-22 22:57:00.045 [info] > git for-each-ref --sort -committerdate --format %(refname) %(objectname) %(*objectname) [8ms]
2024-11-22 22:57:00.796 [info] > git show --textconv :Python_Module/MangDang/mini_pupper/touch_command.py [26ms]
2024-11-22 22:57:00.801 [info] > git ls-files --stage -- /home/ubuntu/mini_pupper_bsp/Python_Module/MangDang/mini_pupper/touch_command.py [8ms]
2024-11-22 22:58:19.184 [info] > git config --get commit.template [27ms]
2024-11-22 22:58:19.190 [info] > git for-each-ref --format=%(refname)%00%(upstream:short)%00%(objectname)%00%(upstream:track)%00%(upstream:remotename)%00%(upstream:remoteref) refs/heads/main refs/remotes/main [9ms]
2024-11-22 22:58:19.239 [info] > git status -z -uall [26ms]
2024-11-22 22:58:19.245 [info] > git for-each-ref --sort -committerdate --format %(refname) %(objectname) %(*objectname) [8ms]
2024-11-22 22:58:19.292 [info] > git check-ignore -v -z --stdin [5ms]
2024-11-22 22:59:35.806 [info] > git fetch [450ms]
2024-11-22 22:59:35.862 [info] > git config --get commit.template [27ms]
2024-11-22 22:59:35.867 [info] > git for-each-ref --format=%(refname)%00%(upstream:short)%00%(objectname)%00%(upstream:track)%00%(upstream:remotename)%00%(upstream:remoteref) refs/heads/main refs/remotes/main [9ms]
2024-11-22 22:59:35.920 [info] > git status -z -uall [29ms]
2024-11-22 22:59:35.926 [info] > git for-each-ref --sort -committerdate --format %(refname) %(objectname) %(*objectname) [9ms]
2024-11-22 22:59:36.718 [info] > git fetch [473ms]
2024-11-22 22:59:36.771 [info] > git config --get commit.template [28ms]
2024-11-22 22:59:36.773 [info] > git for-each-ref --format=%(refname)%00%(upstream:short)%00%(objectname)%00%(upstream:track)%00%(upstream:remotename)%00%(upstream:remoteref) refs/heads/master refs/remotes/master [7ms]
2024-11-22 22:59:36.794 [warning] [Git][revParse] Unable to read file: ENOENT: no such file or directory, open '/home/ubuntu/PupperCommand/.git/refs/remotes/origin/master'
2024-11-22 22:59:36.800 [info] > git rev-parse refs/remotes/origin/master [5ms]
2024-11-22 22:59:36.858 [info] > git status -z -uall [35ms]
2024-11-22 22:59:36.862 [info] > git for-each-ref --sort -committerdate --format %(refname) %(objectname) %(*objectname) [14ms]
2024-11-22 22:59:36.989 [info] > git config --get commit.template [26ms]
2024-11-22 22:59:36.994 [info] > git for-each-ref --format=%(refname)%00%(upstream:short)%00%(objectname)%00%(upstream:track)%00%(upstream:remotename)%00%(upstream:remoteref) refs/heads/main refs/remotes/main [8ms]
2024-11-22 22:59:37.043 [info] > git status -z -uall [27ms]
2024-11-22 22:59:37.047 [info] > git for-each-ref --sort -committerdate --format %(refname) %(objectname) %(*objectname) [8ms]
2024-11-22 22:59:37.129 [info] > git fetch [469ms]
2024-11-22 22:59:37.173 [info] > git config --get commit.template [16ms]
2024-11-22 22:59:37.204 [info] > git for-each-ref --format=%(refname)%00%(upstream:short)%00%(objectname)%00%(upstream:track)%00%(upstream:remotename)%00%(upstream:remoteref) refs/heads/master refs/remotes/master [8ms]
2024-11-22 22:59:37.225 [warning] [Git][revParse] Unable to read file: ENOENT: no such file or directory, open '/home/ubuntu/PS4Joystick/.git/refs/remotes/origin/master'
2024-11-22 22:59:37.230 [info] > git rev-parse refs/remotes/origin/master [5ms]
2024-11-22 22:59:37.288 [info] > git status -z -uall [37ms]
2024-11-22 22:59:37.292 [info] > git for-each-ref --sort -committerdate --format %(refname) %(objectname) %(*objectname) [15ms]
2024-11-22 22:59:37.581 [info] > git fetch [453ms]
2024-11-22 22:59:37.629 [info] > git config --get commit.template [26ms]
2024-11-22 22:59:37.633 [info] > git for-each-ref --format=%(refname)%00%(upstream:short)%00%(objectname)%00%(upstream:track)%00%(upstream:remotename)%00%(upstream:remoteref) refs/heads/mini_pupper refs/remotes/mini_pupper [8ms]
2024-11-22 22:59:37.679 [info] > git status -z -uall [24ms]
2024-11-22 22:59:37.686 [info] > git for-each-ref --sort -committerdate --format %(refname) %(objectname) %(*objectname) [8ms]
2024-11-22 22:59:38.168 [info] > git fetch [425ms]
2024-11-22 22:59:38.214 [info] > git config --get commit.template [24ms]
2024-11-22 22:59:38.219 [info] > git for-each-ref --format=%(refname)%00%(upstream:short)%00%(objectname)%00%(upstream:track)%00%(upstream:remotename)%00%(upstream:remoteref) refs/heads/master refs/remotes/master [7ms]
2024-11-22 22:59:38.241 [warning] [Git][revParse] Unable to read file: ENOENT: no such file or directory, open '/home/ubuntu/UDPComms/.git/refs/remotes/origin/master'
2024-11-22 22:59:38.246 [info] > git rev-parse refs/remotes/origin/master [6ms]
2024-11-22 22:59:38.293 [info] > git status -z -uall [25ms]
2024-11-22 22:59:38.298 [info] > git for-each-ref --sort -committerdate --format %(refname) %(objectname) %(*objectname) [8ms]
2024-11-22 22:59:38.891 [info] > git config --get commit.template [24ms]
2024-11-22 22:59:38.896 [info] > git for-each-ref --format=%(refname)%00%(upstream:short)%00%(objectname)%00%(upstream:track)%00%(upstream:remotename)%00%(upstream:remoteref) refs/heads/mini_pupper refs/remotes/mini_pupper [8ms]
2024-11-22 22:59:38.942 [info] > git status -z -uall [24ms]
2024-11-22 22:59:38.948 [info] > git for-each-ref --sort -committerdate --format %(refname) %(objectname) %(*objectname) [8ms]
2024-11-22 22:59:39.374 [info] > git config --get commit.template [31ms]
2024-11-22 22:59:39.378 [info] > git for-each-ref --format=%(refname)%00%(upstream:short)%00%(objectname)%00%(upstream:track)%00%(upstream:remotename)%00%(upstream:remoteref) refs/heads/master refs/remotes/master [8ms]
2024-11-22 22:59:39.401 [warning] [Git][revParse] Unable to read file: ENOENT: no such file or directory, open '/home/ubuntu/UDPComms/.git/refs/remotes/origin/master'
2024-11-22 22:59:39.406 [info] > git rev-parse refs/remotes/origin/master [5ms]
2024-11-22 22:59:39.455 [info] > git status -z -uall [27ms]
2024-11-22 22:59:39.461 [info] > git for-each-ref --sort -committerdate --format %(refname) %(objectname) %(*objectname) [8ms]
2024-11-22 22:59:39.589 [info] > git fetch [441ms]
2024-11-22 22:59:39.621 [info] > git config --get commit.template [5ms]
2024-11-22 22:59:39.651 [info] > git for-each-ref --format=%(refname)%00%(upstream:short)%00%(objectname)%00%(upstream:track)%00%(upstream:remotename)%00%(upstream:remoteref) refs/heads/main refs/remotes/main [9ms]
2024-11-22 22:59:39.703 [info] > git status -z -uall [29ms]
2024-11-22 22:59:39.709 [info] > git for-each-ref --sort -committerdate --format %(refname) %(objectname) %(*objectname) [9ms]
2024-11-22 22:59:40.050 [info] > git fetch [464ms]
2024-11-22 22:59:40.101 [info] > git config --get commit.template [26ms]
2024-11-22 22:59:40.106 [info] > git for-each-ref --format=%(refname)%00%(upstream:short)%00%(objectname)%00%(upstream:track)%00%(upstream:remotename)%00%(upstream:remoteref) refs/heads/ros2-dev refs/remotes/ros2-dev [10ms]
2024-11-22 22:59:40.154 [info] > git status -z -uall [26ms]
2024-11-22 22:59:40.161 [info] > git for-each-ref --sort -committerdate --format %(refname) %(objectname) %(*objectname) [10ms]
2024-11-22 22:59:40.275 [info] > git fetch [443ms]
2024-11-22 22:59:40.326 [info] > git config --get commit.template [27ms]
2024-11-22 22:59:40.332 [info] > git for-each-ref --format=%(refname)%00%(upstream:short)%00%(objectname)%00%(upstream:track)%00%(upstream:remotename)%00%(upstream:remoteref) refs/heads/main refs/remotes/main [9ms]
2024-11-22 22:59:40.380 [info] > git status -z -uall [25ms]
2024-11-22 22:59:40.387 [info] > git for-each-ref --sort -committerdate --format %(refname) %(objectname) %(*objectname) [9ms]
2024-11-22 22:59:40.789 [info] > git config --get commit.template [26ms]
2024-11-22 22:59:40.795 [info] > git for-each-ref --format=%(refname)%00%(upstream:short)%00%(objectname)%00%(upstream:track)%00%(upstream:remotename)%00%(upstream:remoteref) refs/heads/main refs/remotes/main [9ms]
2024-11-22 22:59:40.842 [info] > git status -z -uall [24ms]
2024-11-22 22:59:40.848 [info] > git for-each-ref --sort -committerdate --format %(refname) %(objectname) %(*objectname) [8ms]
2024-11-22 22:59:40.917 [info] > git rev-parse --show-toplevel [5ms]
2024-11-22 22:59:40.947 [info] > git rev-parse --show-toplevel [6ms]
2024-11-22 22:59:40.978 [info] > git rev-parse --show-toplevel [9ms]
2024-11-22 22:59:41.219 [info] > git config --get commit.template [26ms]
2024-11-22 22:59:41.226 [info] > git for-each-ref --format=%(refname)%00%(upstream:short)%00%(objectname)%00%(upstream:track)%00%(upstream:remotename)%00%(upstream:remoteref) refs/heads/ros2-dev refs/remotes/ros2-dev [10ms]
2024-11-22 22:59:41.274 [info] > git status -z -uall [27ms]
2024-11-22 22:59:41.279 [info] > git for-each-ref --sort -committerdate --format %(refname) %(objectname) %(*objectname) [8ms]
2024-11-22 22:59:41.464 [info] > git config --get commit.template [27ms]
2024-11-22 22:59:41.470 [info] > git for-each-ref --format=%(refname)%00%(upstream:short)%00%(objectname)%00%(upstream:track)%00%(upstream:remotename)%00%(upstream:remoteref) refs/heads/main refs/remotes/main [9ms]
2024-11-22 22:59:41.522 [info] > git status -z -uall [28ms]
2024-11-22 22:59:41.527 [info] > git for-each-ref --sort -committerdate --format %(refname) %(objectname) %(*objectname) [10ms]
2024-11-22 22:59:41.579 [info] > git ls-files --stage -- /home/ubuntu/mini_pupper_bsp/Python_Module/MangDang/mini_pupper/touch_command.py [9ms]
2024-11-22 22:59:41.637 [info] > git show --textconv :Python_Module/MangDang/mini_pupper/touch_command.py [6ms]
2024-11-22 22:59:42.067 [info] > git rev-parse --show-toplevel [6ms]
2024-11-22 22:59:42.100 [info] > git rev-parse --show-toplevel [7ms]
2024-11-22 22:59:42.134 [info] > git rev-parse --show-toplevel [9ms]
2024-11-22 23:00:13.998 [info] > git config --get commit.template [26ms]
2024-11-22 23:00:14.004 [info] > git for-each-ref --format=%(refname)%00%(upstream:short)%00%(objectname)%00%(upstream:track)%00%(upstream:remotename)%00%(upstream:remoteref) refs/heads/main refs/remotes/main [8ms]
2024-11-22 23:00:14.050 [info] > git status -z -uall [25ms]
2024-11-22 23:00:14.056 [info] > git for-each-ref --sort -committerdate --format %(refname) %(objectname) %(*objectname) [9ms]
2024-11-22 23:02:36.447 [info] > git fetch [488ms]
2024-11-22 23:02:36.495 [info] > git config --get commit.template [26ms]
2024-11-22 23:02:36.501 [info] > git for-each-ref --format=%(refname)%00%(upstream:short)%00%(objectname)%00%(upstream:track)%00%(upstream:remotename)%00%(upstream:remoteref) refs/heads/main refs/remotes/main [8ms]
2024-11-22 23:02:36.548 [info] > git status -z -uall [24ms]
2024-11-22 23:02:36.554 [info] > git for-each-ref --sort -committerdate --format %(refname) %(objectname) %(*objectname) [8ms]
2024-11-22 23:02:37.336 [info] > git fetch [446ms]
2024-11-22 23:02:37.390 [info] > git config --get commit.template [27ms]
2024-11-22 23:02:37.396 [info] > git for-each-ref --format=%(refname)%00%(upstream:short)%00%(objectname)%00%(upstream:track)%00%(upstream:remotename)%00%(upstream:remoteref) refs/heads/master refs/remotes/master [9ms]
2024-11-22 23:02:37.419 [warning] [Git][revParse] Unable to read file: ENOENT: no such file or directory, open '/home/ubuntu/PupperCommand/.git/refs/remotes/origin/master'
2024-11-22 23:02:37.426 [info] > git rev-parse refs/remotes/origin/master [7ms]
2024-11-22 23:02:37.484 [info] > git status -z -uall [36ms]
2024-11-22 23:02:37.488 [info] > git for-each-ref --sort -committerdate --format %(refname) %(objectname) %(*objectname) [15ms]
2024-11-22 23:02:37.684 [info] > git config --get commit.template [27ms]
2024-11-22 23:02:37.690 [info] > git for-each-ref --format=%(refname)%00%(upstream:short)%00%(objectname)%00%(upstream:track)%00%(upstream:remotename)%00%(upstream:remoteref) refs/heads/main refs/remotes/main [9ms]
2024-11-22 23:02:37.768 [info] > git status -z -uall [55ms]
2024-11-22 23:02:37.769 [info] > git for-each-ref --sort -committerdate --format %(refname) %(objectname) %(*objectname) [34ms]
2024-11-22 23:02:37.780 [info] > git fetch [457ms]
2024-11-22 23:02:37.812 [info] > git config --get commit.template [6ms]
2024-11-22 23:02:37.842 [info] > git for-each-ref --format=%(refname)%00%(upstream:short)%00%(objectname)%00%(upstream:track)%00%(upstream:remotename)%00%(upstream:remoteref) refs/heads/master refs/remotes/master [8ms]
2024-11-22 23:02:37.865 [warning] [Git][revParse] Unable to read file: ENOENT: no such file or directory, open '/home/ubuntu/PS4Joystick/.git/refs/remotes/origin/master'
2024-11-22 23:02:37.870 [info] > git rev-parse refs/remotes/origin/master [6ms]
2024-11-22 23:02:37.934 [info] > git status -z -uall [42ms]
2024-11-22 23:02:37.935 [info] > git for-each-ref --sort -committerdate --format %(refname) %(objectname) %(*objectname) [20ms]
2024-11-22 23:02:38.211 [info] > git fetch [451ms]
2024-11-22 23:02:38.260 [info] > git config --get commit.template [26ms]
2024-11-22 23:02:38.264 [info] > git for-each-ref --format=%(refname)%00%(upstream:short)%00%(objectname)%00%(upstream:track)%00%(upstream:remotename)%00%(upstream:remoteref) refs/heads/mini_pupper refs/remotes/mini_pupper [8ms]
2024-11-22 23:02:38.336 [info] > git status -z -uall [49ms]
2024-11-22 23:02:38.337 [info] > git for-each-ref --sort -committerdate --format %(refname) %(objectname) %(*objectname) [28ms]
2024-11-22 23:02:38.869 [info] > git fetch [537ms]
2024-11-22 23:02:38.916 [info] > git config --get commit.template [23ms]
2024-11-22 23:02:38.920 [info] > git for-each-ref --format=%(refname)%00%(upstream:short)%00%(objectname)%00%(upstream:track)%00%(upstream:remotename)%00%(upstream:remoteref) refs/heads/master refs/remotes/master [7ms]
2024-11-22 23:02:38.942 [warning] [Git][revParse] Unable to read file: ENOENT: no such file or directory, open '/home/ubuntu/UDPComms/.git/refs/remotes/origin/master'
2024-11-22 23:02:38.948 [info] > git rev-parse refs/remotes/origin/master [6ms]
2024-11-22 23:02:38.994 [info] > git status -z -uall [24ms]
2024-11-22 23:02:39.000 [info] > git for-each-ref --sort -committerdate --format %(refname) %(objectname) %(*objectname) [7ms]
2024-11-22 23:02:40.245 [info] > git config --get commit.template [28ms]
2024-11-22 23:02:40.255 [info] > git for-each-ref --format=%(refname)%00%(upstream:short)%00%(objectname)%00%(upstream:track)%00%(upstream:remotename)%00%(upstream:remoteref) refs/heads/master refs/remotes/master [12ms]
2024-11-22 23:02:40.301 [warning] [Git][revParse] Unable to read file: ENOENT: no such file or directory, open '/home/ubuntu/UDPComms/.git/refs/remotes/origin/master'
2024-11-22 23:02:40.305 [info] > git fetch [561ms]
2024-11-22 23:02:40.334 [info] > git rev-parse refs/remotes/origin/master [32ms]
2024-11-22 23:02:40.443 [info] > git status -z -uall [84ms]
2024-11-22 23:02:40.444 [info] > git for-each-ref --sort -committerdate --format %(refname) %(objectname) %(*objectname) [48ms]
2024-11-22 23:02:40.455 [info] > git config --get commit.template [122ms]
2024-11-22 23:02:40.496 [info] > git for-each-ref --format=%(refname)%00%(upstream:short)%00%(objectname)%00%(upstream:track)%00%(upstream:remotename)%00%(upstream:remoteref) refs/heads/main refs/remotes/main [9ms]
2024-11-22 23:02:40.581 [info] > git status -z -uall [48ms]
2024-11-22 23:02:40.582 [info] > git for-each-ref --sort -committerdate --format %(refname) %(objectname) %(*objectname) [7ms]
2024-11-22 23:02:40.729 [info] > git fetch [539ms]
2024-11-22 23:02:40.786 [info] > git config --get commit.template [32ms]
2024-11-22 23:02:40.799 [info] > git for-each-ref --format=%(refname)%00%(upstream:short)%00%(objectname)%00%(upstream:track)%00%(upstream:remotename)%00%(upstream:remoteref) refs/heads/ros2-dev refs/remotes/ros2-dev [16ms]
2024-11-22 23:02:40.871 [info] > git status -z -uall [43ms]
2024-11-22 23:02:40.883 [info] > git for-each-ref --sort -committerdate --format %(refname) %(objectname) %(*objectname) [28ms]
2024-11-22 23:02:40.919 [info] > git fetch [488ms]
2024-11-22 23:02:40.975 [info] > git config --get commit.template [30ms]
2024-11-22 23:02:40.980 [info] > git for-each-ref --format=%(refname)%00%(upstream:short)%00%(objectname)%00%(upstream:track)%00%(upstream:remotename)%00%(upstream:remoteref) refs/heads/main refs/remotes/main [12ms]
2024-11-22 23:02:41.050 [info] > git status -z -uall [43ms]
2024-11-22 23:02:41.051 [info] > git for-each-ref --sort -committerdate --format %(refname) %(objectname) %(*objectname) [18ms]
2024-11-22 23:02:41.585 [info] > git rev-parse --show-toplevel [5ms]
2024-11-22 23:02:41.612 [info] > git rev-parse --show-toplevel [5ms]
2024-11-22 23:02:41.638 [info] > git rev-parse --show-toplevel [5ms]
2024-11-22 23:02:42.388 [info] > git ls-files --stage -- /home/ubuntu/mini_pupper_bsp/Python_Module/MangDang/mini_pupper/touch_command.py [6ms]
2024-11-22 23:02:42.424 [info] > git show --textconv :Python_Module/MangDang/mini_pupper/touch_command.py [6ms]
2024-11-22 23:03:04.212 [info] > git check-ignore -v -z --stdin [5ms]
