2024-12-07 02:30:31.446 [info] [main] Log level: Info
2024-12-07 02:30:31.446 [info] [main] Validating found git in: "git"
2024-12-07 02:30:31.446 [info] [main] Using git "2.34.1" from "git"
2024-12-07 02:30:31.446 [info] [Model][doInitialScan] Initial repository scan started
2024-12-07 02:30:31.446 [info] > git rev-parse --show-toplevel [488ms]
2024-12-07 02:30:31.446 [info] fatal: not a git repository (or any of the parent directories): .git
2024-12-07 02:30:31.446 [info] > git rev-parse --show-toplevel [28ms]
2024-12-07 02:30:31.584 [info] > git rev-parse --git-dir --git-common-dir [25ms]
2024-12-07 02:30:31.688 [info] [Model][openRepository] Opened repository: /home/ubuntu/apps-md-robots
2024-12-07 02:30:31.755 [info] > git config --get commit.template [33ms]
2024-12-07 02:30:31.907 [info] > git rev-parse --show-toplevel [108ms]
2024-12-07 02:30:31.907 [info] fatal: not a git repository (or any of the parent directories): .git
2024-12-07 02:30:31.950 [info] > git rev-parse --show-toplevel [18ms]
2024-12-07 02:30:31.951 [info] fatal: not a git repository (or any of the parent directories): .git
2024-12-07 02:30:31.975 [info] > git for-each-ref --format=%(refname)%00%(upstream:short)%00%(objectname)%00%(upstream:track)%00%(upstream:remotename)%00%(upstream:remoteref) refs/heads/main refs/remotes/main [111ms]
2024-12-07 02:30:31.998 [info] > git rev-parse --show-toplevel [26ms]
2024-12-07 02:30:31.998 [info] fatal: not a git repository (or any of the parent directories): .git
2024-12-07 02:30:32.136 [info] > git status -z -uall [99ms]
2024-12-07 02:30:32.138 [info] > git for-each-ref --sort -committerdate --format %(refname) %(objectname) %(*objectname) [58ms]
2024-12-07 02:30:32.291 [info] > git for-each-ref --format=%(refname)%00%(upstream:short)%00%(objectname)%00%(upstream:track)%00%(upstream:remotename)%00%(upstream:remoteref) refs/heads/main refs/remotes/main [65ms]
2024-12-07 02:30:32.334 [info] > git rev-parse --show-toplevel [220ms]
2024-12-07 02:30:32.334 [info] fatal: not a git repository (or any of the parent directories): .git
2024-12-07 02:30:32.589 [info] > git check-ignore -v -z --stdin [48ms]
2024-12-07 02:30:32.599 [info] > git config --local branch.main.vscode-merge-base [266ms]
2024-12-07 02:30:32.630 [info] > git config --get commit.template [341ms]
2024-12-07 02:30:32.640 [info] > git for-each-ref --format=%(refname)%00%(upstream:short)%00%(objectname)%00%(upstream:track)%00%(upstream:remotename)%00%(upstream:remoteref) refs/heads/origin/main refs/remotes/origin/main [15ms]
2024-12-07 02:30:32.673 [info] > git rev-parse --show-toplevel [108ms]
2024-12-07 02:30:32.673 [info] fatal: not a git repository (or any of the parent directories): .git
2024-12-07 02:30:32.735 [info] > git rev-parse --show-toplevel [14ms]
2024-12-07 02:30:32.735 [info] fatal: not a git repository (or any of the parent directories): .git
2024-12-07 02:30:32.736 [info] > git for-each-ref --format=%(refname)%00%(upstream:short)%00%(objectname)%00%(upstream:track)%00%(upstream:remotename)%00%(upstream:remoteref) refs/heads/main refs/remotes/main [38ms]
2024-12-07 02:30:32.738 [info] > git merge-base refs/heads/main refs/remotes/origin/main [71ms]
2024-12-07 02:30:32.811 [info] > git diff --name-status -z --diff-filter=ADMR dd14a0dfe75f4621a9c862edf27d700f052145cf...refs/remotes/origin/main [42ms]
2024-12-07 02:30:32.828 [info] > git rev-parse --show-toplevel [28ms]
2024-12-07 02:30:32.940 [info] > git status -z -uall [81ms]
2024-12-07 02:30:32.941 [info] > git for-each-ref --sort -committerdate --format %(refname) %(objectname) %(*objectname) [48ms]
2024-12-07 02:30:32.969 [info] > git rev-parse --git-dir --git-common-dir [38ms]
2024-12-07 02:30:32.991 [info] [Model][openRepository] Opened repository: /home/ubuntu/PS4Joystick
2024-12-07 02:30:33.135 [info] > git rev-parse --show-toplevel [85ms]
2024-12-07 02:30:33.140 [info] > git config --get commit.template [112ms]
2024-12-07 02:30:33.228 [info] > git rev-parse --git-dir --git-common-dir [47ms]
2024-12-07 02:30:33.249 [info] [Model][openRepository] Opened repository: /home/ubuntu/PupperCommand
2024-12-07 02:30:33.301 [info] > git for-each-ref --format=%(refname)%00%(upstream:short)%00%(objectname)%00%(upstream:track)%00%(upstream:remotename)%00%(upstream:remoteref) refs/heads/master refs/remotes/master [89ms]
2024-12-07 02:30:33.331 [warning] [Git][revParse] Unable to read file: ENOENT: no such file or directory, open '/home/ubuntu/PS4Joystick/.git/refs/remotes/origin/master'
2024-12-07 02:30:33.342 [info] > git config --get commit.template [65ms]
2024-12-07 02:30:33.359 [info] > git rev-parse refs/remotes/origin/master [27ms]
2024-12-07 02:30:33.410 [info] > git rev-parse --show-toplevel [112ms]
2024-12-07 02:30:33.454 [info] > git status -z -uall [74ms]
2024-12-07 02:30:33.460 [info] > git for-each-ref --format=%(refname)%00%(upstream:short)%00%(objectname)%00%(upstream:track)%00%(upstream:remotename)%00%(upstream:remoteref) refs/heads/master refs/remotes/master [27ms]
2024-12-07 02:30:33.466 [info] > git for-each-ref --sort -committerdate --format %(refname) %(objectname) %(*objectname) [57ms]
2024-12-07 02:30:33.542 [warning] [Git][revParse] Unable to read file: ENOENT: no such file or directory, open '/home/ubuntu/PupperCommand/.git/refs/remotes/origin/master'
2024-12-07 02:30:33.570 [info] > git rev-parse --git-dir --git-common-dir [118ms]
2024-12-07 02:30:33.595 [info] [Model][openRepository] Opened repository: /home/ubuntu/StanfordQuadruped
2024-12-07 02:30:33.655 [info] > git config --get commit.template [88ms]
2024-12-07 02:30:33.656 [info] > git rev-parse refs/remotes/origin/master [114ms]
2024-12-07 02:30:33.714 [info] > git for-each-ref --format=%(refname)%00%(upstream:short)%00%(objectname)%00%(upstream:track)%00%(upstream:remotename)%00%(upstream:remoteref) refs/heads/master refs/remotes/master [208ms]
2024-12-07 02:30:33.777 [info] > git status -z -uall [87ms]
2024-12-07 02:30:33.778 [info] > git config --local branch.master.vscode-merge-base [35ms]
2024-12-07 02:30:33.815 [info] > git for-each-ref --sort -committerdate --format %(refname) %(objectname) %(*objectname) [103ms]
2024-12-07 02:30:33.885 [info] > git rev-parse --show-toplevel [239ms]
2024-12-07 02:30:33.887 [info] > git config --get commit.template [260ms]
2024-12-07 02:30:33.970 [info] > git for-each-ref --format=%(refname)%00%(upstream:short)%00%(objectname)%00%(upstream:track)%00%(upstream:remotename)%00%(upstream:remoteref) refs/heads/master refs/remotes/master [92ms]
2024-12-07 02:30:33.992 [info] > git for-each-ref --format=%(refname)%00%(upstream:short)%00%(objectname)%00%(upstream:track)%00%(upstream:remotename)%00%(upstream:remoteref) refs/heads/origin/master refs/remotes/origin/master [181ms]
2024-12-07 02:30:34.058 [info] > git merge-base refs/heads/master refs/remotes/origin/master [42ms]
2024-12-07 02:30:34.081 [info] > git config --local branch.master.vscode-merge-base [89ms]
2024-12-07 02:30:34.106 [info] > git rev-parse --git-dir --git-common-dir [147ms]
2024-12-07 02:30:34.127 [info] [Model][openRepository] Opened repository: /home/ubuntu/UDPComms
2024-12-07 02:30:34.130 [info] > git config --get commit.template [193ms]
2024-12-07 02:30:34.131 [info] > git for-each-ref --format=%(refname)%00%(upstream:short)%00%(objectname)%00%(upstream:track)%00%(upstream:remotename)%00%(upstream:remoteref) refs/heads/master refs/remotes/master [221ms]
2024-12-07 02:30:34.217 [warning] [Git][revParse] Unable to read file: ENOENT: no such file or directory, open '/home/ubuntu/PS4Joystick/.git/refs/remotes/origin/master'
2024-12-07 02:30:34.251 [info] > git for-each-ref --format=%(refname)%00%(upstream:short)%00%(objectname)%00%(upstream:track)%00%(upstream:remotename)%00%(upstream:remoteref) refs/heads/origin/master refs/remotes/origin/master [146ms]
2024-12-07 02:30:34.304 [info] > git diff --name-status -z --diff-filter=ADMR defa868598cc91924683d328a1da1856bf9f0791...refs/remotes/origin/master [224ms]
2024-12-07 02:30:34.306 [info] > git for-each-ref --format=%(refname)%00%(upstream:short)%00%(objectname)%00%(upstream:track)%00%(upstream:remotename)%00%(upstream:remoteref) refs/heads/mini_pupper refs/remotes/mini_pupper [259ms]
2024-12-07 02:30:34.401 [info] > git rev-parse refs/remotes/origin/master [184ms]
2024-12-07 02:30:34.510 [info] > git rev-parse --show-toplevel [324ms]
2024-12-07 02:30:34.512 [info] > git config --get commit.template [354ms]
2024-12-07 02:30:34.576 [info] > git status -z -uall [119ms]
2024-12-07 02:30:34.579 [info] > git for-each-ref --format=%(refname)%00%(upstream:short)%00%(objectname)%00%(upstream:track)%00%(upstream:remotename)%00%(upstream:remoteref) refs/heads/master refs/remotes/master [202ms]
2024-12-07 02:30:34.585 [info] > git merge-base refs/heads/master refs/remotes/origin/master [283ms]
2024-12-07 02:30:34.725 [warning] [Git][revParse] Unable to read file: ENOENT: no such file or directory, open '/home/ubuntu/PupperCommand/.git/refs/remotes/origin/master'
2024-12-07 02:30:34.741 [info] > git rev-parse --git-dir --git-common-dir [173ms]
2024-12-07 02:30:34.768 [info] [Model][openRepository] Opened repository: /home/ubuntu/mini_pupper_bsp
2024-12-07 02:30:34.772 [info] > git for-each-ref --sort -committerdate --format %(refname) %(objectname) %(*objectname) [263ms]
2024-12-07 02:30:35.234 [info] > git check-ignore -v -z --stdin [406ms]
2024-12-07 02:30:35.241 [info] > git check-ignore -v -z --stdin [390ms]
2024-12-07 02:30:35.244 [info] > git check-ignore -v -z --stdin [371ms]
2024-12-07 02:30:35.246 [info] > git check-ignore -v -z --stdin [351ms]
2024-12-07 02:30:35.248 [info] > git check-ignore -v -z --stdin [326ms]
2024-12-07 02:30:35.249 [info] > git status -z -uall [256ms]
2024-12-07 02:30:35.251 [info] > git rev-parse refs/remotes/origin/master [526ms]
2024-12-07 02:30:35.299 [info] > git for-each-ref --format=%(refname)%00%(upstream:short)%00%(objectname)%00%(upstream:track)%00%(upstream:remotename)%00%(upstream:remoteref) refs/heads/master refs/remotes/master [611ms]
2024-12-07 02:30:35.300 [info] > git diff --name-status -z --diff-filter=ADMR 4b7b3dfd50cc0e66d0e815114c1b6b01a7aa1183...refs/remotes/origin/master [679ms]
2024-12-07 02:30:35.329 [warning] [Git][revParse] Unable to read file: ENOENT: no such file or directory, open '/home/ubuntu/UDPComms/.git/refs/remotes/origin/master'
2024-12-07 02:30:35.423 [info] > git status -z -uall [148ms]
2024-12-07 02:30:35.426 [info] > git for-each-ref --sort -committerdate --format %(refname) %(objectname) %(*objectname) [126ms]
2024-12-07 02:30:35.454 [info] > git rev-parse --show-toplevel [253ms]
2024-12-07 02:30:35.458 [info] > git config --get commit.template [341ms]
2024-12-07 02:30:35.463 [info] > git for-each-ref --sort -committerdate --format %(refname) %(objectname) %(*objectname) [431ms]
2024-12-07 02:30:35.713 [info] > git for-each-ref --format=%(refname)%00%(upstream:short)%00%(objectname)%00%(upstream:track)%00%(upstream:remotename)%00%(upstream:remoteref) refs/heads/mini_pupper refs/remotes/mini_pupper [165ms]
2024-12-07 02:30:35.739 [info] > git rev-parse refs/remotes/origin/master [410ms]
2024-12-07 02:30:35.829 [info] > git status -z -uall [70ms]
2024-12-07 02:30:35.831 [info] > git config --local branch.mini_pupper.vscode-merge-base [93ms]
2024-12-07 02:30:35.881 [info] > git config --get commit.template [188ms]
2024-12-07 02:30:35.882 [info] > git rev-parse --git-dir --git-common-dir [230ms]
2024-12-07 02:30:35.902 [info] [Model][openRepository] Opened repository: /home/ubuntu/mini_pupper_ros
2024-12-07 02:30:36.134 [info] > git check-ignore -v -z --stdin [207ms]
2024-12-07 02:30:36.136 [info] > git check-ignore -v -z --stdin [187ms]
2024-12-07 02:30:36.137 [info] > git check-ignore -v -z --stdin [167ms]
2024-12-07 02:30:36.140 [info] > git check-ignore -v -z --stdin [146ms]
2024-12-07 02:30:36.142 [info] > git check-ignore -v -z --stdin [115ms]
2024-12-07 02:30:36.143 [info] > git check-ignore -v -z --stdin [94ms]
2024-12-07 02:30:36.146 [info] > git for-each-ref --format=%(refname)%00%(upstream:short)%00%(objectname)%00%(upstream:track)%00%(upstream:remotename)%00%(upstream:remoteref) refs/heads/origin/mini_pupper refs/remotes/origin/mini_pupper [265ms]
2024-12-07 02:30:36.175 [info] > git for-each-ref --format=%(refname)%00%(upstream:short)%00%(objectname)%00%(upstream:track)%00%(upstream:remotename)%00%(upstream:remoteref) refs/heads/main refs/remotes/main [352ms]
2024-12-07 02:30:36.178 [info] > git for-each-ref --sort -committerdate --format %(refname) %(objectname) %(*objectname) [382ms]
2024-12-07 02:30:36.295 [info] > git for-each-ref --format=%(refname)%00%(upstream:short)%00%(objectname)%00%(upstream:track)%00%(upstream:remotename)%00%(upstream:remoteref) refs/heads/master refs/remotes/master [65ms]
2024-12-07 02:30:36.338 [info] > git merge-base refs/heads/mini_pupper refs/remotes/origin/mini_pupper [166ms]
2024-12-07 02:30:36.380 [info] > git rev-parse --show-toplevel [282ms]
2024-12-07 02:30:36.382 [info] > git config --get commit.template [306ms]
2024-12-07 02:30:36.429 [info] > git config --local branch.master.vscode-merge-base [94ms]
2024-12-07 02:30:36.457 [info] > git config --get commit.template [169ms]
2024-12-07 02:30:36.458 [info] > git for-each-ref --format=%(refname)%00%(upstream:short)%00%(objectname)%00%(upstream:track)%00%(upstream:remotename)%00%(upstream:remoteref) refs/heads/mini_pupper refs/remotes/mini_pupper [197ms]
2024-12-07 02:30:36.484 [info] > git rev-parse --git-dir --git-common-dir [63ms]
2024-12-07 02:30:36.505 [info] [Model][openRepository] Opened repository: /home/ubuntu/ros2_setup_scripts_ubuntu
2024-12-07 02:30:36.509 [info] > git diff --name-status -z --diff-filter=ADMR dd5cb4bc2bf9584003513c9235d7af234ffad316...refs/remotes/origin/mini_pupper [130ms]
2024-12-07 02:30:36.643 [info] > git status -z -uall [106ms]
2024-12-07 02:30:36.644 [info] > git for-each-ref --format=%(refname)%00%(upstream:short)%00%(objectname)%00%(upstream:track)%00%(upstream:remotename)%00%(upstream:remoteref) refs/heads/origin/master refs/remotes/origin/master [189ms]
2024-12-07 02:30:36.872 [info] > git check-ignore -v -z --stdin [167ms]
2024-12-07 02:30:36.876 [info] > git check-ignore -v -z --stdin [147ms]
2024-12-07 02:30:36.878 [info] > git check-ignore -v -z --stdin [130ms]
2024-12-07 02:30:36.880 [info] > git check-ignore -v -z --stdin [113ms]
2024-12-07 02:30:36.881 [info] > git check-ignore -v -z --stdin [78ms]
2024-12-07 02:30:36.883 [info] > git check-ignore -v -z --stdin [60ms]
2024-12-07 02:30:36.885 [info] > git check-ignore -v -z --stdin [40ms]
2024-12-07 02:30:36.887 [info] > git merge-base refs/heads/master refs/remotes/origin/master [212ms]
2024-12-07 02:30:36.913 [info] > git rev-parse --show-toplevel [272ms]
2024-12-07 02:30:36.913 [info] fatal: not a git repository (or any of the parent directories): .git
2024-12-07 02:30:36.933 [info] [Model][doInitialScan] Initial repository scan completed - repositories (8), closed repositories (0), parent repositories (0), unsafe repositories (0)
2024-12-07 02:30:36.982 [info] > git config --get commit.template [361ms]
2024-12-07 02:30:36.983 [info] > git for-each-ref --format=%(refname)%00%(upstream:short)%00%(objectname)%00%(upstream:track)%00%(upstream:remotename)%00%(upstream:remoteref) refs/heads/master refs/remotes/master [383ms]
2024-12-07 02:30:36.984 [info] > git for-each-ref --sort -committerdate --format %(refname) %(objectname) %(*objectname) [411ms]
2024-12-07 02:30:37.031 [info] > git for-each-ref --format=%(refname)%00%(upstream:short)%00%(objectname)%00%(upstream:track)%00%(upstream:remotename)%00%(upstream:remoteref) refs/heads/ros2-dev refs/remotes/ros2-dev [551ms]
2024-12-07 02:30:37.105 [warning] [Git][revParse] Unable to read file: ENOENT: no such file or directory, open '/home/ubuntu/UDPComms/.git/refs/remotes/origin/master'
2024-12-07 02:30:37.142 [info] > git show --textconv :api/movement_api.py [185ms]
2024-12-07 02:30:37.142 [info] > git status -z -uall [81ms]
2024-12-07 02:30:37.143 [info] > git for-each-ref --format=%(refname)%00%(upstream:short)%00%(objectname)%00%(upstream:track)%00%(upstream:remotename)%00%(upstream:remoteref) refs/heads/main refs/remotes/main [124ms]
2024-12-07 02:30:37.169 [info] > git ls-files --stage -- /home/ubuntu/apps-md-robots/api/movement_api.py [187ms]
2024-12-07 02:30:37.179 [info] > git diff --name-status -z --diff-filter=ADMR 6737d6c6089146fb239f5cd03d8e3c5515344be1...refs/remotes/origin/master [266ms]
2024-12-07 02:30:37.218 [info] > git config --local branch.main.vscode-merge-base [51ms]
2024-12-07 02:30:37.242 [info] > git config --get commit.template [108ms]
2024-12-07 02:30:37.243 [info] > git rev-parse refs/remotes/origin/master [139ms]
2024-12-07 02:30:37.287 [info] > git for-each-ref --sort -committerdate --format %(refname) %(objectname) %(*objectname) [203ms]
2024-12-07 02:30:37.310 [info] > git status -z -uall [45ms]
2024-12-07 02:30:37.311 [info] > git for-each-ref --sort -committerdate --format %(refname) %(objectname) %(*objectname) [26ms]
2024-12-07 02:30:37.330 [info] > git for-each-ref --format=%(refname)%00%(upstream:short)%00%(objectname)%00%(upstream:track)%00%(upstream:remotename)%00%(upstream:remoteref) refs/heads/origin/main refs/remotes/origin/main [89ms]
2024-12-07 02:30:37.361 [info] > git for-each-ref --format=%(refname)%00%(upstream:short)%00%(objectname)%00%(upstream:track)%00%(upstream:remotename)%00%(upstream:remoteref) refs/heads/main refs/remotes/main [151ms]
2024-12-07 02:30:37.616 [info] > git check-ignore -v -z --stdin [233ms]
2024-12-07 02:30:37.618 [info] > git check-ignore -v -z --stdin [215ms]
2024-12-07 02:30:37.620 [info] > git check-ignore -v -z --stdin [191ms]
2024-12-07 02:30:37.621 [info] > git check-ignore -v -z --stdin [172ms]
2024-12-07 02:30:37.623 [info] > git check-ignore -v -z --stdin [152ms]
2024-12-07 02:30:37.624 [info] > git check-ignore -v -z --stdin [134ms]
2024-12-07 02:30:37.625 [info] > git check-ignore -v -z --stdin [114ms]
2024-12-07 02:30:37.626 [info] > git check-ignore -v -z --stdin [93ms]
2024-12-07 02:30:37.628 [info] > git merge-base refs/heads/main refs/remotes/origin/main [275ms]
2024-12-07 02:30:37.670 [info] > git status -z -uall [86ms]
2024-12-07 02:30:37.671 [info] > git for-each-ref --sort -committerdate --format %(refname) %(objectname) %(*objectname) [63ms]
2024-12-07 02:30:37.729 [info] > git for-each-ref --format=%(refname)%00%(upstream:short)%00%(objectname)%00%(upstream:track)%00%(upstream:remotename)%00%(upstream:remoteref) refs/heads/main refs/remotes/main [168ms]
2024-12-07 02:30:37.772 [info] > git for-each-ref --format=%(refname)%00%(upstream:short)%00%(objectname)%00%(upstream:track)%00%(upstream:remotename)%00%(upstream:remoteref) refs/heads/ros2-dev refs/remotes/ros2-dev [64ms]
2024-12-07 02:30:37.795 [info] > git diff --name-status -z --diff-filter=ADMR 4576ca9da14cd109f0f810d9e0a77d2f7b28d417...refs/remotes/origin/main [143ms]
2024-12-07 02:30:37.861 [info] > git status -z -uall [29ms]
2024-12-07 02:30:37.861 [info] > git config --local branch.ros2-dev.vscode-merge-base [68ms]
2024-12-07 02:30:37.889 [info] > git config --get commit.template [127ms]
2024-12-07 02:30:37.899 [info] > git for-each-ref --sort -committerdate --format %(refname) %(objectname) %(*objectname) [43ms]
2024-12-07 02:30:38.032 [info] > git status -z -uall [47ms]
2024-12-07 02:30:38.033 [info] > git for-each-ref --format=%(refname)%00%(upstream:short)%00%(objectname)%00%(upstream:track)%00%(upstream:remotename)%00%(upstream:remoteref) refs/heads/main refs/remotes/main [105ms]
2024-12-07 02:30:38.053 [info] > git for-each-ref --format=%(refname)%00%(upstream:short)%00%(objectname)%00%(upstream:track)%00%(upstream:remotename)%00%(upstream:remoteref) refs/heads/origin/ros2-dev refs/remotes/origin/ros2-dev [165ms]
2024-12-07 02:30:38.090 [info] > git config --local branch.main.vscode-merge-base [37ms]
2024-12-07 02:30:38.112 [info] > git config --get commit.template [83ms]
2024-12-07 02:30:38.113 [info] > git for-each-ref --sort -committerdate --format %(refname) %(objectname) %(*objectname) [105ms]
2024-12-07 02:30:38.123 [info] > git for-each-ref --format=%(refname)%00%(upstream:short)%00%(objectname)%00%(upstream:track)%00%(upstream:remotename)%00%(upstream:remoteref) refs/heads/ros2-dev refs/remotes/ros2-dev [161ms]
2024-12-07 02:30:38.129 [info] > git for-each-ref --format=%(refname)%00%(upstream:short)%00%(objectname)%00%(upstream:track)%00%(upstream:remotename)%00%(upstream:remoteref) refs/heads/origin/main refs/remotes/origin/main [18ms]
2024-12-07 02:30:38.154 [info] > git merge-base refs/heads/ros2-dev refs/remotes/origin/ros2-dev [72ms]
2024-12-07 02:30:38.208 [info] > git merge-base refs/heads/main refs/remotes/origin/main [56ms]
2024-12-07 02:30:38.244 [info] > git for-each-ref --format=%(refname)%00%(upstream:short)%00%(objectname)%00%(upstream:track)%00%(upstream:remotename)%00%(upstream:remoteref) refs/heads/main refs/remotes/main [41ms]
2024-12-07 02:30:38.292 [info] > git diff --name-status -z --diff-filter=ADMR 610ebcc490c6a63468a056cc4ecb6e090691c9bb...refs/remotes/origin/main [61ms]
2024-12-07 02:30:38.302 [info] > git status -z -uall [35ms]
2024-12-07 02:30:38.358 [info] > git status -z -uall [33ms]
2024-12-07 02:30:38.361 [info] > git for-each-ref --sort -committerdate --format %(refname) %(objectname) %(*objectname) [72ms]
2024-12-07 02:30:38.403 [info] > git merge-base refs/heads/ros2-dev refs/remotes/origin/ros2-dev [12ms]
2024-12-07 02:30:38.426 [info] > git for-each-ref --sort -committerdate --format %(refname) %(objectname) %(*objectname) [76ms]
2024-12-07 02:30:39.523 [info] > git diff --name-status -z --diff-filter=ADMR abb7dd9ede17485d9bf7df5635ebe758074356bb...refs/remotes/origin/ros2-dev [1097ms]
2024-12-07 02:30:39.542 [info] > git diff --name-status -z --diff-filter=ADMR abb7dd9ede17485d9bf7df5635ebe758074356bb...refs/remotes/origin/ros2-dev [1362ms]
2024-12-07 02:30:39.550 [info] > git rev-parse --show-toplevel [475ms]
2024-12-07 02:30:39.595 [info] > git rev-parse --show-toplevel [14ms]
2024-12-07 02:30:39.623 [info] > git rev-parse --show-toplevel [9ms]
2024-12-07 02:31:29.753 [info] > git show --textconv :api/mic_test.py [23ms]
2024-12-07 02:31:29.758 [info] > git ls-files --stage -- /home/ubuntu/apps-md-robots/api/mic_test.py [7ms]
2024-12-07 02:31:33.491 [info] > git show --textconv :api/movement_api.py [22ms]
2024-12-07 02:31:33.496 [info] > git ls-files --stage -- /home/ubuntu/apps-md-robots/api/movement_api.py [6ms]
2024-12-07 02:31:41.492 [info] > git check-ignore -v -z --stdin [5ms]
2024-12-07 02:31:42.946 [info] > git rev-parse --show-toplevel [6ms]
2024-12-07 02:31:42.946 [info] fatal: not a git repository (or any of the parent directories): .git
