1717409523.8044503 [INFO] [launch]: All log files can be found below /home/ubuntu/.ros/log/2024-06-03-10-12-03-801281-minipupperv2-1594
1717409523.8050961 [INFO] [launch]: Default logging verbosity is set to INFO
1717409527.8229241 [INFO] [robot_state_publisher-1]: process started with pid [1598]
1717409527.8243890 [INFO] [quadruped_controller_node-2]: process started with pid [1600]
1717409527.8258562 [INFO] [state_estimation_node-3]: process started with pid [1602]
1717409527.8272920 [INFO] [ekf_node-4]: process started with pid [1604]
1717409527.8285725 [INFO] [ekf_node-5]: process started with pid [1606]
1717409527.8307128 [INFO] [servo_interface-6]: process started with pid [1611]
1717409527.8368287 [INFO] [ldlidar_stl_ros2_node-7]: process started with pid [1627]
1717409528.1800554 [robot_state_publisher-1] [INFO] [1717409528.178979281] [robot_state_publisher]: got segment base_inertia
1717409528.1825686 [robot_state_publisher-1] [INFO] [1717409528.179416293] [robot_state_publisher]: got segment base_link
1717409528.1833868 [robot_state_publisher-1] [INFO] [1717409528.179505580] [robot_state_publisher]: got segment imu_link
1717409528.1839900 [robot_state_publisher-1] [INFO] [1717409528.179547928] [robot_state_publisher]: got segment lb1
1717409528.1845829 [robot_state_publisher-1] [INFO] [1717409528.179580073] [robot_state_publisher]: got segment lb2
1717409528.1854410 [robot_state_publisher-1] [INFO] [1717409528.179611070] [robot_state_publisher]: got segment lb3
1717409528.1862826 [robot_state_publisher-1] [INFO] [1717409528.179641752] [robot_state_publisher]: got segment lbfoot
1717409528.1871307 [robot_state_publisher-1] [INFO] [1717409528.179672674] [robot_state_publisher]: got segment lf1
1717409528.1877441 [robot_state_publisher-1] [INFO] [1717409528.179702060] [robot_state_publisher]: got segment lf2
1717409528.1888661 [robot_state_publisher-1] [INFO] [1717409528.179782367] [robot_state_publisher]: got segment lf3
1717409528.1897337 [robot_state_publisher-1] [INFO] [1717409528.179833955] [robot_state_publisher]: got segment lffoot
1717409528.2063370 [robot_state_publisher-1] [INFO] [1717409528.179870229] [robot_state_publisher]: got segment lidar_link
1717409528.2108548 [robot_state_publisher-1] [INFO] [1717409528.179920224] [robot_state_publisher]: got segment lpb1
1717409528.2146318 [robot_state_publisher-1] [INFO] [1717409528.179965923] [robot_state_publisher]: got segment lpb2
1717409528.2214158 [robot_state_publisher-1] [INFO] [1717409528.179996994] [robot_state_publisher]: got segment lpf1
1717409528.2276444 [robot_state_publisher-1] [INFO] [1717409528.180027417] [robot_state_publisher]: got segment lpf2
1717409528.2282450 [robot_state_publisher-1] [INFO] [1717409528.180064191] [robot_state_publisher]: got segment rb1
1717409528.2392037 [robot_state_publisher-1] [INFO] [1717409528.180098002] [robot_state_publisher]: got segment rb2
1717409528.2654295 [robot_state_publisher-1] [INFO] [1717409528.180132258] [robot_state_publisher]: got segment rb3
1717409528.2816048 [robot_state_publisher-1] [INFO] [1717409528.180162774] [robot_state_publisher]: got segment rbfoot
1717409528.2920039 [robot_state_publisher-1] [INFO] [1717409528.180192604] [robot_state_publisher]: got segment rf1
1717409528.3005016 [robot_state_publisher-1] [INFO] [1717409528.180221305] [robot_state_publisher]: got segment rf2
1717409528.3026774 [robot_state_publisher-1] [INFO] [1717409528.180249950] [robot_state_publisher]: got segment rf3
1717409528.3099146 [robot_state_publisher-1] [INFO] [1717409528.180278318] [robot_state_publisher]: got segment rffoot
1717409528.3218818 [robot_state_publisher-1] [INFO] [1717409528.180307333] [robot_state_publisher]: got segment rpb1
1717409528.3253369 [robot_state_publisher-1] [INFO] [1717409528.180370271] [robot_state_publisher]: got segment rpb2
1717409528.3265388 [robot_state_publisher-1] [INFO] [1717409528.180421451] [robot_state_publisher]: got segment rpf1
1717409528.3290694 [robot_state_publisher-1] [INFO] [1717409528.180469761] [robot_state_publisher]: got segment rpf2
1717409528.3296883 [robot_state_publisher-1] [INFO] [1717409528.180519034] [robot_state_publisher]: got segment yellow_plate
1717409532.7668276 [WARNING] [launch]: user interrupted with ctrl-c (SIGINT)
1717409532.8545198 [robot_state_publisher-1] [INFO] [1717409532.758958439] [rclcpp]: signal_handler(signum=2)
1717409533.1478522 [INFO] [robot_state_publisher-1]: process has finished cleanly [pid 1598]
1717409533.1508155 [ERROR] [servo_interface-6]: process has died [pid 1611, exit code -2, cmd '/home/ubuntu/ros2_ws/install/mini_pupper_driver/lib/mini_pupper_driver/servo_interface --ros-args -r __node:=servo_interface'].
1717409533.1553230 [INFO] [ldlidar_stl_ros2_node-7]: process has finished cleanly [pid 1627]
1717409533.1624939 [INFO] [quadruped_controller_node-2]: process has finished cleanly [pid 1600]
1717409533.1715858 [INFO] [state_estimation_node-3]: process has finished cleanly [pid 1602]
1717409533.1796319 [INFO] [ekf_node-4]: process has finished cleanly [pid 1604]
1717409533.1902566 [INFO] [ekf_node-5]: process has finished cleanly [pid 1606]
