[0.058s] Invoking command in '/home/ubuntu/ros2_ws/build/champ_base': AMENT_PREFIX_PATH=/home/ubuntu/ros2_ws/install/champ_msgs:/home/ubuntu/ros2_ws/install/champ:${AMENT_PREFIX_PATH} CMAKE_PREFIX_PATH=/home/ubuntu/ros2_ws/install/champ_msgs:/home/ubuntu/ros2_ws/install/champ:/opt/ros/humble LD_LIBRARY_PATH=/home/ubuntu/ros2_ws/install/champ_msgs/lib:${LD_LIBRARY_PATH} PYTHONPATH=/home/ubuntu/ros2_ws/install/champ_msgs/local/lib/python3.10/dist-packages:${PYTHONPATH} /usr/bin/cmake --build /home/ubuntu/ros2_ws/build/champ_base
[0.281s] [35m[1mConsolidate compiler generated dependencies of target quadruped_controller[0m
[0.395s] [ 16%] Built target quadruped_controller
[0.449s] [35m[1mConsolidate compiler generated dependencies of target quadruped_controller_node[0m
[0.552s] [ 33%] Built target quadruped_controller_node
[0.606s] [35m[1mConsolidate compiler generated dependencies of target message_relay[0m
[0.717s] [ 50%] Built target message_relay
[0.770s] [35m[1mConsolidate compiler generated dependencies of target message_relay_node[0m
[0.875s] [ 66%] Built target message_relay_node
[0.928s] [35m[1mConsolidate compiler generated dependencies of target state_estimation[0m
[1.043s] [ 83%] Built target state_estimation
[1.096s] [35m[1mConsolidate compiler generated dependencies of target state_estimation_node[0m
[1.203s] [100%] Built target state_estimation_node
[1.245s] Invoked command in '/home/ubuntu/ros2_ws/build/champ_base' returned '0': AMENT_PREFIX_PATH=/home/ubuntu/ros2_ws/install/champ_msgs:/home/ubuntu/ros2_ws/install/champ:${AMENT_PREFIX_PATH} CMAKE_PREFIX_PATH=/home/ubuntu/ros2_ws/install/champ_msgs:/home/ubuntu/ros2_ws/install/champ:/opt/ros/humble LD_LIBRARY_PATH=/home/ubuntu/ros2_ws/install/champ_msgs/lib:${LD_LIBRARY_PATH} PYTHONPATH=/home/ubuntu/ros2_ws/install/champ_msgs/local/lib/python3.10/dist-packages:${PYTHONPATH} /usr/bin/cmake --build /home/ubuntu/ros2_ws/build/champ_base
[1.459s] Invoking command in '/home/ubuntu/ros2_ws/build/champ_base': AMENT_PREFIX_PATH=/home/ubuntu/ros2_ws/install/champ_msgs:/home/ubuntu/ros2_ws/install/champ:${AMENT_PREFIX_PATH} CMAKE_PREFIX_PATH=/home/ubuntu/ros2_ws/install/champ_msgs:/home/ubuntu/ros2_ws/install/champ:/opt/ros/humble LD_LIBRARY_PATH=/home/ubuntu/ros2_ws/install/champ_msgs/lib:${LD_LIBRARY_PATH} PYTHONPATH=/home/ubuntu/ros2_ws/install/champ_msgs/local/lib/python3.10/dist-packages:${PYTHONPATH} /usr/bin/cmake --install /home/ubuntu/ros2_ws/build/champ_base
[1.489s] -- Install configuration: ""
[1.492s] -- Execute custom install script
[1.495s] -- Up-to-date symlink: /home/ubuntu/ros2_ws/install/champ_base/share/champ_base/config/ekf/base_to_footprint.yaml
[1.496s] -- Up-to-date symlink: /home/ubuntu/ros2_ws/install/champ_base/share/champ_base/config/ekf/footprint_to_odom.yaml
[1.498s] -- Up-to-date symlink: /home/ubuntu/ros2_ws/install/champ_base/share/champ_base/config/velocity_smoother/velocity_smoother.yaml
[1.500s] -- Up-to-date symlink: /home/ubuntu/ros2_ws/install/champ_base/lib/libquadruped_controller.so
[1.501s] -- Up-to-date symlink: /home/ubuntu/ros2_ws/install/champ_base/bin/quadruped_controller_node
[1.502s] -- Up-to-date symlink: /home/ubuntu/ros2_ws/install/champ_base/lib/libmessage_relay.so
[1.503s] -- Up-to-date symlink: /home/ubuntu/ros2_ws/install/champ_base/bin/message_relay_node
[1.504s] -- Up-to-date symlink: /home/ubuntu/ros2_ws/install/champ_base/lib/libstate_estimation.so
[1.505s] -- Up-to-date symlink: /home/ubuntu/ros2_ws/install/champ_base/bin/state_estimation_node
[1.507s] -- Up-to-date symlink: /home/ubuntu/ros2_ws/install/champ_base/lib/champ_base/quadruped_controller_node
[1.508s] -- Up-to-date symlink: /home/ubuntu/ros2_ws/install/champ_base/lib/champ_base/message_relay_node
[1.509s] -- Up-to-date symlink: /home/ubuntu/ros2_ws/install/champ_base/lib/champ_base/state_estimation_node
[1.512s] -- Up-to-date symlink: /home/ubuntu/ros2_ws/install/champ_base/share/ament_index/resource_index/package_run_dependencies/champ_base
[1.514s] -- Up-to-date symlink: /home/ubuntu/ros2_ws/install/champ_base/share/ament_index/resource_index/parent_prefix_path/champ_base
[1.515s] -- Up-to-date symlink: /home/ubuntu/ros2_ws/install/champ_base/share/champ_base/environment/ament_prefix_path.sh
[1.516s] -- Up-to-date symlink: /home/ubuntu/ros2_ws/install/champ_base/share/champ_base/environment/ament_prefix_path.dsv
[1.518s] -- Up-to-date symlink: /home/ubuntu/ros2_ws/install/champ_base/share/champ_base/environment/path.sh
[1.519s] -- Up-to-date symlink: /home/ubuntu/ros2_ws/install/champ_base/share/champ_base/environment/path.dsv
[1.521s] -- Up-to-date symlink: /home/ubuntu/ros2_ws/install/champ_base/share/champ_base/local_setup.bash
[1.522s] -- Up-to-date symlink: /home/ubuntu/ros2_ws/install/champ_base/share/champ_base/local_setup.sh
[1.524s] -- Up-to-date symlink: /home/ubuntu/ros2_ws/install/champ_base/share/champ_base/local_setup.zsh
[1.525s] -- Up-to-date symlink: /home/ubuntu/ros2_ws/install/champ_base/share/champ_base/local_setup.dsv
[1.525s] -- Symlinking: /home/ubuntu/ros2_ws/install/champ_base/share/champ_base/package.dsv
[1.559s] -- Up-to-date symlink: /home/ubuntu/ros2_ws/install/champ_base/share/ament_index/resource_index/packages/champ_base
[1.562s] -- Up-to-date symlink: /home/ubuntu/ros2_ws/install/champ_base/share/champ_base/cmake/ament_cmake_export_include_directories-extras.cmake
[1.563s] -- Up-to-date symlink: /home/ubuntu/ros2_ws/install/champ_base/share/champ_base/cmake/ament_cmake_export_dependencies-extras.cmake
[1.565s] -- Up-to-date symlink: /home/ubuntu/ros2_ws/install/champ_base/share/champ_base/cmake/champ_baseConfig.cmake
[1.566s] -- Up-to-date symlink: /home/ubuntu/ros2_ws/install/champ_base/share/champ_base/cmake/champ_baseConfig-version.cmake
[1.567s] -- Up-to-date symlink: /home/ubuntu/ros2_ws/install/champ_base/share/champ_base/package.xml
[1.575s] Invoked command in '/home/ubuntu/ros2_ws/build/champ_base' returned '0': AMENT_PREFIX_PATH=/home/ubuntu/ros2_ws/install/champ_msgs:/home/ubuntu/ros2_ws/install/champ:${AMENT_PREFIX_PATH} CMAKE_PREFIX_PATH=/home/ubuntu/ros2_ws/install/champ_msgs:/home/ubuntu/ros2_ws/install/champ:/opt/ros/humble LD_LIBRARY_PATH=/home/ubuntu/ros2_ws/install/champ_msgs/lib:${LD_LIBRARY_PATH} PYTHONPATH=/home/ubuntu/ros2_ws/install/champ_msgs/local/lib/python3.10/dist-packages:${PYTHONPATH} /usr/bin/cmake --install /home/ubuntu/ros2_ws/build/champ_base
