1716799016.4412868 [INFO] [launch]: All log files can be found below /home/ubuntu/.ros/log/2024-05-27-08-36-56-431720-minipupperv2-1600
1716799016.4428062 [INFO] [launch]: Default logging verbosity is set to INFO
1716799018.0366821 [INFO] [service-1]: process started with pid [1601]
1716799018.0400836 [INFO] [client-2]: process started with pid [1603]
1716799018.0445092 [INFO] [pose_controller-3]: process started with pid [1605]
1716799023.8031156 [client-2] [INFO] [1716799023.801915521] [dance_client]: Starting music...
1716799024.4471838 [service-1] [INFO] [1716799024.444227794] [dance_server]: Publishing: "move_forward"
1716799024.9695258 [client-2] [INFO] [1716799024.965626412] [dance_client]: Command Executed!
1716799024.9915583 [service-1] [INFO] [1716799024.990730989] [dance_server]: Publishing: "look_middle"
1716799025.5089786 [client-2] [INFO] [1716799025.506337588] [dance_client]: Command Executed!
1716799025.5312426 [service-1] [INFO] [1716799025.527298773] [dance_server]: Publishing: "look_down"
1716799026.0448701 [client-2] [INFO] [1716799026.042506923] [dance_client]: Command Executed!
1716799026.0679808 [service-1] [INFO] [1716799026.066303209] [dance_server]: Publishing: "look_up"
1716799026.5901718 [client-2] [INFO] [1716799026.588446297] [dance_client]: Command Executed!
1716799026.6069007 [service-1] [INFO] [1716799026.605100533] [dance_server]: Publishing: "move_backward"
1716799027.1175761 [client-2] [INFO] [1716799027.115996122] [dance_client]: Command Executed!
1716799027.1355486 [service-1] [INFO] [1716799027.133824777] [dance_server]: Publishing: "look_middle"
1716799027.6536069 [client-2] [INFO] [1716799027.652691852] [dance_client]: Command Executed!
1716799027.6701839 [service-1] [INFO] [1716799027.669236253] [dance_server]: Publishing: "look_left"
1716799028.1761723 [client-2] [INFO] [1716799028.175316870] [dance_client]: Command Executed!
1716799028.1895571 [service-1] [INFO] [1716799028.188573943] [dance_server]: Publishing: "look_right"
1716799028.6971304 [client-2] [INFO] [1716799028.696355003] [dance_client]: Command Executed!
1716799028.7199769 [service-1] [INFO] [1716799028.718118640] [dance_server]: Publishing: "move_left"
1716799029.2315164 [client-2] [INFO] [1716799029.230646153] [dance_client]: Command Executed!
1716799029.2480259 [service-1] [INFO] [1716799029.247060812] [dance_server]: Publishing: "look_middle"
1716799029.7592442 [client-2] [INFO] [1716799029.758400740] [dance_client]: Command Executed!
1716799029.7736318 [service-1] [INFO] [1716799029.772649174] [dance_server]: Publishing: "look_up"
1716799030.2862487 [client-2] [INFO] [1716799030.285321985] [dance_client]: Command Executed!
1716799030.3120692 [service-1] [INFO] [1716799030.310785269] [dance_server]: Publishing: "look_left"
1716799030.8182800 [client-2] [INFO] [1716799030.817384791] [dance_client]: Command Executed!
1716799030.8285773 [service-1] [INFO] [1716799030.827632709] [dance_server]: Publishing: "move_right"
1716799031.3353140 [client-2] [INFO] [1716799031.334517409] [dance_client]: Command Executed!
1716799031.3503513 [service-1] [INFO] [1716799031.348753003] [dance_server]: Publishing: "look_middle"
1716799031.8649206 [client-2] [INFO] [1716799031.864051770] [dance_client]: Command Executed!
1716799031.8764713 [service-1] [INFO] [1716799031.875577348] [dance_server]: Publishing: "look_down"
1716799032.3890464 [client-2] [INFO] [1716799032.388227351] [dance_client]: Command Executed!
1716799032.3964748 [service-1] [INFO] [1716799032.395678465] [dance_server]: Publishing: "look_right"
1716799032.9082940 [client-2] [INFO] [1716799032.907473495] [dance_client]: Command Executed!
1716799032.9185026 [service-1] [INFO] [1716799032.917597464] [dance_server]: Publishing: "look_up"
1716799033.4285686 [client-2] [INFO] [1716799033.427653178] [dance_client]: Command Executed!
1716799033.4390635 [service-1] [INFO] [1716799033.438172069] [dance_server]: Publishing: "look_left"
1716799033.9492168 [client-2] [INFO] [1716799033.948353437] [dance_client]: Command Executed!
1716799033.9639192 [service-1] [INFO] [1716799033.963034066] [dance_server]: Publishing: "look_down"
1716799034.4837458 [client-2] [INFO] [1716799034.482879521] [dance_client]: Command Executed!
1716799034.4996381 [service-1] [INFO] [1716799034.498738298] [dance_server]: Publishing: "look_right"
1716799035.0122681 [client-2] [INFO] [1716799035.011447840] [dance_client]: Command Executed!
1716799035.0265861 [service-1] [INFO] [1716799035.025700532] [dance_server]: Publishing: "look_down"
1716799035.5778735 [client-2] [INFO] [1716799035.576240677] [dance_client]: Command Executed!
1716799035.5960054 [service-1] [INFO] [1716799035.595054991] [dance_server]: Publishing: "look_left"
1716799036.1093414 [client-2] [INFO] [1716799036.108445312] [dance_client]: Command Executed!
1716799036.1281688 [service-1] [INFO] [1716799036.127260153] [dance_server]: Publishing: "look_up"
1716799036.6421611 [client-2] [INFO] [1716799036.641311964] [dance_client]: Command Executed!
1716799036.6559632 [service-1] [INFO] [1716799036.655156301] [dance_server]: Publishing: "look_right"
1716799037.1690550 [client-2] [INFO] [1716799037.168135584] [dance_client]: Command Executed!
1716799037.1805718 [service-1] [INFO] [1716799037.179619086] [dance_server]: Publishing: "look_middle"
1716799037.6936920 [client-2] [INFO] [1716799037.692808069] [dance_client]: Command Executed!
1716799037.7083733 [service-1] [INFO] [1716799037.707451154] [dance_server]: Publishing: "move_forward"
1716799038.2216773 [client-2] [INFO] [1716799038.220789046] [dance_client]: Command Executed!
1716799038.2324772 [service-1] [INFO] [1716799038.231528786] [dance_server]: Publishing: "look_middle"
1716799038.7427258 [client-2] [INFO] [1716799038.741329635] [dance_client]: Command Executed!
1716799038.7570879 [service-1] [INFO] [1716799038.756252399] [dance_server]: Publishing: "look_down"
1716799039.2692914 [client-2] [INFO] [1716799039.268408740] [dance_client]: Command Executed!
1716799039.2836959 [service-1] [INFO] [1716799039.282791627] [dance_server]: Publishing: "look_up"
1716799039.7944140 [client-2] [INFO] [1716799039.793462614] [dance_client]: Command Executed!
1716799039.8084433 [service-1] [INFO] [1716799039.807471228] [dance_server]: Publishing: "move_backward"
1716799040.3207710 [client-2] [INFO] [1716799040.319827731] [dance_client]: Command Executed!
1716799040.3310051 [service-1] [INFO] [1716799040.330048891] [dance_server]: Publishing: "look_middle"
1716799040.8425281 [client-2] [INFO] [1716799040.841591071] [dance_client]: Command Executed!
1716799040.8551228 [service-1] [INFO] [1716799040.854171723] [dance_server]: Publishing: "look_left"
1716799041.3690131 [client-2] [INFO] [1716799041.368091918] [dance_client]: Command Executed!
1716799041.3788788 [service-1] [INFO] [1716799041.377958566] [dance_server]: Publishing: "look_right"
1716799041.8916039 [client-2] [INFO] [1716799041.890813445] [dance_client]: Command Executed!
1716799041.9042752 [service-1] [INFO] [1716799041.903295373] [dance_server]: Publishing: "move_left"
1716799042.4182069 [client-2] [INFO] [1716799042.417278244] [dance_client]: Command Executed!
1716799042.4320228 [service-1] [INFO] [1716799042.429720922] [dance_server]: Publishing: "look_middle"
1716799042.9393694 [client-2] [INFO] [1716799042.938456221] [dance_client]: Command Executed!
1716799042.9604597 [service-1] [INFO] [1716799042.959498046] [dance_server]: Publishing: "look_up"
1716799043.4789045 [client-2] [INFO] [1716799043.478013779] [dance_client]: Command Executed!
1716799043.4949203 [service-1] [INFO] [1716799043.493443962] [dance_server]: Publishing: "look_left"
1716799044.0020251 [client-2] [INFO] [1716799044.000951724] [dance_client]: Command Executed!
1716799044.0179176 [service-1] [INFO] [1716799044.016880189] [dance_server]: Publishing: "move_right"
1716799044.5253410 [client-2] [INFO] [1716799044.524403495] [dance_client]: Command Executed!
1716799044.5394118 [service-1] [INFO] [1716799044.538408176] [dance_server]: Publishing: "look_middle"
1716799045.0481045 [client-2] [INFO] [1716799045.047250503] [dance_client]: Command Executed!
1716799045.0584705 [service-1] [INFO] [1716799045.057409191] [dance_server]: Publishing: "look_down"
1716799045.5644867 [client-2] [INFO] [1716799045.563629835] [dance_client]: Command Executed!
1716799045.5759413 [service-1] [INFO] [1716799045.574973373] [dance_server]: Publishing: "look_right"
1716799046.0848968 [client-2] [INFO] [1716799046.084020460] [dance_client]: Command Executed!
1716799046.0973756 [service-1] [INFO] [1716799046.096449883] [dance_server]: Publishing: "look_up"
1716799046.6093113 [client-2] [INFO] [1716799046.608361461] [dance_client]: Command Executed!
1716799046.6373460 [service-1] [INFO] [1716799046.636411916] [dance_server]: Publishing: "look_left"
1716799047.1515470 [client-2] [INFO] [1716799047.150655520] [dance_client]: Command Executed!
1716799047.1695254 [service-1] [INFO] [1716799047.168642077] [dance_server]: Publishing: "look_down"
1716799047.6865673 [client-2] [INFO] [1716799047.685659379] [dance_client]: Command Executed!
1716799047.7058632 [service-1] [INFO] [1716799047.704944719] [dance_server]: Publishing: "look_right"
1716799048.2216673 [client-2] [INFO] [1716799048.220698454] [dance_client]: Command Executed!
1716799048.2453635 [service-1] [INFO] [1716799048.244472773] [dance_server]: Publishing: "look_down"
1716799048.7601931 [client-2] [INFO] [1716799048.759232906] [dance_client]: Command Executed!
1716799048.7750649 [service-1] [INFO] [1716799048.774202061] [dance_server]: Publishing: "look_left"
1716799049.2884436 [client-2] [INFO] [1716799049.287575279] [dance_client]: Command Executed!
1716799049.3019249 [service-1] [INFO] [1716799049.301023606] [dance_server]: Publishing: "look_up"
1716799049.8139179 [client-2] [INFO] [1716799049.812963037] [dance_client]: Command Executed!
1716799049.8306522 [service-1] [INFO] [1716799049.829741944] [dance_server]: Publishing: "look_right"
1716799050.3408952 [client-2] [INFO] [1716799050.340053526] [dance_client]: Command Executed!
1716799050.3509309 [client-2] [INFO] [1716799050.350064639] [dance_client]: Stopping music...
1716799051.0125105 [INFO] [client-2]: process has finished cleanly [pid 1603]
