1717405892.9182076 [INFO] [launch]: All log files can be found below /home/ubuntu/.ros/log/2024-06-03-09-11-32-914689-minipupperv2-2434
1717405892.9189184 [INFO] [launch]: Default logging verbosity is set to INFO
1717405897.1112945 [INFO] [robot_state_publisher-1]: process started with pid [2438]
1717405897.1123068 [INFO] [quadruped_controller_node-2]: process started with pid [2440]
1717405897.1132288 [INFO] [state_estimation_node-3]: process started with pid [2442]
1717405897.1144257 [INFO] [ekf_node-4]: process started with pid [2444]
1717405897.1152864 [INFO] [ekf_node-5]: process started with pid [2446]
1717405897.1161082 [INFO] [servo_interface-6]: process started with pid [2448]
1717405897.1168880 [INFO] [ldlidar_stl_ros2_node-7]: process started with pid [2461]
1717405898.0724676 [robot_state_publisher-1] [INFO] [1717405898.054434026] [robot_state_publisher]: got segment base_inertia
1717405898.0797789 [robot_state_publisher-1] [INFO] [1717405898.056149343] [robot_state_publisher]: got segment base_link
1717405898.0822256 [robot_state_publisher-1] [INFO] [1717405898.056232157] [robot_state_publisher]: got segment imu_link
1717405898.0851333 [robot_state_publisher-1] [INFO] [1717405898.056469395] [robot_state_publisher]: got segment lb1
1717405898.0881944 [robot_state_publisher-1] [INFO] [1717405898.056609264] [robot_state_publisher]: got segment lb2
1717405898.0901582 [robot_state_publisher-1] [INFO] [1717405898.056649097] [robot_state_publisher]: got segment lb3
1717405898.0942950 [robot_state_publisher-1] [INFO] [1717405898.056682319] [robot_state_publisher]: got segment lbfoot
1717405898.0990427 [robot_state_publisher-1] [INFO] [1717405898.057640457] [robot_state_publisher]: got segment lf1
1717405898.1012096 [robot_state_publisher-1] [INFO] [1717405898.057898270] [robot_state_publisher]: got segment lf2
1717405898.1028292 [robot_state_publisher-1] [INFO] [1717405898.057949547] [robot_state_publisher]: got segment lf3
1717405898.1052673 [robot_state_publisher-1] [INFO] [1717405898.057984195] [robot_state_publisher]: got segment lffoot
1717405898.1075993 [robot_state_publisher-1] [INFO] [1717405898.058016250] [robot_state_publisher]: got segment lidar_link
1717405898.1096516 [robot_state_publisher-1] [INFO] [1717405898.058047583] [robot_state_publisher]: got segment lpb1
1717405898.1147764 [robot_state_publisher-1] [INFO] [1717405898.058076953] [robot_state_publisher]: got segment lpb2
1717405898.1168227 [robot_state_publisher-1] [INFO] [1717405898.058108249] [robot_state_publisher]: got segment lpf1
1717405898.1190228 [robot_state_publisher-1] [INFO] [1717405898.058217581] [robot_state_publisher]: got segment lpf2
1717405898.1210115 [robot_state_publisher-1] [INFO] [1717405898.058476227] [robot_state_publisher]: got segment rb1
1717405898.1229851 [robot_state_publisher-1] [INFO] [1717405898.058532597] [robot_state_publisher]: got segment rb2
1717405898.1254408 [robot_state_publisher-1] [INFO] [1717405898.058571596] [robot_state_publisher]: got segment rb3
1717405898.1278782 [robot_state_publisher-1] [INFO] [1717405898.058602114] [robot_state_publisher]: got segment rbfoot
1717405898.1300504 [robot_state_publisher-1] [INFO] [1717405898.058633540] [robot_state_publisher]: got segment rf1
1717405898.1325617 [robot_state_publisher-1] [INFO] [1717405898.058662595] [robot_state_publisher]: got segment rf2
1717405898.1348600 [robot_state_publisher-1] [INFO] [1717405898.058692354] [robot_state_publisher]: got segment rf3
1717405898.1368628 [robot_state_publisher-1] [INFO] [1717405898.058721854] [robot_state_publisher]: got segment rffoot
1717405898.1395330 [robot_state_publisher-1] [INFO] [1717405898.058752817] [robot_state_publisher]: got segment rpb1
1717405898.1426220 [robot_state_publisher-1] [INFO] [1717405898.058932463] [robot_state_publisher]: got segment rpb2
1717405898.1482704 [robot_state_publisher-1] [INFO] [1717405898.059127276] [robot_state_publisher]: got segment rpf1
1717405898.1593413 [robot_state_publisher-1] [INFO] [1717405898.059168757] [robot_state_publisher]: got segment rpf2
1717405898.1641309 [robot_state_publisher-1] [INFO] [1717405898.059201405] [robot_state_publisher]: got segment yellow_plate
