1717410375.8102624 [INFO] [launch]: All log files can be found below /home/ubuntu/.ros/log/2024-06-03-10-26-15-807087-minipupperv2-1973
1717410375.8108647 [INFO] [launch]: Default logging verbosity is set to INFO
1717410379.7378116 [INFO] [robot_state_publisher-1]: process started with pid [1977]
1717410379.7396088 [INFO] [quadruped_controller_node-2]: process started with pid [1979]
1717410379.7413919 [INFO] [state_estimation_node-3]: process started with pid [1981]
1717410379.7448781 [INFO] [ekf_node-4]: process started with pid [1983]
1717410379.7486506 [INFO] [ekf_node-5]: process started with pid [1985]
1717410379.7540526 [INFO] [servo_interface-6]: process started with pid [1995]
1717410379.7573740 [INFO] [ldlidar_stl_ros2_node-7]: process started with pid [2005]
1717410380.0317521 [robot_state_publisher-1] [INFO] [1717410380.030690126] [robot_state_publisher]: got segment base_inertia
1717410380.0350389 [robot_state_publisher-1] [INFO] [1717410380.033313770] [robot_state_publisher]: got segment base_link
1717410380.0357203 [robot_state_publisher-1] [INFO] [1717410380.033503079] [robot_state_publisher]: got segment imu_link
1717410380.0382240 [robot_state_publisher-1] [INFO] [1717410380.034576641] [robot_state_publisher]: got segment lb1
1717410380.0397043 [robot_state_publisher-1] [INFO] [1717410380.034640077] [robot_state_publisher]: got segment lb2
1717410380.0403695 [robot_state_publisher-1] [INFO] [1717410380.034677062] [robot_state_publisher]: got segment lb3
1717410380.0410178 [robot_state_publisher-1] [INFO] [1717410380.034709751] [robot_state_publisher]: got segment lbfoot
1717410380.0427735 [robot_state_publisher-1] [INFO] [1717410380.035727763] [robot_state_publisher]: got segment lf1
1717410380.0433226 [robot_state_publisher-1] [INFO] [1717410380.035857486] [robot_state_publisher]: got segment lf2
1717410380.0455632 [robot_state_publisher-1] [INFO] [1717410380.035903429] [robot_state_publisher]: got segment lf3
1717410380.0533347 [robot_state_publisher-1] [INFO] [1717410380.037098644] [robot_state_publisher]: got segment lffoot
1717410380.0546861 [robot_state_publisher-1] [INFO] [1717410380.037158470] [robot_state_publisher]: got segment lidar_link
1717410380.0560343 [robot_state_publisher-1] [INFO] [1717410380.037192511] [robot_state_publisher]: got segment lpb1
1717410380.0573697 [robot_state_publisher-1] [INFO] [1717410380.037224405] [robot_state_publisher]: got segment lpb2
1717410380.0590460 [robot_state_publisher-1] [INFO] [1717410380.037259557] [robot_state_publisher]: got segment lpf1
1717410380.0634882 [robot_state_publisher-1] [INFO] [1717410380.038277458] [robot_state_publisher]: got segment lpf2
1717410380.0652254 [robot_state_publisher-1] [INFO] [1717410380.038372862] [robot_state_publisher]: got segment rb1
1717410380.0667381 [robot_state_publisher-1] [INFO] [1717410380.038414270] [robot_state_publisher]: got segment rb2
1717410380.0684755 [robot_state_publisher-1] [INFO] [1717410380.038445405] [robot_state_publisher]: got segment rb3
1717410380.0697432 [robot_state_publisher-1] [INFO] [1717410380.038475522] [robot_state_publisher]: got segment rbfoot
1717410380.0710063 [robot_state_publisher-1] [INFO] [1717410380.038505305] [robot_state_publisher]: got segment rf1
1717410380.0724807 [robot_state_publisher-1] [INFO] [1717410380.038534830] [robot_state_publisher]: got segment rf2
1717410380.0736885 [robot_state_publisher-1] [INFO] [1717410380.038770674] [robot_state_publisher]: got segment rf3
1717410380.0749855 [robot_state_publisher-1] [INFO] [1717410380.039559672] [robot_state_publisher]: got segment rffoot
1717410380.0785966 [robot_state_publisher-1] [INFO] [1717410380.039634603] [robot_state_publisher]: got segment rpb1
1717410380.0795679 [robot_state_publisher-1] [INFO] [1717410380.039675012] [robot_state_publisher]: got segment rpb2
1717410380.0804739 [robot_state_publisher-1] [INFO] [1717410380.039707868] [robot_state_publisher]: got segment rpf1
1717410380.0816741 [robot_state_publisher-1] [INFO] [1717410380.039737448] [robot_state_publisher]: got segment rpf2
1717410380.0835814 [robot_state_publisher-1] [INFO] [1717410380.039766788] [robot_state_publisher]: got segment yellow_plate
1717410391.1870162 [WARNING] [launch]: user interrupted with ctrl-c (SIGINT)
1717410391.2921994 [robot_state_publisher-1] [INFO] [1717410391.189743860] [rclcpp]: signal_handler(signum=2)
1717410391.5434222 [INFO] [state_estimation_node-3]: process has finished cleanly [pid 1981]
1717410391.5610764 [ERROR] [servo_interface-6]: process has died [pid 1995, exit code -2, cmd '/home/ubuntu/ros2_ws/install/mini_pupper_driver/lib/mini_pupper_driver/servo_interface --ros-args -r __node:=servo_interface'].
1717410391.5684659 [INFO] [quadruped_controller_node-2]: process has finished cleanly [pid 1979]
1717410391.5708716 [INFO] [ldlidar_stl_ros2_node-7]: process has finished cleanly [pid 2005]
1717410391.5910895 [INFO] [ekf_node-5]: process has finished cleanly [pid 1985]
1717410391.6158440 [INFO] [ekf_node-4]: process has finished cleanly [pid 1983]
1717410391.6238742 [INFO] [robot_state_publisher-1]: process has finished cleanly [pid 1977]
