1733520498.4770107 [INFO] [launch]: All log files can be found below /home/ubuntu/.ros/log/2024-12-06-21-28-18-473532-minipupperv2-10625
1733520498.4777033 [INFO] [launch]: Default logging verbosity is set to INFO
1733520503.9975424 [INFO] [robot_state_publisher-1]: process started with pid [10633]
1733520503.9985366 [INFO] [quadruped_controller_node-2]: process started with pid [10635]
1733520503.9993889 [INFO] [state_estimation_node-3]: process started with pid [10637]
1733520504.0002167 [INFO] [ekf_node-4]: process started with pid [10639]
1733520504.0011744 [INFO] [ekf_node-5]: process started with pid [10641]
1733520504.0020885 [INFO] [servo_interface-6]: process started with pid [10654]
1733520504.0030251 [INFO] [ldlidar_stl_ros2_node-7]: process started with pid [10666]
1733520504.0039713 [INFO] [imu_interface-8]: process started with pid [10671]
1733520504.4942300 [robot_state_publisher-1] [INFO] [1733520504.493198158] [robot_state_publisher]: got segment Board_PCB
1733520504.5053065 [robot_state_publisher-1] [INFO] [1733520504.504148552] [robot_state_publisher]: got segment Board_connectors_1
1733520504.5204914 [robot_state_publisher-1] [INFO] [1733520504.517983798] [robot_state_publisher]: got segment Board_connectors_2
1733520504.5297716 [robot_state_publisher-1] [INFO] [1733520504.527599895] [robot_state_publisher]: got segment Body_front
1733520504.5307839 [robot_state_publisher-1] [INFO] [1733520504.527668061] [robot_state_publisher]: got segment Shell_Side
1733520504.5313556 [robot_state_publisher-1] [INFO] [1733520504.527704153] [robot_state_publisher]: got segment base_inertia
1733520504.5319347 [robot_state_publisher-1] [INFO] [1733520504.527736615] [robot_state_publisher]: got segment base_link
1733520504.5545211 [robot_state_publisher-1] [INFO] [1733520504.532968473] [robot_state_publisher]: got segment imu_link
1733520504.5667930 [robot_state_publisher-1] [INFO] [1733520504.534381140] [robot_state_publisher]: got segment lb1
1733520504.5725901 [robot_state_publisher-1] [INFO] [1733520504.535923935] [robot_state_publisher]: got segment lb2
1733520504.5851831 [robot_state_publisher-1] [INFO] [1733520504.538077721] [robot_state_publisher]: got segment lb3
1733520504.5990477 [robot_state_publisher-1] [INFO] [1733520504.540065047] [robot_state_publisher]: got segment lbfoot
1733520504.6087515 [robot_state_publisher-1] [INFO] [1733520504.540204008] [robot_state_publisher]: got segment lf1
1733520504.6183279 [robot_state_publisher-1] [INFO] [1733520504.540276082] [robot_state_publisher]: got segment lf2
1733520504.6298735 [robot_state_publisher-1] [INFO] [1733520504.540319914] [robot_state_publisher]: got segment lf3
1733520504.6370866 [robot_state_publisher-1] [INFO] [1733520504.540351025] [robot_state_publisher]: got segment lffoot
1733520504.6578407 [robot_state_publisher-1] [INFO] [1733520504.540381339] [robot_state_publisher]: got segment lidar_link
1733520504.6650510 [robot_state_publisher-1] [INFO] [1733520504.544213789] [robot_state_publisher]: got segment lpb1
1733520504.6787133 [robot_state_publisher-1] [INFO] [1733520504.544348584] [robot_state_publisher]: got segment lpb2
1733520504.6864212 [robot_state_publisher-1] [INFO] [1733520504.544388065] [robot_state_publisher]: got segment lpf1
1733520504.6907892 [robot_state_publisher-1] [INFO] [1733520504.544421379] [robot_state_publisher]: got segment lpf2
1733520504.6951103 [robot_state_publisher-1] [INFO] [1733520504.544453490] [robot_state_publisher]: got segment rb1
1733520504.6976907 [robot_state_publisher-1] [INFO] [1733520504.544483008] [robot_state_publisher]: got segment rb2
1733520504.6994910 [robot_state_publisher-1] [INFO] [1733520504.544513786] [robot_state_publisher]: got segment rb3
1733520504.7009273 [robot_state_publisher-1] [INFO] [1733520504.544544544] [robot_state_publisher]: got segment rbfoot
1733520504.7020476 [robot_state_publisher-1] [INFO] [1733520504.544575748] [robot_state_publisher]: got segment rf1
1733520504.7033432 [robot_state_publisher-1] [INFO] [1733520504.544605433] [robot_state_publisher]: got segment rf2
1733520504.7050567 [robot_state_publisher-1] [INFO] [1733520504.544635451] [robot_state_publisher]: got segment rf3
1733520504.7058201 [robot_state_publisher-1] [INFO] [1733520504.544664450] [robot_state_publisher]: got segment rffoot
1733520504.7065752 [robot_state_publisher-1] [INFO] [1733520504.544694820] [robot_state_publisher]: got segment rpb1
1733520504.7081380 [robot_state_publisher-1] [INFO] [1733520504.544726727] [robot_state_publisher]: got segment rpb2
1733520504.7090394 [robot_state_publisher-1] [INFO] [1733520504.544755412] [robot_state_publisher]: got segment rpf1
1733520504.7103124 [robot_state_publisher-1] [INFO] [1733520504.544784689] [robot_state_publisher]: got segment rpf2
1733520508.2070878 [ERROR] [ldlidar_stl_ros2_node-7]: process has died [pid 10666, exit code 1, cmd '/home/ubuntu/ros2_ws/install/ldlidar_stl_ros2/lib/ldlidar_stl_ros2/ldlidar_stl_ros2_node --ros-args -r __node:=LD06 --params-file /tmp/launch_params_p5cemly2 --params-file /tmp/launch_params_2vyyxvi_ --params-file /tmp/launch_params_bnq_u_f4 --params-file /tmp/launch_params_dlz56cta --params-file /tmp/launch_params_kg73hxhk --params-file /tmp/launch_params_flurvzck --params-file /tmp/launch_params_195vf85s --params-file /tmp/launch_params_x_i_e2ez --params-file /tmp/launch_params_den41ghs'].
1733520580.1488123 [WARNING] [launch]: user interrupted with ctrl-c (SIGINT)
1733520580.3142080 [robot_state_publisher-1] [INFO] [1733520580.146156721] [rclcpp]: signal_handler(signum=2)
1733520580.4463608 [INFO] [robot_state_publisher-1]: process has finished cleanly [pid 10633]
1733520580.4525604 [INFO] [quadruped_controller_node-2]: process has finished cleanly [pid 10635]
1733520580.4568231 [INFO] [state_estimation_node-3]: process has finished cleanly [pid 10637]
1733520580.5508821 [INFO] [ekf_node-5]: process has finished cleanly [pid 10641]
1733520580.5583076 [INFO] [ekf_node-4]: process has finished cleanly [pid 10639]
1733520580.6779144 [ERROR] [imu_interface-8]: process has died [pid 10671, exit code -2, cmd '/home/ubuntu/ros2_ws/install/mini_pupper_driver/lib/mini_pupper_driver/imu_interface --ros-args -r __node:=imu_interface -r __ns:=/'].
1733520580.8836918 [ERROR] [servo_interface-6]: process has died [pid 10654, exit code 1, cmd '/home/ubuntu/ros2_ws/install/mini_pupper_driver/lib/mini_pupper_driver/servo_interface --ros-args -r __node:=servo_interface'].
