1733787826.1134987 [INFO] [launch]: All log files can be found below /home/ubuntu/.ros/log/2024-12-09-23-43-46-110065-minipupperv2-4449
1733787826.1142645 [INFO] [launch]: Default logging verbosity is set to INFO
1733787831.5647576 [INFO] [robot_state_publisher-1]: process started with pid [4453]
1733787831.5663311 [INFO] [quadruped_controller_node-2]: process started with pid [4455]
1733787831.5675018 [INFO] [state_estimation_node-3]: process started with pid [4457]
1733787831.5685477 [INFO] [ekf_node-4]: process started with pid [4459]
1733787831.5705819 [INFO] [ekf_node-5]: process started with pid [4461]
1733787831.5786035 [INFO] [servo_interface-6]: process started with pid [4463]
1733787831.5801687 [INFO] [ldlidar_stl_ros2_node-7]: process started with pid [4466]
1733787831.5816338 [INFO] [imu_interface-8]: process started with pid [4477]
1733787831.8481491 [robot_state_publisher-1] [INFO] [1733787831.846950053] [robot_state_publisher]: got segment Board_PCB
1733787831.8588610 [robot_state_publisher-1] [INFO] [1733787831.857904895] [robot_state_publisher]: got segment Board_connectors_1
1733787831.8630660 [robot_state_publisher-1] [INFO] [1733787831.862167763] [robot_state_publisher]: got segment Board_connectors_2
1733787831.8691773 [robot_state_publisher-1] [INFO] [1733787831.866759035] [robot_state_publisher]: got segment Body_front
1733787831.8704062 [robot_state_publisher-1] [INFO] [1733787831.866842849] [robot_state_publisher]: got segment Shell_Side
1733787831.8713329 [robot_state_publisher-1] [INFO] [1733787831.866876385] [robot_state_publisher]: got segment base_inertia
1733787831.8731191 [robot_state_publisher-1] [INFO] [1733787831.866907996] [robot_state_publisher]: got segment base_link
1733787831.8741229 [robot_state_publisher-1] [INFO] [1733787831.866938144] [robot_state_publisher]: got segment imu_link
1733787831.8782747 [robot_state_publisher-1] [INFO] [1733787831.866967199] [robot_state_publisher]: got segment lb1
1733787831.8816080 [robot_state_publisher-1] [INFO] [1733787831.866995921] [robot_state_publisher]: got segment lb2
1733787831.8925757 [robot_state_publisher-1] [INFO] [1733787831.867024958] [robot_state_publisher]: got segment lb3
1733787831.8931403 [robot_state_publisher-1] [INFO] [1733787831.867054458] [robot_state_publisher]: got segment lbfoot
1733787831.8936124 [robot_state_publisher-1] [INFO] [1733787831.867084420] [robot_state_publisher]: got segment lf1
1733787831.8941169 [robot_state_publisher-1] [INFO] [1733787831.867113550] [robot_state_publisher]: got segment lf2
1733787831.8946469 [robot_state_publisher-1] [INFO] [1733787831.867143105] [robot_state_publisher]: got segment lf3
1733787831.8951237 [robot_state_publisher-1] [INFO] [1733787831.867171012] [robot_state_publisher]: got segment lffoot
1733787831.8955724 [robot_state_publisher-1] [INFO] [1733787831.867199549] [robot_state_publisher]: got segment lidar_link
1733787831.8960547 [robot_state_publisher-1] [INFO] [1733787831.867228512] [robot_state_publisher]: got segment lpb1
1733787831.9012687 [robot_state_publisher-1] [INFO] [1733787831.867257715] [robot_state_publisher]: got segment lpb2
1733787831.9018195 [robot_state_publisher-1] [INFO] [1733787831.867286085] [robot_state_publisher]: got segment lpf1
1733787831.9023762 [robot_state_publisher-1] [INFO] [1733787831.867314381] [robot_state_publisher]: got segment lpf2
1733787831.9028761 [robot_state_publisher-1] [INFO] [1733787831.867342640] [robot_state_publisher]: got segment rb1
1733787831.9053395 [robot_state_publisher-1] [INFO] [1733787831.867372399] [robot_state_publisher]: got segment rb2
1733787831.9059544 [robot_state_publisher-1] [INFO] [1733787831.867401047] [robot_state_publisher]: got segment rb3
1733787831.9083300 [robot_state_publisher-1] [INFO] [1733787831.867429065] [robot_state_publisher]: got segment rbfoot
1733787831.9099500 [robot_state_publisher-1] [INFO] [1733787831.867458936] [robot_state_publisher]: got segment rf1
1733787831.9116485 [robot_state_publisher-1] [INFO] [1733787831.867488102] [robot_state_publisher]: got segment rf2
1733787831.9148436 [robot_state_publisher-1] [INFO] [1733787831.867516009] [robot_state_publisher]: got segment rf3
1733787831.9176080 [robot_state_publisher-1] [INFO] [1733787831.867543916] [robot_state_publisher]: got segment rffoot
1733787831.9188638 [robot_state_publisher-1] [INFO] [1733787831.867573046] [robot_state_publisher]: got segment rpb1
1733787831.9199779 [robot_state_publisher-1] [INFO] [1733787831.867602249] [robot_state_publisher]: got segment rpb2
1733787831.9212613 [robot_state_publisher-1] [INFO] [1733787831.867630027] [robot_state_publisher]: got segment rpf1
1733787831.9233730 [robot_state_publisher-1] [INFO] [1733787831.867657841] [robot_state_publisher]: got segment rpf2
1733787834.9201617 [ERROR] [ldlidar_stl_ros2_node-7]: process has died [pid 4466, exit code 1, cmd '/home/ubuntu/ros2_ws/install/ldlidar_stl_ros2/lib/ldlidar_stl_ros2/ldlidar_stl_ros2_node --ros-args -r __node:=LD06 --params-file /tmp/launch_params_iuv4gn5c --params-file /tmp/launch_params_lkjmxx8f --params-file /tmp/launch_params_s0_eyham --params-file /tmp/launch_params_m4xik6l6 --params-file /tmp/launch_params_ib8qivj9 --params-file /tmp/launch_params_acpwkhea --params-file /tmp/launch_params_c1l_20dd --params-file /tmp/launch_params_bsruuo96 --params-file /tmp/launch_params_exj2roxe'].
1733787840.7422998 [WARNING] [launch]: user interrupted with ctrl-c (SIGINT)
1733787840.9875538 [robot_state_publisher-1] [INFO] [1733787840.740549904] [rclcpp]: signal_handler(signum=2)
1733787840.9917645 [INFO] [quadruped_controller_node-2]: process has finished cleanly [pid 4455]
1733787841.2373540 [ERROR] [imu_interface-8]: process has died [pid 4477, exit code -2, cmd '/home/ubuntu/ros2_ws/install/mini_pupper_driver/lib/mini_pupper_driver/imu_interface --ros-args -r __node:=imu_interface -r __ns:=/'].
1733787841.2704887 [INFO] [robot_state_publisher-1]: process has finished cleanly [pid 4453]
1733787841.2713337 [ERROR] [servo_interface-6]: process has died [pid 4463, exit code -2, cmd '/home/ubuntu/ros2_ws/install/mini_pupper_driver/lib/mini_pupper_driver/servo_interface --ros-args -r __node:=servo_interface'].
1733787841.2845232 [INFO] [state_estimation_node-3]: process has finished cleanly [pid 4457]
1733787841.2851958 [INFO] [ekf_node-4]: process has finished cleanly [pid 4459]
1733787841.3625860 [INFO] [ekf_node-5]: process has finished cleanly [pid 4461]
