1717409655.1517985 [INFO] [launch]: All log files can be found below /home/ubuntu/.ros/log/2024-06-03-10-14-15-148611-minipupperv2-1780
1717409655.1524355 [INFO] [launch]: Default logging verbosity is set to INFO
1717409659.1517792 [INFO] [robot_state_publisher-1]: process started with pid [1784]
1717409659.1534467 [INFO] [quadruped_controller_node-2]: process started with pid [1786]
1717409659.1547613 [INFO] [state_estimation_node-3]: process started with pid [1788]
1717409659.1559086 [INFO] [ekf_node-4]: process started with pid [1790]
1717409659.1572471 [INFO] [ekf_node-5]: process started with pid [1792]
1717409659.1585181 [INFO] [servo_interface-6]: process started with pid [1795]
1717409659.1596787 [INFO] [ldlidar_stl_ros2_node-7]: process started with pid [1803]
1717409659.5696232 [robot_state_publisher-1] [INFO] [1717409659.567629087] [robot_state_publisher]: got segment base_inertia
1717409659.5715830 [robot_state_publisher-1] [INFO] [1717409659.568932397] [robot_state_publisher]: got segment base_link
1717409659.5757508 [robot_state_publisher-1] [INFO] [1717409659.573314886] [robot_state_publisher]: got segment imu_link
1717409659.5927901 [robot_state_publisher-1] [INFO] [1717409659.574188303] [robot_state_publisher]: got segment lb1
1717409659.5957220 [robot_state_publisher-1] [INFO] [1717409659.574256764] [robot_state_publisher]: got segment lb2
1717409659.6180744 [robot_state_publisher-1] [INFO] [1717409659.574290818] [robot_state_publisher]: got segment lb3
1717409659.6311910 [robot_state_publisher-1] [INFO] [1717409659.574322150] [robot_state_publisher]: got segment lbfoot
1717409659.6371028 [robot_state_publisher-1] [INFO] [1717409659.574354427] [robot_state_publisher]: got segment lf1
1717409659.6459544 [robot_state_publisher-1] [INFO] [1717409659.574385278] [robot_state_publisher]: got segment lf2
1717409659.6666627 [robot_state_publisher-1] [INFO] [1717409659.574415018] [robot_state_publisher]: got segment lf3
1717409659.6714079 [robot_state_publisher-1] [INFO] [1717409659.575608350] [robot_state_publisher]: got segment lffoot
1717409659.6721623 [robot_state_publisher-1] [INFO] [1717409659.575666552] [robot_state_publisher]: got segment lidar_link
1717409659.6733229 [robot_state_publisher-1] [INFO] [1717409659.575702699] [robot_state_publisher]: got segment lpb1
1717409659.6739287 [robot_state_publisher-1] [INFO] [1717409659.575734105] [robot_state_publisher]: got segment lpb2
1717409659.6744485 [robot_state_publisher-1] [INFO] [1717409659.575764308] [robot_state_publisher]: got segment lpf1
1717409659.6749501 [robot_state_publisher-1] [INFO] [1717409659.575794752] [robot_state_publisher]: got segment lpf2
1717409659.6992345 [robot_state_publisher-1] [INFO] [1717409659.575825621] [robot_state_publisher]: got segment rb1
1717409659.7044446 [robot_state_publisher-1] [INFO] [1717409659.575856861] [robot_state_publisher]: got segment rb2
1717409659.7084846 [robot_state_publisher-1] [INFO] [1717409659.576284180] [robot_state_publisher]: got segment rb3
1717409659.7113993 [robot_state_publisher-1] [INFO] [1717409659.576327327] [robot_state_publisher]: got segment rbfoot
1717409659.7121396 [robot_state_publisher-1] [INFO] [1717409659.576358363] [robot_state_publisher]: got segment rf1
1717409659.7200515 [robot_state_publisher-1] [INFO] [1717409659.576388270] [robot_state_publisher]: got segment rf2
1717409659.7219908 [robot_state_publisher-1] [INFO] [1717409659.576417232] [robot_state_publisher]: got segment rf3
1717409659.7226732 [robot_state_publisher-1] [INFO] [1717409659.576446712] [robot_state_publisher]: got segment rffoot
1717409659.7231529 [robot_state_publisher-1] [INFO] [1717409659.577598898] [robot_state_publisher]: got segment rpb1
1717409659.7266965 [robot_state_publisher-1] [INFO] [1717409659.577644952] [robot_state_publisher]: got segment rpb2
1717409659.7273014 [robot_state_publisher-1] [INFO] [1717409659.577677784] [robot_state_publisher]: got segment rpf1
1717409659.7324331 [robot_state_publisher-1] [INFO] [1717409659.578759879] [robot_state_publisher]: got segment rpf2
1717409659.7346931 [robot_state_publisher-1] [INFO] [1717409659.578826618] [robot_state_publisher]: got segment yellow_plate
1717409681.6845741 [WARNING] [launch]: user interrupted with ctrl-c (SIGINT)
1717409681.7611325 [robot_state_publisher-1] [INFO] [1717409681.683016663] [rclcpp]: signal_handler(signum=2)
1717409682.0636327 [INFO] [robot_state_publisher-1]: process has finished cleanly [pid 1784]
1717409682.1029584 [ERROR] [servo_interface-6]: process has died [pid 1795, exit code -2, cmd '/home/ubuntu/ros2_ws/install/mini_pupper_driver/lib/mini_pupper_driver/servo_interface --ros-args -r __node:=servo_interface'].
1717409682.1178501 [INFO] [quadruped_controller_node-2]: process has finished cleanly [pid 1786]
1717409682.1430132 [INFO] [ldlidar_stl_ros2_node-7]: process has finished cleanly [pid 1803]
1717409682.1519434 [INFO] [state_estimation_node-3]: process has finished cleanly [pid 1788]
1717409682.1597233 [INFO] [ekf_node-4]: process has finished cleanly [pid 1790]
1717409682.2076013 [INFO] [ekf_node-5]: process has finished cleanly [pid 1792]
