2024-10-31 22:00:05.522 [info] [main] Log level: Info
2024-10-31 22:00:05.522 [info] [main] Validating found git in: "git"
2024-10-31 22:00:05.522 [info] [main] Using git "2.34.1" from "git"
2024-10-31 22:00:05.522 [info] [Model][doInitialScan] Initial repository scan started
2024-10-31 22:00:05.522 [info] > git rev-parse --show-toplevel [57ms]
2024-10-31 22:00:05.522 [info] fatal: not a git repository (or any of the parent directories): .git
2024-10-31 22:00:05.627 [info] > git rev-parse --show-toplevel [17ms]
2024-10-31 22:00:05.627 [info] fatal: not a git repository (or any of the parent directories): .git
2024-10-31 22:00:05.653 [info] > git rev-parse --show-toplevel [7ms]
2024-10-31 22:00:05.653 [info] fatal: not a git repository (or any of the parent directories): .git
2024-10-31 22:00:05.705 [info] > git rev-parse --show-toplevel [34ms]
2024-10-31 22:00:05.705 [info] fatal: not a git repository (or any of the parent directories): .git
2024-10-31 22:00:05.738 [info] > git rev-parse --show-toplevel [8ms]
2024-10-31 22:00:05.738 [info] fatal: not a git repository (or any of the parent directories): .git
2024-10-31 22:00:05.764 [info] > git rev-parse --show-toplevel [6ms]
2024-10-31 22:00:05.764 [info] fatal: not a git repository (or any of the parent directories): .git
2024-10-31 22:00:05.832 [info] > git rev-parse --show-toplevel [45ms]
2024-10-31 22:00:05.860 [info] > git rev-parse --git-dir --git-common-dir [9ms]
2024-10-31 22:00:05.961 [info] [Model][openRepository] Opened repository: /home/ubuntu/PS4Joystick
2024-10-31 22:00:06.204 [info] > git config --get commit.template [206ms]
2024-10-31 22:00:06.222 [info] > git rev-parse --show-toplevel [202ms]
2024-10-31 22:00:06.333 [info] > git for-each-ref --format=%(refname)%00%(upstream:short)%00%(objectname)%00%(upstream:track)%00%(upstream:remotename)%00%(upstream:remoteref) refs/heads/master refs/remotes/master [88ms]
2024-10-31 22:00:06.359 [warning] [Git][revParse] Unable to read file: ENOENT: no such file or directory, open '/home/ubuntu/PS4Joystick/.git/refs/remotes/origin/master'
2024-10-31 22:00:06.364 [info] > git rev-parse --git-dir --git-common-dir [97ms]
2024-10-31 22:00:06.456 [info] [Model][openRepository] Opened repository: /home/ubuntu/PupperCommand
2024-10-31 22:00:06.579 [info] > git rev-parse refs/remotes/origin/master [221ms]
2024-10-31 22:00:06.637 [info] > git config --get commit.template [120ms]
2024-10-31 22:00:06.663 [info] > git rev-parse --show-toplevel [123ms]
2024-10-31 22:00:06.665 [info] > git for-each-ref --sort -committerdate --format %(refname) %(objectname) %(*objectname) [42ms]
2024-10-31 22:00:06.696 [info] > git for-each-ref --format=%(refname)%00%(upstream:short)%00%(objectname)%00%(upstream:track)%00%(upstream:remotename)%00%(upstream:remoteref) refs/heads/master refs/remotes/master [40ms]
2024-10-31 22:00:06.700 [info] > git rev-parse --git-dir --git-common-dir [13ms]
2024-10-31 22:00:06.747 [info] [Model][openRepository] Opened repository: /home/ubuntu/StanfordQuadruped
2024-10-31 22:00:06.772 [warning] [Git][revParse] Unable to read file: ENOENT: no such file or directory, open '/home/ubuntu/PupperCommand/.git/refs/remotes/origin/master'
2024-10-31 22:00:06.895 [info] > git status -z -uall [294ms]
2024-10-31 22:00:07.293 [info] > git for-each-ref --format=%(refname)%00%(upstream:short)%00%(objectname)%00%(upstream:track)%00%(upstream:remotename)%00%(upstream:remoteref) refs/heads/master refs/remotes/master [263ms]
2024-10-31 22:00:07.378 [info] > git rev-parse --show-toplevel [519ms]
2024-10-31 22:00:07.379 [info] > git config --get commit.template [574ms]
2024-10-31 22:00:07.381 [info] > git rev-parse refs/remotes/origin/master [609ms]
2024-10-31 22:00:07.557 [info] > git status -z -uall [154ms]
2024-10-31 22:00:07.558 [info] > git check-ignore -v -z --stdin [112ms]
2024-10-31 22:00:07.561 [info] > git check-ignore -v -z --stdin [84ms]
2024-10-31 22:00:07.565 [info] > git check-ignore -v -z --stdin [59ms]
2024-10-31 22:00:07.571 [info] > git for-each-ref --sort -committerdate --format %(refname) %(objectname) %(*objectname) [149ms]
2024-10-31 22:00:07.693 [info] > git config --local branch.master.vscode-merge-base [316ms]
2024-10-31 22:00:07.730 [info] > git config --get commit.template [509ms]
2024-10-31 22:00:08.444 [info] > git for-each-ref --format=%(refname)%00%(upstream:short)%00%(objectname)%00%(upstream:track)%00%(upstream:remotename)%00%(upstream:remoteref) refs/heads/master refs/remotes/master [804ms]
2024-10-31 22:00:08.475 [info] > git rev-parse --git-dir --git-common-dir [946ms]
2024-10-31 22:00:08.522 [info] [Model][openRepository] Opened repository: /home/ubuntu/UDPComms
2024-10-31 22:00:08.620 [info] > git config --local branch.master.vscode-merge-base [146ms]
2024-10-31 22:00:08.640 [info] > git config --get commit.template [824ms]
2024-10-31 22:00:08.641 [info] > git for-each-ref --format=%(refname)%00%(upstream:short)%00%(objectname)%00%(upstream:track)%00%(upstream:remotename)%00%(upstream:remoteref) refs/heads/mini_pupper refs/remotes/mini_pupper [869ms]
2024-10-31 22:00:08.643 [info] > git fetch [1897ms]
2024-10-31 22:00:08.645 [info] > git fetch [2687ms]
2024-10-31 22:00:08.649 [info] > git fetch [2197ms]
2024-10-31 22:00:08.653 [info] > git for-each-ref --format=%(refname)%00%(upstream:short)%00%(objectname)%00%(upstream:track)%00%(upstream:remotename)%00%(upstream:remoteref) refs/heads/origin/master refs/remotes/origin/master [926ms]
2024-10-31 22:00:09.133 [info] > git merge-base refs/heads/master refs/remotes/origin/master [448ms]
2024-10-31 22:00:09.159 [info] > git for-each-ref --format=%(refname)%00%(upstream:short)%00%(objectname)%00%(upstream:track)%00%(upstream:remotename)%00%(upstream:remoteref) refs/heads/origin/master refs/remotes/origin/master [519ms]
2024-10-31 22:00:09.187 [info] > git rev-parse --show-toplevel [593ms]
2024-10-31 22:00:09.188 [info] > git config --get commit.template [608ms]
2024-10-31 22:00:09.189 [info] > git for-each-ref --format=%(refname)%00%(upstream:short)%00%(objectname)%00%(upstream:track)%00%(upstream:remotename)%00%(upstream:remoteref) refs/heads/master refs/remotes/master [645ms]
2024-10-31 22:00:09.334 [warning] [Git][revParse] Unable to read file: ENOENT: no such file or directory, open '/home/ubuntu/PS4Joystick/.git/refs/remotes/origin/master'
2024-10-31 22:00:09.349 [info] > git check-ignore -v -z --stdin [140ms]
2024-10-31 22:00:09.350 [info] > git check-ignore -v -z --stdin [122ms]
2024-10-31 22:00:09.352 [info] > git check-ignore -v -z --stdin [106ms]
2024-10-31 22:00:09.353 [info] > git check-ignore -v -z --stdin [72ms]
2024-10-31 22:00:09.356 [info] > git merge-base refs/heads/master refs/remotes/origin/master [171ms]
2024-10-31 22:00:09.373 [info] > git diff --name-status -z --diff-filter=ADMR defa868598cc91924683d328a1da1856bf9f0791...refs/remotes/origin/master [216ms]
2024-10-31 22:00:09.376 [info] > git config --get commit.template [295ms]
2024-10-31 22:00:09.376 [info] > git config --get commit.template [319ms]
2024-10-31 22:00:09.377 [info] > git config --get commit.template [340ms]
2024-10-31 22:00:09.378 [info] > git fetch [858ms]
2024-10-31 22:00:09.420 [info] > git diff --name-status -z --diff-filter=ADMR 4b7b3dfd50cc0e66d0e815114c1b6b01a7aa1183...refs/remotes/origin/master [47ms]
2024-10-31 22:00:09.421 [info] > git rev-parse refs/remotes/origin/master [87ms]
2024-10-31 22:00:09.429 [info] > git rev-parse --git-dir --git-common-dir [110ms]
2024-10-31 22:00:09.461 [info] [Model][openRepository] Opened repository: /home/ubuntu/apps-md-robots
2024-10-31 22:00:09.464 [info] > git for-each-ref --format=%(refname)%00%(upstream:short)%00%(objectname)%00%(upstream:track)%00%(upstream:remotename)%00%(upstream:remoteref) refs/heads/master refs/remotes/master [163ms]
2024-10-31 22:00:09.616 [warning] [Git][revParse] Unable to read file: ENOENT: no such file or directory, open '/home/ubuntu/PupperCommand/.git/refs/remotes/origin/master'
2024-10-31 22:00:09.697 [info] > git config --get commit.template [283ms]
2024-10-31 22:00:09.697 [info] > git for-each-ref --format=%(refname)%00%(upstream:short)%00%(objectname)%00%(upstream:track)%00%(upstream:remotename)%00%(upstream:remoteref) refs/heads/master refs/remotes/master [300ms]
2024-10-31 22:00:09.735 [warning] [Git][revParse] Unable to read file: ENOENT: no such file or directory, open '/home/ubuntu/UDPComms/.git/refs/remotes/origin/master'
2024-10-31 22:00:09.743 [info] > git rev-parse refs/remotes/origin/master [127ms]
2024-10-31 22:00:09.752 [info] > git rev-parse --show-toplevel [158ms]
2024-10-31 22:00:09.753 [info] > git config --get commit.template [176ms]
2024-10-31 22:00:09.753 [info] > git for-each-ref --format=%(refname)%00%(upstream:short)%00%(objectname)%00%(upstream:track)%00%(upstream:remotename)%00%(upstream:remoteref) refs/heads/master refs/remotes/master [196ms]
2024-10-31 22:00:09.755 [info] > git for-each-ref --format=%(refname)%00%(upstream:short)%00%(objectname)%00%(upstream:track)%00%(upstream:remotename)%00%(upstream:remoteref) refs/heads/master refs/remotes/master [214ms]
2024-10-31 22:00:09.756 [info] > git for-each-ref --format=%(refname)%00%(upstream:short)%00%(objectname)%00%(upstream:track)%00%(upstream:remotename)%00%(upstream:remoteref) refs/heads/mini_pupper refs/remotes/mini_pupper [239ms]
2024-10-31 22:00:09.757 [info] > git for-each-ref --format=%(refname)%00%(upstream:short)%00%(objectname)%00%(upstream:track)%00%(upstream:remotename)%00%(upstream:remoteref) refs/heads/mini_pupper refs/remotes/mini_pupper [271ms]
2024-10-31 22:00:09.848 [warning] [Git][revParse] Unable to read file: ENOENT: no such file or directory, open '/home/ubuntu/PupperCommand/.git/refs/remotes/origin/master'
2024-10-31 22:00:09.864 [warning] [Git][revParse] Unable to read file: ENOENT: no such file or directory, open '/home/ubuntu/PS4Joystick/.git/refs/remotes/origin/master'
2024-10-31 22:00:09.872 [info] > git config --local branch.mini_pupper.vscode-merge-base [85ms]
2024-10-31 22:00:09.889 [info] > git rev-parse refs/remotes/origin/master [154ms]
2024-10-31 22:00:09.913 [info] > git config --get commit.template [193ms]
2024-10-31 22:00:09.952 [info] > git for-each-ref --format=%(refname)%00%(upstream:short)%00%(objectname)%00%(upstream:track)%00%(upstream:remotename)%00%(upstream:remoteref) refs/heads/master refs/remotes/master [45ms]
2024-10-31 22:00:09.969 [info] > git for-each-ref --format=%(refname)%00%(upstream:short)%00%(objectname)%00%(upstream:track)%00%(upstream:remotename)%00%(upstream:remoteref) refs/heads/origin/mini_pupper refs/remotes/origin/mini_pupper [80ms]
2024-10-31 22:00:09.991 [info] > git rev-parse refs/remotes/origin/master [127ms]
2024-10-31 22:00:10.026 [info] > git rev-parse refs/remotes/origin/master [179ms]
2024-10-31 22:00:10.076 [info] > git rev-parse --git-dir --git-common-dir [247ms]
2024-10-31 22:00:10.112 [info] [Model][openRepository] Opened repository: /home/ubuntu/mini_pupper_bsp
2024-10-31 22:00:10.117 [info] > git for-each-ref --format=%(refname)%00%(upstream:short)%00%(objectname)%00%(upstream:track)%00%(upstream:remotename)%00%(upstream:remoteref) refs/heads/master refs/remotes/master [306ms]
2024-10-31 22:00:10.181 [warning] [Git][revParse] Unable to read file: ENOENT: no such file or directory, open '/home/ubuntu/UDPComms/.git/refs/remotes/origin/master'
2024-10-31 22:00:10.318 [info] > git status -z -uall [310ms]
2024-10-31 22:00:10.319 [info] > git status -z -uall [261ms]
2024-10-31 22:00:10.325 [info] > git for-each-ref --sort -committerdate --format %(refname) %(objectname) %(*objectname) [249ms]
2024-10-31 22:00:10.352 [info] > git for-each-ref --sort -committerdate --format %(refname) %(objectname) %(*objectname) [326ms]
2024-10-31 22:00:10.372 [info] > git merge-base refs/heads/mini_pupper refs/remotes/origin/mini_pupper [382ms]
2024-10-31 22:00:10.418 [info] > git config --local branch.master.vscode-merge-base [449ms]
2024-10-31 22:00:10.444 [info] > git config --get commit.template [500ms]
2024-10-31 22:00:10.445 [info] > git for-each-ref --format=%(refname)%00%(upstream:short)%00%(objectname)%00%(upstream:track)%00%(upstream:remotename)%00%(upstream:remoteref) refs/heads/main refs/remotes/main [518ms]
2024-10-31 22:00:10.541 [info] > git for-each-ref --format=%(refname)%00%(upstream:short)%00%(objectname)%00%(upstream:track)%00%(upstream:remotename)%00%(upstream:remoteref) refs/heads/origin/master refs/remotes/origin/master [99ms]
2024-10-31 22:00:10.597 [info] > git diff --name-status -z --diff-filter=ADMR dd5cb4bc2bf9584003513c9235d7af234ffad316...refs/remotes/origin/mini_pupper [180ms]
2024-10-31 22:00:10.600 [info] > git rev-parse refs/remotes/origin/master [420ms]
2024-10-31 22:00:10.672 [info] > git rev-parse --show-toplevel [505ms]
2024-10-31 22:00:10.674 [info] > git config --get commit.template [520ms]
2024-10-31 22:00:10.675 [info] > git for-each-ref --format=%(refname)%00%(upstream:short)%00%(objectname)%00%(upstream:track)%00%(upstream:remotename)%00%(upstream:remoteref) refs/heads/mini_pupper refs/remotes/mini_pupper [541ms]
2024-10-31 22:00:10.684 [info] > git fetch [1224ms]
2024-10-31 22:00:10.828 [info] > git merge-base refs/heads/master refs/remotes/origin/master [231ms]
2024-10-31 22:00:10.854 [info] > git merge-base refs/heads/mini_pupper refs/remotes/origin/mini_pupper [346ms]
2024-10-31 22:00:11.082 [info] > git check-ignore -v -z --stdin [181ms]
2024-10-31 22:00:11.084 [info] > git check-ignore -v -z --stdin [165ms]
2024-10-31 22:00:11.086 [info] > git check-ignore -v -z --stdin [147ms]
2024-10-31 22:00:11.087 [info] > git check-ignore -v -z --stdin [127ms]
2024-10-31 22:00:11.089 [info] > git check-ignore -v -z --stdin [111ms]
2024-10-31 22:00:11.092 [info] > git check-ignore -v -z --stdin [91ms]
2024-10-31 22:00:11.094 [info] > git diff --name-status -z --diff-filter=ADMR dd5cb4bc2bf9584003513c9235d7af234ffad316...refs/remotes/origin/mini_pupper [218ms]
2024-10-31 22:00:11.097 [info] > git diff --name-status -z --diff-filter=ADMR 6737d6c6089146fb239f5cd03d8e3c5515344be1...refs/remotes/origin/master [245ms]
2024-10-31 22:00:11.112 [info] > git config --get commit.template [298ms]
2024-10-31 22:00:11.112 [info] > git rev-parse --git-dir --git-common-dir [318ms]
2024-10-31 22:00:11.182 [info] [Model][openRepository] Opened repository: /home/ubuntu/mini_pupper_ros
2024-10-31 22:00:11.186 [info] > git for-each-ref --format=%(refname)%00%(upstream:short)%00%(objectname)%00%(upstream:track)%00%(upstream:remotename)%00%(upstream:remoteref) refs/heads/master refs/remotes/master [441ms]
2024-10-31 22:00:11.187 [info] > git merge-base refs/heads/master refs/remotes/origin/master [519ms]
2024-10-31 22:00:11.361 [warning] [Git][revParse] Unable to read file: ENOENT: no such file or directory, open '/home/ubuntu/UDPComms/.git/refs/remotes/origin/master'
2024-10-31 22:00:11.497 [info] > git for-each-ref --format=%(refname)%00%(upstream:short)%00%(objectname)%00%(upstream:track)%00%(upstream:remotename)%00%(upstream:remoteref) refs/heads/main refs/remotes/main [463ms]
2024-10-31 22:00:11.499 [info] > git fetch [1387ms]
2024-10-31 22:00:11.650 [info] > git rev-parse refs/remotes/origin/master [290ms]
2024-10-31 22:00:11.695 [info] > git rev-parse --show-toplevel [364ms]
2024-10-31 22:00:11.697 [info] > git config --get commit.template [395ms]
2024-10-31 22:00:11.697 [info] > git for-each-ref --format=%(refname)%00%(upstream:short)%00%(objectname)%00%(upstream:track)%00%(upstream:remotename)%00%(upstream:remoteref) refs/heads/main refs/remotes/main [452ms]
2024-10-31 22:00:11.716 [info] > git diff --name-status -z --diff-filter=ADMR 6737d6c6089146fb239f5cd03d8e3c5515344be1...refs/remotes/origin/master [499ms]
2024-10-31 22:00:11.746 [info] > git status -z -uall [178ms]
2024-10-31 22:00:11.746 [info] > git status -z -uall [81ms]
2024-10-31 22:00:11.747 [info] > git config --local branch.main.vscode-merge-base [31ms]
2024-10-31 22:00:11.766 [info] > git for-each-ref --sort -committerdate --format %(refname) %(objectname) %(*objectname) [72ms]
2024-10-31 22:00:11.787 [info] > git config --get commit.template [151ms]
2024-10-31 22:00:11.787 [info] > git for-each-ref --format=%(refname)%00%(upstream:short)%00%(objectname)%00%(upstream:track)%00%(upstream:remotename)%00%(upstream:remoteref) refs/heads/main refs/remotes/main [179ms]
2024-10-31 22:00:11.788 [info] > git for-each-ref --sort -committerdate --format %(refname) %(objectname) %(*objectname) [198ms]
2024-10-31 22:00:11.804 [info] > git config --get commit.template [263ms]
2024-10-31 22:00:11.826 [info] > git for-each-ref --format=%(refname)%00%(upstream:short)%00%(objectname)%00%(upstream:track)%00%(upstream:remotename)%00%(upstream:remoteref) refs/heads/origin/main refs/remotes/origin/main [61ms]
2024-10-31 22:00:11.850 [info] > git rev-parse --git-dir --git-common-dir [111ms]
2024-10-31 22:00:11.894 [info] [Model][openRepository] Opened repository: /home/ubuntu/ros2_setup_scripts_ubuntu
2024-10-31 22:00:12.078 [info] > git merge-base refs/heads/main refs/remotes/origin/main [229ms]
2024-10-31 22:00:12.102 [info] > git for-each-ref --format=%(refname)%00%(upstream:short)%00%(objectname)%00%(upstream:track)%00%(upstream:remotename)%00%(upstream:remoteref) refs/heads/ros2-dev refs/remotes/ros2-dev [281ms]
2024-10-31 22:00:12.129 [info] > git rev-parse --show-toplevel [115ms]
2024-10-31 22:00:12.129 [info] fatal: not a git repository (or any of the parent directories): .git
2024-10-31 22:00:12.150 [info] [Model][doInitialScan] Initial repository scan completed - repositories (8), closed repositories (0), parent repositories (0), unsafe repositories (0)
2024-10-31 22:00:12.152 [info] > git config --get commit.template [154ms]
2024-10-31 22:00:12.152 [info] > git for-each-ref --format=%(refname)%00%(upstream:short)%00%(objectname)%00%(upstream:track)%00%(upstream:remotename)%00%(upstream:remoteref) refs/heads/main refs/remotes/main [174ms]
2024-10-31 22:00:12.153 [info] > git for-each-ref --format=%(refname)%00%(upstream:short)%00%(objectname)%00%(upstream:track)%00%(upstream:remotename)%00%(upstream:remoteref) refs/heads/main refs/remotes/main [202ms]
2024-10-31 22:00:12.178 [info] > git for-each-ref --format=%(refname)%00%(upstream:short)%00%(objectname)%00%(upstream:track)%00%(upstream:remotename)%00%(upstream:remoteref) refs/heads/main refs/remotes/main [253ms]
2024-10-31 22:00:12.179 [info] > git fetch [998ms]
2024-10-31 22:00:12.228 [info] > git config --get commit.template [106ms]
2024-10-31 22:00:12.229 [info] > git diff --name-status -z --diff-filter=ADMR dd14a0dfe75f4621a9c862edf27d700f052145cf...refs/remotes/origin/main [127ms]
2024-10-31 22:00:12.256 [info] > git config --get commit.template [33ms]
2024-10-31 22:00:12.257 [info] > git merge-base refs/heads/main refs/remotes/origin/main [54ms]
2024-10-31 22:00:12.280 [info] > git config --local branch.main.vscode-merge-base [103ms]
2024-10-31 22:00:12.357 [info] > git diff --name-status -z --diff-filter=ADMR dd14a0dfe75f4621a9c862edf27d700f052145cf...refs/remotes/origin/main [78ms]
2024-10-31 22:00:12.479 [info] > git for-each-ref --format=%(refname)%00%(upstream:short)%00%(objectname)%00%(upstream:track)%00%(upstream:remotename)%00%(upstream:remoteref) refs/heads/ros2-dev refs/remotes/ros2-dev [140ms]
2024-10-31 22:00:12.503 [info] > git for-each-ref --format=%(refname)%00%(upstream:short)%00%(objectname)%00%(upstream:track)%00%(upstream:remotename)%00%(upstream:remoteref) refs/heads/main refs/remotes/main [186ms]
2024-10-31 22:00:12.504 [info] > git for-each-ref --format=%(refname)%00%(upstream:short)%00%(objectname)%00%(upstream:track)%00%(upstream:remotename)%00%(upstream:remoteref) refs/heads/origin/main refs/remotes/origin/main [204ms]
2024-10-31 22:00:12.527 [info] > git for-each-ref --format=%(refname)%00%(upstream:short)%00%(objectname)%00%(upstream:track)%00%(upstream:remotename)%00%(upstream:remoteref) refs/heads/main refs/remotes/main [279ms]
2024-10-31 22:00:12.746 [info] > git status -z -uall [325ms]
2024-10-31 22:00:12.747 [info] > git check-ignore -v -z --stdin [201ms]
2024-10-31 22:00:12.749 [info] > git check-ignore -v -z --stdin [182ms]
2024-10-31 22:00:12.751 [info] > git check-ignore -v -z --stdin [153ms]
2024-10-31 22:00:12.752 [info] > git check-ignore -v -z --stdin [132ms]
2024-10-31 22:00:12.754 [info] > git check-ignore -v -z --stdin [117ms]
2024-10-31 22:00:12.756 [info] > git check-ignore -v -z --stdin [75ms]
2024-10-31 22:00:12.758 [info] > git check-ignore -v -z --stdin [60ms]
2024-10-31 22:00:12.760 [info] > git check-ignore -v -z --stdin [46ms]
2024-10-31 22:00:12.764 [info] > git merge-base refs/heads/main refs/remotes/origin/main [238ms]
2024-10-31 22:00:12.786 [info] > git config --local branch.ros2-dev.vscode-merge-base [285ms]
2024-10-31 22:00:12.808 [info] > git for-each-ref --format=%(refname)%00%(upstream:short)%00%(objectname)%00%(upstream:track)%00%(upstream:remotename)%00%(upstream:remoteref) refs/heads/ros2-dev refs/remotes/ros2-dev [347ms]
2024-10-31 22:00:12.809 [info] > git for-each-ref --sort -committerdate --format %(refname) %(objectname) %(*objectname) [369ms]
2024-10-31 22:00:12.840 [info] > git for-each-ref --format=%(refname)%00%(upstream:short)%00%(objectname)%00%(upstream:track)%00%(upstream:remotename)%00%(upstream:remoteref) refs/heads/main refs/remotes/main [438ms]
2024-10-31 22:00:12.857 [info] > git config --get commit.template [482ms]
2024-10-31 22:00:12.858 [info] > git fetch [965ms]
2024-10-31 22:00:12.889 [info] > git config --local branch.main.vscode-merge-base [33ms]
2024-10-31 22:00:12.911 [info] > git for-each-ref --format=%(refname)%00%(upstream:short)%00%(objectname)%00%(upstream:track)%00%(upstream:remotename)%00%(upstream:remoteref) refs/heads/origin/ros2-dev refs/remotes/origin/ros2-dev [104ms]
2024-10-31 22:00:12.991 [info] > git merge-base refs/heads/ros2-dev refs/remotes/origin/ros2-dev [59ms]
2024-10-31 22:00:13.010 [info] > git for-each-ref --format=%(refname)%00%(upstream:short)%00%(objectname)%00%(upstream:track)%00%(upstream:remotename)%00%(upstream:remoteref) refs/heads/origin/main refs/remotes/origin/main [99ms]
2024-10-31 22:00:13.032 [info] > git config --get commit.template [149ms]
2024-10-31 22:00:13.033 [info] > git diff --name-status -z --diff-filter=ADMR 4576ca9da14cd109f0f810d9e0a77d2f7b28d417...refs/remotes/origin/main [247ms]
2024-10-31 22:00:13.140 [info] > git for-each-ref --format=%(refname)%00%(upstream:short)%00%(objectname)%00%(upstream:track)%00%(upstream:remotename)%00%(upstream:remoteref) refs/heads/ros2-dev refs/remotes/ros2-dev [174ms]
2024-10-31 22:00:13.241 [info] > git status -z -uall [184ms]
2024-10-31 22:00:13.241 [info] > git for-each-ref --format=%(refname)%00%(upstream:short)%00%(objectname)%00%(upstream:track)%00%(upstream:remotename)%00%(upstream:remoteref) refs/heads/main refs/remotes/main [117ms]
2024-10-31 22:00:13.272 [info] > git for-each-ref --sort -committerdate --format %(refname) %(objectname) %(*objectname) [191ms]
2024-10-31 22:00:13.291 [info] > git merge-base refs/heads/main refs/remotes/origin/main [259ms]
2024-10-31 22:00:13.345 [info] > git config --local branch.main.vscode-merge-base [74ms]
2024-10-31 22:00:13.367 [info] > git for-each-ref --format=%(refname)%00%(upstream:short)%00%(objectname)%00%(upstream:track)%00%(upstream:remotename)%00%(upstream:remoteref) refs/heads/main refs/remotes/main [131ms]
2024-10-31 22:00:13.369 [info] > git merge-base refs/heads/ros2-dev refs/remotes/origin/ros2-dev [156ms]
2024-10-31 22:00:13.393 [info] > git config --get commit.template [210ms]
2024-10-31 22:00:13.412 [info] > git for-each-ref --format=%(refname)%00%(upstream:short)%00%(objectname)%00%(upstream:track)%00%(upstream:remotename)%00%(upstream:remoteref) refs/heads/origin/main refs/remotes/origin/main [45ms]
2024-10-31 22:00:13.438 [info] > git diff --name-status -z --diff-filter=ADMR 4576ca9da14cd109f0f810d9e0a77d2f7b28d417...refs/remotes/origin/main [124ms]
2024-10-31 22:00:13.611 [info] > git status -z -uall [83ms]
2024-10-31 22:00:13.612 [info] > git for-each-ref --sort -committerdate --format %(refname) %(objectname) %(*objectname) [26ms]
2024-10-31 22:00:13.668 [info] > git for-each-ref --format=%(refname)%00%(upstream:short)%00%(objectname)%00%(upstream:track)%00%(upstream:remotename)%00%(upstream:remoteref) refs/heads/main refs/remotes/main [183ms]
2024-10-31 22:00:13.670 [info] > git merge-base refs/heads/main refs/remotes/origin/main [234ms]
2024-10-31 22:00:13.757 [info] > git merge-base refs/heads/ros2-dev refs/remotes/origin/ros2-dev [94ms]
2024-10-31 22:00:13.892 [info] > git merge-base refs/heads/main refs/remotes/origin/main [156ms]
2024-10-31 22:00:13.913 [info] > git diff --name-status -z --diff-filter=ADMR 610ebcc490c6a63468a056cc4ecb6e090691c9bb...refs/remotes/origin/main [209ms]
2024-10-31 22:00:13.931 [info] > git check-ignore -v -z --stdin [58ms]
2024-10-31 22:00:14.426 [info] > git diff --name-status -z --diff-filter=ADMR 610ebcc490c6a63468a056cc4ecb6e090691c9bb...refs/remotes/origin/main [513ms]
2024-10-31 22:00:14.430 [info] > git status -z -uall [458ms]
2024-10-31 22:00:14.597 [info] > git diff --name-status -z --diff-filter=ADMR abb7dd9ede17485d9bf7df5635ebe758074356bb...refs/remotes/origin/ros2-dev [800ms]
2024-10-31 22:00:14.609 [info] > git diff --name-status -z --diff-filter=ADMR abb7dd9ede17485d9bf7df5635ebe758074356bb...refs/remotes/origin/ros2-dev [1596ms]
2024-10-31 22:00:14.619 [info] > git diff --name-status -z --diff-filter=ADMR abb7dd9ede17485d9bf7df5635ebe758074356bb...refs/remotes/origin/ros2-dev [1228ms]
2024-10-31 22:00:14.627 [info] > git for-each-ref --sort -committerdate --format %(refname) %(objectname) %(*objectname) [617ms]
2024-10-31 22:00:15.159 [info] > git rev-parse --show-toplevel [5ms]
2024-10-31 22:00:15.180 [info] > git rev-parse --show-toplevel [4ms]
2024-10-31 22:00:15.200 [info] > git rev-parse --show-toplevel [5ms]
2024-10-31 22:00:27.810 [info] > git check-ignore -v -z --stdin [5ms]
2024-10-31 22:00:33.652 [info] > git show --textconv :api/movement_api.py [20ms]
2024-10-31 22:00:33.656 [info] > git ls-files --stage -- /home/ubuntu/apps-md-robots/api/movement_api.py [7ms]
2024-10-31 22:00:47.767 [info] > git config --get commit.template [20ms]
2024-10-31 22:00:47.772 [info] > git for-each-ref --format=%(refname)%00%(upstream:short)%00%(objectname)%00%(upstream:track)%00%(upstream:remotename)%00%(upstream:remoteref) refs/heads/main refs/remotes/main [8ms]
2024-10-31 22:00:47.819 [info] > git status -z -uall [26ms]
2024-10-31 22:00:47.823 [info] > git for-each-ref --sort -committerdate --format %(refname) %(objectname) %(*objectname) [8ms]
2024-10-31 22:03:11.008 [info] > git fetch [619ms]
2024-10-31 22:03:11.050 [info] > git config --get commit.template [19ms]
2024-10-31 22:03:11.053 [info] > git for-each-ref --format=%(refname)%00%(upstream:short)%00%(objectname)%00%(upstream:track)%00%(upstream:remotename)%00%(upstream:remoteref) refs/heads/master refs/remotes/master [10ms]
2024-10-31 22:03:11.072 [warning] [Git][revParse] Unable to read file: ENOENT: no such file or directory, open '/home/ubuntu/PS4Joystick/.git/refs/remotes/origin/master'
2024-10-31 22:03:11.075 [info] > git fetch [708ms]
2024-10-31 22:03:11.094 [info] > git rev-parse refs/remotes/origin/master [22ms]
2024-10-31 22:03:11.137 [info] > git status -z -uall [25ms]
2024-10-31 22:03:11.139 [info] > git config --get commit.template [45ms]
2024-10-31 22:03:11.160 [info] > git for-each-ref --sort -committerdate --format %(refname) %(objectname) %(*objectname) [30ms]
2024-10-31 22:03:11.174 [info] > git fetch [632ms]
2024-10-31 22:03:11.178 [info] > git for-each-ref --format=%(refname)%00%(upstream:short)%00%(objectname)%00%(upstream:track)%00%(upstream:remotename)%00%(upstream:remoteref) refs/heads/master refs/remotes/master [22ms]
2024-10-31 22:03:11.217 [warning] [Git][revParse] Unable to read file: ENOENT: no such file or directory, open '/home/ubuntu/PupperCommand/.git/refs/remotes/origin/master'
2024-10-31 22:03:11.223 [info] > git config --get commit.template [24ms]
2024-10-31 22:03:11.240 [info] > git rev-parse refs/remotes/origin/master [23ms]
2024-10-31 22:03:11.297 [info] > git status -z -uall [35ms]
2024-10-31 22:03:11.299 [info] > git for-each-ref --format=%(refname)%00%(upstream:short)%00%(objectname)%00%(upstream:track)%00%(upstream:remotename)%00%(upstream:remoteref) refs/heads/mini_pupper refs/remotes/mini_pupper [62ms]
2024-10-31 22:03:11.304 [info] > git for-each-ref --sort -committerdate --format %(refname) %(objectname) %(*objectname) [22ms]
2024-10-31 22:03:11.377 [info] > git status -z -uall [33ms]
2024-10-31 22:03:11.379 [info] > git for-each-ref --sort -committerdate --format %(refname) %(objectname) %(*objectname) [13ms]
2024-10-31 22:03:11.390 [info] > git fetch [697ms]
2024-10-31 22:03:11.418 [info] > git config --get commit.template [7ms]
2024-10-31 22:03:11.445 [info] > git for-each-ref --format=%(refname)%00%(upstream:short)%00%(objectname)%00%(upstream:track)%00%(upstream:remotename)%00%(upstream:remoteref) refs/heads/master refs/remotes/master [9ms]
2024-10-31 22:03:11.467 [warning] [Git][revParse] Unable to read file: ENOENT: no such file or directory, open '/home/ubuntu/UDPComms/.git/refs/remotes/origin/master'
2024-10-31 22:03:11.475 [info] > git rev-parse refs/remotes/origin/master [8ms]
2024-10-31 22:03:11.528 [info] > git status -z -uall [37ms]
2024-10-31 22:03:11.529 [info] > git for-each-ref --sort -committerdate --format %(refname) %(objectname) %(*objectname) [13ms]
2024-10-31 22:03:12.312 [info] > git config --get commit.template [5ms]
2024-10-31 22:03:12.336 [info] > git for-each-ref --format=%(refname)%00%(upstream:short)%00%(objectname)%00%(upstream:track)%00%(upstream:remotename)%00%(upstream:remoteref) refs/heads/master refs/remotes/master [6ms]
2024-10-31 22:03:12.352 [warning] [Git][revParse] Unable to read file: ENOENT: no such file or directory, open '/home/ubuntu/PS4Joystick/.git/refs/remotes/origin/master'
2024-10-31 22:03:12.357 [info] > git rev-parse refs/remotes/origin/master [5ms]
2024-10-31 22:03:12.406 [info] > git status -z -uall [28ms]
2024-10-31 22:03:12.435 [info] > git for-each-ref --sort -committerdate --format %(refname) %(objectname) %(*objectname) [35ms]
2024-10-31 22:03:12.783 [info] > git fetch [560ms]
2024-10-31 22:03:12.819 [info] > git config --get commit.template [19ms]
2024-10-31 22:03:12.824 [info] > git for-each-ref --format=%(refname)%00%(upstream:short)%00%(objectname)%00%(upstream:track)%00%(upstream:remotename)%00%(upstream:remoteref) refs/heads/main refs/remotes/main [7ms]
2024-10-31 22:03:12.863 [info] > git status -z -uall [20ms]
2024-10-31 22:03:12.868 [info] > git for-each-ref --sort -committerdate --format %(refname) %(objectname) %(*objectname) [8ms]
2024-10-31 22:03:13.033 [info] > git fetch [605ms]
2024-10-31 22:03:13.070 [info] > git config --get commit.template [19ms]
2024-10-31 22:03:13.076 [info] > git for-each-ref --format=%(refname)%00%(upstream:short)%00%(objectname)%00%(upstream:track)%00%(upstream:remotename)%00%(upstream:remoteref) refs/heads/main refs/remotes/main [8ms]
2024-10-31 22:03:13.112 [info] > git status -z -uall [19ms]
2024-10-31 22:03:13.118 [info] > git for-each-ref --sort -committerdate --format %(refname) %(objectname) %(*objectname) [7ms]
2024-10-31 22:03:13.861 [info] > git fetch [629ms]
2024-10-31 22:03:13.910 [info] > git for-each-ref --format=%(refname)%00%(upstream:short)%00%(objectname)%00%(upstream:track)%00%(upstream:remotename)%00%(upstream:remoteref) refs/heads/ros2-dev refs/remotes/ros2-dev [3ms]
2024-10-31 22:03:13.911 [info] > git config --get commit.template [31ms]
2024-10-31 22:03:13.981 [info] > git status -z -uall [53ms]
2024-10-31 22:03:13.982 [info] > git for-each-ref --sort -committerdate --format %(refname) %(objectname) %(*objectname) [34ms]
2024-10-31 22:03:14.000 [info] > git config --get commit.template [25ms]
2024-10-31 22:03:14.026 [info] > git for-each-ref --format=%(refname)%00%(upstream:short)%00%(objectname)%00%(upstream:track)%00%(upstream:remotename)%00%(upstream:remoteref) refs/heads/main refs/remotes/main [7ms]
2024-10-31 22:03:14.063 [info] > git status -z -uall [21ms]
2024-10-31 22:03:14.069 [info] > git for-each-ref --sort -committerdate --format %(refname) %(objectname) %(*objectname) [7ms]
2024-10-31 22:03:14.212 [info] > git config --get commit.template [19ms]
2024-10-31 22:03:14.218 [info] > git for-each-ref --format=%(refname)%00%(upstream:short)%00%(objectname)%00%(upstream:track)%00%(upstream:remotename)%00%(upstream:remoteref) refs/heads/main refs/remotes/main [7ms]
2024-10-31 22:03:14.257 [info] > git status -z -uall [22ms]
2024-10-31 22:03:14.261 [info] > git for-each-ref --sort -committerdate --format %(refname) %(objectname) %(*objectname) [9ms]
2024-10-31 22:03:14.405 [info] > git fetch [643ms]
2024-10-31 22:03:14.443 [info] > git config --get commit.template [20ms]
2024-10-31 22:03:14.448 [info] > git for-each-ref --format=%(refname)%00%(upstream:short)%00%(objectname)%00%(upstream:track)%00%(upstream:remotename)%00%(upstream:remoteref) refs/heads/main refs/remotes/main [8ms]
2024-10-31 22:03:14.485 [info] > git status -z -uall [21ms]
2024-10-31 22:03:14.488 [info] > git for-each-ref --sort -committerdate --format %(refname) %(objectname) %(*objectname) [7ms]
2024-10-31 22:03:15.031 [info] > git rev-parse --show-toplevel [22ms]
2024-10-31 22:03:15.051 [info] > git config --get commit.template [23ms]
2024-10-31 22:03:15.053 [info] > git rev-parse --show-toplevel [5ms]
2024-10-31 22:03:15.089 [info] > git for-each-ref --format=%(refname)%00%(upstream:short)%00%(objectname)%00%(upstream:track)%00%(upstream:remotename)%00%(upstream:remoteref) refs/heads/ros2-dev refs/remotes/ros2-dev [20ms]
2024-10-31 22:03:15.091 [info] > git rev-parse --show-toplevel [4ms]
2024-10-31 22:03:15.131 [info] > git for-each-ref --sort -committerdate --format %(refname) %(objectname) %(*objectname) [6ms]
2024-10-31 22:03:15.136 [info] > git status -z -uall [28ms]
2024-10-31 22:03:15.643 [info] > git config --get commit.template [20ms]
2024-10-31 22:03:15.648 [info] > git for-each-ref --format=%(refname)%00%(upstream:short)%00%(objectname)%00%(upstream:track)%00%(upstream:remotename)%00%(upstream:remoteref) refs/heads/main refs/remotes/main [7ms]
2024-10-31 22:03:15.683 [info] > git status -z -uall [19ms]
2024-10-31 22:03:15.688 [info] > git for-each-ref --sort -committerdate --format %(refname) %(objectname) %(*objectname) [8ms]
2024-10-31 22:03:15.786 [info] > git ls-files --stage -- /home/ubuntu/apps-md-robots/api/movement_api.py [5ms]
2024-10-31 22:03:15.884 [info] > git show --textconv :api/movement_api.py [5ms]
2024-10-31 22:03:16.213 [info] > git rev-parse --show-toplevel [5ms]
2024-10-31 22:03:16.234 [info] > git rev-parse --show-toplevel [4ms]
2024-10-31 22:03:16.255 [info] > git rev-parse --show-toplevel [4ms]
2024-10-31 22:06:11.825 [info] > git fetch [638ms]
2024-10-31 22:06:11.864 [info] > git config --get commit.template [20ms]
2024-10-31 22:06:11.866 [info] > git for-each-ref --format=%(refname)%00%(upstream:short)%00%(objectname)%00%(upstream:track)%00%(upstream:remotename)%00%(upstream:remoteref) refs/heads/master refs/remotes/master [7ms]
2024-10-31 22:06:11.882 [warning] [Git][revParse] Unable to read file: ENOENT: no such file or directory, open '/home/ubuntu/PS4Joystick/.git/refs/remotes/origin/master'
2024-10-31 22:06:11.887 [info] > git rev-parse refs/remotes/origin/master [5ms]
2024-10-31 22:06:11.927 [info] > git status -z -uall [23ms]
2024-10-31 22:06:11.930 [info] > git for-each-ref --sort -committerdate --format %(refname) %(objectname) %(*objectname) [7ms]
2024-10-31 22:06:11.940 [info] > git fetch [605ms]
2024-10-31 22:06:11.977 [info] > git config --get commit.template [21ms]
2024-10-31 22:06:11.982 [info] > git for-each-ref --format=%(refname)%00%(upstream:short)%00%(objectname)%00%(upstream:track)%00%(upstream:remotename)%00%(upstream:remoteref) refs/heads/master refs/remotes/master [8ms]
2024-10-31 22:06:11.998 [warning] [Git][revParse] Unable to read file: ENOENT: no such file or directory, open '/home/ubuntu/PupperCommand/.git/refs/remotes/origin/master'
2024-10-31 22:06:12.003 [info] > git rev-parse refs/remotes/origin/master [5ms]
2024-10-31 22:06:12.043 [info] > git status -z -uall [21ms]
2024-10-31 22:06:12.045 [info] > git fetch [636ms]
2024-10-31 22:06:12.065 [info] > git for-each-ref --sort -committerdate --format %(refname) %(objectname) %(*objectname) [27ms]
2024-10-31 22:06:12.077 [info] > git config --get commit.template [12ms]
2024-10-31 22:06:12.108 [info] > git for-each-ref --format=%(refname)%00%(upstream:short)%00%(objectname)%00%(upstream:track)%00%(upstream:remotename)%00%(upstream:remoteref) refs/heads/mini_pupper refs/remotes/mini_pupper [11ms]
2024-10-31 22:06:12.146 [info] > git status -z -uall [20ms]
2024-10-31 22:06:12.148 [info] > git fetch [585ms]
2024-10-31 22:06:12.169 [info] > git for-each-ref --sort -committerdate --format %(refname) %(objectname) %(*objectname) [26ms]
2024-10-31 22:06:12.180 [info] > git config --get commit.template [12ms]
2024-10-31 22:06:12.202 [info] > git for-each-ref --format=%(refname)%00%(upstream:short)%00%(objectname)%00%(upstream:track)%00%(upstream:remotename)%00%(upstream:remoteref) refs/heads/master refs/remotes/master [6ms]
2024-10-31 22:06:12.219 [warning] [Git][revParse] Unable to read file: ENOENT: no such file or directory, open '/home/ubuntu/UDPComms/.git/refs/remotes/origin/master'
2024-10-31 22:06:12.225 [info] > git rev-parse refs/remotes/origin/master [6ms]
2024-10-31 22:06:12.260 [info] > git status -z -uall [19ms]
2024-10-31 22:06:12.265 [info] > git for-each-ref --sort -committerdate --format %(refname) %(objectname) %(*objectname) [7ms]
2024-10-31 22:06:13.018 [info] > git config --get commit.template [19ms]
2024-10-31 22:06:13.022 [info] > git for-each-ref --format=%(refname)%00%(upstream:short)%00%(objectname)%00%(upstream:track)%00%(upstream:remotename)%00%(upstream:remoteref) refs/heads/master refs/remotes/master [7ms]
2024-10-31 22:06:13.038 [warning] [Git][revParse] Unable to read file: ENOENT: no such file or directory, open '/home/ubuntu/PS4Joystick/.git/refs/remotes/origin/master'
2024-10-31 22:06:13.044 [info] > git rev-parse refs/remotes/origin/master [6ms]
2024-10-31 22:06:13.113 [info] > git status -z -uall [51ms]
2024-10-31 22:06:13.117 [info] > git for-each-ref --sort -committerdate --format %(refname) %(objectname) %(*objectname) [28ms]
2024-10-31 22:06:13.127 [info] > git config --get commit.template [16ms]
2024-10-31 22:06:13.182 [info] > git for-each-ref --format=%(refname)%00%(upstream:short)%00%(objectname)%00%(upstream:track)%00%(upstream:remotename)%00%(upstream:remoteref) refs/heads/master refs/remotes/master [10ms]
2024-10-31 22:06:13.205 [warning] [Git][revParse] Unable to read file: ENOENT: no such file or directory, open '/home/ubuntu/PupperCommand/.git/refs/remotes/origin/master'
2024-10-31 22:06:13.210 [info] > git rev-parse refs/remotes/origin/master [5ms]
2024-10-31 22:06:13.246 [info] > git status -z -uall [20ms]
2024-10-31 22:06:13.251 [info] > git for-each-ref --sort -committerdate --format %(refname) %(objectname) %(*objectname) [9ms]
2024-10-31 22:06:13.425 [info] > git config --get commit.template [45ms]
2024-10-31 22:06:13.428 [info] > git config --get commit.template [8ms]
2024-10-31 22:06:13.463 [info] > git for-each-ref --format=%(refname)%00%(upstream:short)%00%(objectname)%00%(upstream:track)%00%(upstream:remotename)%00%(upstream:remoteref) refs/heads/mini_pupper refs/remotes/mini_pupper [17ms]
2024-10-31 22:06:13.500 [info] > git status -z -uall [21ms]
2024-10-31 22:06:13.501 [info] > git for-each-ref --format=%(refname)%00%(upstream:short)%00%(objectname)%00%(upstream:track)%00%(upstream:remotename)%00%(upstream:remoteref) refs/heads/master refs/remotes/master [41ms]
2024-10-31 22:06:13.517 [warning] [Git][revParse] Unable to read file: ENOENT: no such file or directory, open '/home/ubuntu/UDPComms/.git/refs/remotes/origin/master'
2024-10-31 22:06:13.519 [info] > git for-each-ref --sort -committerdate --format %(refname) %(objectname) %(*objectname) [23ms]
2024-10-31 22:06:13.530 [info] > git rev-parse refs/remotes/origin/master [13ms]
2024-10-31 22:06:13.566 [info] > git status -z -uall [20ms]
2024-10-31 22:06:13.570 [info] > git for-each-ref --sort -committerdate --format %(refname) %(objectname) %(*objectname) [7ms]
2024-10-31 22:06:13.595 [info] > git fetch [702ms]
2024-10-31 22:06:13.638 [info] > git config --get commit.template [25ms]
2024-10-31 22:06:13.639 [info] > git for-each-ref --format=%(refname)%00%(upstream:short)%00%(objectname)%00%(upstream:track)%00%(upstream:remotename)%00%(upstream:remoteref) refs/heads/main refs/remotes/main [10ms]
2024-10-31 22:06:13.678 [info] > git status -z -uall [22ms]
2024-10-31 22:06:13.682 [info] > git for-each-ref --sort -committerdate --format %(refname) %(objectname) %(*objectname) [8ms]
2024-10-31 22:06:13.829 [info] > git fetch [679ms]
2024-10-31 22:06:13.864 [info] > git config --get commit.template [19ms]
2024-10-31 22:06:13.869 [info] > git for-each-ref --format=%(refname)%00%(upstream:short)%00%(objectname)%00%(upstream:track)%00%(upstream:remotename)%00%(upstream:remoteref) refs/heads/main refs/remotes/main [8ms]
2024-10-31 22:06:13.904 [info] > git status -z -uall [19ms]
2024-10-31 22:06:13.909 [info] > git for-each-ref --sort -committerdate --format %(refname) %(objectname) %(*objectname) [7ms]
2024-10-31 22:06:14.642 [info] > git fetch [628ms]
2024-10-31 22:06:14.684 [info] > git config --get commit.template [22ms]
2024-10-31 22:06:14.687 [info] > git for-each-ref --format=%(refname)%00%(upstream:short)%00%(objectname)%00%(upstream:track)%00%(upstream:remotename)%00%(upstream:remoteref) refs/heads/ros2-dev refs/remotes/ros2-dev [8ms]
2024-10-31 22:06:14.734 [info] > git status -z -uall [28ms]
2024-10-31 22:06:14.739 [info] > git for-each-ref --sort -committerdate --format %(refname) %(objectname) %(*objectname) [8ms]
2024-10-31 22:06:14.851 [info] > git config --get commit.template [21ms]
2024-10-31 22:06:14.854 [info] > git for-each-ref --format=%(refname)%00%(upstream:short)%00%(objectname)%00%(upstream:track)%00%(upstream:remotename)%00%(upstream:remoteref) refs/heads/main refs/remotes/main [9ms]
2024-10-31 22:06:14.892 [info] > git status -z -uall [20ms]
2024-10-31 22:06:14.895 [info] > git for-each-ref --sort -committerdate --format %(refname) %(objectname) %(*objectname) [8ms]
2024-10-31 22:06:15.087 [info] > git config --get commit.template [19ms]
2024-10-31 22:06:15.092 [info] > git for-each-ref --format=%(refname)%00%(upstream:short)%00%(objectname)%00%(upstream:track)%00%(upstream:remotename)%00%(upstream:remoteref) refs/heads/main refs/remotes/main [7ms]
2024-10-31 22:06:15.130 [info] > git status -z -uall [21ms]
2024-10-31 22:06:15.135 [info] > git for-each-ref --sort -committerdate --format %(refname) %(objectname) %(*objectname) [8ms]
2024-10-31 22:06:15.442 [info] > git fetch [931ms]
2024-10-31 22:06:15.466 [info] > git config --get commit.template [5ms]
2024-10-31 22:06:15.493 [info] > git for-each-ref --format=%(refname)%00%(upstream:short)%00%(objectname)%00%(upstream:track)%00%(upstream:remotename)%00%(upstream:remoteref) refs/heads/main refs/remotes/main [9ms]
2024-10-31 22:06:15.543 [info] > git status -z -uall [32ms]
2024-10-31 22:06:15.549 [info] > git for-each-ref --sort -committerdate --format %(refname) %(objectname) %(*objectname) [13ms]
2024-10-31 22:06:16.075 [info] > git rev-parse --show-toplevel [4ms]
2024-10-31 22:06:16.095 [info] > git rev-parse --show-toplevel [5ms]
2024-10-31 22:06:16.116 [info] > git rev-parse --show-toplevel [5ms]
2024-10-31 22:06:16.235 [info] > git config --get commit.template [18ms]
2024-10-31 22:06:16.241 [info] > git for-each-ref --format=%(refname)%00%(upstream:short)%00%(objectname)%00%(upstream:track)%00%(upstream:remotename)%00%(upstream:remoteref) refs/heads/ros2-dev refs/remotes/ros2-dev [8ms]
2024-10-31 22:06:16.282 [info] > git for-each-ref --sort -committerdate --format %(refname) %(objectname) %(*objectname) [6ms]
2024-10-31 22:06:16.285 [info] > git status -z -uall [27ms]
2024-10-31 22:06:16.696 [info] > git ls-files --stage -- /home/ubuntu/apps-md-robots/api/movement_api.py [5ms]
2024-10-31 22:06:16.754 [info] > git show --textconv :api/movement_api.py [5ms]
2024-10-31 22:09:11.993 [info] > git fetch [37ms]
2024-10-31 22:09:11.993 [info] fatal: unable to access 'https://github.com/stanfordroboticsclub/PS4Joystick.git/': Could not resolve host: github.com
2024-10-31 22:09:12.032 [info] > git config --get commit.template [19ms]
2024-10-31 22:09:12.035 [info] > git for-each-ref --format=%(refname)%00%(upstream:short)%00%(objectname)%00%(upstream:track)%00%(upstream:remotename)%00%(upstream:remoteref) refs/heads/master refs/remotes/master [7ms]
2024-10-31 22:09:12.051 [warning] [Git][revParse] Unable to read file: ENOENT: no such file or directory, open '/home/ubuntu/PS4Joystick/.git/refs/remotes/origin/master'
2024-10-31 22:09:12.055 [info] > git rev-parse refs/remotes/origin/master [5ms]
2024-10-31 22:09:12.108 [info] > git status -z -uall [37ms]
2024-10-31 22:09:12.109 [info] > git for-each-ref --sort -committerdate --format %(refname) %(objectname) %(*objectname) [22ms]
2024-10-31 22:09:12.146 [info] > git fetch [39ms]
2024-10-31 22:09:12.146 [info] fatal: unable to access 'https://github.com/stanfordroboticsclub/PupperCommand.git/': Could not resolve host: github.com
2024-10-31 22:09:12.168 [info] > git config --get commit.template [5ms]
2024-10-31 22:09:12.203 [info] > git for-each-ref --format=%(refname)%00%(upstream:short)%00%(objectname)%00%(upstream:track)%00%(upstream:remotename)%00%(upstream:remoteref) refs/heads/master refs/remotes/master [18ms]
2024-10-31 22:09:12.219 [warning] [Git][revParse] Unable to read file: ENOENT: no such file or directory, open '/home/ubuntu/PupperCommand/.git/refs/remotes/origin/master'
2024-10-31 22:09:12.223 [info] > git rev-parse refs/remotes/origin/master [5ms]
2024-10-31 22:09:12.265 [info] > git status -z -uall [19ms]
2024-10-31 22:09:12.266 [info] > git fetch [65ms]
2024-10-31 22:09:12.266 [info] fatal: unable to access 'https://github.com/mangdangroboticsclub/StanfordQuadruped.git/': Could not resolve host: github.com
2024-10-31 22:09:12.286 [info] > git for-each-ref --sort -committerdate --format %(refname) %(objectname) %(*objectname) [24ms]
2024-10-31 22:09:12.313 [info] > git config --get commit.template [29ms]
2024-10-31 22:09:12.338 [info] > git for-each-ref --format=%(refname)%00%(upstream:short)%00%(objectname)%00%(upstream:track)%00%(upstream:remotename)%00%(upstream:remoteref) refs/heads/mini_pupper refs/remotes/mini_pupper [9ms]
2024-10-31 22:09:12.375 [info] > git status -z -uall [20ms]
2024-10-31 22:09:12.377 [info] > git fetch [68ms]
2024-10-31 22:09:12.377 [info] fatal: unable to access 'https://github.com/stanfordroboticsclub/UDPComms.git/': Could not resolve host: github.com
2024-10-31 22:09:12.397 [info] > git for-each-ref --sort -committerdate --format %(refname) %(objectname) %(*objectname) [25ms]
2024-10-31 22:09:12.409 [info] > git config --get commit.template [13ms]
2024-10-31 22:09:12.431 [info] > git for-each-ref --format=%(refname)%00%(upstream:short)%00%(objectname)%00%(upstream:track)%00%(upstream:remotename)%00%(upstream:remoteref) refs/heads/master refs/remotes/master [6ms]
2024-10-31 22:09:12.448 [warning] [Git][revParse] Unable to read file: ENOENT: no such file or directory, open '/home/ubuntu/UDPComms/.git/refs/remotes/origin/master'
2024-10-31 22:09:12.452 [info] > git rev-parse refs/remotes/origin/master [5ms]
2024-10-31 22:09:12.489 [info] > git status -z -uall [19ms]
2024-10-31 22:09:12.494 [info] > git for-each-ref --sort -committerdate --format %(refname) %(objectname) %(*objectname) [6ms]
2024-10-31 22:09:13.746 [info] > git fetch [40ms]
2024-10-31 22:09:13.746 [info] fatal: unable to access 'https://github.com/mangdangroboticsclub/apps-md-robots/': Could not resolve host: github.com
2024-10-31 22:09:13.787 [info] > git config --get commit.template [21ms]
2024-10-31 22:09:13.794 [info] > git for-each-ref --format=%(refname)%00%(upstream:short)%00%(objectname)%00%(upstream:track)%00%(upstream:remotename)%00%(upstream:remoteref) refs/heads/main refs/remotes/main [9ms]
2024-10-31 22:09:13.834 [info] > git status -z -uall [22ms]
2024-10-31 22:09:13.840 [info] > git for-each-ref --sort -committerdate --format %(refname) %(objectname) %(*objectname) [9ms]
2024-10-31 22:09:13.978 [info] > git fetch [44ms]
2024-10-31 22:09:13.979 [info] fatal: unable to access 'https://github.com/mangdangroboticsclub/mini_pupper_2_bsp.git/': Could not resolve host: github.com
2024-10-31 22:09:14.021 [info] > git config --get commit.template [22ms]
2024-10-31 22:09:14.027 [info] > git for-each-ref --format=%(refname)%00%(upstream:short)%00%(objectname)%00%(upstream:track)%00%(upstream:remotename)%00%(upstream:remoteref) refs/heads/main refs/remotes/main [9ms]
2024-10-31 22:09:14.083 [info] > git status -z -uall [36ms]
2024-10-31 22:09:14.087 [info] > git for-each-ref --sort -committerdate --format %(refname) %(objectname) %(*objectname) [9ms]
2024-10-31 22:09:14.800 [info] > git fetch [34ms]
2024-10-31 22:09:14.800 [info] fatal: unable to access 'https://github.com/mangdangroboticsclub/mini_pupper_ros.git/': Could not resolve host: github.com
2024-10-31 22:09:14.836 [info] > git config --get commit.template [18ms]
2024-10-31 22:09:14.842 [info] > git for-each-ref --format=%(refname)%00%(upstream:short)%00%(objectname)%00%(upstream:track)%00%(upstream:remotename)%00%(upstream:remoteref) refs/heads/ros2-dev refs/remotes/ros2-dev [8ms]
2024-10-31 22:09:14.883 [info] > git for-each-ref --sort -committerdate --format %(refname) %(objectname) %(*objectname) [7ms]
2024-10-31 22:09:14.887 [info] > git status -z -uall [28ms]
2024-10-31 22:09:15.607 [info] > git fetch [34ms]
2024-10-31 22:09:15.607 [info] fatal: unable to access 'https://github.com/Tiryoh/ros2_setup_scripts_ubuntu.git/': Could not resolve host: github.com
2024-10-31 22:09:15.641 [info] > git config --get commit.template [18ms]
2024-10-31 22:09:15.648 [info] > git for-each-ref --format=%(refname)%00%(upstream:short)%00%(objectname)%00%(upstream:track)%00%(upstream:remotename)%00%(upstream:remoteref) refs/heads/main refs/remotes/main [8ms]
2024-10-31 22:09:15.684 [info] > git status -z -uall [19ms]
2024-10-31 22:09:15.689 [info] > git for-each-ref --sort -committerdate --format %(refname) %(objectname) %(*objectname) [7ms]
2024-10-31 22:09:16.213 [info] > git rev-parse --show-toplevel [4ms]
2024-10-31 22:09:16.234 [info] > git rev-parse --show-toplevel [4ms]
2024-10-31 22:09:16.253 [info] > git rev-parse --show-toplevel [4ms]
2024-10-31 22:12:12.880 [info] > git fetch [745ms]
2024-10-31 22:12:12.931 [info] > git config --get commit.template [19ms]
2024-10-31 22:12:12.936 [info] > git for-each-ref --format=%(refname)%00%(upstream:short)%00%(objectname)%00%(upstream:track)%00%(upstream:remotename)%00%(upstream:remoteref) refs/heads/master refs/remotes/master [6ms]
2024-10-31 22:12:12.952 [warning] [Git][revParse] Unable to read file: ENOENT: no such file or directory, open '/home/ubuntu/PS4Joystick/.git/refs/remotes/origin/master'
2024-10-31 22:12:12.956 [info] > git rev-parse refs/remotes/origin/master [5ms]
2024-10-31 22:12:12.993 [info] > git status -z -uall [20ms]
2024-10-31 22:12:12.997 [info] > git for-each-ref --sort -committerdate --format %(refname) %(objectname) %(*objectname) [6ms]
2024-10-31 22:12:13.042 [info] > git fetch [604ms]
2024-10-31 22:12:13.044 [info] > git fetch [732ms]
2024-10-31 22:12:13.087 [info] > git config --get commit.template [24ms]
2024-10-31 22:12:13.121 [info] > git config --get commit.template [37ms]
2024-10-31 22:12:13.124 [info] > git for-each-ref --format=%(refname)%00%(upstream:short)%00%(objectname)%00%(upstream:track)%00%(upstream:remotename)%00%(upstream:remoteref) refs/heads/master refs/remotes/master [20ms]
2024-10-31 22:12:13.140 [warning] [Git][revParse] Unable to read file: ENOENT: no such file or directory, open '/home/ubuntu/PupperCommand/.git/refs/remotes/origin/master'
2024-10-31 22:12:13.143 [info] > git for-each-ref --format=%(refname)%00%(upstream:short)%00%(objectname)%00%(upstream:track)%00%(upstream:remotename)%00%(upstream:remoteref) refs/heads/mini_pupper refs/remotes/mini_pupper [23ms]
2024-10-31 22:12:13.146 [info] > git rev-parse refs/remotes/origin/master [5ms]
2024-10-31 22:12:13.225 [info] > git status -z -uall [63ms]
2024-10-31 22:12:13.231 [info] > git status -z -uall [22ms]
2024-10-31 22:12:13.236 [info] > git for-each-ref --sort -committerdate --format %(refname) %(objectname) %(*objectname) [14ms]
2024-10-31 22:12:13.248 [info] > git for-each-ref --sort -committerdate --format %(refname) %(objectname) %(*objectname) [65ms]
2024-10-31 22:12:13.255 [info] > git fetch [727ms]
2024-10-31 22:12:13.292 [info] > git config --get commit.template [20ms]
2024-10-31 22:12:13.297 [info] > git for-each-ref --format=%(refname)%00%(upstream:short)%00%(objectname)%00%(upstream:track)%00%(upstream:remotename)%00%(upstream:remoteref) refs/heads/master refs/remotes/master [6ms]
2024-10-31 22:12:13.313 [warning] [Git][revParse] Unable to read file: ENOENT: no such file or directory, open '/home/ubuntu/UDPComms/.git/refs/remotes/origin/master'
2024-10-31 22:12:13.317 [info] > git rev-parse refs/remotes/origin/master [5ms]
2024-10-31 22:12:13.361 [info] > git status -z -uall [28ms]
2024-10-31 22:12:13.362 [info] > git for-each-ref --sort -committerdate --format %(refname) %(objectname) %(*objectname) [11ms]
2024-10-31 22:12:14.498 [info] > git fetch [630ms]
2024-10-31 22:12:14.530 [info] > git config --get commit.template [2ms]
2024-10-31 22:12:14.556 [info] > git for-each-ref --format=%(refname)%00%(upstream:short)%00%(objectname)%00%(upstream:track)%00%(upstream:remotename)%00%(upstream:remoteref) refs/heads/main refs/remotes/main [9ms]
2024-10-31 22:12:14.621 [info] > git status -z -uall [44ms]
2024-10-31 22:12:14.628 [info] > git for-each-ref --sort -committerdate --format %(refname) %(objectname) %(*objectname) [10ms]
2024-10-31 22:12:14.724 [info] > git fetch [608ms]
2024-10-31 22:12:14.757 [info] > git config --get commit.template [13ms]
2024-10-31 22:12:14.780 [info] > git for-each-ref --format=%(refname)%00%(upstream:short)%00%(objectname)%00%(upstream:track)%00%(upstream:remotename)%00%(upstream:remoteref) refs/heads/main refs/remotes/main [7ms]
2024-10-31 22:12:14.816 [info] > git status -z -uall [19ms]
2024-10-31 22:12:14.822 [info] > git for-each-ref --sort -committerdate --format %(refname) %(objectname) %(*objectname) [8ms]
2024-10-31 22:12:15.532 [info] > git fetch [623ms]
2024-10-31 22:12:15.554 [info] > git config --get commit.template [5ms]
2024-10-31 22:12:15.578 [info] > git for-each-ref --format=%(refname)%00%(upstream:short)%00%(objectname)%00%(upstream:track)%00%(upstream:remotename)%00%(upstream:remoteref) refs/heads/ros2-dev refs/remotes/ros2-dev [8ms]
2024-10-31 22:12:15.623 [info] > git status -z -uall [28ms]
2024-10-31 22:12:15.629 [info] > git for-each-ref --sort -committerdate --format %(refname) %(objectname) %(*objectname) [7ms]
2024-10-31 22:12:16.318 [info] > git fetch [605ms]
2024-10-31 22:12:16.356 [info] > git config --get commit.template [19ms]
2024-10-31 22:12:16.360 [info] > git for-each-ref --format=%(refname)%00%(upstream:short)%00%(objectname)%00%(upstream:track)%00%(upstream:remotename)%00%(upstream:remoteref) refs/heads/main refs/remotes/main [7ms]
2024-10-31 22:12:16.397 [info] > git status -z -uall [20ms]
2024-10-31 22:12:16.403 [info] > git for-each-ref --sort -committerdate --format %(refname) %(objectname) %(*objectname) [7ms]
2024-10-31 22:12:16.928 [info] > git rev-parse --show-toplevel [5ms]
2024-10-31 22:12:16.950 [info] > git rev-parse --show-toplevel [5ms]
2024-10-31 22:12:16.974 [info] > git rev-parse --show-toplevel [6ms]
