[INFO] [1717408542.984881261] [robot_state_publisher]: got segment base_inertia
[INFO] [1717408542.985488341] [robot_state_publisher]: got segment base_link
[INFO] [1717408542.985620258] [robot_state_publisher]: got segment imu_link
[INFO] [1717408542.985664046] [robot_state_publisher]: got segment lb1
[INFO] [1717408542.985695206] [robot_state_publisher]: got segment lb2
[INFO] [1717408542.985725959] [robot_state_publisher]: got segment lb3
[INFO] [1717408542.985758526] [robot_state_publisher]: got segment lbfoot
[INFO] [1717408542.985789039] [robot_state_publisher]: got segment lf1
[INFO] [1717408542.985818699] [robot_state_publisher]: got segment lf2
[INFO] [1717408542.985850674] [robot_state_publisher]: got segment lf3
[INFO] [1717408542.985882057] [robot_state_publisher]: got segment lffoot
[INFO] [1717408542.985912699] [robot_state_publisher]: got segment lidar_link
[INFO] [1717408542.985942674] [robot_state_publisher]: got segment lpb1
[INFO] [1717408542.985972760] [robot_state_publisher]: got segment lpb2
[INFO] [1717408542.986003384] [robot_state_publisher]: got segment lpf1
[INFO] [1717408542.986035137] [robot_state_publisher]: got segment lpf2
[INFO] [1717408542.986098735] [robot_state_publisher]: got segment rb1
[INFO] [1717408542.986129525] [robot_state_publisher]: got segment rb2
[INFO] [1717408542.986159389] [robot_state_publisher]: got segment rb3
[INFO] [1717408542.986190753] [robot_state_publisher]: got segment rbfoot
[INFO] [1717408542.986221136] [robot_state_publisher]: got segment rf1
[INFO] [1717408542.986250907] [robot_state_publisher]: got segment rf2
[INFO] [1717408542.986282012] [robot_state_publisher]: got segment rf3
[INFO] [1717408542.986311802] [robot_state_publisher]: got segment rffoot
[INFO] [1717408542.986380992] [robot_state_publisher]: got segment rpb1
[INFO] [1717408542.986418651] [robot_state_publisher]: got segment rpb2
[INFO] [1717408542.986449756] [robot_state_publisher]: got segment rpf1
[INFO] [1717408542.986479398] [robot_state_publisher]: got segment rpf2
[INFO] [1717408542.986509929] [robot_state_publisher]: got segment yellow_plate
[INFO] [1717408555.512768261] [rclcpp]: signal_handler(signum=2)
