[INFO] [1717642479.871204957] [robot_state_publisher]: got segment base_inertia
[INFO] [1717642479.877576269] [robot_state_publisher]: got segment base_link
[INFO] [1717642479.877728693] [robot_state_publisher]: got segment imu_link
[INFO] [1717642479.877775378] [robot_state_publisher]: got segment lb1
[INFO] [1717642479.877810655] [robot_state_publisher]: got segment lb2
[INFO] [1717642479.877844007] [robot_state_publisher]: got segment lb3
[INFO] [1717642479.877876377] [robot_state_publisher]: got segment lbfoot
[INFO] [1717642479.877907784] [robot_state_publisher]: got segment lf1
[INFO] [1717642479.877938784] [robot_state_publisher]: got segment lf2
[INFO] [1717642479.877968117] [robot_state_publisher]: got segment lf3
[INFO] [1717642479.877998894] [robot_state_publisher]: got segment lffoot
[INFO] [1717642479.878029487] [robot_state_publisher]: got segment lidar_link
[INFO] [1717642479.878059764] [robot_state_publisher]: got segment lpb1
[INFO] [1717642479.878090042] [robot_state_publisher]: got segment lpb2
[INFO] [1717642479.878120523] [robot_state_publisher]: got segment lpf1
[INFO] [1717642479.878153096] [robot_state_publisher]: got segment lpf2
[INFO] [1717642479.878183504] [robot_state_publisher]: got segment rb1
[INFO] [1717642479.878214244] [robot_state_publisher]: got segment rb2
[INFO] [1717642479.878245540] [robot_state_publisher]: got segment rb3
[INFO] [1717642479.878275318] [robot_state_publisher]: got segment rbfoot
[INFO] [1717642479.879913228] [robot_state_publisher]: got segment rf1
[INFO] [1717642479.879968506] [robot_state_publisher]: got segment rf2
[INFO] [1717642479.879999690] [robot_state_publisher]: got segment rf3
[INFO] [1717642479.880030616] [robot_state_publisher]: got segment rffoot
[INFO] [1717642479.880060190] [robot_state_publisher]: got segment rpb1
[INFO] [1717642479.880090486] [robot_state_publisher]: got segment rpb2
[INFO] [1717642479.880120486] [robot_state_publisher]: got segment rpf1
[INFO] [1717642479.880149374] [robot_state_publisher]: got segment rpf2
[INFO] [1717642479.880178559] [robot_state_publisher]: got segment yellow_plate
[INFO] [1717642547.901798373] [rclcpp]: signal_handler(signum=2)
