[INFO] [1717597058.873832576] [robot_state_publisher]: got segment base_inertia
[INFO] [1717597058.874397193] [robot_state_publisher]: got segment base_link
[INFO] [1717597058.874512738] [robot_state_publisher]: got segment imu_link
[INFO] [1717597058.874556253] [robot_state_publisher]: got segment lb1
[INFO] [1717597058.874588657] [robot_state_publisher]: got segment lb2
[INFO] [1717597058.874619562] [robot_state_publisher]: got segment lb3
[INFO] [1717597058.874649689] [robot_state_publisher]: got segment lbfoot
[INFO] [1717597058.874681353] [robot_state_publisher]: got segment lf1
[INFO] [1717597058.874742255] [robot_state_publisher]: got segment lf2
[INFO] [1717597058.874774604] [robot_state_publisher]: got segment lf3
[INFO] [1717597058.874806212] [robot_state_publisher]: got segment lffoot
[INFO] [1717597058.874837246] [robot_state_publisher]: got segment lidar_link
[INFO] [1717597058.874866484] [robot_state_publisher]: got segment lpb1
[INFO] [1717597058.874975678] [robot_state_publisher]: got segment lpb2
[INFO] [1717597058.875010657] [robot_state_publisher]: got segment lpf1
[INFO] [1717597058.875042413] [robot_state_publisher]: got segment lpf2
[INFO] [1717597058.875076262] [robot_state_publisher]: got segment rb1
[INFO] [1717597058.875105796] [robot_state_publisher]: got segment rb2
[INFO] [1717597058.875134386] [robot_state_publisher]: got segment rb3
[INFO] [1717597058.875164143] [robot_state_publisher]: got segment rbfoot
[INFO] [1717597058.875194862] [robot_state_publisher]: got segment rf1
[INFO] [1717597058.875223749] [robot_state_publisher]: got segment rf2
[INFO] [1717597058.875304705] [robot_state_publisher]: got segment rf3
[INFO] [1717597058.875342423] [robot_state_publisher]: got segment rffoot
[INFO] [1717597058.875371606] [robot_state_publisher]: got segment rpb1
[INFO] [1717597058.875401140] [robot_state_publisher]: got segment rpb2
[INFO] [1717597058.875430230] [robot_state_publisher]: got segment rpf1
[INFO] [1717597058.875459394] [robot_state_publisher]: got segment rpf2
[INFO] [1717597058.875488281] [robot_state_publisher]: got segment yellow_plate
[INFO] [1717597293.507313657] [rclcpp]: signal_handler(signum=2)
