[INFO] [1717408867.381753202] [robot_state_publisher]: got segment base_inertia
[INFO] [1717408867.385750496] [robot_state_publisher]: got segment base_link
[INFO] [1717408867.385839376] [robot_state_publisher]: got segment imu_link
[INFO] [1717408867.385880008] [robot_state_publisher]: got segment lb1
[INFO] [1717408867.388990950] [robot_state_publisher]: got segment lb2
[INFO] [1717408867.389089817] [robot_state_publisher]: got segment lb3
[INFO] [1717408867.389132246] [robot_state_publisher]: got segment lbfoot
[INFO] [1717408867.389166987] [robot_state_publisher]: got segment lf1
[INFO] [1717408867.389198188] [robot_state_publisher]: got segment lf2
[INFO] [1717408867.389228056] [robot_state_publisher]: got segment lf3
[INFO] [1717408867.403476340] [robot_state_publisher]: got segment lffoot
[INFO] [1717408867.403578264] [robot_state_publisher]: got segment lidar_link
[INFO] [1717408867.403617044] [robot_state_publisher]: got segment lpb1
[INFO] [1717408867.403649987] [robot_state_publisher]: got segment lpb2
[INFO] [1717408867.403679891] [robot_state_publisher]: got segment lpf1
[INFO] [1717408867.403709073] [robot_state_publisher]: got segment lpf2
[INFO] [1717408867.403738385] [robot_state_publisher]: got segment rb1
[INFO] [1717408867.403768308] [robot_state_publisher]: got segment rb2
[INFO] [1717408867.415078760] [robot_state_publisher]: got segment rb3
[INFO] [1717408867.415180054] [robot_state_publisher]: got segment rbfoot
[INFO] [1717408867.415223854] [robot_state_publisher]: got segment rf1
[INFO] [1717408867.415256946] [robot_state_publisher]: got segment rf2
[INFO] [1717408867.415398742] [robot_state_publisher]: got segment rf3
[INFO] [1717408867.415443228] [robot_state_publisher]: got segment rffoot
[INFO] [1717408867.415479859] [robot_state_publisher]: got segment rpb1
[INFO] [1717408867.415511746] [robot_state_publisher]: got segment rpb2
[INFO] [1717408867.415732694] [robot_state_publisher]: got segment rpf1
[INFO] [1717408867.415785963] [robot_state_publisher]: got segment rpf2
[INFO] [1717408867.415821593] [robot_state_publisher]: got segment yellow_plate
[INFO] [1717408885.892373185] [rclcpp]: signal_handler(signum=2)
