[INFO] [1717402798.086030138] [robot_state_publisher]: got segment base_inertia
[INFO] [1717402798.091574887] [robot_state_publisher]: got segment base_link
[INFO] [1717402798.098221020] [robot_state_publisher]: got segment imu_link
[INFO] [1717402798.098325387] [robot_state_publisher]: got segment lb1
[INFO] [1717402798.098360084] [robot_state_publisher]: got segment lb2
[INFO] [1717402798.098392133] [robot_state_publisher]: got segment lb3
[INFO] [1717402798.098419405] [robot_state_publisher]: got segment lbfoot
[INFO] [1717402798.098446751] [robot_state_publisher]: got segment lf1
[INFO] [1717402798.098473542] [robot_state_publisher]: got segment lf2
[INFO] [1717402798.098499889] [robot_state_publisher]: got segment lf3
[INFO] [1717402798.098528012] [robot_state_publisher]: got segment lffoot
[INFO] [1717402798.098558451] [robot_state_publisher]: got segment lidar_link
[INFO] [1717402798.098584093] [robot_state_publisher]: got segment lpb1
[INFO] [1717402798.098608996] [robot_state_publisher]: got segment lpb2
[INFO] [1717402798.098637990] [robot_state_publisher]: got segment lpf1
[INFO] [1717402798.104429391] [robot_state_publisher]: got segment lpf2
[INFO] [1717402798.104540072] [robot_state_publisher]: got segment rb1
[INFO] [1717402798.104575991] [robot_state_publisher]: got segment rb2
[INFO] [1717402798.104605337] [robot_state_publisher]: got segment rb3
[INFO] [1717402798.104632886] [robot_state_publisher]: got segment rbfoot
[INFO] [1717402798.104660288] [robot_state_publisher]: got segment rf1
[INFO] [1717402798.104686801] [robot_state_publisher]: got segment rf2
[INFO] [1717402798.104712574] [robot_state_publisher]: got segment rf3
[INFO] [1717402798.108626454] [robot_state_publisher]: got segment rffoot
[INFO] [1717402798.108767240] [robot_state_publisher]: got segment rpb1
[INFO] [1717402798.108810416] [robot_state_publisher]: got segment rpb2
[INFO] [1717402798.108838892] [robot_state_publisher]: got segment rpf1
[INFO] [1717402798.108866497] [robot_state_publisher]: got segment rpf2
[INFO] [1717402798.108892492] [robot_state_publisher]: got segment yellow_plate
[INFO] [1717402803.724361496] [rclcpp]: signal_handler(signum=2)
