[INFO] [1733792620.698910974] [robot_state_publisher]: got segment Board_PCB
[INFO] [1733792620.710305207] [robot_state_publisher]: got segment Board_connectors_1
[INFO] [1733792620.710462447] [robot_state_publisher]: got segment Board_connectors_2
[INFO] [1733792620.710508298] [robot_state_publisher]: got segment Body_front
[INFO] [1733792620.710544206] [robot_state_publisher]: got segment Shell_Side
[INFO] [1733792620.710577983] [robot_state_publisher]: got segment base_inertia
[INFO] [1733792620.710609409] [robot_state_publisher]: got segment base_link
[INFO] [1733792620.710640131] [robot_state_publisher]: got segment imu_link
[INFO] [1733792620.710886462] [robot_state_publisher]: got segment lb1
[INFO] [1733792620.711004906] [robot_state_publisher]: got segment lb2
[INFO] [1733792620.711057387] [robot_state_publisher]: got segment lb3
[INFO] [1733792620.711094572] [robot_state_publisher]: got segment lbfoot
[INFO] [1733792620.711127257] [robot_state_publisher]: got segment lf1
[INFO] [1733792620.711159775] [robot_state_publisher]: got segment lf2
[INFO] [1733792620.711190812] [robot_state_publisher]: got segment lf3
[INFO] [1733792620.711220719] [robot_state_publisher]: got segment lffoot
[INFO] [1733792620.711251256] [robot_state_publisher]: got segment lidar_link
[INFO] [1733792620.711283145] [robot_state_publisher]: got segment lpb1
[INFO] [1733792620.711613661] [robot_state_publisher]: got segment lpb2
[INFO] [1733792620.711662901] [robot_state_publisher]: got segment lpf1
[INFO] [1733792620.711705216] [robot_state_publisher]: got segment lpf2
[INFO] [1733792620.711738049] [robot_state_publisher]: got segment rb1
[INFO] [1733792620.711768197] [robot_state_publisher]: got segment rb2
[INFO] [1733792620.711797215] [robot_state_publisher]: got segment rb3
[INFO] [1733792620.711826141] [robot_state_publisher]: got segment rbfoot
[INFO] [1733792620.712195934] [robot_state_publisher]: got segment rf1
[INFO] [1733792620.712247045] [robot_state_publisher]: got segment rf2
[INFO] [1733792620.712282786] [robot_state_publisher]: got segment rf3
[INFO] [1733792620.712324600] [robot_state_publisher]: got segment rffoot
[INFO] [1733792620.712357396] [robot_state_publisher]: got segment rpb1
[INFO] [1733792620.712596321] [robot_state_publisher]: got segment rpb2
[INFO] [1733792620.712814800] [robot_state_publisher]: got segment rpf1
[INFO] [1733792620.712870356] [robot_state_publisher]: got segment rpf2
[INFO] [1733792827.010222555] [rclcpp]: signal_handler(signum=2)
