[INFO] [1733789911.554675665] [robot_state_publisher]: got segment Board_PCB
[INFO] [1733789911.562540816] [robot_state_publisher]: got segment Board_connectors_1
[INFO] [1733789911.562732537] [robot_state_publisher]: got segment Board_connectors_2
[INFO] [1733789911.562782926] [robot_state_publisher]: got segment Body_front
[INFO] [1733789911.562815315] [robot_state_publisher]: got segment Shell_Side
[INFO] [1733789911.562847277] [robot_state_publisher]: got segment base_inertia
[INFO] [1733789911.562878925] [robot_state_publisher]: got segment base_link
[INFO] [1733789911.562909555] [robot_state_publisher]: got segment imu_link
[INFO] [1733789911.562942017] [robot_state_publisher]: got segment lb1
[INFO] [1733789911.562972388] [robot_state_publisher]: got segment lb2
[INFO] [1733789911.563002443] [robot_state_publisher]: got segment lb3
[INFO] [1733789911.563032054] [robot_state_publisher]: got segment lbfoot
[INFO] [1733789911.563062387] [robot_state_publisher]: got segment lf1
[INFO] [1733789911.563093276] [robot_state_publisher]: got segment lf2
[INFO] [1733789911.563122646] [robot_state_publisher]: got segment lf3
[INFO] [1733789911.563152386] [robot_state_publisher]: got segment lffoot
[INFO] [1733789911.563181905] [robot_state_publisher]: got segment lidar_link
[INFO] [1733789911.563210664] [robot_state_publisher]: got segment lpb1
[INFO] [1733789911.563239738] [robot_state_publisher]: got segment lpb2
[INFO] [1733789911.563268775] [robot_state_publisher]: got segment lpf1
[INFO] [1733789911.563297089] [robot_state_publisher]: got segment lpf2
[INFO] [1733789911.563326385] [robot_state_publisher]: got segment rb1
[INFO] [1733789911.563356311] [robot_state_publisher]: got segment rb2
[INFO] [1733789911.563385385] [robot_state_publisher]: got segment rb3
[INFO] [1733789911.563414218] [robot_state_publisher]: got segment rbfoot
[INFO] [1733789911.563445477] [robot_state_publisher]: got segment rf1
[INFO] [1733789911.563475921] [robot_state_publisher]: got segment rf2
[INFO] [1733789911.563505717] [robot_state_publisher]: got segment rf3
[INFO] [1733789911.563534328] [robot_state_publisher]: got segment rffoot
[INFO] [1733789911.563564273] [robot_state_publisher]: got segment rpb1
[INFO] [1733789911.563593754] [robot_state_publisher]: got segment rpb2
[INFO] [1733789911.563623087] [robot_state_publisher]: got segment rpf1
[INFO] [1733789911.563652161] [robot_state_publisher]: got segment rpf2
[INFO] [1733789919.827213994] [rclcpp]: signal_handler(signum=2)
