[INFO] [1717408172.139836306] [robot_state_publisher]: got segment base_inertia
[INFO] [1717408172.140792112] [robot_state_publisher]: got segment base_link
[INFO] [1717408172.141006381] [robot_state_publisher]: got segment imu_link
[INFO] [1717408172.141064170] [robot_state_publisher]: got segment lb1
[INFO] [1717408172.141099666] [robot_state_publisher]: got segment lb2
[INFO] [1717408172.141141883] [robot_state_publisher]: got segment lb3
[INFO] [1717408172.141177823] [robot_state_publisher]: got segment lbfoot
[INFO] [1717408172.141211189] [robot_state_publisher]: got segment lf1
[INFO] [1717408172.141243703] [robot_state_publisher]: got segment lf2
[INFO] [1717408172.141273255] [robot_state_publisher]: got segment lf3
[INFO] [1717408172.141303085] [robot_state_publisher]: got segment lffoot
[INFO] [1717408172.141333414] [robot_state_publisher]: got segment lidar_link
[INFO] [1717408172.141489746] [robot_state_publisher]: got segment lpb1
[INFO] [1717408172.141564644] [robot_state_publisher]: got segment lpb2
[INFO] [1717408172.141615694] [robot_state_publisher]: got segment lpf1
[INFO] [1717408172.141669872] [robot_state_publisher]: got segment lpf2
[INFO] [1717408172.141704108] [robot_state_publisher]: got segment rb1
[INFO] [1717408172.141736697] [robot_state_publisher]: got segment rb2
[INFO] [1717408172.141794208] [robot_state_publisher]: got segment rb3
[INFO] [1717408172.141856608] [robot_state_publisher]: got segment rbfoot
[INFO] [1717408172.141889511] [robot_state_publisher]: got segment rf1
[INFO] [1717408172.141921322] [robot_state_publisher]: got segment rf2
[INFO] [1717408172.141950392] [robot_state_publisher]: got segment rf3
[INFO] [1717408172.141979426] [robot_state_publisher]: got segment rffoot
[INFO] [1717408172.142041177] [robot_state_publisher]: got segment rpb1
[INFO] [1717408172.142093059] [robot_state_publisher]: got segment rpb2
[INFO] [1717408172.142136536] [robot_state_publisher]: got segment rpf1
[INFO] [1717408172.142168717] [robot_state_publisher]: got segment rpf2
[INFO] [1717408172.142219636] [robot_state_publisher]: got segment yellow_plate
[INFO] [1717408234.161713004] [rclcpp]: signal_handler(signum=2)
