[INFO] [1728084113.081064638] [robot_state_publisher]: got segment Board_PCB
[INFO] [1728084113.082192107] [robot_state_publisher]: got segment Board_connectors_1
[INFO] [1728084113.082561603] [robot_state_publisher]: got segment Board_connectors_2
[INFO] [1728084113.082669712] [robot_state_publisher]: got segment Body_front
[INFO] [1728084113.082761508] [robot_state_publisher]: got segment Shell_Side
[INFO] [1728084113.082797266] [robot_state_publisher]: got segment base_inertia
[INFO] [1728084113.082829229] [robot_state_publisher]: got segment base_link
[INFO] [1728084113.082859858] [robot_state_publisher]: got segment imu_link
[INFO] [1728084113.082889506] [robot_state_publisher]: got segment lb1
[INFO] [1728084113.083262613] [robot_state_publisher]: got segment lb2
[INFO] [1728084113.083319242] [robot_state_publisher]: got segment lb3
[INFO] [1728084113.083353612] [robot_state_publisher]: got segment lbfoot
[INFO] [1728084113.083385204] [robot_state_publisher]: got segment lf1
[INFO] [1728084113.083415000] [robot_state_publisher]: got segment lf2
[INFO] [1728084113.083444537] [robot_state_publisher]: got segment lf3
[INFO] [1728084113.083473685] [robot_state_publisher]: got segment lffoot
[INFO] [1728084113.083504184] [robot_state_publisher]: got segment lidar_link
[INFO] [1728084113.083533665] [robot_state_publisher]: got segment lpb1
[INFO] [1728084113.083751811] [robot_state_publisher]: got segment lpb2
[INFO] [1728084113.083973197] [robot_state_publisher]: got segment lpf1
[INFO] [1728084113.084039326] [robot_state_publisher]: got segment lpf2
[INFO] [1728084113.084075937] [robot_state_publisher]: got segment rb1
[INFO] [1728084113.084106640] [robot_state_publisher]: got segment rb2
[INFO] [1728084113.084137047] [robot_state_publisher]: got segment rb3
[INFO] [1728084113.084308842] [robot_state_publisher]: got segment rbfoot
[INFO] [1728084113.084436970] [robot_state_publisher]: got segment rf1
[INFO] [1728084113.084478117] [robot_state_publisher]: got segment rf2
[INFO] [1728084113.084520080] [robot_state_publisher]: got segment rf3
[INFO] [1728084113.084556209] [robot_state_publisher]: got segment rffoot
[INFO] [1728084113.084592098] [robot_state_publisher]: got segment rpb1
[INFO] [1728084113.084623319] [robot_state_publisher]: got segment rpb2
[INFO] [1728084113.084654930] [robot_state_publisher]: got segment rpf1
[INFO] [1728084113.084684967] [robot_state_publisher]: got segment rpf2
[INFO] [1728084309.937033063] [rclcpp]: signal_handler(signum=2)
