[INFO] [1717408477.133766338] [robot_state_publisher]: got segment base_inertia
[INFO] [1717408477.134431505] [robot_state_publisher]: got segment base_link
[INFO] [1717408477.134805570] [robot_state_publisher]: got segment imu_link
[INFO] [1717408477.134866261] [robot_state_publisher]: got segment lb1
[INFO] [1717408477.134907640] [robot_state_publisher]: got segment lb2
[INFO] [1717408477.134939781] [robot_state_publisher]: got segment lb3
[INFO] [1717408477.134973922] [robot_state_publisher]: got segment lbfoot
[INFO] [1717408477.135005674] [robot_state_publisher]: got segment lf1
[INFO] [1717408477.135035242] [robot_state_publisher]: got segment lf2
[INFO] [1717408477.135065291] [robot_state_publisher]: got segment lf3
[INFO] [1717408477.135095303] [robot_state_publisher]: got segment lffoot
[INFO] [1717408477.135124611] [robot_state_publisher]: got segment lidar_link
[INFO] [1717408477.135318568] [robot_state_publisher]: got segment lpb1
[INFO] [1717408477.135503712] [robot_state_publisher]: got segment lpb2
[INFO] [1717408477.135541445] [robot_state_publisher]: got segment lpf1
[INFO] [1717408477.135571771] [robot_state_publisher]: got segment lpf2
[INFO] [1717408477.135601042] [robot_state_publisher]: got segment rb1
[INFO] [1717408477.135630147] [robot_state_publisher]: got segment rb2
[INFO] [1717408477.135661622] [robot_state_publisher]: got segment rb3
[INFO] [1717408477.135690504] [robot_state_publisher]: got segment rbfoot
[INFO] [1717408477.135719516] [robot_state_publisher]: got segment rf1
[INFO] [1717408477.135874556] [robot_state_publisher]: got segment rf2
[INFO] [1717408477.136053387] [robot_state_publisher]: got segment rf3
[INFO] [1717408477.136093785] [robot_state_publisher]: got segment rffoot
[INFO] [1717408477.136129055] [robot_state_publisher]: got segment rpb1
[INFO] [1717408477.136160122] [robot_state_publisher]: got segment rpb2
[INFO] [1717408477.136190264] [robot_state_publisher]: got segment rpf1
[INFO] [1717408477.136219035] [robot_state_publisher]: got segment rpf2
[INFO] [1717408477.136248677] [robot_state_publisher]: got segment yellow_plate
[INFO] [1717408494.367102151] [rclcpp]: signal_handler(signum=2)
