[INFO] [1733520504.493198158] [robot_state_publisher]: got segment Board_PCB
[INFO] [1733520504.504148552] [robot_state_publisher]: got segment Board_connectors_1
[INFO] [1733520504.517983798] [robot_state_publisher]: got segment Board_connectors_2
[INFO] [1733520504.527599895] [robot_state_publisher]: got segment Body_front
[INFO] [1733520504.527668061] [robot_state_publisher]: got segment Shell_Side
[INFO] [1733520504.527704153] [robot_state_publisher]: got segment base_inertia
[INFO] [1733520504.527736615] [robot_state_publisher]: got segment base_link
[INFO] [1733520504.532968473] [robot_state_publisher]: got segment imu_link
[INFO] [1733520504.534381140] [robot_state_publisher]: got segment lb1
[INFO] [1733520504.535923935] [robot_state_publisher]: got segment lb2
[INFO] [1733520504.538077721] [robot_state_publisher]: got segment lb3
[INFO] [1733520504.540065047] [robot_state_publisher]: got segment lbfoot
[INFO] [1733520504.540204008] [robot_state_publisher]: got segment lf1
[INFO] [1733520504.540276082] [robot_state_publisher]: got segment lf2
[INFO] [1733520504.540319914] [robot_state_publisher]: got segment lf3
[INFO] [1733520504.540351025] [robot_state_publisher]: got segment lffoot
[INFO] [1733520504.540381339] [robot_state_publisher]: got segment lidar_link
[INFO] [1733520504.544213789] [robot_state_publisher]: got segment lpb1
[INFO] [1733520504.544348584] [robot_state_publisher]: got segment lpb2
[INFO] [1733520504.544388065] [robot_state_publisher]: got segment lpf1
[INFO] [1733520504.544421379] [robot_state_publisher]: got segment lpf2
[INFO] [1733520504.544453490] [robot_state_publisher]: got segment rb1
[INFO] [1733520504.544483008] [robot_state_publisher]: got segment rb2
[INFO] [1733520504.544513786] [robot_state_publisher]: got segment rb3
[INFO] [1733520504.544544544] [robot_state_publisher]: got segment rbfoot
[INFO] [1733520504.544575748] [robot_state_publisher]: got segment rf1
[INFO] [1733520504.544605433] [robot_state_publisher]: got segment rf2
[INFO] [1733520504.544635451] [robot_state_publisher]: got segment rf3
[INFO] [1733520504.544664450] [robot_state_publisher]: got segment rffoot
[INFO] [1733520504.544694820] [robot_state_publisher]: got segment rpb1
[INFO] [1733520504.544726727] [robot_state_publisher]: got segment rpb2
[INFO] [1733520504.544755412] [robot_state_publisher]: got segment rpf1
[INFO] [1733520504.544784689] [robot_state_publisher]: got segment rpf2
[INFO] [1733520580.146156721] [rclcpp]: signal_handler(signum=2)
