[INFO] [1731020952.579438868] [robot_state_publisher]: got segment Board_PCB
[INFO] [1731020952.580093704] [robot_state_publisher]: got segment Board_connectors_1
[INFO] [1731020952.580221831] [robot_state_publisher]: got segment Board_connectors_2
[INFO] [1731020952.580258385] [robot_state_publisher]: got segment Body_front
[INFO] [1731020952.580288570] [robot_state_publisher]: got segment Shell_Side
[INFO] [1731020952.580317662] [robot_state_publisher]: got segment base_inertia
[INFO] [1731020952.580347179] [robot_state_publisher]: got segment base_link
[INFO] [1731020952.580376123] [robot_state_publisher]: got segment imu_link
[INFO] [1731020952.580423992] [robot_state_publisher]: got segment lb1
[INFO] [1731020952.580459288] [robot_state_publisher]: got segment lb2
[INFO] [1731020952.580503639] [robot_state_publisher]: got segment lb3
[INFO] [1731020952.580546138] [robot_state_publisher]: got segment lbfoot
[INFO] [1731020952.580589322] [robot_state_publisher]: got segment lf1
[INFO] [1731020952.580623228] [robot_state_publisher]: got segment lf2
[INFO] [1731020952.580668246] [robot_state_publisher]: got segment lf3
[INFO] [1731020952.580701171] [robot_state_publisher]: got segment lffoot
[INFO] [1731020952.580730559] [robot_state_publisher]: got segment lidar_link
[INFO] [1731020952.580769688] [robot_state_publisher]: got segment lpb1
[INFO] [1731020952.580802761] [robot_state_publisher]: got segment lpb2
[INFO] [1731020952.580832075] [robot_state_publisher]: got segment lpf1
[INFO] [1731020952.580860963] [robot_state_publisher]: got segment lpf2
[INFO] [1731020952.580889870] [robot_state_publisher]: got segment rb1
[INFO] [1731020952.580918740] [robot_state_publisher]: got segment rb2
[INFO] [1731020952.580947980] [robot_state_publisher]: got segment rb3
[INFO] [1731020952.580977812] [robot_state_publisher]: got segment rbfoot
[INFO] [1731020952.581023645] [robot_state_publisher]: got segment rf1
[INFO] [1731020952.581058459] [robot_state_publisher]: got segment rf2
[INFO] [1731020952.581101828] [robot_state_publisher]: got segment rf3
[INFO] [1731020952.581144345] [robot_state_publisher]: got segment rffoot
[INFO] [1731020952.581188252] [robot_state_publisher]: got segment rpb1
[INFO] [1731020952.581222603] [robot_state_publisher]: got segment rpb2
[INFO] [1731020952.581710739] [robot_state_publisher]: got segment rpf1
[INFO] [1731020952.581765960] [robot_state_publisher]: got segment rpf2
[INFO] [1731021519.408952107] [rclcpp]: signal_handler(signum=2)
