[INFO] [1717408512.083557111] [robot_state_publisher]: got segment base_inertia
[INFO] [1717408512.087830599] [robot_state_publisher]: got segment base_link
[INFO] [1717408512.087979956] [robot_state_publisher]: got segment imu_link
[INFO] [1717408512.088022429] [robot_state_publisher]: got segment lb1
[INFO] [1717408512.088055181] [robot_state_publisher]: got segment lb2
[INFO] [1717408512.088085971] [robot_state_publisher]: got segment lb3
[INFO] [1717408512.088117168] [robot_state_publisher]: got segment lbfoot
[INFO] [1717408512.088184117] [robot_state_publisher]: got segment lf1
[INFO] [1717408512.088243512] [robot_state_publisher]: got segment lf2
[INFO] [1717408512.088296056] [robot_state_publisher]: got segment lf3
[INFO] [1717408512.088345120] [robot_state_publisher]: got segment lffoot
[INFO] [1717408512.088377780] [robot_state_publisher]: got segment lidar_link
[INFO] [1717408512.088914759] [robot_state_publisher]: got segment lpb1
[INFO] [1717408512.088992095] [robot_state_publisher]: got segment lpb2
[INFO] [1717408512.089573527] [robot_state_publisher]: got segment lpf1
[INFO] [1717408512.089690429] [robot_state_publisher]: got segment lpf2
[INFO] [1717408512.089730235] [robot_state_publisher]: got segment rb1
[INFO] [1717408512.089763636] [robot_state_publisher]: got segment rb2
[INFO] [1717408512.091817721] [robot_state_publisher]: got segment rb3
[INFO] [1717408512.091965023] [robot_state_publisher]: got segment rbfoot
[INFO] [1717408512.092070890] [robot_state_publisher]: got segment rf1
[INFO] [1717408512.092122249] [robot_state_publisher]: got segment rf2
[INFO] [1717408512.092158630] [robot_state_publisher]: got segment rf3
[INFO] [1717408512.092926154] [robot_state_publisher]: got segment rffoot
[INFO] [1717408512.094427152] [robot_state_publisher]: got segment rpb1
[INFO] [1717408512.094732106] [robot_state_publisher]: got segment rpb2
[INFO] [1717408512.094797240] [robot_state_publisher]: got segment rpf1
[INFO] [1717408512.094833918] [robot_state_publisher]: got segment rpf2
[INFO] [1717408512.094867633] [robot_state_publisher]: got segment yellow_plate
[INFO] [1717408528.644307961] [rclcpp]: signal_handler(signum=2)
