[INFO] [1733788105.618644463] [robot_state_publisher]: got segment Board_PCB
[INFO] [1733788105.629045058] [robot_state_publisher]: got segment Board_connectors_1
[INFO] [1733788105.632223999] [robot_state_publisher]: got segment Board_connectors_2
[INFO] [1733788105.632393832] [robot_state_publisher]: got segment Body_front
[INFO] [1733788105.632481479] [robot_state_publisher]: got segment Shell_Side
[INFO] [1733788105.633566472] [robot_state_publisher]: got segment base_inertia
[INFO] [1733788105.633673101] [robot_state_publisher]: got segment base_link
[INFO] [1733788105.634850000] [robot_state_publisher]: got segment imu_link
[INFO] [1733788105.634930814] [robot_state_publisher]: got segment lb1
[INFO] [1733788105.634973166] [robot_state_publisher]: got segment lb2
[INFO] [1733788105.635008703] [robot_state_publisher]: got segment lb3
[INFO] [1733788105.635041888] [robot_state_publisher]: got segment lbfoot
[INFO] [1733788105.636149676] [robot_state_publisher]: got segment lf1
[INFO] [1733788105.636227842] [robot_state_publisher]: got segment lf2
[INFO] [1733788105.636314712] [robot_state_publisher]: got segment lf3
[INFO] [1733788105.638065145] [robot_state_publisher]: got segment lffoot
[INFO] [1733788105.638148163] [robot_state_publisher]: got segment lidar_link
[INFO] [1733788105.638187477] [robot_state_publisher]: got segment lpb1
[INFO] [1733788105.638219403] [robot_state_publisher]: got segment lpb2
[INFO] [1733788105.638249569] [robot_state_publisher]: got segment lpf1
[INFO] [1733788105.638299643] [robot_state_publisher]: got segment lpf2
[INFO] [1733788105.640648627] [robot_state_publisher]: got segment rb1
[INFO] [1733788105.640730478] [robot_state_publisher]: got segment rb2
[INFO] [1733788105.640771385] [robot_state_publisher]: got segment rb3
[INFO] [1733788105.640802848] [robot_state_publisher]: got segment rbfoot
[INFO] [1733788105.640836292] [robot_state_publisher]: got segment rf1
[INFO] [1733788105.640913607] [robot_state_publisher]: got segment rf2
[INFO] [1733788105.641990192] [robot_state_publisher]: got segment rf3
[INFO] [1733788105.642086691] [robot_state_publisher]: got segment rffoot
[INFO] [1733788105.643200221] [robot_state_publisher]: got segment rpb1
[INFO] [1733788105.643350423] [robot_state_publisher]: got segment rpb2
[INFO] [1733788105.643399182] [robot_state_publisher]: got segment rpf1
[INFO] [1733788105.643464108] [robot_state_publisher]: got segment rpf2
[INFO] [1733788116.443693158] [rclcpp]: signal_handler(signum=2)
