[INFO] [1717409730.448849550] [robot_state_publisher]: got segment base_inertia
[INFO] [1717409730.449534458] [robot_state_publisher]: got segment base_link
[INFO] [1717409730.449680361] [robot_state_publisher]: got segment imu_link
[INFO] [1717409730.449728712] [robot_state_publisher]: got segment lb1
[INFO] [1717409730.449764193] [robot_state_publisher]: got segment lb2
[INFO] [1717409730.449799544] [robot_state_publisher]: got segment lb3
[INFO] [1717409730.449875782] [robot_state_publisher]: got segment lbfoot
[INFO] [1717409730.449932725] [robot_state_publisher]: got segment lf1
[INFO] [1717409730.449980631] [robot_state_publisher]: got segment lf2
[INFO] [1717409730.450033445] [robot_state_publisher]: got segment lf3
[INFO] [1717409730.450085703] [robot_state_publisher]: got segment lffoot
[INFO] [1717409730.450123609] [robot_state_publisher]: got segment lidar_link
[INFO] [1717409730.450159682] [robot_state_publisher]: got segment lpb1
[INFO] [1717409730.450190589] [robot_state_publisher]: got segment lpb2
[INFO] [1717409730.450232236] [robot_state_publisher]: got segment lpf1
[INFO] [1717409730.450266568] [robot_state_publisher]: got segment lpf2
[INFO] [1717409730.450598486] [robot_state_publisher]: got segment rb1
[INFO] [1717409730.450659021] [robot_state_publisher]: got segment rb2
[INFO] [1717409730.450696224] [robot_state_publisher]: got segment rb3
[INFO] [1717409730.450746519] [robot_state_publisher]: got segment rbfoot
[INFO] [1717409730.450781166] [robot_state_publisher]: got segment rf1
[INFO] [1717409730.450811739] [robot_state_publisher]: got segment rf2
[INFO] [1717409730.450851664] [robot_state_publisher]: got segment rf3
[INFO] [1717409730.450883423] [robot_state_publisher]: got segment rffoot
[INFO] [1717409730.450912459] [robot_state_publisher]: got segment rpb1
[INFO] [1717409730.450941977] [robot_state_publisher]: got segment rpb2
[INFO] [1717409730.450971365] [robot_state_publisher]: got segment rpf1
[INFO] [1717409730.450999827] [robot_state_publisher]: got segment rpf2
[INFO] [1717409730.451029956] [robot_state_publisher]: got segment yellow_plate
[INFO] [1717410322.130824092] [rclcpp]: signal_handler(signum=2)
