[INFO] [1733786848.952436504] [robot_state_publisher]: got segment Board_PCB
[INFO] [1733786848.956216782] [robot_state_publisher]: got segment Board_connectors_1
[INFO] [1733786848.961914504] [robot_state_publisher]: got segment Board_connectors_2
[INFO] [1733786848.961982374] [robot_state_publisher]: got segment Body_front
[INFO] [1733786848.962018188] [robot_state_publisher]: got segment Shell_Side
[INFO] [1733786848.962053614] [robot_state_publisher]: got segment base_inertia
[INFO] [1733786848.962087706] [robot_state_publisher]: got segment base_link
[INFO] [1733786848.962120261] [robot_state_publisher]: got segment imu_link
[INFO] [1733786848.962152928] [robot_state_publisher]: got segment lb1
[INFO] [1733786848.962183557] [robot_state_publisher]: got segment lb2
[INFO] [1733786848.962213779] [robot_state_publisher]: got segment lb3
[INFO] [1733786848.962245427] [robot_state_publisher]: got segment lbfoot
[INFO] [1733786848.962277130] [robot_state_publisher]: got segment lf1
[INFO] [1733786848.962307852] [robot_state_publisher]: got segment lf2
[INFO] [1733786848.962338315] [robot_state_publisher]: got segment lf3
[INFO] [1733786848.962368037] [robot_state_publisher]: got segment lffoot
[INFO] [1733786848.962399814] [robot_state_publisher]: got segment lidar_link
[INFO] [1733786848.962432906] [robot_state_publisher]: got segment lpb1
[INFO] [1733786848.962468147] [robot_state_publisher]: got segment lpb2
[INFO] [1733786848.962499387] [robot_state_publisher]: got segment lpf1
[INFO] [1733786848.962530257] [robot_state_publisher]: got segment lpf2
[INFO] [1733786848.962561127] [robot_state_publisher]: got segment rb1
[INFO] [1733786848.962593571] [robot_state_publisher]: got segment rb2
[INFO] [1733786848.962623960] [robot_state_publisher]: got segment rb3
[INFO] [1733786848.962655182] [robot_state_publisher]: got segment rbfoot
[INFO] [1733786848.969876000] [robot_state_publisher]: got segment rf1
[INFO] [1733786848.969954888] [robot_state_publisher]: got segment rf2
[INFO] [1733786848.969988203] [robot_state_publisher]: got segment rf3
[INFO] [1733786848.970020332] [robot_state_publisher]: got segment rffoot
[INFO] [1733786848.970051165] [robot_state_publisher]: got segment rpb1
[INFO] [1733786848.970082369] [robot_state_publisher]: got segment rpb2
[INFO] [1733786848.970112035] [robot_state_publisher]: got segment rpf1
[INFO] [1733786848.970142776] [robot_state_publisher]: got segment rpf2
[INFO] [1733786859.457195513] [rclcpp]: signal_handler(signum=2)
