[INFO] [1717407709.108862440] [robot_state_publisher]: got segment base_inertia
[INFO] [1717407709.109390575] [robot_state_publisher]: got segment base_link
[INFO] [1717407709.109505989] [robot_state_publisher]: got segment imu_link
[INFO] [1717407709.109547572] [robot_state_publisher]: got segment lb1
[INFO] [1717407709.109584099] [robot_state_publisher]: got segment lb2
[INFO] [1717407709.109615254] [robot_state_publisher]: got segment lb3
[INFO] [1717407709.109644520] [robot_state_publisher]: got segment lbfoot
[INFO] [1717407709.109674878] [robot_state_publisher]: got segment lf1
[INFO] [1717407709.109704940] [robot_state_publisher]: got segment lf2
[INFO] [1717407709.109733428] [robot_state_publisher]: got segment lf3
[INFO] [1717407709.109762286] [robot_state_publisher]: got segment lffoot
[INFO] [1717407709.109790607] [robot_state_publisher]: got segment lidar_link
[INFO] [1717407709.109819336] [robot_state_publisher]: got segment lpb1
[INFO] [1717407709.109848638] [robot_state_publisher]: got segment lpb2
[INFO] [1717407709.109877145] [robot_state_publisher]: got segment lpf1
[INFO] [1717407709.109906355] [robot_state_publisher]: got segment lpf2
[INFO] [1717407709.109934991] [robot_state_publisher]: got segment rb1
[INFO] [1717407709.109963775] [robot_state_publisher]: got segment rb2
[INFO] [1717407709.109992040] [robot_state_publisher]: got segment rb3
[INFO] [1717407709.110021676] [robot_state_publisher]: got segment rbfoot
[INFO] [1717407709.110049960] [robot_state_publisher]: got segment rf1
[INFO] [1717407709.110079430] [robot_state_publisher]: got segment rf2
[INFO] [1717407709.110109048] [robot_state_publisher]: got segment rf3
[INFO] [1717407709.110138146] [robot_state_publisher]: got segment rffoot
[INFO] [1717407709.110166560] [robot_state_publisher]: got segment rpb1
[INFO] [1717407709.110196159] [robot_state_publisher]: got segment rpb2
[INFO] [1717407709.110224406] [robot_state_publisher]: got segment rpf1
[INFO] [1717407709.110252709] [robot_state_publisher]: got segment rpf2
[INFO] [1717407709.110281493] [robot_state_publisher]: got segment yellow_plate
[INFO] [1717407790.836842197] [rclcpp]: signal_handler(signum=2)
