[INFO] [1717408403.089558508] [robot_state_publisher]: got segment base_inertia
[INFO] [1717408403.090969073] [robot_state_publisher]: got segment base_link
[INFO] [1717408403.091242115] [robot_state_publisher]: got segment imu_link
[INFO] [1717408403.091304339] [robot_state_publisher]: got segment lb1
[INFO] [1717408403.091343459] [robot_state_publisher]: got segment lb2
[INFO] [1717408403.091378802] [robot_state_publisher]: got segment lb3
[INFO] [1717408403.091410275] [robot_state_publisher]: got segment lbfoot
[INFO] [1717408403.091440860] [robot_state_publisher]: got segment lf1
[INFO] [1717408403.091472130] [robot_state_publisher]: got segment lf2
[INFO] [1717408403.091501974] [robot_state_publisher]: got segment lf3
[INFO] [1717408403.091566735] [robot_state_publisher]: got segment lffoot
[INFO] [1717408403.091621943] [robot_state_publisher]: got segment lidar_link
[INFO] [1717408403.091676152] [robot_state_publisher]: got segment lpb1
[INFO] [1717408403.091726065] [robot_state_publisher]: got segment lpb2
[INFO] [1717408403.091931383] [robot_state_publisher]: got segment lpf1
[INFO] [1717408403.091968281] [robot_state_publisher]: got segment lpf2
[INFO] [1717408403.092000180] [robot_state_publisher]: got segment rb1
[INFO] [1717408403.092030839] [robot_state_publisher]: got segment rb2
[INFO] [1717408403.092060831] [robot_state_publisher]: got segment rb3
[INFO] [1717408403.092107560] [robot_state_publisher]: got segment rbfoot
[INFO] [1717408403.092314155] [robot_state_publisher]: got segment rf1
[INFO] [1717408403.092372140] [robot_state_publisher]: got segment rf2
[INFO] [1717408403.092420276] [robot_state_publisher]: got segment rf3
[INFO] [1717408403.092453897] [robot_state_publisher]: got segment rffoot
[INFO] [1717408403.092485371] [robot_state_publisher]: got segment rpb1
[INFO] [1717408403.092516678] [robot_state_publisher]: got segment rpb2
[INFO] [1717408403.092546151] [robot_state_publisher]: got segment rpf1
[INFO] [1717408403.092586326] [robot_state_publisher]: got segment rpf2
[INFO] [1717408403.092621151] [robot_state_publisher]: got segment yellow_plate
[INFO] [1717408422.206458701] [rclcpp]: signal_handler(signum=2)
