[INFO] [1717408904.335200356] [robot_state_publisher]: got segment base_inertia
[INFO] [1717408904.367479600] [robot_state_publisher]: got segment base_link
[INFO] [1717408904.373196434] [robot_state_publisher]: got segment imu_link
[INFO] [1717408904.379548509] [robot_state_publisher]: got segment lb1
[INFO] [1717408904.382285519] [robot_state_publisher]: got segment lb2
[INFO] [1717408904.382816110] [robot_state_publisher]: got segment lb3
[INFO] [1717408904.382943418] [robot_state_publisher]: got segment lbfoot
[INFO] [1717408904.383068114] [robot_state_publisher]: got segment lf1
[INFO] [1717408904.383108555] [robot_state_publisher]: got segment lf2
[INFO] [1717408904.386505965] [robot_state_publisher]: got segment lf3
[INFO] [1717408904.386600353] [robot_state_publisher]: got segment lffoot
[INFO] [1717408904.386643295] [robot_state_publisher]: got segment lidar_link
[INFO] [1717408904.386677401] [robot_state_publisher]: got segment lpb1
[INFO] [1717408904.386708894] [robot_state_publisher]: got segment lpb2
[INFO] [1717408904.386739814] [robot_state_publisher]: got segment lpf1
[INFO] [1717408904.386769510] [robot_state_publisher]: got segment lpf2
[INFO] [1717408904.386799021] [robot_state_publisher]: got segment rb1
[INFO] [1717408904.386829607] [robot_state_publisher]: got segment rb2
[INFO] [1717408904.386860323] [robot_state_publisher]: got segment rb3
[INFO] [1717408904.386892224] [robot_state_publisher]: got segment rbfoot
[INFO] [1717408904.386927626] [robot_state_publisher]: got segment rf1
[INFO] [1717408904.386960157] [robot_state_publisher]: got segment rf2
[INFO] [1717408904.386991428] [robot_state_publisher]: got segment rf3
[INFO] [1717408904.387022737] [robot_state_publisher]: got segment rffoot
[INFO] [1717408904.387054045] [robot_state_publisher]: got segment rpb1
[INFO] [1717408904.387084223] [robot_state_publisher]: got segment rpb2
[INFO] [1717408904.387114364] [robot_state_publisher]: got segment rpf1
[INFO] [1717408904.387143060] [robot_state_publisher]: got segment rpf2
[INFO] [1717408904.387172127] [robot_state_publisher]: got segment yellow_plate
[INFO] [1717408957.688154712] [rclcpp]: signal_handler(signum=2)
