[INFO] [1733787864.966812546] [robot_state_publisher]: got segment Board_PCB
[INFO] [1733787864.978947099] [robot_state_publisher]: got segment Board_connectors_1
[INFO] [1733787864.979145560] [robot_state_publisher]: got segment Board_connectors_2
[INFO] [1733787864.979388150] [robot_state_publisher]: got segment Body_front
[INFO] [1733787864.979484149] [robot_state_publisher]: got segment Shell_Side
[INFO] [1733787864.979520686] [robot_state_publisher]: got segment base_inertia
[INFO] [1733787864.979564278] [robot_state_publisher]: got segment base_link
[INFO] [1733787864.979597760] [robot_state_publisher]: got segment imu_link
[INFO] [1733787864.979628556] [robot_state_publisher]: got segment lb1
[INFO] [1733787864.979658852] [robot_state_publisher]: got segment lb2
[INFO] [1733787864.979688351] [robot_state_publisher]: got segment lb3
[INFO] [1733787864.979718129] [robot_state_publisher]: got segment lbfoot
[INFO] [1733787864.979749054] [robot_state_publisher]: got segment lf1
[INFO] [1733787864.980011941] [robot_state_publisher]: got segment lf2
[INFO] [1733787864.980120644] [robot_state_publisher]: got segment lf3
[INFO] [1733787864.980166643] [robot_state_publisher]: got segment lffoot
[INFO] [1733787864.980203383] [robot_state_publisher]: got segment lidar_link
[INFO] [1733787864.980241105] [robot_state_publisher]: got segment lpb1
[INFO] [1733787864.980273050] [robot_state_publisher]: got segment lpb2
[INFO] [1733787864.980304753] [robot_state_publisher]: got segment lpf1
[INFO] [1733787864.980335067] [robot_state_publisher]: got segment lpf2
[INFO] [1733787864.980365715] [robot_state_publisher]: got segment rb1
[INFO] [1733787864.980395511] [robot_state_publisher]: got segment rb2
[INFO] [1733787864.980626694] [robot_state_publisher]: got segment rb3
[INFO] [1733787864.980712582] [robot_state_publisher]: got segment rbfoot
[INFO] [1733787864.980749101] [robot_state_publisher]: got segment rf1
[INFO] [1733787864.980793804] [robot_state_publisher]: got segment rf2
[INFO] [1733787864.980826044] [robot_state_publisher]: got segment rf3
[INFO] [1733787864.980855340] [robot_state_publisher]: got segment rffoot
[INFO] [1733787864.980884340] [robot_state_publisher]: got segment rpb1
[INFO] [1733787864.980914673] [robot_state_publisher]: got segment rpb2
[INFO] [1733787864.981082672] [robot_state_publisher]: got segment rpf1
[INFO] [1733787864.981310021] [robot_state_publisher]: got segment rpf2
[INFO] [1733787876.474753762] [rclcpp]: signal_handler(signum=2)
