[INFO] [1717408263.230187663] [robot_state_publisher]: got segment base_inertia
[INFO] [1717408263.243454297] [robot_state_publisher]: got segment base_link
[INFO] [1717408263.243659120] [robot_state_publisher]: got segment imu_link
[INFO] [1717408263.243705409] [robot_state_publisher]: got segment lb1
[INFO] [1717408263.243739349] [robot_state_publisher]: got segment lb2
[INFO] [1717408263.243771974] [robot_state_publisher]: got segment lb3
[INFO] [1717408263.243803118] [robot_state_publisher]: got segment lbfoot
[INFO] [1717408263.243835706] [robot_state_publisher]: got segment lf1
[INFO] [1717408263.243865035] [robot_state_publisher]: got segment lf2
[INFO] [1717408263.243895660] [robot_state_publisher]: got segment lf3
[INFO] [1717408263.243925637] [robot_state_publisher]: got segment lffoot
[INFO] [1717408263.243955799] [robot_state_publisher]: got segment lidar_link
[INFO] [1717408263.243986925] [robot_state_publisher]: got segment lpb1
[INFO] [1717408263.244017957] [robot_state_publisher]: got segment lpb2
[INFO] [1717408263.244047675] [robot_state_publisher]: got segment lpf1
[INFO] [1717408263.244078411] [robot_state_publisher]: got segment lpf2
[INFO] [1717408263.244380813] [robot_state_publisher]: got segment rb1
[INFO] [1717408263.244443137] [robot_state_publisher]: got segment rb2
[INFO] [1717408263.244474799] [robot_state_publisher]: got segment rb3
[INFO] [1717408263.244505961] [robot_state_publisher]: got segment rbfoot
[INFO] [1717408263.244536790] [robot_state_publisher]: got segment rf1
[INFO] [1717408263.244566212] [robot_state_publisher]: got segment rf2
[INFO] [1717408263.244595874] [robot_state_publisher]: got segment rf3
[INFO] [1717408263.244624666] [robot_state_publisher]: got segment rffoot
[INFO] [1717408263.244653773] [robot_state_publisher]: got segment rpb1
[INFO] [1717408263.244683806] [robot_state_publisher]: got segment rpb2
[INFO] [1717408263.244713080] [robot_state_publisher]: got segment rpf1
[INFO] [1717408263.244741742] [robot_state_publisher]: got segment rpf2
[INFO] [1717408263.244772275] [robot_state_publisher]: got segment yellow_plate
[INFO] [1717408308.793622651] [rclcpp]: signal_handler(signum=2)
