[INFO] [1733520403.096202278] [robot_state_publisher]: got segment Board_PCB
[INFO] [1733520403.109438471] [robot_state_publisher]: got segment Board_connectors_1
[INFO] [1733520403.109908650] [robot_state_publisher]: got segment Board_connectors_2
[INFO] [1733520403.110050518] [robot_state_publisher]: got segment Body_front
[INFO] [1733520403.110098925] [robot_state_publisher]: got segment Shell_Side
[INFO] [1733520403.110132313] [robot_state_publisher]: got segment base_inertia
[INFO] [1733520403.110548326] [robot_state_publisher]: got segment base_link
[INFO] [1733520403.110601603] [robot_state_publisher]: got segment imu_link
[INFO] [1733520403.110634751] [robot_state_publisher]: got segment lb1
[INFO] [1733520403.110664769] [robot_state_publisher]: got segment lb2
[INFO] [1733520403.110693676] [robot_state_publisher]: got segment lb3
[INFO] [1733520403.110722509] [robot_state_publisher]: got segment lbfoot
[INFO] [1733520403.110751601] [robot_state_publisher]: got segment lf1
[INFO] [1733520403.111120318] [robot_state_publisher]: got segment lf2
[INFO] [1733520403.111191706] [robot_state_publisher]: got segment lf3
[INFO] [1733520403.111227817] [robot_state_publisher]: got segment lffoot
[INFO] [1733520403.111260465] [robot_state_publisher]: got segment lidar_link
[INFO] [1733520403.111289927] [robot_state_publisher]: got segment lpb1
[INFO] [1733520403.111319279] [robot_state_publisher]: got segment lpb2
[INFO] [1733520403.111349445] [robot_state_publisher]: got segment lpf1
[INFO] [1733520403.111378315] [robot_state_publisher]: got segment lpf2
[INFO] [1733520403.111756328] [robot_state_publisher]: got segment rb1
[INFO] [1733520403.111827290] [robot_state_publisher]: got segment rb2
[INFO] [1733520403.111862271] [robot_state_publisher]: got segment rb3
[INFO] [1733520403.111893012] [robot_state_publisher]: got segment rbfoot
[INFO] [1733520403.111923697] [robot_state_publisher]: got segment rf1
[INFO] [1733520403.111952270] [robot_state_publisher]: got segment rf2
[INFO] [1733520403.111981233] [robot_state_publisher]: got segment rf3
[INFO] [1733520403.112009862] [robot_state_publisher]: got segment rffoot
[INFO] [1733520403.112457745] [robot_state_publisher]: got segment rpb1
[INFO] [1733520403.112542929] [robot_state_publisher]: got segment rpb2
[INFO] [1733520403.112574873] [robot_state_publisher]: got segment rpf1
[INFO] [1733520403.112606947] [robot_state_publisher]: got segment rpf2
[INFO] [1733520477.747572890] [rclcpp]: signal_handler(signum=2)
