[INFO] [1733447953.898263269] [robot_state_publisher]: got segment Board_PCB
[INFO] [1733447953.898843985] [robot_state_publisher]: got segment Board_connectors_1
[INFO] [1733447953.898966558] [robot_state_publisher]: got segment Board_connectors_2
[INFO] [1733447953.899005446] [robot_state_publisher]: got segment Body_front
[INFO] [1733447953.899038168] [robot_state_publisher]: got segment Shell_Side
[INFO] [1733447953.899067464] [robot_state_publisher]: got segment base_inertia
[INFO] [1733447953.899098019] [robot_state_publisher]: got segment base_link
[INFO] [1733447953.899127667] [robot_state_publisher]: got segment imu_link
[INFO] [1733447953.899157667] [robot_state_publisher]: got segment lb1
[INFO] [1733447953.899188296] [robot_state_publisher]: got segment lb2
[INFO] [1733447953.899218814] [robot_state_publisher]: got segment lb3
[INFO] [1733447953.899248536] [robot_state_publisher]: got segment lbfoot
[INFO] [1733447953.899278832] [robot_state_publisher]: got segment lf1
[INFO] [1733447953.899309387] [robot_state_publisher]: got segment lf2
[INFO] [1733447953.899343794] [robot_state_publisher]: got segment lf3
[INFO] [1733447953.899373609] [robot_state_publisher]: got segment lffoot
[INFO] [1733447953.899403997] [robot_state_publisher]: got segment lidar_link
[INFO] [1733447953.899434793] [robot_state_publisher]: got segment lpb1
[INFO] [1733447953.899464367] [robot_state_publisher]: got segment lpb2
[INFO] [1733447953.899494052] [robot_state_publisher]: got segment lpf1
[INFO] [1733447953.899523996] [robot_state_publisher]: got segment lpf2
[INFO] [1733447953.899553551] [robot_state_publisher]: got segment rb1
[INFO] [1733447953.899582977] [robot_state_publisher]: got segment rb2
[INFO] [1733447953.899612476] [robot_state_publisher]: got segment rb3
[INFO] [1733447953.899643661] [robot_state_publisher]: got segment rbfoot
[INFO] [1733447953.899673809] [robot_state_publisher]: got segment rf1
[INFO] [1733447953.899703327] [robot_state_publisher]: got segment rf2
[INFO] [1733447953.899732697] [robot_state_publisher]: got segment rf3
[INFO] [1733447953.899762697] [robot_state_publisher]: got segment rffoot
[INFO] [1733447953.899792882] [robot_state_publisher]: got segment rpb1
[INFO] [1733447953.899823289] [robot_state_publisher]: got segment rpb2
[INFO] [1733447953.899853103] [robot_state_publisher]: got segment rpf1
[INFO] [1733447953.899884603] [robot_state_publisher]: got segment rpf2
[INFO] [1733448020.318548970] [rclcpp]: signal_handler(signum=2)
