[INFO] [1717409528.178979281] [robot_state_publisher]: got segment base_inertia
[INFO] [1717409528.179416293] [robot_state_publisher]: got segment base_link
[INFO] [1717409528.179505580] [robot_state_publisher]: got segment imu_link
[INFO] [1717409528.179547928] [robot_state_publisher]: got segment lb1
[INFO] [1717409528.179580073] [robot_state_publisher]: got segment lb2
[INFO] [1717409528.179611070] [robot_state_publisher]: got segment lb3
[INFO] [1717409528.179641752] [robot_state_publisher]: got segment lbfoot
[INFO] [1717409528.179672674] [robot_state_publisher]: got segment lf1
[INFO] [1717409528.179702060] [robot_state_publisher]: got segment lf2
[INFO] [1717409528.179782367] [robot_state_publisher]: got segment lf3
[INFO] [1717409528.179833955] [robot_state_publisher]: got segment lffoot
[INFO] [1717409528.179870229] [robot_state_publisher]: got segment lidar_link
[INFO] [1717409528.179920224] [robot_state_publisher]: got segment lpb1
[INFO] [1717409528.179965923] [robot_state_publisher]: got segment lpb2
[INFO] [1717409528.179996994] [robot_state_publisher]: got segment lpf1
[INFO] [1717409528.180027417] [robot_state_publisher]: got segment lpf2
[INFO] [1717409528.180064191] [robot_state_publisher]: got segment rb1
[INFO] [1717409528.180098002] [robot_state_publisher]: got segment rb2
[INFO] [1717409528.180132258] [robot_state_publisher]: got segment rb3
[INFO] [1717409528.180162774] [robot_state_publisher]: got segment rbfoot
[INFO] [1717409528.180192604] [robot_state_publisher]: got segment rf1
[INFO] [1717409528.180221305] [robot_state_publisher]: got segment rf2
[INFO] [1717409528.180249950] [robot_state_publisher]: got segment rf3
[INFO] [1717409528.180278318] [robot_state_publisher]: got segment rffoot
[INFO] [1717409528.180307333] [robot_state_publisher]: got segment rpb1
[INFO] [1717409528.180370271] [robot_state_publisher]: got segment rpb2
[INFO] [1717409528.180421451] [robot_state_publisher]: got segment rpf1
[INFO] [1717409528.180469761] [robot_state_publisher]: got segment rpf2
[INFO] [1717409528.180519034] [robot_state_publisher]: got segment yellow_plate
[INFO] [1717409532.758958439] [rclcpp]: signal_handler(signum=2)
