[INFO] [1717408985.361267484] [robot_state_publisher]: got segment base_inertia
[INFO] [1717408985.361862761] [robot_state_publisher]: got segment base_link
[INFO] [1717408985.362076690] [robot_state_publisher]: got segment imu_link
[INFO] [1717408985.362192971] [robot_state_publisher]: got segment lb1
[INFO] [1717408985.362234127] [robot_state_publisher]: got segment lb2
[INFO] [1717408985.362267281] [robot_state_publisher]: got segment lb3
[INFO] [1717408985.362298879] [robot_state_publisher]: got segment lbfoot
[INFO] [1717408985.362358576] [robot_state_publisher]: got segment lf1
[INFO] [1717408985.362400898] [robot_state_publisher]: got segment lf2
[INFO] [1717408985.362435646] [robot_state_publisher]: got segment lf3
[INFO] [1717408985.362466207] [robot_state_publisher]: got segment lffoot
[INFO] [1717408985.362498435] [robot_state_publisher]: got segment lidar_link
[INFO] [1717408985.362528867] [robot_state_publisher]: got segment lpb1
[INFO] [1717408985.362558854] [robot_state_publisher]: got segment lpb2
[INFO] [1717408985.362588063] [robot_state_publisher]: got segment lpf1
[INFO] [1717408985.362618216] [robot_state_publisher]: got segment lpf2
[INFO] [1717408985.362647629] [robot_state_publisher]: got segment rb1
[INFO] [1717408985.362677320] [robot_state_publisher]: got segment rb2
[INFO] [1717408985.362706010] [robot_state_publisher]: got segment rb3
[INFO] [1717408985.362736201] [robot_state_publisher]: got segment rbfoot
[INFO] [1717408985.362767022] [robot_state_publisher]: got segment rf1
[INFO] [1717408985.362798361] [robot_state_publisher]: got segment rf2
[INFO] [1717408985.362827014] [robot_state_publisher]: got segment rf3
[INFO] [1717408985.362856057] [robot_state_publisher]: got segment rffoot
[INFO] [1717408985.362885118] [robot_state_publisher]: got segment rpb1
[INFO] [1717408985.362915068] [robot_state_publisher]: got segment rpb2
[INFO] [1717408985.362944777] [robot_state_publisher]: got segment rpf1
[INFO] [1717408985.362974338] [robot_state_publisher]: got segment rpf2
[INFO] [1717408985.363003621] [robot_state_publisher]: got segment yellow_plate
[INFO] [1717408998.073041406] [rclcpp]: signal_handler(signum=2)
