[INFO] [1733792564.374370223] [robot_state_publisher]: got segment Board_PCB
[INFO] [1733792564.383523125] [robot_state_publisher]: got segment Board_connectors_1
[INFO] [1733792564.392615417] [robot_state_publisher]: got segment Board_connectors_2
[INFO] [1733792564.392680694] [robot_state_publisher]: got segment Body_front
[INFO] [1733792564.392714694] [robot_state_publisher]: got segment Shell_Side
[INFO] [1733792564.392745620] [robot_state_publisher]: got segment base_inertia
[INFO] [1733792564.392777102] [robot_state_publisher]: got segment base_link
[INFO] [1733792564.392807213] [robot_state_publisher]: got segment imu_link
[INFO] [1733792564.392836898] [robot_state_publisher]: got segment lb1
[INFO] [1733792564.392865731] [robot_state_publisher]: got segment lb2
[INFO] [1733792564.392894787] [robot_state_publisher]: got segment lb3
[INFO] [1733792564.392924898] [robot_state_publisher]: got segment lbfoot
[INFO] [1733792564.392954657] [robot_state_publisher]: got segment lf1
[INFO] [1733792564.392984787] [robot_state_publisher]: got segment lf2
[INFO] [1733792564.393014027] [robot_state_publisher]: got segment lf3
[INFO] [1733792564.393042398] [robot_state_publisher]: got segment lffoot
[INFO] [1733792564.393071157] [robot_state_publisher]: got segment lidar_link
[INFO] [1733792564.393103768] [robot_state_publisher]: got segment lpb1
[INFO] [1733792564.393133231] [robot_state_publisher]: got segment lpb2
[INFO] [1733792564.393161379] [robot_state_publisher]: got segment lpf1
[INFO] [1733792564.393189027] [robot_state_publisher]: got segment lpf2
[INFO] [1733792564.393216842] [robot_state_publisher]: got segment rb1
[INFO] [1733792564.393245879] [robot_state_publisher]: got segment rb2
[INFO] [1733792564.393273157] [robot_state_publisher]: got segment rb3
[INFO] [1733792564.393301009] [robot_state_publisher]: got segment rbfoot
[INFO] [1733792564.393330712] [robot_state_publisher]: got segment rf1
[INFO] [1733792564.393358842] [robot_state_publisher]: got segment rf2
[INFO] [1733792564.393387249] [robot_state_publisher]: got segment rf3
[INFO] [1733792564.393416138] [robot_state_publisher]: got segment rffoot
[INFO] [1733792564.393445361] [robot_state_publisher]: got segment rpb1
[INFO] [1733792564.393473898] [robot_state_publisher]: got segment rpb2
[INFO] [1733792564.393503360] [robot_state_publisher]: got segment rpf1
[INFO] [1733792564.393531786] [robot_state_publisher]: got segment rpf2
[INFO] [1733792595.473881928] [rclcpp]: signal_handler(signum=2)
