[INFO] [1717409256.125191387] [robot_state_publisher]: got segment base_inertia
[INFO] [1717409256.125886840] [robot_state_publisher]: got segment base_link
[INFO] [1717409256.126078199] [robot_state_publisher]: got segment imu_link
[INFO] [1717409256.126310968] [robot_state_publisher]: got segment lb1
[INFO] [1717409256.126364618] [robot_state_publisher]: got segment lb2
[INFO] [1717409256.126402564] [robot_state_publisher]: got segment lb3
[INFO] [1717409256.126438695] [robot_state_publisher]: got segment lbfoot
[INFO] [1717409256.126471085] [robot_state_publisher]: got segment lf1
[INFO] [1717409256.126502068] [robot_state_publisher]: got segment lf2
[INFO] [1717409256.126532143] [robot_state_publisher]: got segment lf3
[INFO] [1717409256.126564977] [robot_state_publisher]: got segment lffoot
[INFO] [1717409256.127015643] [robot_state_publisher]: got segment lidar_link
[INFO] [1717409256.127069830] [robot_state_publisher]: got segment lpb1
[INFO] [1717409256.127102795] [robot_state_publisher]: got segment lpb2
[INFO] [1717409256.127134018] [robot_state_publisher]: got segment lpf1
[INFO] [1717409256.127163964] [robot_state_publisher]: got segment lpf2
[INFO] [1717409256.127193724] [robot_state_publisher]: got segment rb1
[INFO] [1717409256.127223522] [robot_state_publisher]: got segment rb2
[INFO] [1717409256.127466198] [robot_state_publisher]: got segment rb3
[INFO] [1717409256.127547479] [robot_state_publisher]: got segment rbfoot
[INFO] [1717409256.127726856] [robot_state_publisher]: got segment rf1
[INFO] [1717409256.127775321] [robot_state_publisher]: got segment rf2
[INFO] [1717409256.127807711] [robot_state_publisher]: got segment rf3
[INFO] [1717409256.127838101] [robot_state_publisher]: got segment rffoot
[INFO] [1717409256.127870991] [robot_state_publisher]: got segment rpb1
[INFO] [1717409256.127930679] [robot_state_publisher]: got segment rpb2
[INFO] [1717409256.127983681] [robot_state_publisher]: got segment rpf1
[INFO] [1717409256.128084351] [robot_state_publisher]: got segment rpf2
[INFO] [1717409256.128121982] [robot_state_publisher]: got segment yellow_plate
[INFO] [1717409282.798372122] [rclcpp]: signal_handler(signum=2)
