[INFO] [1733789936.447579564] [robot_state_publisher]: got segment Board_PCB
[INFO] [1733789936.460354165] [robot_state_publisher]: got segment Board_connectors_1
[INFO] [1733789936.460518960] [robot_state_publisher]: got segment Board_connectors_2
[INFO] [1733789936.460573330] [robot_state_publisher]: got segment Body_front
[INFO] [1733789936.460609107] [robot_state_publisher]: got segment Shell_Side
[INFO] [1733789936.460639552] [robot_state_publisher]: got segment base_inertia
[INFO] [1733789936.460669422] [robot_state_publisher]: got segment base_link
[INFO] [1733789936.460698866] [robot_state_publisher]: got segment imu_link
[INFO] [1733789936.460728532] [robot_state_publisher]: got segment lb1
[INFO] [1733789936.460758254] [robot_state_publisher]: got segment lb2
[INFO] [1733789936.460787865] [robot_state_publisher]: got segment lb3
[INFO] [1733789936.460817624] [robot_state_publisher]: got segment lbfoot
[INFO] [1733789936.460847754] [robot_state_publisher]: got segment lf1
[INFO] [1733789936.460877735] [robot_state_publisher]: got segment lf2
[INFO] [1733789936.460908346] [robot_state_publisher]: got segment lf3
[INFO] [1733789936.460939587] [robot_state_publisher]: got segment lffoot
[INFO] [1733789936.460970049] [robot_state_publisher]: got segment lidar_link
[INFO] [1733789936.461002420] [robot_state_publisher]: got segment lpb1
[INFO] [1733789936.461032160] [robot_state_publisher]: got segment lpb2
[INFO] [1733789936.461061382] [robot_state_publisher]: got segment lpf1
[INFO] [1733789936.461090215] [robot_state_publisher]: got segment lpf2
[INFO] [1733789936.461119048] [robot_state_publisher]: got segment rb1
[INFO] [1733789936.461148141] [robot_state_publisher]: got segment rb2
[INFO] [1733789936.461176178] [robot_state_publisher]: got segment rb3
[INFO] [1733789936.461204511] [robot_state_publisher]: got segment rbfoot
[INFO] [1733789936.461233918] [robot_state_publisher]: got segment rf1
[INFO] [1733789936.461262696] [robot_state_publisher]: got segment rf2
[INFO] [1733789936.461291936] [robot_state_publisher]: got segment rf3
[INFO] [1733789936.461321251] [robot_state_publisher]: got segment rffoot
[INFO] [1733789936.461350954] [robot_state_publisher]: got segment rpb1
[INFO] [1733789936.461380121] [robot_state_publisher]: got segment rpb2
[INFO] [1733789936.461409176] [robot_state_publisher]: got segment rpf1
[INFO] [1733789936.461437991] [robot_state_publisher]: got segment rpf2
[INFO] [1733789942.420874375] [rclcpp]: signal_handler(signum=2)
