[INFO] [1717407453.052312227] [robot_state_publisher]: got segment base_inertia
[INFO] [1717407453.055234203] [robot_state_publisher]: got segment base_link
[INFO] [1717407453.055355318] [robot_state_publisher]: got segment imu_link
[INFO] [1717407453.055395060] [robot_state_publisher]: got segment lb1
[INFO] [1717407453.055657956] [robot_state_publisher]: got segment lb2
[INFO] [1717407453.055774127] [robot_state_publisher]: got segment lb3
[INFO] [1717407453.055847518] [robot_state_publisher]: got segment lbfoot
[INFO] [1717407453.055883908] [robot_state_publisher]: got segment lf1
[INFO] [1717407453.055975336] [robot_state_publisher]: got segment lf2
[INFO] [1717407453.056101914] [robot_state_publisher]: got segment lf3
[INFO] [1717407453.056141638] [robot_state_publisher]: got segment lffoot
[INFO] [1717407453.056176361] [robot_state_publisher]: got segment lidar_link
[INFO] [1717407453.056210269] [robot_state_publisher]: got segment lpb1
[INFO] [1717407453.056240289] [robot_state_publisher]: got segment lpb2
[INFO] [1717407453.056270919] [robot_state_publisher]: got segment lpf1
[INFO] [1717407453.056301642] [robot_state_publisher]: got segment lpf2
[INFO] [1717407453.056332051] [robot_state_publisher]: got segment rb1
[INFO] [1717407453.056362163] [robot_state_publisher]: got segment rb2
[INFO] [1717407453.056798805] [robot_state_publisher]: got segment rb3
[INFO] [1717407453.056896641] [robot_state_publisher]: got segment rbfoot
[INFO] [1717407453.056936124] [robot_state_publisher]: got segment rf1
[INFO] [1717407453.056969125] [robot_state_publisher]: got segment rf2
[INFO] [1717407453.056999015] [robot_state_publisher]: got segment rf3
[INFO] [1717407453.057028164] [robot_state_publisher]: got segment rffoot
[INFO] [1717407453.057058498] [robot_state_publisher]: got segment rpb1
[INFO] [1717407453.057091221] [robot_state_publisher]: got segment rpb2
[INFO] [1717407453.057122259] [robot_state_publisher]: got segment rpf1
[INFO] [1717407453.057153149] [robot_state_publisher]: got segment rpf2
[INFO] [1717407453.057182761] [robot_state_publisher]: got segment yellow_plate
[INFO] [1717407694.636583546] [rclcpp]: signal_handler(signum=2)
