[INFO] [1733540990.038883778] [robot_state_publisher]: got segment Board_PCB
[INFO] [1733540990.039639196] [robot_state_publisher]: got segment Board_connectors_1
[INFO] [1733540990.039828434] [robot_state_publisher]: got segment Board_connectors_2
[INFO] [1733540990.039875564] [robot_state_publisher]: got segment Body_front
[INFO] [1733540990.039914211] [robot_state_publisher]: got segment Shell_Side
[INFO] [1733540990.039946711] [robot_state_publisher]: got segment base_inertia
[INFO] [1733540990.039979137] [robot_state_publisher]: got segment base_link
[INFO] [1733540990.040009988] [robot_state_publisher]: got segment imu_link
[INFO] [1733540990.040041654] [robot_state_publisher]: got segment lb1
[INFO] [1733540990.040073487] [robot_state_publisher]: got segment lb2
[INFO] [1733540990.040104968] [robot_state_publisher]: got segment lb3
[INFO] [1733540990.040136635] [robot_state_publisher]: got segment lbfoot
[INFO] [1733540990.040170560] [robot_state_publisher]: got segment lf1
[INFO] [1733540990.040203227] [robot_state_publisher]: got segment lf2
[INFO] [1733540990.040233411] [robot_state_publisher]: got segment lf3
[INFO] [1733540990.040262670] [robot_state_publisher]: got segment lffoot
[INFO] [1733540990.040292578] [robot_state_publisher]: got segment lidar_link
[INFO] [1733540990.040322392] [robot_state_publisher]: got segment lpb1
[INFO] [1733540990.040351373] [robot_state_publisher]: got segment lpb2
[INFO] [1733540990.040380669] [robot_state_publisher]: got segment lpf1
[INFO] [1733540990.040409669] [robot_state_publisher]: got segment lpf2
[INFO] [1733540990.040439891] [robot_state_publisher]: got segment rb1
[INFO] [1733540990.040470835] [robot_state_publisher]: got segment rb2
[INFO] [1733540990.040504001] [robot_state_publisher]: got segment rb3
[INFO] [1733540990.040540871] [robot_state_publisher]: got segment rbfoot
[INFO] [1733540990.040572778] [robot_state_publisher]: got segment rf1
[INFO] [1733540990.040602778] [robot_state_publisher]: got segment rf2
[INFO] [1733540990.040633333] [robot_state_publisher]: got segment rf3
[INFO] [1733540990.040663573] [robot_state_publisher]: got segment rffoot
[INFO] [1733540990.040693981] [robot_state_publisher]: got segment rpb1
[INFO] [1733540990.040723758] [robot_state_publisher]: got segment rpb2
[INFO] [1733540990.040754035] [robot_state_publisher]: got segment rpf1
[INFO] [1733540990.040785331] [robot_state_publisher]: got segment rpf2
[INFO] [1733542170.562958743] [rclcpp]: signal_handler(signum=2)
