[INFO] [1733518380.489075421] [robot_state_publisher]: got segment Board_PCB
[INFO] [1733518380.489711008] [robot_state_publisher]: got segment Board_connectors_1
[INFO] [1733518380.489852914] [robot_state_publisher]: got segment Board_connectors_2
[INFO] [1733518380.489901747] [robot_state_publisher]: got segment Body_front
[INFO] [1733518380.489935469] [robot_state_publisher]: got segment Shell_Side
[INFO] [1733518380.489967228] [robot_state_publisher]: got segment base_inertia
[INFO] [1733518380.489999653] [robot_state_publisher]: got segment base_link
[INFO] [1733518380.490031116] [robot_state_publisher]: got segment imu_link
[INFO] [1733518380.490060857] [robot_state_publisher]: got segment lb1
[INFO] [1733518380.490091023] [robot_state_publisher]: got segment lb2
[INFO] [1733518380.490121819] [robot_state_publisher]: got segment lb3
[INFO] [1733518380.490151189] [robot_state_publisher]: got segment lbfoot
[INFO] [1733518380.490183967] [robot_state_publisher]: got segment lf1
[INFO] [1733518380.490214041] [robot_state_publisher]: got segment lf2
[INFO] [1733518380.490245466] [robot_state_publisher]: got segment lf3
[INFO] [1733518380.490275503] [robot_state_publisher]: got segment lffoot
[INFO] [1733518380.490306614] [robot_state_publisher]: got segment lidar_link
[INFO] [1733518380.490337817] [robot_state_publisher]: got segment lpb1
[INFO] [1733518380.490369169] [robot_state_publisher]: got segment lpb2
[INFO] [1733518380.490399872] [robot_state_publisher]: got segment lpf1
[INFO] [1733518380.490430020] [robot_state_publisher]: got segment lpf2
[INFO] [1733518380.490459501] [robot_state_publisher]: got segment rb1
[INFO] [1733518380.490489816] [robot_state_publisher]: got segment rb2
[INFO] [1733518380.490520631] [robot_state_publisher]: got segment rb3
[INFO] [1733518380.490551130] [robot_state_publisher]: got segment rbfoot
[INFO] [1733518380.490580778] [robot_state_publisher]: got segment rf1
[INFO] [1733518380.490610574] [robot_state_publisher]: got segment rf2
[INFO] [1733518380.490639352] [robot_state_publisher]: got segment rf3
[INFO] [1733518380.490667685] [robot_state_publisher]: got segment rffoot
[INFO] [1733518380.490696592] [robot_state_publisher]: got segment rpb1
[INFO] [1733518380.519930509] [robot_state_publisher]: got segment rpb2
[INFO] [1733518380.520041638] [robot_state_publisher]: got segment rpf1
[INFO] [1733518380.520082934] [robot_state_publisher]: got segment rpf2
[INFO] [1733518439.123390213] [rclcpp]: signal_handler(signum=2)
