[INFO] [1717409445.576096939] [robot_state_publisher]: got segment base_inertia
[INFO] [1717409445.582571156] [robot_state_publisher]: got segment base_link
[INFO] [1717409445.589130205] [robot_state_publisher]: got segment imu_link
[INFO] [1717409445.589230871] [robot_state_publisher]: got segment lb1
[INFO] [1717409445.589268574] [robot_state_publisher]: got segment lb2
[INFO] [1717409445.589303426] [robot_state_publisher]: got segment lb3
[INFO] [1717409445.589464221] [robot_state_publisher]: got segment lbfoot
[INFO] [1717409445.589514516] [robot_state_publisher]: got segment lf1
[INFO] [1717409445.589548868] [robot_state_publisher]: got segment lf2
[INFO] [1717409445.589595867] [robot_state_publisher]: got segment lf3
[INFO] [1717409445.589632126] [robot_state_publisher]: got segment lffoot
[INFO] [1717409445.589732329] [robot_state_publisher]: got segment lidar_link
[INFO] [1717409445.589782255] [robot_state_publisher]: got segment lpb1
[INFO] [1717409445.589970123] [robot_state_publisher]: got segment lpb2
[INFO] [1717409445.590017512] [robot_state_publisher]: got segment lpf1
[INFO] [1717409445.590050326] [robot_state_publisher]: got segment lpf2
[INFO] [1717409445.590080511] [robot_state_publisher]: got segment rb1
[INFO] [1717409445.590110029] [robot_state_publisher]: got segment rb2
[INFO] [1717409445.590140085] [robot_state_publisher]: got segment rb3
[INFO] [1717409445.590172992] [robot_state_publisher]: got segment rbfoot
[INFO] [1717409445.590232565] [robot_state_publisher]: got segment rf1
[INFO] [1717409445.590286102] [robot_state_publisher]: got segment rf2
[INFO] [1717409445.590338805] [robot_state_publisher]: got segment rf3
[INFO] [1717409445.590389453] [robot_state_publisher]: got segment rffoot
[INFO] [1717409445.590440952] [robot_state_publisher]: got segment rpb1
[INFO] [1717409445.590479007] [robot_state_publisher]: got segment rpb2
[INFO] [1717409445.590512025] [robot_state_publisher]: got segment rpf1
[INFO] [1717409445.590541303] [robot_state_publisher]: got segment rpf2
[INFO] [1717409445.593006613] [robot_state_publisher]: got segment yellow_plate
[INFO] [1717409464.589631838] [rclcpp]: signal_handler(signum=2)
