[INFO] [1718697485.953091616] [robot_state_publisher]: got segment Board_PCB
[INFO] [1718697485.956597338] [robot_state_publisher]: got segment Board_connectors_1
[INFO] [1718697485.957314615] [robot_state_publisher]: got segment Board_connectors_2
[INFO] [1718697485.957417004] [robot_state_publisher]: got segment Body_front
[INFO] [1718697485.957458819] [robot_state_publisher]: got segment Shell_Side
[INFO] [1718697485.957491856] [robot_state_publisher]: got segment base_inertia
[INFO] [1718697485.957523523] [robot_state_publisher]: got segment base_link
[INFO] [1718697485.957554597] [robot_state_publisher]: got segment imu_link
[INFO] [1718697485.957584023] [robot_state_publisher]: got segment lb1
[INFO] [1718697485.957632726] [robot_state_publisher]: got segment lb2
[INFO] [1718697485.958606522] [robot_state_publisher]: got segment lb3
[INFO] [1718697485.958664930] [robot_state_publisher]: got segment lbfoot
[INFO] [1718697485.958700059] [robot_state_publisher]: got segment lf1
[INFO] [1718697485.958734393] [robot_state_publisher]: got segment lf2
[INFO] [1718697485.958767448] [robot_state_publisher]: got segment lf3
[INFO] [1718697485.958798004] [robot_state_publisher]: got segment lffoot
[INFO] [1718697485.958828152] [robot_state_publisher]: got segment lidar_link
[INFO] [1718697485.958858633] [robot_state_publisher]: got segment lpb1
[INFO] [1718697485.958889652] [robot_state_publisher]: got segment lpb2
[INFO] [1718697485.959861763] [robot_state_publisher]: got segment lpf1
[INFO] [1718697485.959943818] [robot_state_publisher]: got segment lpf2
[INFO] [1718697485.960009374] [robot_state_publisher]: got segment rb1
[INFO] [1718697485.960045281] [robot_state_publisher]: got segment rb2
[INFO] [1718697485.960075503] [robot_state_publisher]: got segment rb3
[INFO] [1718697485.960105707] [robot_state_publisher]: got segment rbfoot
[INFO] [1718697485.960136281] [robot_state_publisher]: got segment rf1
[INFO] [1718697485.960167966] [robot_state_publisher]: got segment rf2
[INFO] [1718697485.961658614] [robot_state_publisher]: got segment rf3
[INFO] [1718697485.962416984] [robot_state_publisher]: got segment rffoot
[INFO] [1718697485.962480225] [robot_state_publisher]: got segment rpb1
[INFO] [1718697485.962513743] [robot_state_publisher]: got segment rpb2
[INFO] [1718697485.962545836] [robot_state_publisher]: got segment rpf1
[INFO] [1718697485.962575392] [robot_state_publisher]: got segment rpf2
[INFO] [1718697496.369673181] [rclcpp]: signal_handler(signum=2)
