[INFO] [1733792503.738330851] [robot_state_publisher]: got segment Board_PCB
[INFO] [1733792503.738973467] [robot_state_publisher]: got segment Board_connectors_1
[INFO] [1733792503.739099779] [robot_state_publisher]: got segment Board_connectors_2
[INFO] [1733792503.739140649] [robot_state_publisher]: got segment Body_front
[INFO] [1733792503.739175240] [robot_state_publisher]: got segment Shell_Side
[INFO] [1733792503.739206351] [robot_state_publisher]: got segment base_inertia
[INFO] [1733792503.739236832] [robot_state_publisher]: got segment base_link
[INFO] [1733792503.739266461] [robot_state_publisher]: got segment imu_link
[INFO] [1733792503.739295775] [robot_state_publisher]: got segment lb1
[INFO] [1733792503.739324719] [robot_state_publisher]: got segment lb2
[INFO] [1733792503.739353718] [robot_state_publisher]: got segment lb3
[INFO] [1733792503.739384218] [robot_state_publisher]: got segment lbfoot
[INFO] [1733792503.739414698] [robot_state_publisher]: got segment lf1
[INFO] [1733792503.739444809] [robot_state_publisher]: got segment lf2
[INFO] [1733792503.739473882] [robot_state_publisher]: got segment lf3
[INFO] [1733792503.739503123] [robot_state_publisher]: got segment lffoot
[INFO] [1733792503.739531955] [robot_state_publisher]: got segment lidar_link
[INFO] [1733792503.739561121] [robot_state_publisher]: got segment lpb1
[INFO] [1733792503.739591306] [robot_state_publisher]: got segment lpb2
[INFO] [1733792503.739620250] [robot_state_publisher]: got segment lpf1
[INFO] [1733792503.739648749] [robot_state_publisher]: got segment lpf2
[INFO] [1733792503.739677897] [robot_state_publisher]: got segment rb1
[INFO] [1733792503.739707341] [robot_state_publisher]: got segment rb2
[INFO] [1733792503.739735599] [robot_state_publisher]: got segment rb3
[INFO] [1733792503.739764525] [robot_state_publisher]: got segment rbfoot
[INFO] [1733792503.739794042] [robot_state_publisher]: got segment rf1
[INFO] [1733792503.739823227] [robot_state_publisher]: got segment rf2
[INFO] [1733792503.739851726] [robot_state_publisher]: got segment rf3
[INFO] [1733792503.739934280] [robot_state_publisher]: got segment rffoot
[INFO] [1733792503.739965372] [robot_state_publisher]: got segment rpb1
[INFO] [1733792503.739994261] [robot_state_publisher]: got segment rpb2
[INFO] [1733792503.740022871] [robot_state_publisher]: got segment rpf1
[INFO] [1733792503.740052352] [robot_state_publisher]: got segment rpf2
[INFO] [1733792507.981523848] [rclcpp]: signal_handler(signum=2)
