[INFO] [1733787724.044976293] [robot_state_publisher]: got segment Board_PCB
[INFO] [1733787724.046249188] [robot_state_publisher]: got segment Board_connectors_1
[INFO] [1733787724.046423020] [robot_state_publisher]: got segment Board_connectors_2
[INFO] [1733787724.046481056] [robot_state_publisher]: got segment Body_front
[INFO] [1733787724.047421214] [robot_state_publisher]: got segment Shell_Side
[INFO] [1733787724.047534491] [robot_state_publisher]: got segment base_inertia
[INFO] [1733787724.047578120] [robot_state_publisher]: got segment base_link
[INFO] [1733787724.047612509] [robot_state_publisher]: got segment imu_link
[INFO] [1733787724.047643490] [robot_state_publisher]: got segment lb1
[INFO] [1733787724.047674619] [robot_state_publisher]: got segment lb2
[INFO] [1733787724.047704286] [robot_state_publisher]: got segment lb3
[INFO] [1733787724.047734045] [robot_state_publisher]: got segment lbfoot
[INFO] [1733787724.048128504] [robot_state_publisher]: got segment lf1
[INFO] [1733787724.048202614] [robot_state_publisher]: got segment lf2
[INFO] [1733787724.048250688] [robot_state_publisher]: got segment lf3
[INFO] [1733787724.048287669] [robot_state_publisher]: got segment lffoot
[INFO] [1733787724.048319484] [robot_state_publisher]: got segment lidar_link
[INFO] [1733787724.048350946] [robot_state_publisher]: got segment lpb1
[INFO] [1733787724.048579666] [robot_state_publisher]: got segment lpb2
[INFO] [1733787724.049347233] [robot_state_publisher]: got segment lpf1
[INFO] [1733787724.049431973] [robot_state_publisher]: got segment lpf2
[INFO] [1733787724.049474788] [robot_state_publisher]: got segment rb1
[INFO] [1733787724.049508139] [robot_state_publisher]: got segment rb2
[INFO] [1733787724.049538472] [robot_state_publisher]: got segment rb3
[INFO] [1733787724.049568102] [robot_state_publisher]: got segment rbfoot
[INFO] [1733787724.049599805] [robot_state_publisher]: got segment rf1
[INFO] [1733787724.049629749] [robot_state_publisher]: got segment rf2
[INFO] [1733787724.049660323] [robot_state_publisher]: got segment rf3
[INFO] [1733787724.050136448] [robot_state_publisher]: got segment rffoot
[INFO] [1733787724.050215003] [robot_state_publisher]: got segment rpb1
[INFO] [1733787724.050249688] [robot_state_publisher]: got segment rpb2
[INFO] [1733787724.050279651] [robot_state_publisher]: got segment rpf1
[INFO] [1733787724.050308632] [robot_state_publisher]: got segment rpf2
[INFO] [1733787775.132428729] [rclcpp]: signal_handler(signum=2)
