[INFO] [1733787831.846950053] [robot_state_publisher]: got segment Board_PCB
[INFO] [1733787831.857904895] [robot_state_publisher]: got segment Board_connectors_1
[INFO] [1733787831.862167763] [robot_state_publisher]: got segment Board_connectors_2
[INFO] [1733787831.866759035] [robot_state_publisher]: got segment Body_front
[INFO] [1733787831.866842849] [robot_state_publisher]: got segment Shell_Side
[INFO] [1733787831.866876385] [robot_state_publisher]: got segment base_inertia
[INFO] [1733787831.866907996] [robot_state_publisher]: got segment base_link
[INFO] [1733787831.866938144] [robot_state_publisher]: got segment imu_link
[INFO] [1733787831.866967199] [robot_state_publisher]: got segment lb1
[INFO] [1733787831.866995921] [robot_state_publisher]: got segment lb2
[INFO] [1733787831.867024958] [robot_state_publisher]: got segment lb3
[INFO] [1733787831.867054458] [robot_state_publisher]: got segment lbfoot
[INFO] [1733787831.867084420] [robot_state_publisher]: got segment lf1
[INFO] [1733787831.867113550] [robot_state_publisher]: got segment lf2
[INFO] [1733787831.867143105] [robot_state_publisher]: got segment lf3
[INFO] [1733787831.867171012] [robot_state_publisher]: got segment lffoot
[INFO] [1733787831.867199549] [robot_state_publisher]: got segment lidar_link
[INFO] [1733787831.867228512] [robot_state_publisher]: got segment lpb1
[INFO] [1733787831.867257715] [robot_state_publisher]: got segment lpb2
[INFO] [1733787831.867286085] [robot_state_publisher]: got segment lpf1
[INFO] [1733787831.867314381] [robot_state_publisher]: got segment lpf2
[INFO] [1733787831.867342640] [robot_state_publisher]: got segment rb1
[INFO] [1733787831.867372399] [robot_state_publisher]: got segment rb2
[INFO] [1733787831.867401047] [robot_state_publisher]: got segment rb3
[INFO] [1733787831.867429065] [robot_state_publisher]: got segment rbfoot
[INFO] [1733787831.867458936] [robot_state_publisher]: got segment rf1
[INFO] [1733787831.867488102] [robot_state_publisher]: got segment rf2
[INFO] [1733787831.867516009] [robot_state_publisher]: got segment rf3
[INFO] [1733787831.867543916] [robot_state_publisher]: got segment rffoot
[INFO] [1733787831.867573046] [robot_state_publisher]: got segment rpb1
[INFO] [1733787831.867602249] [robot_state_publisher]: got segment rpb2
[INFO] [1733787831.867630027] [robot_state_publisher]: got segment rpf1
[INFO] [1733787831.867657841] [robot_state_publisher]: got segment rpf2
[INFO] [1733787840.740549904] [rclcpp]: signal_handler(signum=2)
