[INFO] [1733793709.896062972] [robot_state_publisher]: got segment Board_PCB
[INFO] [1733793709.897605047] [robot_state_publisher]: got segment Board_connectors_1
[INFO] [1733793709.899497860] [robot_state_publisher]: got segment Board_connectors_2
[INFO] [1733793709.899834819] [robot_state_publisher]: got segment Body_front
[INFO] [1733793709.900136316] [robot_state_publisher]: got segment Shell_Side
[INFO] [1733793709.900189834] [robot_state_publisher]: got segment base_inertia
[INFO] [1733793709.900226278] [robot_state_publisher]: got segment base_link
[INFO] [1733793709.900259370] [robot_state_publisher]: got segment imu_link
[INFO] [1733793709.900291074] [robot_state_publisher]: got segment lb1
[INFO] [1733793709.901504357] [robot_state_publisher]: got segment lb2
[INFO] [1733793709.901551097] [robot_state_publisher]: got segment lb3
[INFO] [1733793709.901582226] [robot_state_publisher]: got segment lbfoot
[INFO] [1733793709.901973166] [robot_state_publisher]: got segment lf1
[INFO] [1733793709.902043277] [robot_state_publisher]: got segment lf2
[INFO] [1733793709.902083110] [robot_state_publisher]: got segment lf3
[INFO] [1733793709.902113628] [robot_state_publisher]: got segment lffoot
[INFO] [1733793709.902143646] [robot_state_publisher]: got segment lidar_link
[INFO] [1733793709.902173053] [robot_state_publisher]: got segment lpb1
[INFO] [1733793709.902203590] [robot_state_publisher]: got segment lpb2
[INFO] [1733793709.902277496] [robot_state_publisher]: got segment lpf1
[INFO] [1733793709.902631585] [robot_state_publisher]: got segment lpf2
[INFO] [1733793709.902678529] [robot_state_publisher]: got segment rb1
[INFO] [1733793709.902712121] [robot_state_publisher]: got segment rb2
[INFO] [1733793709.902742251] [robot_state_publisher]: got segment rb3
[INFO] [1733793709.902771639] [robot_state_publisher]: got segment rbfoot
[INFO] [1733793709.902802602] [robot_state_publisher]: got segment rf1
[INFO] [1733793709.902835009] [robot_state_publisher]: got segment rf2
[INFO] [1733793709.902905304] [robot_state_publisher]: got segment rf3
[INFO] [1733793709.903267671] [robot_state_publisher]: got segment rffoot
[INFO] [1733793709.903312337] [robot_state_publisher]: got segment rpb1
[INFO] [1733793709.904079866] [robot_state_publisher]: got segment rpb2
[INFO] [1733793709.904845894] [robot_state_publisher]: got segment rpf1
[INFO] [1733793709.907211868] [robot_state_publisher]: got segment rpf2
[INFO] [1733793771.584998408] [rclcpp]: signal_handler(signum=2)
