[INFO] [1733520914.495026370] [robot_state_publisher]: got segment Board_PCB
[INFO] [1733520914.496648258] [robot_state_publisher]: got segment Board_connectors_1
[INFO] [1733520914.497670857] [robot_state_publisher]: got segment Board_connectors_2
[INFO] [1733520914.497753338] [robot_state_publisher]: got segment Body_front
[INFO] [1733520914.497803967] [robot_state_publisher]: got segment Shell_Side
[INFO] [1733520914.497849114] [robot_state_publisher]: got segment base_inertia
[INFO] [1733520914.497891188] [robot_state_publisher]: got segment base_link
[INFO] [1733520914.498891602] [robot_state_publisher]: got segment imu_link
[INFO] [1733520914.498972286] [robot_state_publisher]: got segment lb1
[INFO] [1733520914.499019119] [robot_state_publisher]: got segment lb2
[INFO] [1733520914.499057877] [robot_state_publisher]: got segment lb3
[INFO] [1733520914.499095710] [robot_state_publisher]: got segment lbfoot
[INFO] [1733520914.499135006] [robot_state_publisher]: got segment lf1
[INFO] [1733520914.500131290] [robot_state_publisher]: got segment lf2
[INFO] [1733520914.500221586] [robot_state_publisher]: got segment lf3
[INFO] [1733520914.500332436] [robot_state_publisher]: got segment lffoot
[INFO] [1733520914.500382213] [robot_state_publisher]: got segment lidar_link
[INFO] [1733520914.500424342] [robot_state_publisher]: got segment lpb1
[INFO] [1733520914.500465453] [robot_state_publisher]: got segment lpb2
[INFO] [1733520914.501436312] [robot_state_publisher]: got segment lpf1
[INFO] [1733520914.501504644] [robot_state_publisher]: got segment lpf2
[INFO] [1733520914.501544125] [robot_state_publisher]: got segment rb1
[INFO] [1733520914.501583977] [robot_state_publisher]: got segment rb2
[INFO] [1733520914.501621032] [robot_state_publisher]: got segment rb3
[INFO] [1733520914.501666254] [robot_state_publisher]: got segment rbfoot
[INFO] [1733520914.503093885] [robot_state_publisher]: got segment rf1
[INFO] [1733520914.503167810] [robot_state_publisher]: got segment rf2
[INFO] [1733520914.503312623] [robot_state_publisher]: got segment rf3
[INFO] [1733520914.503369511] [robot_state_publisher]: got segment rffoot
[INFO] [1733520914.503411918] [robot_state_publisher]: got segment rpb1
[INFO] [1733520914.503451028] [robot_state_publisher]: got segment rpb2
[INFO] [1733520914.503491343] [robot_state_publisher]: got segment rpf1
[INFO] [1733520914.503938597] [robot_state_publisher]: got segment rpf2
[INFO] [1733520989.811198238] [rclcpp]: signal_handler(signum=2)
