[INFO] [1718696913.141435190] [robot_state_publisher]: got segment base_inertia
[INFO] [1718696913.142098171] [robot_state_publisher]: got segment base_link
[INFO] [1718696913.142283689] [robot_state_publisher]: got segment imu_link
[INFO] [1718696913.142341448] [robot_state_publisher]: got segment lb1
[INFO] [1718696913.142374263] [robot_state_publisher]: got segment lb2
[INFO] [1718696913.142407077] [robot_state_publisher]: got segment lb3
[INFO] [1718696913.142437670] [robot_state_publisher]: got segment lbfoot
[INFO] [1718696913.142468263] [robot_state_publisher]: got segment lf1
[INFO] [1718696913.142500725] [robot_state_publisher]: got segment lf2
[INFO] [1718696913.142530670] [robot_state_publisher]: got segment lf3
[INFO] [1718696913.142560762] [robot_state_publisher]: got segment lffoot
[INFO] [1718696913.142589670] [robot_state_publisher]: got segment lidar_link
[INFO] [1718696913.142618947] [robot_state_publisher]: got segment lpb1
[INFO] [1718696913.142648522] [robot_state_publisher]: got segment lpb2
[INFO] [1718696913.142678984] [robot_state_publisher]: got segment lpf1
[INFO] [1718696913.142708447] [robot_state_publisher]: got segment lpf2
[INFO] [1718696913.142738169] [robot_state_publisher]: got segment rb1
[INFO] [1718696913.142767040] [robot_state_publisher]: got segment rb2
[INFO] [1718696913.142796114] [robot_state_publisher]: got segment rb3
[INFO] [1718696913.142825003] [robot_state_publisher]: got segment rbfoot
[INFO] [1718696913.142855799] [robot_state_publisher]: got segment rf1
[INFO] [1718696913.142885206] [robot_state_publisher]: got segment rf2
[INFO] [1718696913.142913891] [robot_state_publisher]: got segment rf3
[INFO] [1718696913.142942780] [robot_state_publisher]: got segment rffoot
[INFO] [1718696913.142973854] [robot_state_publisher]: got segment rpb1
[INFO] [1718696913.143003206] [robot_state_publisher]: got segment rpb2
[INFO] [1718696913.143031576] [robot_state_publisher]: got segment rpf1
[INFO] [1718696913.143060465] [robot_state_publisher]: got segment rpf2
[INFO] [1718696913.143088780] [robot_state_publisher]: got segment yellow_plate
[INFO] [1718697003.547840860] [rclcpp]: signal_handler(signum=2)
