[INFO] [1717642638.274308336] [robot_state_publisher]: got segment base_inertia
[INFO] [1717642638.278979959] [robot_state_publisher]: got segment base_link
[INFO] [1717642638.279705609] [robot_state_publisher]: got segment imu_link
[INFO] [1717642638.279784424] [robot_state_publisher]: got segment lb1
[INFO] [1717642638.279824720] [robot_state_publisher]: got segment lb2
[INFO] [1717642638.279863258] [robot_state_publisher]: got segment lb3
[INFO] [1717642638.279899739] [robot_state_publisher]: got segment lbfoot
[INFO] [1717642638.279934017] [robot_state_publisher]: got segment lf1
[INFO] [1717642638.279968221] [robot_state_publisher]: got segment lf2
[INFO] [1717642638.280000258] [robot_state_publisher]: got segment lf3
[INFO] [1717642638.280033202] [robot_state_publisher]: got segment lffoot
[INFO] [1717642638.280063221] [robot_state_publisher]: got segment lidar_link
[INFO] [1717642638.280093203] [robot_state_publisher]: got segment lpb1
[INFO] [1717642638.280123851] [robot_state_publisher]: got segment lpb2
[INFO] [1717642638.280157258] [robot_state_publisher]: got segment lpf1
[INFO] [1717642638.280189388] [robot_state_publisher]: got segment lpf2
[INFO] [1717642638.280222370] [robot_state_publisher]: got segment rb1
[INFO] [1717642638.280254684] [robot_state_publisher]: got segment rb2
[INFO] [1717642638.280287981] [robot_state_publisher]: got segment rb3
[INFO] [1717642638.280321981] [robot_state_publisher]: got segment rbfoot
[INFO] [1717642638.280354092] [robot_state_publisher]: got segment rf1
[INFO] [1717642638.280385018] [robot_state_publisher]: got segment rf2
[INFO] [1717642638.280415352] [robot_state_publisher]: got segment rf3
[INFO] [1717642638.280445648] [robot_state_publisher]: got segment rffoot
[INFO] [1717642638.280476815] [robot_state_publisher]: got segment rpb1
[INFO] [1717642638.280506704] [robot_state_publisher]: got segment rpb2
[INFO] [1717642638.280539870] [robot_state_publisher]: got segment rpf1
[INFO] [1717642638.280570167] [robot_state_publisher]: got segment rpf2
[INFO] [1717642638.280601556] [robot_state_publisher]: got segment yellow_plate
[INFO] [1717642948.618672382] [rclcpp]: signal_handler(signum=2)
