[INFO] [1733518274.499180202] [robot_state_publisher]: got segment Board_PCB
[INFO] [1733518274.505598799] [robot_state_publisher]: got segment Board_connectors_1
[INFO] [1733518274.505784890] [robot_state_publisher]: got segment Board_connectors_2
[INFO] [1733518274.505829871] [robot_state_publisher]: got segment Body_front
[INFO] [1733518274.505864000] [robot_state_publisher]: got segment Shell_Side
[INFO] [1733518274.506685234] [robot_state_publisher]: got segment base_inertia
[INFO] [1733518274.506885288] [robot_state_publisher]: got segment base_link
[INFO] [1733518274.506933732] [robot_state_publisher]: got segment imu_link
[INFO] [1733518274.506997547] [robot_state_publisher]: got segment lb1
[INFO] [1733518274.507032695] [robot_state_publisher]: got segment lb2
[INFO] [1733518274.507064380] [robot_state_publisher]: got segment lb3
[INFO] [1733518274.507095194] [robot_state_publisher]: got segment lbfoot
[INFO] [1733518274.507125916] [robot_state_publisher]: got segment lf1
[INFO] [1733518274.507155582] [robot_state_publisher]: got segment lf2
[INFO] [1733518274.507185601] [robot_state_publisher]: got segment lf3
[INFO] [1733518274.507333785] [robot_state_publisher]: got segment lffoot
[INFO] [1733518274.507508524] [robot_state_publisher]: got segment lidar_link
[INFO] [1733518274.507549876] [robot_state_publisher]: got segment lpb1
[INFO] [1733518274.507582505] [robot_state_publisher]: got segment lpb2
[INFO] [1733518274.507620690] [robot_state_publisher]: got segment lpf1
[INFO] [1733518274.507653856] [robot_state_publisher]: got segment lpf2
[INFO] [1733518274.507685078] [robot_state_publisher]: got segment rb1
[INFO] [1733518274.507715096] [robot_state_publisher]: got segment rb2
[INFO] [1733518274.507744967] [robot_state_publisher]: got segment rb3
[INFO] [1733518274.507775337] [robot_state_publisher]: got segment rbfoot
[INFO] [1733518274.507806837] [robot_state_publisher]: got segment rf1
[INFO] [1733518274.507836725] [robot_state_publisher]: got segment rf2
[INFO] [1733518274.508129334] [robot_state_publisher]: got segment rf3
[INFO] [1733518274.508192556] [robot_state_publisher]: got segment rffoot
[INFO] [1733518274.508237611] [robot_state_publisher]: got segment rpb1
[INFO] [1733518274.508326555] [robot_state_publisher]: got segment rpb2
[INFO] [1733518274.508362943] [robot_state_publisher]: got segment rpf1
[INFO] [1733518274.508392573] [robot_state_publisher]: got segment rpf2
[INFO] [1733518369.676925108] [rclcpp]: signal_handler(signum=2)
