[INFO] [1733788503.466802008] [robot_state_publisher]: got segment Board_PCB
[INFO] [1733788503.473913937] [robot_state_publisher]: got segment Board_connectors_1
[INFO] [1733788503.474106065] [robot_state_publisher]: got segment Board_connectors_2
[INFO] [1733788503.474154954] [robot_state_publisher]: got segment Body_front
[INFO] [1733788503.474189824] [robot_state_publisher]: got segment Shell_Side
[INFO] [1733788503.474220380] [robot_state_publisher]: got segment base_inertia
[INFO] [1733788503.474251898] [robot_state_publisher]: got segment base_link
[INFO] [1733788503.474281528] [robot_state_publisher]: got segment imu_link
[INFO] [1733788503.474311787] [robot_state_publisher]: got segment lb1
[INFO] [1733788503.474342287] [robot_state_publisher]: got segment lb2
[INFO] [1733788503.474371694] [robot_state_publisher]: got segment lb3
[INFO] [1733788503.474403027] [robot_state_publisher]: got segment lbfoot
[INFO] [1733788503.474433545] [robot_state_publisher]: got segment lf1
[INFO] [1733788503.474463267] [robot_state_publisher]: got segment lf2
[INFO] [1733788503.474493082] [robot_state_publisher]: got segment lf3
[INFO] [1733788503.474523045] [robot_state_publisher]: got segment lffoot
[INFO] [1733788503.474553452] [robot_state_publisher]: got segment lidar_link
[INFO] [1733788503.474582119] [robot_state_publisher]: got segment lpb1
[INFO] [1733788503.474611248] [robot_state_publisher]: got segment lpb2
[INFO] [1733788503.474639693] [robot_state_publisher]: got segment lpf1
[INFO] [1733788503.474668081] [robot_state_publisher]: got segment lpf2
[INFO] [1733788503.474696544] [robot_state_publisher]: got segment rb1
[INFO] [1733788503.474725618] [robot_state_publisher]: got segment rb2
[INFO] [1733788503.474757729] [robot_state_publisher]: got segment rb3
[INFO] [1733788503.474786673] [robot_state_publisher]: got segment rbfoot
[INFO] [1733788503.474816507] [robot_state_publisher]: got segment rf1
[INFO] [1733788503.474845358] [robot_state_publisher]: got segment rf2
[INFO] [1733788503.474873599] [robot_state_publisher]: got segment rf3
[INFO] [1733788503.474901043] [robot_state_publisher]: got segment rffoot
[INFO] [1733788503.474928987] [robot_state_publisher]: got segment rpb1
[INFO] [1733788503.474956987] [robot_state_publisher]: got segment rpb2
[INFO] [1733788503.474985265] [robot_state_publisher]: got segment rpf1
[INFO] [1733788503.475013413] [robot_state_publisher]: got segment rpf2
[INFO] [1733788519.049088773] [rclcpp]: signal_handler(signum=2)
