[INFO] [1733448254.090325723] [robot_state_publisher]: got segment Board_PCB
[INFO] [1733448254.091390008] [robot_state_publisher]: got segment Board_connectors_1
[INFO] [1733448254.091546728] [robot_state_publisher]: got segment Board_connectors_2
[INFO] [1733448254.091598394] [robot_state_publisher]: got segment Body_front
[INFO] [1733448254.091639708] [robot_state_publisher]: got segment Shell_Side
[INFO] [1733448254.091672282] [robot_state_publisher]: got segment base_inertia
[INFO] [1733448254.091704115] [robot_state_publisher]: got segment base_link
[INFO] [1733448254.091735689] [robot_state_publisher]: got segment imu_link
[INFO] [1733448254.091767929] [robot_state_publisher]: got segment lb1
[INFO] [1733448254.091896039] [robot_state_publisher]: got segment lb2
[INFO] [1733448254.092077907] [robot_state_publisher]: got segment lb3
[INFO] [1733448254.092122648] [robot_state_publisher]: got segment lbfoot
[INFO] [1733448254.092165740] [robot_state_publisher]: got segment lf1
[INFO] [1733448254.092201721] [robot_state_publisher]: got segment lf2
[INFO] [1733448254.092234757] [robot_state_publisher]: got segment lf3
[INFO] [1733448254.092265664] [robot_state_publisher]: got segment lffoot
[INFO] [1733448254.092295386] [robot_state_publisher]: got segment lidar_link
[INFO] [1733448254.092324738] [robot_state_publisher]: got segment lpb1
[INFO] [1733448254.092356200] [robot_state_publisher]: got segment lpb2
[INFO] [1733448254.092386811] [robot_state_publisher]: got segment lpf1
[INFO] [1733448254.092526532] [robot_state_publisher]: got segment lpf2
[INFO] [1733448254.092702623] [robot_state_publisher]: got segment rb1
[INFO] [1733448254.092745863] [robot_state_publisher]: got segment rb2
[INFO] [1733448254.092780270] [robot_state_publisher]: got segment rb3
[INFO] [1733448254.092822992] [robot_state_publisher]: got segment rbfoot
[INFO] [1733448254.092857250] [robot_state_publisher]: got segment rf1
[INFO] [1733448254.092890583] [robot_state_publisher]: got segment rf2
[INFO] [1733448254.092922509] [robot_state_publisher]: got segment rf3
[INFO] [1733448254.092952490] [robot_state_publisher]: got segment rffoot
[INFO] [1733448254.092983323] [robot_state_publisher]: got segment rpb1
[INFO] [1733448254.093013897] [robot_state_publisher]: got segment rpb2
[INFO] [1733448254.093177339] [robot_state_publisher]: got segment rpf1
[INFO] [1733448254.093357652] [robot_state_publisher]: got segment rpf2
[INFO] [1733448791.542396941] [rclcpp]: signal_handler(signum=2)
