[INFO] [1717409659.567629087] [robot_state_publisher]: got segment base_inertia
[INFO] [1717409659.568932397] [robot_state_publisher]: got segment base_link
[INFO] [1717409659.573314886] [robot_state_publisher]: got segment imu_link
[INFO] [1717409659.574188303] [robot_state_publisher]: got segment lb1
[INFO] [1717409659.574256764] [robot_state_publisher]: got segment lb2
[INFO] [1717409659.574290818] [robot_state_publisher]: got segment lb3
[INFO] [1717409659.574322150] [robot_state_publisher]: got segment lbfoot
[INFO] [1717409659.574354427] [robot_state_publisher]: got segment lf1
[INFO] [1717409659.574385278] [robot_state_publisher]: got segment lf2
[INFO] [1717409659.574415018] [robot_state_publisher]: got segment lf3
[INFO] [1717409659.575608350] [robot_state_publisher]: got segment lffoot
[INFO] [1717409659.575666552] [robot_state_publisher]: got segment lidar_link
[INFO] [1717409659.575702699] [robot_state_publisher]: got segment lpb1
[INFO] [1717409659.575734105] [robot_state_publisher]: got segment lpb2
[INFO] [1717409659.575764308] [robot_state_publisher]: got segment lpf1
[INFO] [1717409659.575794752] [robot_state_publisher]: got segment lpf2
[INFO] [1717409659.575825621] [robot_state_publisher]: got segment rb1
[INFO] [1717409659.575856861] [robot_state_publisher]: got segment rb2
[INFO] [1717409659.576284180] [robot_state_publisher]: got segment rb3
[INFO] [1717409659.576327327] [robot_state_publisher]: got segment rbfoot
[INFO] [1717409659.576358363] [robot_state_publisher]: got segment rf1
[INFO] [1717409659.576388270] [robot_state_publisher]: got segment rf2
[INFO] [1717409659.576417232] [robot_state_publisher]: got segment rf3
[INFO] [1717409659.576446712] [robot_state_publisher]: got segment rffoot
[INFO] [1717409659.577598898] [robot_state_publisher]: got segment rpb1
[INFO] [1717409659.577644952] [robot_state_publisher]: got segment rpb2
[INFO] [1717409659.577677784] [robot_state_publisher]: got segment rpf1
[INFO] [1717409659.578759879] [robot_state_publisher]: got segment rpf2
[INFO] [1717409659.578826618] [robot_state_publisher]: got segment yellow_plate
[INFO] [1717409681.683016663] [rclcpp]: signal_handler(signum=2)
