[INFO] [1733788625.559755825] [robot_state_publisher]: got segment Board_PCB
[INFO] [1733788625.560623722] [robot_state_publisher]: got segment Board_connectors_1
[INFO] [1733788625.560946940] [robot_state_publisher]: got segment Board_connectors_2
[INFO] [1733788625.561029365] [robot_state_publisher]: got segment Body_front
[INFO] [1733788625.561070346] [robot_state_publisher]: got segment Shell_Side
[INFO] [1733788625.561104808] [robot_state_publisher]: got segment base_inertia
[INFO] [1733788625.561136919] [robot_state_publisher]: got segment base_link
[INFO] [1733788625.561176493] [robot_state_publisher]: got segment imu_link
[INFO] [1733788625.561208511] [robot_state_publisher]: got segment lb1
[INFO] [1733788625.561239325] [robot_state_publisher]: got segment lb2
[INFO] [1733788625.561270880] [robot_state_publisher]: got segment lb3
[INFO] [1733788625.561300991] [robot_state_publisher]: got segment lbfoot
[INFO] [1733788625.561330972] [robot_state_publisher]: got segment lf1
[INFO] [1733788625.561361935] [robot_state_publisher]: got segment lf2
[INFO] [1733788625.561391638] [robot_state_publisher]: got segment lf3
[INFO] [1733788625.561448600] [robot_state_publisher]: got segment lffoot
[INFO] [1733788625.561503192] [robot_state_publisher]: got segment lidar_link
[INFO] [1733788625.561555433] [robot_state_publisher]: got segment lpb1
[INFO] [1733788625.561604025] [robot_state_publisher]: got segment lpb2
[INFO] [1733788625.561638820] [robot_state_publisher]: got segment lpf1
[INFO] [1733788625.561687653] [robot_state_publisher]: got segment lpf2
[INFO] [1733788625.561720023] [robot_state_publisher]: got segment rb1
[INFO] [1733788625.561751004] [robot_state_publisher]: got segment rb2
[INFO] [1733788625.561788244] [robot_state_publisher]: got segment rb3
[INFO] [1733788625.561930891] [robot_state_publisher]: got segment rbfoot
[INFO] [1733788625.561980594] [robot_state_publisher]: got segment rf1
[INFO] [1733788625.562011723] [robot_state_publisher]: got segment rf2
[INFO] [1733788625.562506921] [robot_state_publisher]: got segment rf3
[INFO] [1733788625.562616234] [robot_state_publisher]: got segment rffoot
[INFO] [1733788625.562657289] [robot_state_publisher]: got segment rpb1
[INFO] [1733788625.562746288] [robot_state_publisher]: got segment rpb2
[INFO] [1733788625.562788029] [robot_state_publisher]: got segment rpf1
[INFO] [1733788625.562840880] [robot_state_publisher]: got segment rpf2
[INFO] [1733788631.579839176] [rclcpp]: signal_handler(signum=2)
