[INFO] [1717642298.975825751] [robot_state_publisher]: got segment base_inertia
[INFO] [1717642298.976557122] [robot_state_publisher]: got segment base_link
[INFO] [1717642298.976711270] [robot_state_publisher]: got segment imu_link
[INFO] [1717642298.976763103] [robot_state_publisher]: got segment lb1
[INFO] [1717642298.976794437] [robot_state_publisher]: got segment lb2
[INFO] [1717642298.976824918] [robot_state_publisher]: got segment lb3
[INFO] [1717642298.976855714] [robot_state_publisher]: got segment lbfoot
[INFO] [1717642298.976886418] [robot_state_publisher]: got segment lf1
[INFO] [1717642298.976917770] [robot_state_publisher]: got segment lf2
[INFO] [1717642298.976948196] [robot_state_publisher]: got segment lf3
[INFO] [1717642298.976978196] [robot_state_publisher]: got segment lffoot
[INFO] [1717642298.977006881] [robot_state_publisher]: got segment lidar_link
[INFO] [1717642298.977035770] [robot_state_publisher]: got segment lpb1
[INFO] [1717642298.977065733] [robot_state_publisher]: got segment lpb2
[INFO] [1717642298.977094863] [robot_state_publisher]: got segment lpf1
[INFO] [1717642298.977124288] [robot_state_publisher]: got segment lpf2
[INFO] [1717642298.977154103] [robot_state_publisher]: got segment rb1
[INFO] [1717642298.977184122] [robot_state_publisher]: got segment rb2
[INFO] [1717642298.977213474] [robot_state_publisher]: got segment rb3
[INFO] [1717642298.977243455] [robot_state_publisher]: got segment rbfoot
[INFO] [1717642298.977274900] [robot_state_publisher]: got segment rf1
[INFO] [1717642298.977303844] [robot_state_publisher]: got segment rf2
[INFO] [1717642298.977333011] [robot_state_publisher]: got segment rf3
[INFO] [1717642298.977362640] [robot_state_publisher]: got segment rffoot
[INFO] [1717642298.977398011] [robot_state_publisher]: got segment rpb1
[INFO] [1717642298.977429900] [robot_state_publisher]: got segment rpb2
[INFO] [1717642298.977459400] [robot_state_publisher]: got segment rpf1
[INFO] [1717642298.977489529] [robot_state_publisher]: got segment rpf2
[INFO] [1717642298.977519714] [robot_state_publisher]: got segment yellow_plate
[INFO] [1717642373.080667036] [rclcpp]: signal_handler(signum=2)
