[INFO] [1717407416.585942720] [robot_state_publisher]: got segment base_inertia
[INFO] [1717407416.586407034] [robot_state_publisher]: got segment base_link
[INFO] [1717407416.586490600] [robot_state_publisher]: got segment imu_link
[INFO] [1717407416.586528197] [robot_state_publisher]: got segment lb1
[INFO] [1717407416.586570980] [robot_state_publisher]: got segment lb2
[INFO] [1717407416.586627190] [robot_state_publisher]: got segment lb3
[INFO] [1717407416.586657509] [robot_state_publisher]: got segment lbfoot
[INFO] [1717407416.586689513] [robot_state_publisher]: got segment lf1
[INFO] [1717407416.586718961] [robot_state_publisher]: got segment lf2
[INFO] [1717407416.586748668] [robot_state_publisher]: got segment lf3
[INFO] [1717407416.586778227] [robot_state_publisher]: got segment lffoot
[INFO] [1717407416.586808268] [robot_state_publisher]: got segment lidar_link
[INFO] [1717407416.586838327] [robot_state_publisher]: got segment lpb1
[INFO] [1717407416.586867626] [robot_state_publisher]: got segment lpb2
[INFO] [1717407416.586896778] [robot_state_publisher]: got segment lpf1
[INFO] [1717407416.586926300] [robot_state_publisher]: got segment lpf2
[INFO] [1717407416.586960767] [robot_state_publisher]: got segment rb1
[INFO] [1717407416.586989900] [robot_state_publisher]: got segment rb2
[INFO] [1717407416.587018941] [robot_state_publisher]: got segment rb3
[INFO] [1717407416.587048981] [robot_state_publisher]: got segment rbfoot
[INFO] [1717407416.587078374] [robot_state_publisher]: got segment rf1
[INFO] [1717407416.587107655] [robot_state_publisher]: got segment rf2
[INFO] [1717407416.587136325] [robot_state_publisher]: got segment rf3
[INFO] [1717407416.587165143] [robot_state_publisher]: got segment rffoot
[INFO] [1717407416.587194517] [robot_state_publisher]: got segment rpb1
[INFO] [1717407416.587223447] [robot_state_publisher]: got segment rpb2
[INFO] [1717407416.587251950] [robot_state_publisher]: got segment rpf1
[INFO] [1717407416.587280102] [robot_state_publisher]: got segment rpf2
[INFO] [1717407416.587308994] [robot_state_publisher]: got segment yellow_plate
[INFO] [1717407430.318768571] [rclcpp]: signal_handler(signum=2)
