[INFO] [1718696881.626181389] [robot_state_publisher]: got segment base_inertia
[INFO] [1718696881.626730464] [robot_state_publisher]: got segment base_link
[INFO] [1718696881.626829242] [robot_state_publisher]: got segment imu_link
[INFO] [1718696881.626869334] [robot_state_publisher]: got segment lb1
[INFO] [1718696881.626900316] [robot_state_publisher]: got segment lb2
[INFO] [1718696881.626930075] [robot_state_publisher]: got segment lb3
[INFO] [1718696881.626959816] [robot_state_publisher]: got segment lbfoot
[INFO] [1718696881.626988964] [robot_state_publisher]: got segment lf1
[INFO] [1718696881.627018168] [robot_state_publisher]: got segment lf2
[INFO] [1718696881.627050150] [robot_state_publisher]: got segment lf3
[INFO] [1718696881.627079316] [robot_state_publisher]: got segment lffoot
[INFO] [1718696881.627107835] [robot_state_publisher]: got segment lidar_link
[INFO] [1718696881.627136964] [robot_state_publisher]: got segment lpb1
[INFO] [1718696881.627165890] [robot_state_publisher]: got segment lpb2
[INFO] [1718696881.627194687] [robot_state_publisher]: got segment lpf1
[INFO] [1718696881.627223835] [robot_state_publisher]: got segment lpf2
[INFO] [1718696881.627252613] [robot_state_publisher]: got segment rb1
[INFO] [1718696881.627281539] [robot_state_publisher]: got segment rb2
[INFO] [1718696881.627310280] [robot_state_publisher]: got segment rb3
[INFO] [1718696881.627339261] [robot_state_publisher]: got segment rbfoot
[INFO] [1718696881.627367446] [robot_state_publisher]: got segment rf1
[INFO] [1718696881.627396280] [robot_state_publisher]: got segment rf2
[INFO] [1718696881.627425058] [robot_state_publisher]: got segment rf3
[INFO] [1718696881.627454002] [robot_state_publisher]: got segment rffoot
[INFO] [1718696881.627482947] [robot_state_publisher]: got segment rpb1
[INFO] [1718696881.627511817] [robot_state_publisher]: got segment rpb2
[INFO] [1718696881.627540039] [robot_state_publisher]: got segment rpf1
[INFO] [1718696881.627751003] [robot_state_publisher]: got segment rpf2
[INFO] [1718696881.627802521] [robot_state_publisher]: got segment yellow_plate
[INFO] [1718696893.568341900] [rclcpp]: signal_handler(signum=2)
