[INFO] [1717409606.382389754] [robot_state_publisher]: got segment base_inertia
[INFO] [1717409606.383666012] [robot_state_publisher]: got segment base_link
[INFO] [1717409606.384441310] [robot_state_publisher]: got segment imu_link
[INFO] [1717409606.384522122] [robot_state_publisher]: got segment lb1
[INFO] [1717409606.384938399] [robot_state_publisher]: got segment lb2
[INFO] [1717409606.386148697] [robot_state_publisher]: got segment lb3
[INFO] [1717409606.386262062] [robot_state_publisher]: got segment lbfoot
[INFO] [1717409606.386306041] [robot_state_publisher]: got segment lf1
[INFO] [1717409606.386340707] [robot_state_publisher]: got segment lf2
[INFO] [1717409606.387059545] [robot_state_publisher]: got segment lf3
[INFO] [1717409606.387104024] [robot_state_publisher]: got segment lffoot
[INFO] [1717409606.387492025] [robot_state_publisher]: got segment lidar_link
[INFO] [1717409606.387585206] [robot_state_publisher]: got segment lpb1
[INFO] [1717409606.387618890] [robot_state_publisher]: got segment lpb2
[INFO] [1717409606.387650185] [robot_state_publisher]: got segment lpf1
[INFO] [1717409606.387681831] [robot_state_publisher]: got segment lpf2
[INFO] [1717409606.387711923] [robot_state_publisher]: got segment rb1
[INFO] [1717409606.387956338] [robot_state_publisher]: got segment rb2
[INFO] [1717409606.388147959] [robot_state_publisher]: got segment rb3
[INFO] [1717409606.388191586] [robot_state_publisher]: got segment rbfoot
[INFO] [1717409606.388266305] [robot_state_publisher]: got segment rf1
[INFO] [1717409606.392041247] [robot_state_publisher]: got segment rf2
[INFO] [1717409606.392141576] [robot_state_publisher]: got segment rf3
[INFO] [1717409606.393158049] [robot_state_publisher]: got segment rffoot
[INFO] [1717409606.393262599] [robot_state_publisher]: got segment rpb1
[INFO] [1717409606.393309060] [robot_state_publisher]: got segment rpb2
[INFO] [1717409606.393343188] [robot_state_publisher]: got segment rpf1
[INFO] [1717409606.393374854] [robot_state_publisher]: got segment rpf2
[INFO] [1717409606.393406241] [robot_state_publisher]: got segment yellow_plate
[INFO] [1717409617.447537561] [rclcpp]: signal_handler(signum=2)
