[INFO] [1717642958.307198017] [robot_state_publisher]: got segment base_inertia
[INFO] [1717642958.315590079] [robot_state_publisher]: got segment base_link
[INFO] [1717642958.321434108] [robot_state_publisher]: got segment imu_link
[INFO] [1717642958.327351246] [robot_state_publisher]: got segment lb1
[INFO] [1717642958.330415489] [robot_state_publisher]: got segment lb2
[INFO] [1717642958.331826307] [robot_state_publisher]: got segment lb3
[INFO] [1717642958.331932342] [robot_state_publisher]: got segment lbfoot
[INFO] [1717642958.331973841] [robot_state_publisher]: got segment lf1
[INFO] [1717642958.332009655] [robot_state_publisher]: got segment lf2
[INFO] [1717642958.332042154] [robot_state_publisher]: got segment lf3
[INFO] [1717642958.332074098] [robot_state_publisher]: got segment lffoot
[INFO] [1717642958.334399802] [robot_state_publisher]: got segment lidar_link
[INFO] [1717642958.334567335] [robot_state_publisher]: got segment lpb1
[INFO] [1717642958.334620963] [robot_state_publisher]: got segment lpb2
[INFO] [1717642958.334655759] [robot_state_publisher]: got segment lpf1
[INFO] [1717642958.334687851] [robot_state_publisher]: got segment lpf2
[INFO] [1717642958.336503975] [robot_state_publisher]: got segment rb1
[INFO] [1717642958.336585121] [robot_state_publisher]: got segment rb2
[INFO] [1717642958.336623916] [robot_state_publisher]: got segment rb3
[INFO] [1717642958.336656860] [robot_state_publisher]: got segment rbfoot
[INFO] [1717642958.338317043] [robot_state_publisher]: got segment rf1
[INFO] [1717642958.338393541] [robot_state_publisher]: got segment rf2
[INFO] [1717642958.338431725] [robot_state_publisher]: got segment rf3
[INFO] [1717642958.338463132] [robot_state_publisher]: got segment rffoot
[INFO] [1717642958.338493354] [robot_state_publisher]: got segment rpb1
[INFO] [1717642958.338524168] [robot_state_publisher]: got segment rpb2
[INFO] [1717642958.340295422] [robot_state_publisher]: got segment rpf1
[INFO] [1717642958.340364235] [robot_state_publisher]: got segment rpf2
[INFO] [1717642958.340398401] [robot_state_publisher]: got segment yellow_plate
[INFO] [1717643038.910370824] [rclcpp]: signal_handler(signum=2)
