[INFO] [1733790049.534308808] [robot_state_publisher]: got segment Board_PCB
[INFO] [1733790049.535315894] [robot_state_publisher]: got segment Board_connectors_1
[INFO] [1733790049.535461565] [robot_state_publisher]: got segment Board_connectors_2
[INFO] [1733790049.535514856] [robot_state_publisher]: got segment Body_front
[INFO] [1733790049.535547889] [robot_state_publisher]: got segment Shell_Side
[INFO] [1733790049.536236655] [robot_state_publisher]: got segment base_inertia
[INFO] [1733790049.537097107] [robot_state_publisher]: got segment base_link
[INFO] [1733790049.537212114] [robot_state_publisher]: got segment imu_link
[INFO] [1733790049.537256331] [robot_state_publisher]: got segment lb1
[INFO] [1733790049.537290087] [robot_state_publisher]: got segment lb2
[INFO] [1733790049.537320955] [robot_state_publisher]: got segment lb3
[INFO] [1733790049.537350230] [robot_state_publisher]: got segment lbfoot
[INFO] [1733790049.537380949] [robot_state_publisher]: got segment lf1
[INFO] [1733790049.537411020] [robot_state_publisher]: got segment lf2
[INFO] [1733790049.537440591] [robot_state_publisher]: got segment lf3
[INFO] [1733790049.537469662] [robot_state_publisher]: got segment lffoot
[INFO] [1733790049.537499289] [robot_state_publisher]: got segment lidar_link
[INFO] [1733790049.537528471] [robot_state_publisher]: got segment lpb1
[INFO] [1733790049.537558061] [robot_state_publisher]: got segment lpb2
[INFO] [1733790049.537587114] [robot_state_publisher]: got segment lpf1
[INFO] [1733790049.537615129] [robot_state_publisher]: got segment lpf2
[INFO] [1733790049.537783816] [robot_state_publisher]: got segment rb1
[INFO] [1733790049.537829978] [robot_state_publisher]: got segment rb2
[INFO] [1733790049.537860772] [robot_state_publisher]: got segment rb3
[INFO] [1733790049.537890176] [robot_state_publisher]: got segment rbfoot
[INFO] [1733790049.539447485] [robot_state_publisher]: got segment rf1
[INFO] [1733790049.539582287] [robot_state_publisher]: got segment rf2
[INFO] [1733790049.539624634] [robot_state_publisher]: got segment rf3
[INFO] [1733790049.539657131] [robot_state_publisher]: got segment rffoot
[INFO] [1733790049.539686998] [robot_state_publisher]: got segment rpb1
[INFO] [1733790049.539716144] [robot_state_publisher]: got segment rpb2
[INFO] [1733790049.539745196] [robot_state_publisher]: got segment rpf1
[INFO] [1733790049.539774823] [robot_state_publisher]: got segment rpf2
[INFO] [1733790097.548438594] [rclcpp]: signal_handler(signum=2)
