[INFO] [1717408752.377050090] [robot_state_publisher]: got segment base_inertia
[INFO] [1717408752.377998639] [robot_state_publisher]: got segment base_link
[INFO] [1717408752.378142909] [robot_state_publisher]: got segment imu_link
[INFO] [1717408752.378191678] [robot_state_publisher]: got segment lb1
[INFO] [1717408752.378223875] [robot_state_publisher]: got segment lb2
[INFO] [1717408752.378254055] [robot_state_publisher]: got segment lb3
[INFO] [1717408752.378284901] [robot_state_publisher]: got segment lbfoot
[INFO] [1717408752.378314692] [robot_state_publisher]: got segment lf1
[INFO] [1717408752.378385494] [robot_state_publisher]: got segment lf2
[INFO] [1717408752.378421099] [robot_state_publisher]: got segment lf3
[INFO] [1717408752.378452260] [robot_state_publisher]: got segment lffoot
[INFO] [1717408752.378481976] [robot_state_publisher]: got segment lidar_link
[INFO] [1717408752.378512008] [robot_state_publisher]: got segment lpb1
[INFO] [1717408752.378541428] [robot_state_publisher]: got segment lpb2
[INFO] [1717408752.378571034] [robot_state_publisher]: got segment lpf1
[INFO] [1717408752.378601010] [robot_state_publisher]: got segment lpf2
[INFO] [1717408752.378630190] [robot_state_publisher]: got segment rb1
[INFO] [1717408752.378659000] [robot_state_publisher]: got segment rb2
[INFO] [1717408752.378688753] [robot_state_publisher]: got segment rb3
[INFO] [1717408752.378718470] [robot_state_publisher]: got segment rbfoot
[INFO] [1717408752.378748298] [robot_state_publisher]: got segment rf1
[INFO] [1717408752.378778367] [robot_state_publisher]: got segment rf2
[INFO] [1717408752.378808583] [robot_state_publisher]: got segment rf3
[INFO] [1717408752.378839670] [robot_state_publisher]: got segment rffoot
[INFO] [1717408752.378869498] [robot_state_publisher]: got segment rpb1
[INFO] [1717408752.378899141] [robot_state_publisher]: got segment rpb2
[INFO] [1717408752.378928617] [robot_state_publisher]: got segment rpf1
[INFO] [1717408752.378957593] [robot_state_publisher]: got segment rpf2
[INFO] [1717408752.378987458] [robot_state_publisher]: got segment yellow_plate
[INFO] [1717408772.922519143] [rclcpp]: signal_handler(signum=2)
