[INFO] [1733518029.193757783] [robot_state_publisher]: got segment Board_PCB
[INFO] [1733518029.194401091] [robot_state_publisher]: got segment Board_connectors_1
[INFO] [1733518029.194536997] [robot_state_publisher]: got segment Board_connectors_2
[INFO] [1733518029.194582348] [robot_state_publisher]: got segment Body_front
[INFO] [1733518029.194614885] [robot_state_publisher]: got segment Shell_Side
[INFO] [1733518029.194649051] [robot_state_publisher]: got segment base_inertia
[INFO] [1733518029.194679940] [robot_state_publisher]: got segment base_link
[INFO] [1733518029.194710847] [robot_state_publisher]: got segment imu_link
[INFO] [1733518029.194740161] [robot_state_publisher]: got segment lb1
[INFO] [1733518029.194768976] [robot_state_publisher]: got segment lb2
[INFO] [1733518029.203300658] [robot_state_publisher]: got segment lb3
[INFO] [1733518029.203367417] [robot_state_publisher]: got segment lbfoot
[INFO] [1733518029.203407083] [robot_state_publisher]: got segment lf1
[INFO] [1733518029.203440157] [robot_state_publisher]: got segment lf2
[INFO] [1733518029.203476564] [robot_state_publisher]: got segment lf3
[INFO] [1733518029.203508545] [robot_state_publisher]: got segment lffoot
[INFO] [1733518029.203541637] [robot_state_publisher]: got segment lidar_link
[INFO] [1733518029.203574081] [robot_state_publisher]: got segment lpb1
[INFO] [1733518029.203606562] [robot_state_publisher]: got segment lpb2
[INFO] [1733518029.203637599] [robot_state_publisher]: got segment lpf1
[INFO] [1733518029.203672487] [robot_state_publisher]: got segment lpf2
[INFO] [1733518029.203703802] [robot_state_publisher]: got segment rb1
[INFO] [1733518029.203735616] [robot_state_publisher]: got segment rb2
[INFO] [1733518029.203764375] [robot_state_publisher]: got segment rb3
[INFO] [1733518029.203793819] [robot_state_publisher]: got segment rbfoot
[INFO] [1733518029.213179436] [robot_state_publisher]: got segment rf1
[INFO] [1733518029.213227973] [robot_state_publisher]: got segment rf2
[INFO] [1733518029.213261806] [robot_state_publisher]: got segment rf3
[INFO] [1733518029.215327523] [robot_state_publisher]: got segment rffoot
[INFO] [1733518029.215449541] [robot_state_publisher]: got segment rpb1
[INFO] [1733518029.215487985] [robot_state_publisher]: got segment rpb2
[INFO] [1733518029.215519077] [robot_state_publisher]: got segment rpf1
[INFO] [1733518029.215548854] [robot_state_publisher]: got segment rpf2
[INFO] [1733518238.048007132] [rclcpp]: signal_handler(signum=2)
