[INFO] [1717410380.030690126] [robot_state_publisher]: got segment base_inertia
[INFO] [1717410380.033313770] [robot_state_publisher]: got segment base_link
[INFO] [1717410380.033503079] [robot_state_publisher]: got segment imu_link
[INFO] [1717410380.034576641] [robot_state_publisher]: got segment lb1
[INFO] [1717410380.034640077] [robot_state_publisher]: got segment lb2
[INFO] [1717410380.034677062] [robot_state_publisher]: got segment lb3
[INFO] [1717410380.034709751] [robot_state_publisher]: got segment lbfoot
[INFO] [1717410380.035727763] [robot_state_publisher]: got segment lf1
[INFO] [1717410380.035857486] [robot_state_publisher]: got segment lf2
[INFO] [1717410380.035903429] [robot_state_publisher]: got segment lf3
[INFO] [1717410380.037098644] [robot_state_publisher]: got segment lffoot
[INFO] [1717410380.037158470] [robot_state_publisher]: got segment lidar_link
[INFO] [1717410380.037192511] [robot_state_publisher]: got segment lpb1
[INFO] [1717410380.037224405] [robot_state_publisher]: got segment lpb2
[INFO] [1717410380.037259557] [robot_state_publisher]: got segment lpf1
[INFO] [1717410380.038277458] [robot_state_publisher]: got segment lpf2
[INFO] [1717410380.038372862] [robot_state_publisher]: got segment rb1
[INFO] [1717410380.038414270] [robot_state_publisher]: got segment rb2
[INFO] [1717410380.038445405] [robot_state_publisher]: got segment rb3
[INFO] [1717410380.038475522] [robot_state_publisher]: got segment rbfoot
[INFO] [1717410380.038505305] [robot_state_publisher]: got segment rf1
[INFO] [1717410380.038534830] [robot_state_publisher]: got segment rf2
[INFO] [1717410380.038770674] [robot_state_publisher]: got segment rf3
[INFO] [1717410380.039559672] [robot_state_publisher]: got segment rffoot
[INFO] [1717410380.039634603] [robot_state_publisher]: got segment rpb1
[INFO] [1717410380.039675012] [robot_state_publisher]: got segment rpb2
[INFO] [1717410380.039707868] [robot_state_publisher]: got segment rpf1
[INFO] [1717410380.039737448] [robot_state_publisher]: got segment rpf2
[INFO] [1717410380.039766788] [robot_state_publisher]: got segment yellow_plate
[INFO] [1717410391.189743860] [rclcpp]: signal_handler(signum=2)
