[INFO] [1733516208.741681308] [robot_state_publisher]: got segment Board_PCB
[INFO] [1733516208.742301542] [robot_state_publisher]: got segment Board_connectors_1
[INFO] [1733516208.742428910] [robot_state_publisher]: got segment Board_connectors_2
[INFO] [1733516208.742471614] [robot_state_publisher]: got segment Body_front
[INFO] [1733516208.742505743] [robot_state_publisher]: got segment Shell_Side
[INFO] [1733516208.742537594] [robot_state_publisher]: got segment base_inertia
[INFO] [1733516208.742568038] [robot_state_publisher]: got segment base_link
[INFO] [1733516208.742597908] [robot_state_publisher]: got segment imu_link
[INFO] [1733516208.742627093] [robot_state_publisher]: got segment lb1
[INFO] [1733516208.742657519] [robot_state_publisher]: got segment lb2
[INFO] [1733516208.742686833] [robot_state_publisher]: got segment lb3
[INFO] [1733516208.742718351] [robot_state_publisher]: got segment lbfoot
[INFO] [1733516208.742750166] [robot_state_publisher]: got segment lf1
[INFO] [1733516208.742779888] [robot_state_publisher]: got segment lf2
[INFO] [1733516208.742808887] [robot_state_publisher]: got segment lf3
[INFO] [1733516208.742837683] [robot_state_publisher]: got segment lffoot
[INFO] [1733516208.742866405] [robot_state_publisher]: got segment lidar_link
[INFO] [1733516208.742895405] [robot_state_publisher]: got segment lpb1
[INFO] [1733516208.742924997] [robot_state_publisher]: got segment lpb2
[INFO] [1733516208.742953349] [robot_state_publisher]: got segment lpf1
[INFO] [1733516208.742982348] [robot_state_publisher]: got segment lpf2
[INFO] [1733516208.743010996] [robot_state_publisher]: got segment rb1
[INFO] [1733516208.743039718] [robot_state_publisher]: got segment rb2
[INFO] [1733516208.743067643] [robot_state_publisher]: got segment rb3
[INFO] [1733516208.743096014] [robot_state_publisher]: got segment rbfoot
[INFO] [1733516208.743125032] [robot_state_publisher]: got segment rf1
[INFO] [1733516208.743153865] [robot_state_publisher]: got segment rf2
[INFO] [1733516208.743182327] [robot_state_publisher]: got segment rf3
[INFO] [1733516208.743210494] [robot_state_publisher]: got segment rffoot
[INFO] [1733516208.743239827] [robot_state_publisher]: got segment rpb1
[INFO] [1733516208.743270123] [robot_state_publisher]: got segment rpb2
[INFO] [1733516208.743298122] [robot_state_publisher]: got segment rpf1
[INFO] [1733516208.743326585] [robot_state_publisher]: got segment rpf2
[INFO] [1733517724.196736628] [rclcpp]: signal_handler(signum=2)
