[INFO] [1717408112.773135957] [robot_state_publisher]: got segment base_inertia
[INFO] [1717408112.799978983] [robot_state_publisher]: got segment base_link
[INFO] [1717408112.800192982] [robot_state_publisher]: got segment imu_link
[INFO] [1717408112.800483179] [robot_state_publisher]: got segment lb1
[INFO] [1717408112.800571356] [robot_state_publisher]: got segment lb2
[INFO] [1717408112.800623296] [robot_state_publisher]: got segment lb3
[INFO] [1717408112.800658867] [robot_state_publisher]: got segment lbfoot
[INFO] [1717408112.800691753] [robot_state_publisher]: got segment lf1
[INFO] [1717408112.800728194] [robot_state_publisher]: got segment lf2
[INFO] [1717408112.800771264] [robot_state_publisher]: got segment lf3
[INFO] [1717408112.800806132] [robot_state_publisher]: got segment lffoot
[INFO] [1717408112.800836796] [robot_state_publisher]: got segment lidar_link
[INFO] [1717408112.801065961] [robot_state_publisher]: got segment lpb1
[INFO] [1717408112.801151249] [robot_state_publisher]: got segment lpb2
[INFO] [1717408112.801185043] [robot_state_publisher]: got segment lpf1
[INFO] [1717408112.801226687] [robot_state_publisher]: got segment lpf2
[INFO] [1717408112.801260573] [robot_state_publisher]: got segment rb1
[INFO] [1717408112.801290904] [robot_state_publisher]: got segment rb2
[INFO] [1717408112.801319494] [robot_state_publisher]: got segment rb3
[INFO] [1717408112.801349102] [robot_state_publisher]: got segment rbfoot
[INFO] [1717408112.801428169] [robot_state_publisher]: got segment rf1
[INFO] [1717408112.801514421] [robot_state_publisher]: got segment rf2
[INFO] [1717408112.801683406] [robot_state_publisher]: got segment rf3
[INFO] [1717408112.801777638] [robot_state_publisher]: got segment rffoot
[INFO] [1717408112.801814801] [robot_state_publisher]: got segment rpb1
[INFO] [1717408112.801895942] [robot_state_publisher]: got segment rpb2
[INFO] [1717408112.801940531] [robot_state_publisher]: got segment rpf1
[INFO] [1717408112.801972288] [robot_state_publisher]: got segment rpf2
[INFO] [1717408112.802001915] [robot_state_publisher]: got segment yellow_plate
[INFO] [1717408148.974568947] [rclcpp]: signal_handler(signum=2)
