[INFO] [1731951204.676728267] [robot_state_publisher]: got segment Board_PCB
[INFO] [1731951204.679985201] [robot_state_publisher]: got segment Board_connectors_1
[INFO] [1731951204.682461281] [robot_state_publisher]: got segment Board_connectors_2
[INFO] [1731951204.682538557] [robot_state_publisher]: got segment Body_front
[INFO] [1731951204.682574519] [robot_state_publisher]: got segment Shell_Side
[INFO] [1731951204.682605500] [robot_state_publisher]: got segment base_inertia
[INFO] [1731951204.682636296] [robot_state_publisher]: got segment base_link
[INFO] [1731951204.682667295] [robot_state_publisher]: got segment imu_link
[INFO] [1731951204.682697702] [robot_state_publisher]: got segment lb1
[INFO] [1731951204.682727146] [robot_state_publisher]: got segment lb2
[INFO] [1731951204.682758201] [robot_state_publisher]: got segment lb3
[INFO] [1731951204.682787478] [robot_state_publisher]: got segment lbfoot
[INFO] [1731951204.682818107] [robot_state_publisher]: got segment lf1
[INFO] [1731951204.682848162] [robot_state_publisher]: got segment lf2
[INFO] [1731951204.682878198] [robot_state_publisher]: got segment lf3
[INFO] [1731951204.682907087] [robot_state_publisher]: got segment lffoot
[INFO] [1731951204.682936623] [robot_state_publisher]: got segment lidar_link
[INFO] [1731951204.682965419] [robot_state_publisher]: got segment lpb1
[INFO] [1731951204.682994215] [robot_state_publisher]: got segment lpb2
[INFO] [1731951204.683024288] [robot_state_publisher]: got segment lpf1
[INFO] [1731951204.683053602] [robot_state_publisher]: got segment lpf2
[INFO] [1731951204.683083583] [robot_state_publisher]: got segment rb1
[INFO] [1731951204.683113120] [robot_state_publisher]: got segment rb2
[INFO] [1731951204.683142730] [robot_state_publisher]: got segment rb3
[INFO] [1731951204.683171118] [robot_state_publisher]: got segment rbfoot
[INFO] [1731951204.683202414] [robot_state_publisher]: got segment rf1
[INFO] [1731951204.683231636] [robot_state_publisher]: got segment rf2
[INFO] [1731951204.683261431] [robot_state_publisher]: got segment rf3
[INFO] [1731951204.683290746] [robot_state_publisher]: got segment rffoot
[INFO] [1731951204.683318745] [robot_state_publisher]: got segment rpb1
[INFO] [1731951204.683346781] [robot_state_publisher]: got segment rpb2
[INFO] [1731951204.687986966] [robot_state_publisher]: got segment rpf1
[INFO] [1731951204.688059279] [robot_state_publisher]: got segment rpf2
[INFO] [1731951772.606242188] [rclcpp]: signal_handler(signum=2)
