[INFO] [1733790316.285817481] [robot_state_publisher]: got segment Board_PCB
[INFO] [1733790316.288171978] [robot_state_publisher]: got segment Board_connectors_1
[INFO] [1733790316.288424144] [robot_state_publisher]: got segment Board_connectors_2
[INFO] [1733790316.288473385] [robot_state_publisher]: got segment Body_front
[INFO] [1733790316.288509607] [robot_state_publisher]: got segment Shell_Side
[INFO] [1733790316.288540922] [robot_state_publisher]: got segment base_inertia
[INFO] [1733790316.288572070] [robot_state_publisher]: got segment base_link
[INFO] [1733790316.288602681] [robot_state_publisher]: got segment imu_link
[INFO] [1733790316.288633218] [robot_state_publisher]: got segment lb1
[INFO] [1733790316.288960310] [robot_state_publisher]: got segment lb2
[INFO] [1733790316.289028217] [robot_state_publisher]: got segment lb3
[INFO] [1733790316.289067736] [robot_state_publisher]: got segment lbfoot
[INFO] [1733790316.289098884] [robot_state_publisher]: got segment lf1
[INFO] [1733790316.289130032] [robot_state_publisher]: got segment lf2
[INFO] [1733790316.289161161] [robot_state_publisher]: got segment lf3
[INFO] [1733790316.289190717] [robot_state_publisher]: got segment lffoot
[INFO] [1733790316.289220810] [robot_state_publisher]: got segment lidar_link
[INFO] [1733790316.289249995] [robot_state_publisher]: got segment lpb1
[INFO] [1733790316.289354939] [robot_state_publisher]: got segment lpb2
[INFO] [1733790316.289596735] [robot_state_publisher]: got segment lpf1
[INFO] [1733790316.289651753] [robot_state_publisher]: got segment lpf2
[INFO] [1733790316.289691235] [robot_state_publisher]: got segment rb1
[INFO] [1733790316.289723716] [robot_state_publisher]: got segment rb2
[INFO] [1733790316.289753272] [robot_state_publisher]: got segment rb3
[INFO] [1733790316.289782142] [robot_state_publisher]: got segment rbfoot
[INFO] [1733790316.289815420] [robot_state_publisher]: got segment rf1
[INFO] [1733790316.289846753] [robot_state_publisher]: got segment rf2
[INFO] [1733790316.289876327] [robot_state_publisher]: got segment rf3
[INFO] [1733790316.290485215] [robot_state_publisher]: got segment rffoot
[INFO] [1733790316.290853807] [robot_state_publisher]: got segment rpb1
[INFO] [1733790316.291477899] [robot_state_publisher]: got segment rpb2
[INFO] [1733790316.291580955] [robot_state_publisher]: got segment rpf1
[INFO] [1733790316.291621806] [robot_state_publisher]: got segment rpf2
[INFO] [1733790338.916637771] [rclcpp]: signal_handler(signum=2)
