[INFO] [1733786234.801104994] [robot_state_publisher]: got segment Board_PCB
[INFO] [1733786234.816683781] [robot_state_publisher]: got segment Board_connectors_1
[INFO] [1733786234.816832057] [robot_state_publisher]: got segment Board_connectors_2
[INFO] [1733786234.816880686] [robot_state_publisher]: got segment Body_front
[INFO] [1733786234.816916982] [robot_state_publisher]: got segment Shell_Side
[INFO] [1733786234.816947704] [robot_state_publisher]: got segment base_inertia
[INFO] [1733786234.818141416] [robot_state_publisher]: got segment base_link
[INFO] [1733786234.821301647] [robot_state_publisher]: got segment imu_link
[INFO] [1733786234.821378942] [robot_state_publisher]: got segment lb1
[INFO] [1733786234.822490877] [robot_state_publisher]: got segment lb2
[INFO] [1733786234.822699060] [robot_state_publisher]: got segment lb3
[INFO] [1733786234.823837069] [robot_state_publisher]: got segment lbfoot
[INFO] [1733786234.823921549] [robot_state_publisher]: got segment lf1
[INFO] [1733786234.824003808] [robot_state_publisher]: got segment lf2
[INFO] [1733786234.827106928] [robot_state_publisher]: got segment lf3
[INFO] [1733786234.827169983] [robot_state_publisher]: got segment lffoot
[INFO] [1733786234.827621109] [robot_state_publisher]: got segment lidar_link
[INFO] [1733786234.827670016] [robot_state_publisher]: got segment lpb1
[INFO] [1733786234.827701145] [robot_state_publisher]: got segment lpb2
[INFO] [1733786234.827730478] [robot_state_publisher]: got segment lpf1
[INFO] [1733786234.827759737] [robot_state_publisher]: got segment lpf2
[INFO] [1733786234.827788570] [robot_state_publisher]: got segment rb1
[INFO] [1733786234.828878857] [robot_state_publisher]: got segment rb2
[INFO] [1733786234.828974986] [robot_state_publisher]: got segment rb3
[INFO] [1733786234.829014189] [robot_state_publisher]: got segment rbfoot
[INFO] [1733786234.829048429] [robot_state_publisher]: got segment rf1
[INFO] [1733786234.831436426] [robot_state_publisher]: got segment rf2
[INFO] [1733786234.831505481] [robot_state_publisher]: got segment rf3
[INFO] [1733786234.831539925] [robot_state_publisher]: got segment rffoot
[INFO] [1733786234.831571907] [robot_state_publisher]: got segment rpb1
[INFO] [1733786234.834774026] [robot_state_publisher]: got segment rpb2
[INFO] [1733786234.836565325] [robot_state_publisher]: got segment rpf1
[INFO] [1733786234.836636787] [robot_state_publisher]: got segment rpf2
[INFO] [1733786672.472456950] [rclcpp]: signal_handler(signum=2)
