[INFO] [1717405585.038589313] [robot_state_publisher]: got segment base_inertia
[INFO] [1717405585.040990676] [robot_state_publisher]: got segment base_link
[INFO] [1717405585.041242766] [robot_state_publisher]: got segment imu_link
[INFO] [1717405585.041297432] [robot_state_publisher]: got segment lb1
[INFO] [1717405585.041333432] [robot_state_publisher]: got segment lb2
[INFO] [1717405585.041366080] [robot_state_publisher]: got segment lb3
[INFO] [1717405585.041397783] [robot_state_publisher]: got segment lbfoot
[INFO] [1717405585.042485401] [robot_state_publisher]: got segment lf1
[INFO] [1717405585.042557438] [robot_state_publisher]: got segment lf2
[INFO] [1717405585.042596456] [robot_state_publisher]: got segment lf3
[INFO] [1717405585.042630233] [robot_state_publisher]: got segment lffoot
[INFO] [1717405585.042663344] [robot_state_publisher]: got segment lidar_link
[INFO] [1717405585.042694862] [robot_state_publisher]: got segment lpb1
[INFO] [1717405585.043535650] [robot_state_publisher]: got segment lpb2
[INFO] [1717405585.043741703] [robot_state_publisher]: got segment lpf1
[INFO] [1717405585.043790814] [robot_state_publisher]: got segment lpf2
[INFO] [1717405585.043823869] [robot_state_publisher]: got segment rb1
[INFO] [1717405585.043854739] [robot_state_publisher]: got segment rb2
[INFO] [1717405585.043886442] [robot_state_publisher]: got segment rb3
[INFO] [1717405585.043918257] [robot_state_publisher]: got segment rbfoot
[INFO] [1717405585.043950812] [robot_state_publisher]: got segment rf1
[INFO] [1717405585.043982108] [robot_state_publisher]: got segment rf2
[INFO] [1717405585.045010375] [robot_state_publisher]: got segment rf3
[INFO] [1717405585.045061467] [robot_state_publisher]: got segment rffoot
[INFO] [1717405585.045095300] [robot_state_publisher]: got segment rpb1
[INFO] [1717405585.045126596] [robot_state_publisher]: got segment rpb2
[INFO] [1717405585.045155929] [robot_state_publisher]: got segment rpf1
[INFO] [1717405585.045186225] [robot_state_publisher]: got segment rpf2
[INFO] [1717405585.045216447] [robot_state_publisher]: got segment yellow_plate
[INFO] [1717405616.278883098] [rclcpp]: signal_handler(signum=2)
