[INFO] [1717407803.885884322] [robot_state_publisher]: got segment base_inertia
[INFO] [1717407803.944547522] [robot_state_publisher]: got segment base_link
[INFO] [1717407803.952369244] [robot_state_publisher]: got segment imu_link
[INFO] [1717407803.965507750] [robot_state_publisher]: got segment lb1
[INFO] [1717407803.965614194] [robot_state_publisher]: got segment lb2
[INFO] [1717407803.965649904] [robot_state_publisher]: got segment lb3
[INFO] [1717407803.965683170] [robot_state_publisher]: got segment lbfoot
[INFO] [1717407803.965714381] [robot_state_publisher]: got segment lf1
[INFO] [1717407803.965744519] [robot_state_publisher]: got segment lf2
[INFO] [1717407803.971376915] [robot_state_publisher]: got segment lf3
[INFO] [1717407803.971426916] [robot_state_publisher]: got segment lffoot
[INFO] [1717407803.971462589] [robot_state_publisher]: got segment lidar_link
[INFO] [1717407803.971492467] [robot_state_publisher]: got segment lpb1
[INFO] [1717407803.971523012] [robot_state_publisher]: got segment lpb2
[INFO] [1717407803.971553946] [robot_state_publisher]: got segment lpf1
[INFO] [1717407803.971583769] [robot_state_publisher]: got segment lpf2
[INFO] [1717407803.971612703] [robot_state_publisher]: got segment rb1
[INFO] [1717407803.971642396] [robot_state_publisher]: got segment rb2
[INFO] [1717407803.971671719] [robot_state_publisher]: got segment rb3
[INFO] [1717407803.971700246] [robot_state_publisher]: got segment rbfoot
[INFO] [1717407803.971729755] [robot_state_publisher]: got segment rf1
[INFO] [1717407803.971759244] [robot_state_publisher]: got segment rf2
[INFO] [1717407803.971787808] [robot_state_publisher]: got segment rf3
[INFO] [1717407803.971816095] [robot_state_publisher]: got segment rffoot
[INFO] [1717407803.971844511] [robot_state_publisher]: got segment rpb1
[INFO] [1717407803.971873852] [robot_state_publisher]: got segment rpb2
[INFO] [1717407803.971902305] [robot_state_publisher]: got segment rpf1
[INFO] [1717407803.971931665] [robot_state_publisher]: got segment rpf2
[INFO] [1717407803.971961137] [robot_state_publisher]: got segment yellow_plate
[INFO] [1717407806.964836546] [rclcpp]: signal_handler(signum=2)
