[INFO] [1717407872.790652339] [robot_state_publisher]: got segment base_inertia
[INFO] [1717407872.791249592] [robot_state_publisher]: got segment base_link
[INFO] [1717407872.791369209] [robot_state_publisher]: got segment imu_link
[INFO] [1717407872.791414364] [robot_state_publisher]: got segment lb1
[INFO] [1717407872.791448837] [robot_state_publisher]: got segment lb2
[INFO] [1717407872.791480902] [robot_state_publisher]: got segment lb3
[INFO] [1717407872.791513209] [robot_state_publisher]: got segment lbfoot
[INFO] [1717407872.791543905] [robot_state_publisher]: got segment lf1
[INFO] [1717407872.791574249] [robot_state_publisher]: got segment lf2
[INFO] [1717407872.791604778] [robot_state_publisher]: got segment lf3
[INFO] [1717407872.791635122] [robot_state_publisher]: got segment lffoot
[INFO] [1717407872.791664614] [robot_state_publisher]: got segment lidar_link
[INFO] [1717407872.791693829] [robot_state_publisher]: got segment lpb1
[INFO] [1717407872.791722895] [robot_state_publisher]: got segment lpb2
[INFO] [1717407872.791752388] [robot_state_publisher]: got segment lpf1
[INFO] [1717407872.791781417] [robot_state_publisher]: got segment lpf2
[INFO] [1717407872.791810780] [robot_state_publisher]: got segment rb1
[INFO] [1717407872.791839920] [robot_state_publisher]: got segment rb2
[INFO] [1717407872.791870283] [robot_state_publisher]: got segment rb3
[INFO] [1717407872.791901034] [robot_state_publisher]: got segment rbfoot
[INFO] [1717407872.791931119] [robot_state_publisher]: got segment rf1
[INFO] [1717407872.791960426] [robot_state_publisher]: got segment rf2
[INFO] [1717407872.791992659] [robot_state_publisher]: got segment rf3
[INFO] [1717407872.792023688] [robot_state_publisher]: got segment rffoot
[INFO] [1717407872.792054902] [robot_state_publisher]: got segment rpb1
[INFO] [1717407872.792084801] [robot_state_publisher]: got segment rpb2
[INFO] [1717407872.792114312] [robot_state_publisher]: got segment rpf1
[INFO] [1717407872.792142453] [robot_state_publisher]: got segment rpf2
[INFO] [1717407872.792171371] [robot_state_publisher]: got segment yellow_plate
[INFO] [1717408042.304490929] [rclcpp]: signal_handler(signum=2)
