[INFO] [1717409481.876891877] [robot_state_publisher]: got segment base_inertia
[INFO] [1717409481.881990302] [robot_state_publisher]: got segment base_link
[INFO] [1717409481.885159474] [robot_state_publisher]: got segment imu_link
[INFO] [1717409481.889049178] [robot_state_publisher]: got segment lb1
[INFO] [1717409481.893434587] [robot_state_publisher]: got segment lb2
[INFO] [1717409481.893502889] [robot_state_publisher]: got segment lb3
[INFO] [1717409481.893538420] [robot_state_publisher]: got segment lbfoot
[INFO] [1717409481.893569988] [robot_state_publisher]: got segment lf1
[INFO] [1717409481.893600575] [robot_state_publisher]: got segment lf2
[INFO] [1717409481.893631217] [robot_state_publisher]: got segment lf3
[INFO] [1717409481.893660675] [robot_state_publisher]: got segment lffoot
[INFO] [1717409481.893691169] [robot_state_publisher]: got segment lidar_link
[INFO] [1717409481.893720941] [robot_state_publisher]: got segment lpb1
[INFO] [1717409481.893750510] [robot_state_publisher]: got segment lpb2
[INFO] [1717409481.893779264] [robot_state_publisher]: got segment lpf1
[INFO] [1717409481.893810480] [robot_state_publisher]: got segment lpf2
[INFO] [1717409481.893840549] [robot_state_publisher]: got segment rb1
[INFO] [1717409481.893871358] [robot_state_publisher]: got segment rb2
[INFO] [1717409481.893900167] [robot_state_publisher]: got segment rb3
[INFO] [1717409481.893929699] [robot_state_publisher]: got segment rbfoot
[INFO] [1717409481.893960749] [robot_state_publisher]: got segment rf1
[INFO] [1717409481.893989929] [robot_state_publisher]: got segment rf2
[INFO] [1717409481.894020053] [robot_state_publisher]: got segment rf3
[INFO] [1717409481.894049399] [robot_state_publisher]: got segment rffoot
[INFO] [1717409481.894079375] [robot_state_publisher]: got segment rpb1
[INFO] [1717409481.894109036] [robot_state_publisher]: got segment rpb2
[INFO] [1717409481.894137864] [robot_state_publisher]: got segment rpf1
[INFO] [1717409481.894167118] [robot_state_publisher]: got segment rpf2
[INFO] [1717409481.894195446] [robot_state_publisher]: got segment yellow_plate
[INFO] [1717409493.123220296] [rclcpp]: signal_handler(signum=2)
