[INFO] [1733787684.353741800] [robot_state_publisher]: got segment Board_PCB
[INFO] [1733787684.354763364] [robot_state_publisher]: got segment Board_connectors_1
[INFO] [1733787684.355160398] [robot_state_publisher]: got segment Board_connectors_2
[INFO] [1733787684.355236267] [robot_state_publisher]: got segment Body_front
[INFO] [1733787684.355277526] [robot_state_publisher]: got segment Shell_Side
[INFO] [1733787684.355312915] [robot_state_publisher]: got segment base_inertia
[INFO] [1733787684.355346581] [robot_state_publisher]: got segment base_link
[INFO] [1733787684.355378247] [robot_state_publisher]: got segment imu_link
[INFO] [1733787684.355408303] [robot_state_publisher]: got segment lb1
[INFO] [1733787684.355437636] [robot_state_publisher]: got segment lb2
[INFO] [1733787684.355468043] [robot_state_publisher]: got segment lb3
[INFO] [1733787684.355820688] [robot_state_publisher]: got segment lbfoot
[INFO] [1733787684.355889687] [robot_state_publisher]: got segment lf1
[INFO] [1733787684.355930872] [robot_state_publisher]: got segment lf2
[INFO] [1733787684.355962835] [robot_state_publisher]: got segment lf3
[INFO] [1733787684.355992575] [robot_state_publisher]: got segment lffoot
[INFO] [1733787684.356025871] [robot_state_publisher]: got segment lidar_link
[INFO] [1733787684.356055871] [robot_state_publisher]: got segment lpb1
[INFO] [1733787684.356086019] [robot_state_publisher]: got segment lpb2
[INFO] [1733787684.356303979] [robot_state_publisher]: got segment lpf1
[INFO] [1733787684.356460904] [robot_state_publisher]: got segment lpf2
[INFO] [1733787684.356502459] [robot_state_publisher]: got segment rb1
[INFO] [1733787684.356535477] [robot_state_publisher]: got segment rb2
[INFO] [1733787684.356565884] [robot_state_publisher]: got segment rb3
[INFO] [1733787684.356595292] [robot_state_publisher]: got segment rbfoot
[INFO] [1733787684.356625421] [robot_state_publisher]: got segment rf1
[INFO] [1733787684.356654347] [robot_state_publisher]: got segment rf2
[INFO] [1733787684.356683606] [robot_state_publisher]: got segment rf3
[INFO] [1733787684.356907029] [robot_state_publisher]: got segment rffoot
[INFO] [1733787684.357053935] [robot_state_publisher]: got segment rpb1
[INFO] [1733787684.357093861] [robot_state_publisher]: got segment rpb2
[INFO] [1733787684.357124194] [robot_state_publisher]: got segment rpf1
[INFO] [1733787684.357153268] [robot_state_publisher]: got segment rpf2
[INFO] [1733787702.162968571] [rclcpp]: signal_handler(signum=2)
