[INFO] [1733542180.769841110] [robot_state_publisher]: got segment Board_PCB
[INFO] [1733542180.773825232] [robot_state_publisher]: got segment Board_connectors_1
[INFO] [1733542180.774602798] [robot_state_publisher]: got segment Board_connectors_2
[INFO] [1733542180.774703852] [robot_state_publisher]: got segment Body_front
[INFO] [1733542180.774741704] [robot_state_publisher]: got segment Shell_Side
[INFO] [1733542180.774772685] [robot_state_publisher]: got segment base_inertia
[INFO] [1733542180.774802759] [robot_state_publisher]: got segment base_link
[INFO] [1733542180.774833221] [robot_state_publisher]: got segment imu_link
[INFO] [1733542180.774863832] [robot_state_publisher]: got segment lb1
[INFO] [1733542180.774893128] [robot_state_publisher]: got segment lb2
[INFO] [1733542180.774922405] [robot_state_publisher]: got segment lb3
[INFO] [1733542180.774951461] [robot_state_publisher]: got segment lbfoot
[INFO] [1733542180.774981627] [robot_state_publisher]: got segment lf1
[INFO] [1733542180.775010756] [robot_state_publisher]: got segment lf2
[INFO] [1733542180.775043071] [robot_state_publisher]: got segment lf3
[INFO] [1733542180.775071867] [robot_state_publisher]: got segment lffoot
[INFO] [1733542180.777020067] [robot_state_publisher]: got segment lidar_link
[INFO] [1733542180.777074641] [robot_state_publisher]: got segment lpb1
[INFO] [1733542180.777106844] [robot_state_publisher]: got segment lpb2
[INFO] [1733542180.777136973] [robot_state_publisher]: got segment lpf1
[INFO] [1733542180.777167177] [robot_state_publisher]: got segment lpf2
[INFO] [1733542180.777195714] [robot_state_publisher]: got segment rb1
[INFO] [1733542180.777224621] [robot_state_publisher]: got segment rb2
[INFO] [1733542180.777255009] [robot_state_publisher]: got segment rb3
[INFO] [1733542180.777283638] [robot_state_publisher]: got segment rbfoot
[INFO] [1733542180.777314971] [robot_state_publisher]: got segment rf1
[INFO] [1733542180.777346860] [robot_state_publisher]: got segment rf2
[INFO] [1733542180.777376026] [robot_state_publisher]: got segment rf3
[INFO] [1733542180.777405378] [robot_state_publisher]: got segment rffoot
[INFO] [1733542180.777434859] [robot_state_publisher]: got segment rpb1
[INFO] [1733542180.777464322] [robot_state_publisher]: got segment rpb2
[INFO] [1733542180.777493710] [robot_state_publisher]: got segment rpf1
[INFO] [1733542180.777523358] [robot_state_publisher]: got segment rpf2
[INFO] [1733542288.937700832] [rclcpp]: signal_handler(signum=2)
