[INFO] [1733518247.121765664] [robot_state_publisher]: got segment Board_PCB
[INFO] [1733518247.123661075] [robot_state_publisher]: got segment Board_connectors_1
[INFO] [1733518247.123832740] [robot_state_publisher]: got segment Board_connectors_2
[INFO] [1733518247.123885906] [robot_state_publisher]: got segment Body_front
[INFO] [1733518247.123923610] [robot_state_publisher]: got segment Shell_Side
[INFO] [1733518247.123956184] [robot_state_publisher]: got segment base_inertia
[INFO] [1733518247.123988332] [robot_state_publisher]: got segment base_link
[INFO] [1733518247.124021609] [robot_state_publisher]: got segment imu_link
[INFO] [1733518247.124055016] [robot_state_publisher]: got segment lb1
[INFO] [1733518247.124089090] [robot_state_publisher]: got segment lb2
[INFO] [1733518247.124120553] [robot_state_publisher]: got segment lb3
[INFO] [1733518247.124151034] [robot_state_publisher]: got segment lbfoot
[INFO] [1733518247.124181293] [robot_state_publisher]: got segment lf1
[INFO] [1733518247.124210959] [robot_state_publisher]: got segment lf2
[INFO] [1733518247.124269848] [robot_state_publisher]: got segment lf3
[INFO] [1733518247.124325496] [robot_state_publisher]: got segment lffoot
[INFO] [1733518247.124360421] [robot_state_publisher]: got segment lidar_link
[INFO] [1733518247.124391402] [robot_state_publisher]: got segment lpb1
[INFO] [1733518247.124420995] [robot_state_publisher]: got segment lpb2
[INFO] [1733518247.124452272] [robot_state_publisher]: got segment lpf1
[INFO] [1733518247.124482161] [robot_state_publisher]: got segment lpf2
[INFO] [1733518247.124511698] [robot_state_publisher]: got segment rb1
[INFO] [1733518247.124542420] [robot_state_publisher]: got segment rb2
[INFO] [1733518247.124573920] [robot_state_publisher]: got segment rb3
[INFO] [1733518247.124603605] [robot_state_publisher]: got segment rbfoot
[INFO] [1733518247.124633475] [robot_state_publisher]: got segment rf1
[INFO] [1733518247.124663141] [robot_state_publisher]: got segment rf2
[INFO] [1733518247.124693437] [robot_state_publisher]: got segment rf3
[INFO] [1733518247.124724215] [robot_state_publisher]: got segment rffoot
[INFO] [1733518247.124754214] [robot_state_publisher]: got segment rpb1
[INFO] [1733518247.124784862] [robot_state_publisher]: got segment rpb2
[INFO] [1733518247.124813584] [robot_state_publisher]: got segment rpf1
[INFO] [1733518247.124843436] [robot_state_publisher]: got segment rpf2
[INFO] [1733518265.065504956] [rclcpp]: signal_handler(signum=2)
