[INFO] [1733517739.447454182] [robot_state_publisher]: got segment Board_PCB
[INFO] [1733517739.471953203] [robot_state_publisher]: got segment Board_connectors_1
[INFO] [1733517739.474666599] [robot_state_publisher]: got segment Board_connectors_2
[INFO] [1733517739.478502426] [robot_state_publisher]: got segment Body_front
[INFO] [1733517739.481403301] [robot_state_publisher]: got segment Shell_Side
[INFO] [1733517739.481469578] [robot_state_publisher]: got segment base_inertia
[INFO] [1733517739.481504614] [robot_state_publisher]: got segment base_link
[INFO] [1733517739.481536373] [robot_state_publisher]: got segment imu_link
[INFO] [1733517739.481565873] [robot_state_publisher]: got segment lb1
[INFO] [1733517739.481595873] [robot_state_publisher]: got segment lb2
[INFO] [1733517739.481627465] [robot_state_publisher]: got segment lb3
[INFO] [1733517739.481657094] [robot_state_publisher]: got segment lbfoot
[INFO] [1733517739.481687520] [robot_state_publisher]: got segment lf1
[INFO] [1733517739.481716501] [robot_state_publisher]: got segment lf2
[INFO] [1733517739.481746093] [robot_state_publisher]: got segment lf3
[INFO] [1733517739.481775704] [robot_state_publisher]: got segment lffoot
[INFO] [1733517739.481806259] [robot_state_publisher]: got segment lidar_link
[INFO] [1733517739.481836407] [robot_state_publisher]: got segment lpb1
[INFO] [1733517739.481865907] [robot_state_publisher]: got segment lpb2
[INFO] [1733517739.481894869] [robot_state_publisher]: got segment lpf1
[INFO] [1733517739.481925073] [robot_state_publisher]: got segment lpf2
[INFO] [1733517739.481954035] [robot_state_publisher]: got segment rb1
[INFO] [1733517739.481983091] [robot_state_publisher]: got segment rb2
[INFO] [1733517739.482012146] [robot_state_publisher]: got segment rb3
[INFO] [1733517739.482040812] [robot_state_publisher]: got segment rbfoot
[INFO] [1733517739.482070571] [robot_state_publisher]: got segment rf1
[INFO] [1733517739.482100015] [robot_state_publisher]: got segment rf2
[INFO] [1733517739.489162936] [robot_state_publisher]: got segment rf3
[INFO] [1733517739.489291972] [robot_state_publisher]: got segment rffoot
[INFO] [1733517739.489338045] [robot_state_publisher]: got segment rpb1
[INFO] [1733517739.489371323] [robot_state_publisher]: got segment rpb2
[INFO] [1733517739.489406341] [robot_state_publisher]: got segment rpf1
[INFO] [1733517739.489442507] [robot_state_publisher]: got segment rpf2
[INFO] [1733517753.464817047] [rclcpp]: signal_handler(signum=2)
