[INFO] [1733790126.702169602] [robot_state_publisher]: got segment Board_PCB
[INFO] [1733790126.707788673] [robot_state_publisher]: got segment Board_connectors_1
[INFO] [1733790126.707961802] [robot_state_publisher]: got segment Board_connectors_2
[INFO] [1733790126.708016301] [robot_state_publisher]: got segment Body_front
[INFO] [1733790126.708050375] [robot_state_publisher]: got segment Shell_Side
[INFO] [1733790126.708083097] [robot_state_publisher]: got segment base_inertia
[INFO] [1733790126.708113412] [robot_state_publisher]: got segment base_link
[INFO] [1733790126.708143022] [robot_state_publisher]: got segment imu_link
[INFO] [1733790126.708171893] [robot_state_publisher]: got segment lb1
[INFO] [1733790126.708200411] [robot_state_publisher]: got segment lb2
[INFO] [1733790126.708228985] [robot_state_publisher]: got segment lb3
[INFO] [1733790126.709092368] [robot_state_publisher]: got segment lbfoot
[INFO] [1733790126.709216978] [robot_state_publisher]: got segment lf1
[INFO] [1733790126.709264459] [robot_state_publisher]: got segment lf2
[INFO] [1733790126.709298551] [robot_state_publisher]: got segment lf3
[INFO] [1733790126.709328977] [robot_state_publisher]: got segment lffoot
[INFO] [1733790126.709358384] [robot_state_publisher]: got segment lidar_link
[INFO] [1733790126.709387384] [robot_state_publisher]: got segment lpb1
[INFO] [1733790126.709416643] [robot_state_publisher]: got segment lpb2
[INFO] [1733790126.709446106] [robot_state_publisher]: got segment lpf1
[INFO] [1733790126.709481309] [robot_state_publisher]: got segment lpf2
[INFO] [1733790126.709515939] [robot_state_publisher]: got segment rb1
[INFO] [1733790126.709552827] [robot_state_publisher]: got segment rb2
[INFO] [1733790126.710500432] [robot_state_publisher]: got segment rb3
[INFO] [1733790126.710579561] [robot_state_publisher]: got segment rbfoot
[INFO] [1733790126.710621412] [robot_state_publisher]: got segment rf1
[INFO] [1733790126.710652301] [robot_state_publisher]: got segment rf2
[INFO] [1733790126.710681375] [robot_state_publisher]: got segment rf3
[INFO] [1733790126.710710004] [robot_state_publisher]: got segment rffoot
[INFO] [1733790126.710739615] [robot_state_publisher]: got segment rpb1
[INFO] [1733790126.710769448] [robot_state_publisher]: got segment rpb2
[INFO] [1733790126.710798337] [robot_state_publisher]: got segment rpf1
[INFO] [1733790126.710827651] [robot_state_publisher]: got segment rpf2
[INFO] [1733790269.875403587] [rclcpp]: signal_handler(signum=2)
