[INFO] [1717407829.195321271] [robot_state_publisher]: got segment base_inertia
[INFO] [1717407829.195888137] [robot_state_publisher]: got segment base_link
[INFO] [1717407829.196002888] [robot_state_publisher]: got segment imu_link
[INFO] [1717407829.196042645] [robot_state_publisher]: got segment lb1
[INFO] [1717407829.196075438] [robot_state_publisher]: got segment lb2
[INFO] [1717407829.196106214] [robot_state_publisher]: got segment lb3
[INFO] [1717407829.196137397] [robot_state_publisher]: got segment lbfoot
[INFO] [1717407829.196168173] [robot_state_publisher]: got segment lf1
[INFO] [1717407829.196197985] [robot_state_publisher]: got segment lf2
[INFO] [1717407829.196228187] [robot_state_publisher]: got segment lf3
[INFO] [1717407829.196259425] [robot_state_publisher]: got segment lffoot
[INFO] [1717407829.196293756] [robot_state_publisher]: got segment lidar_link
[INFO] [1717407829.196328142] [robot_state_publisher]: got segment lpb1
[INFO] [1717407829.196359251] [robot_state_publisher]: got segment lpb2
[INFO] [1717407829.196390175] [robot_state_publisher]: got segment lpf1
[INFO] [1717407829.196420784] [robot_state_publisher]: got segment lpf2
[INFO] [1717407829.196450874] [robot_state_publisher]: got segment rb1
[INFO] [1717407829.196481206] [robot_state_publisher]: got segment rb2
[INFO] [1717407829.196513425] [robot_state_publisher]: got segment rb3
[INFO] [1717407829.196544349] [robot_state_publisher]: got segment rbfoot
[INFO] [1717407829.196575088] [robot_state_publisher]: got segment rf1
[INFO] [1717407829.196606604] [robot_state_publisher]: got segment rf2
[INFO] [1717407829.196636287] [robot_state_publisher]: got segment rf3
[INFO] [1717407829.196665581] [robot_state_publisher]: got segment rffoot
[INFO] [1717407829.196697505] [robot_state_publisher]: got segment rpb1
[INFO] [1717407829.196727336] [robot_state_publisher]: got segment rpb2
[INFO] [1717407829.196756723] [robot_state_publisher]: got segment rpf1
[INFO] [1717407829.196786128] [robot_state_publisher]: got segment rpf2
[INFO] [1717407829.196815792] [robot_state_publisher]: got segment yellow_plate
[INFO] [1717407856.992566689] [rclcpp]: signal_handler(signum=2)
