[INFO] [1733519012.755500524] [robot_state_publisher]: got segment Board_PCB
[INFO] [1733519012.756179332] [robot_state_publisher]: got segment Board_connectors_1
[INFO] [1733519012.756589347] [robot_state_publisher]: got segment Board_connectors_2
[INFO] [1733519012.756652920] [robot_state_publisher]: got segment Body_front
[INFO] [1733519012.756688179] [robot_state_publisher]: got segment Shell_Side
[INFO] [1733519012.756720456] [robot_state_publisher]: got segment base_inertia
[INFO] [1733519012.756752401] [robot_state_publisher]: got segment base_link
[INFO] [1733519012.756785659] [robot_state_publisher]: got segment imu_link
[INFO] [1733519012.756817104] [robot_state_publisher]: got segment lb1
[INFO] [1733519012.756850826] [robot_state_publisher]: got segment lb2
[INFO] [1733519012.756882307] [robot_state_publisher]: got segment lb3
[INFO] [1733519012.756912121] [robot_state_publisher]: got segment lbfoot
[INFO] [1733519012.756941695] [robot_state_publisher]: got segment lf1
[INFO] [1733519012.756970935] [robot_state_publisher]: got segment lf2
[INFO] [1733519012.757003546] [robot_state_publisher]: got segment lf3
[INFO] [1733519012.757032027] [robot_state_publisher]: got segment lffoot
[INFO] [1733519012.757061416] [robot_state_publisher]: got segment lidar_link
[INFO] [1733519012.757091342] [robot_state_publisher]: got segment lpb1
[INFO] [1733519012.757121064] [robot_state_publisher]: got segment lpb2
[INFO] [1733519012.757150508] [robot_state_publisher]: got segment lpf1
[INFO] [1733519012.757285192] [robot_state_publisher]: got segment lpf2
[INFO] [1733519012.757397061] [robot_state_publisher]: got segment rb1
[INFO] [1733519012.757435005] [robot_state_publisher]: got segment rb2
[INFO] [1733519012.757466171] [robot_state_publisher]: got segment rb3
[INFO] [1733519012.757496263] [robot_state_publisher]: got segment rbfoot
[INFO] [1733519012.757526726] [robot_state_publisher]: got segment rf1
[INFO] [1733519012.757556930] [robot_state_publisher]: got segment rf2
[INFO] [1733519012.757586096] [robot_state_publisher]: got segment rf3
[INFO] [1733519012.757615040] [robot_state_publisher]: got segment rffoot
[INFO] [1733519012.757813668] [robot_state_publisher]: got segment rpb1
[INFO] [1733519012.757869612] [robot_state_publisher]: got segment rpb2
[INFO] [1733519012.757905796] [robot_state_publisher]: got segment rpf1
[INFO] [1733519012.757936444] [robot_state_publisher]: got segment rpf2
[INFO] [1733519191.139267784] [rclcpp]: signal_handler(signum=2)
