[INFO] [1717405365.969994713] [robot_state_publisher]: got segment base_inertia
[INFO] [1717405365.970941851] [robot_state_publisher]: got segment base_link
[INFO] [1717405365.971067220] [robot_state_publisher]: got segment imu_link
[INFO] [1717405365.971114682] [robot_state_publisher]: got segment lb1
[INFO] [1717405365.971148145] [robot_state_publisher]: got segment lb2
[INFO] [1717405365.971180422] [robot_state_publisher]: got segment lb3
[INFO] [1717405365.971462678] [robot_state_publisher]: got segment lbfoot
[INFO] [1717405365.971529585] [robot_state_publisher]: got segment lf1
[INFO] [1717405365.971566918] [robot_state_publisher]: got segment lf2
[INFO] [1717405365.971598454] [robot_state_publisher]: got segment lf3
[INFO] [1717405365.971628991] [robot_state_publisher]: got segment lffoot
[INFO] [1717405365.971657768] [robot_state_publisher]: got segment lidar_link
[INFO] [1717405365.971688731] [robot_state_publisher]: got segment lpb1
[INFO] [1717405365.971718027] [robot_state_publisher]: got segment lpb2
[INFO] [1717405365.971746786] [robot_state_publisher]: got segment lpf1
[INFO] [1717405365.971775619] [robot_state_publisher]: got segment lpf2
[INFO] [1717405365.971806600] [robot_state_publisher]: got segment rb1
[INFO] [1717405365.971847525] [robot_state_publisher]: got segment rb2
[INFO] [1717405365.971878507] [robot_state_publisher]: got segment rb3
[INFO] [1717405365.971908173] [robot_state_publisher]: got segment rbfoot
[INFO] [1717405365.971937673] [robot_state_publisher]: got segment rf1
[INFO] [1717405365.971967617] [robot_state_publisher]: got segment rf2
[INFO] [1717405365.971998394] [robot_state_publisher]: got segment rf3
[INFO] [1717405365.972027449] [robot_state_publisher]: got segment rffoot
[INFO] [1717405365.972057597] [robot_state_publisher]: got segment rpb1
[INFO] [1717405365.972088115] [robot_state_publisher]: got segment rpb2
[INFO] [1717405365.972116522] [robot_state_publisher]: got segment rpf1
[INFO] [1717405365.972145466] [robot_state_publisher]: got segment rpf2
[INFO] [1717405365.972174540] [robot_state_publisher]: got segment yellow_plate
[INFO] [1717405427.268133313] [rclcpp]: signal_handler(signum=2)
