[INFO] [1717409145.408848270] [robot_state_publisher]: got segment base_inertia
[INFO] [1717409145.414644674] [robot_state_publisher]: got segment base_link
[INFO] [1717409145.418553548] [robot_state_publisher]: got segment imu_link
[INFO] [1717409145.427804389] [robot_state_publisher]: got segment lb1
[INFO] [1717409145.427868906] [robot_state_publisher]: got segment lb2
[INFO] [1717409145.427903980] [robot_state_publisher]: got segment lb3
[INFO] [1717409145.427935220] [robot_state_publisher]: got segment lbfoot
[INFO] [1717409145.427965831] [robot_state_publisher]: got segment lf1
[INFO] [1717409145.427997127] [robot_state_publisher]: got segment lf2
[INFO] [1717409145.428026404] [robot_state_publisher]: got segment lf3
[INFO] [1717409145.428054941] [robot_state_publisher]: got segment lffoot
[INFO] [1717409145.428084033] [robot_state_publisher]: got segment lidar_link
[INFO] [1717409145.428113125] [robot_state_publisher]: got segment lpb1
[INFO] [1717409145.428297475] [robot_state_publisher]: got segment lpb2
[INFO] [1717409145.428381825] [robot_state_publisher]: got segment lpf1
[INFO] [1717409145.428417621] [robot_state_publisher]: got segment lpf2
[INFO] [1717409145.428448436] [robot_state_publisher]: got segment rb1
[INFO] [1717409145.428477157] [robot_state_publisher]: got segment rb2
[INFO] [1717409145.428506676] [robot_state_publisher]: got segment rb3
[INFO] [1717409145.428535527] [robot_state_publisher]: got segment rbfoot
[INFO] [1717409145.428564267] [robot_state_publisher]: got segment rf1
[INFO] [1717409145.428594748] [robot_state_publisher]: got segment rf2
[INFO] [1717409145.428623730] [robot_state_publisher]: got segment rf3
[INFO] [1717409145.428651822] [robot_state_publisher]: got segment rffoot
[INFO] [1717409145.428681173] [robot_state_publisher]: got segment rpb1
[INFO] [1717409145.428708765] [robot_state_publisher]: got segment rpb2
[INFO] [1717409145.428767135] [robot_state_publisher]: got segment rpf1
[INFO] [1717409145.428809153] [robot_state_publisher]: got segment rpf2
[INFO] [1717409145.428848893] [robot_state_publisher]: got segment yellow_plate
[INFO] [1717409176.179192408] [rclcpp]: signal_handler(signum=2)
