[INFO] [1717408442.060136483] [robot_state_publisher]: got segment base_inertia
[INFO] [1717408442.069273482] [robot_state_publisher]: got segment base_link
[INFO] [1717408442.069429593] [robot_state_publisher]: got segment imu_link
[INFO] [1717408442.069474601] [robot_state_publisher]: got segment lb1
[INFO] [1717408442.069507594] [robot_state_publisher]: got segment lb2
[INFO] [1717408442.069541715] [robot_state_publisher]: got segment lb3
[INFO] [1717408442.069573782] [robot_state_publisher]: got segment lbfoot
[INFO] [1717408442.069605830] [robot_state_publisher]: got segment lf1
[INFO] [1717408442.069635138] [robot_state_publisher]: got segment lf2
[INFO] [1717408442.069665186] [robot_state_publisher]: got segment lf3
[INFO] [1717408442.069695235] [robot_state_publisher]: got segment lffoot
[INFO] [1717408442.069725357] [robot_state_publisher]: got segment lidar_link
[INFO] [1717408442.069758498] [robot_state_publisher]: got segment lpb1
[INFO] [1717408442.069788491] [robot_state_publisher]: got segment lpb2
[INFO] [1717408442.069818243] [robot_state_publisher]: got segment lpf1
[INFO] [1717408442.069847902] [robot_state_publisher]: got segment lpf2
[INFO] [1717408442.069877044] [robot_state_publisher]: got segment rb1
[INFO] [1717408442.069905630] [robot_state_publisher]: got segment rb2
[INFO] [1717408442.069934660] [robot_state_publisher]: got segment rb3
[INFO] [1717408442.069963320] [robot_state_publisher]: got segment rbfoot
[INFO] [1717408442.069993424] [robot_state_publisher]: got segment rf1
[INFO] [1717408442.070023602] [robot_state_publisher]: got segment rf2
[INFO] [1717408442.070052169] [robot_state_publisher]: got segment rf3
[INFO] [1717408442.070081144] [robot_state_publisher]: got segment rffoot
[INFO] [1717408442.070113618] [robot_state_publisher]: got segment rpb1
[INFO] [1717408442.070143018] [robot_state_publisher]: got segment rpb2
[INFO] [1717408442.070171437] [robot_state_publisher]: got segment rpf1
[INFO] [1717408442.070202227] [robot_state_publisher]: got segment rpf2
[INFO] [1717408442.070232182] [robot_state_publisher]: got segment yellow_plate
[INFO] [1717408459.827441809] [rclcpp]: signal_handler(signum=2)
