[INFO] [1718701712.692932157] [robot_state_publisher]: got segment Board_PCB
[INFO] [1718701712.693652268] [robot_state_publisher]: got segment Board_connectors_1
[INFO] [1718701712.693793850] [robot_state_publisher]: got segment Board_connectors_2
[INFO] [1718701712.693839772] [robot_state_publisher]: got segment Body_front
[INFO] [1718701712.693872918] [robot_state_publisher]: got segment Shell_Side
[INFO] [1718701712.693904823] [robot_state_publisher]: got segment base_inertia
[INFO] [1718701712.693939801] [robot_state_publisher]: got segment base_link
[INFO] [1718701712.693970447] [robot_state_publisher]: got segment imu_link
[INFO] [1718701712.694002315] [robot_state_publisher]: got segment lb1
[INFO] [1718701712.694034331] [robot_state_publisher]: got segment lb2
[INFO] [1718701712.694064088] [robot_state_publisher]: got segment lb3
[INFO] [1718701712.694099308] [robot_state_publisher]: got segment lbfoot
[INFO] [1718701712.694133194] [robot_state_publisher]: got segment lf1
[INFO] [1718701712.694163729] [robot_state_publisher]: got segment lf2
[INFO] [1718701712.694195078] [robot_state_publisher]: got segment lf3
[INFO] [1718701712.694225224] [robot_state_publisher]: got segment lffoot
[INFO] [1718701712.694256444] [robot_state_publisher]: got segment lidar_link
[INFO] [1718701712.694287071] [robot_state_publisher]: got segment lpb1
[INFO] [1718701712.694316606] [robot_state_publisher]: got segment lpb2
[INFO] [1718701712.694347937] [robot_state_publisher]: got segment lpf1
[INFO] [1718701712.694377638] [robot_state_publisher]: got segment lpf2
[INFO] [1718701712.694407228] [robot_state_publisher]: got segment rb1
[INFO] [1718701712.694436689] [robot_state_publisher]: got segment rb2
[INFO] [1718701712.694466724] [robot_state_publisher]: got segment rb3
[INFO] [1718701712.694496407] [robot_state_publisher]: got segment rbfoot
[INFO] [1718701712.694525386] [robot_state_publisher]: got segment rf1
[INFO] [1718701712.694554865] [robot_state_publisher]: got segment rf2
[INFO] [1718701712.694583974] [robot_state_publisher]: got segment rf3
[INFO] [1718701712.694613268] [robot_state_publisher]: got segment rffoot
[INFO] [1718701712.694644840] [robot_state_publisher]: got segment rpb1
[INFO] [1718701712.694674227] [robot_state_publisher]: got segment rpb2
[INFO] [1718701712.694704669] [robot_state_publisher]: got segment rpf1
[INFO] [1718701712.694734889] [robot_state_publisher]: got segment rpf2
[INFO] [1718703651.549918689] [rclcpp]: signal_handler(signum=2)
