1717408258.9035056 [INFO] [launch]: All log files can be found below /home/ubuntu/.ros/log/2024-06-03-09-50-58-900288-minipupperv2-2069
1717408258.9041142 [INFO] [launch]: Default logging verbosity is set to INFO
1717408262.9902329 [INFO] [robot_state_publisher-1]: process started with pid [2073]
1717408262.9914162 [INFO] [quadruped_controller_node-2]: process started with pid [2075]
1717408262.9928496 [INFO] [state_estimation_node-3]: process started with pid [2077]
1717408262.9937975 [INFO] [ekf_node-4]: process started with pid [2079]
1717408262.9947438 [INFO] [ekf_node-5]: process started with pid [2081]
1717408262.9956942 [INFO] [servo_interface-6]: process started with pid [2094]
1717408262.9966021 [INFO] [ldlidar_stl_ros2_node-7]: process started with pid [2103]
1717408263.2316577 [robot_state_publisher-1] [INFO] [1717408263.230187663] [robot_state_publisher]: got segment base_inertia
1717408263.2445264 [robot_state_publisher-1] [INFO] [1717408263.243454297] [robot_state_publisher]: got segment base_link
1717408263.2452562 [robot_state_publisher-1] [INFO] [1717408263.243659120] [robot_state_publisher]: got segment imu_link
1717408263.2460735 [robot_state_publisher-1] [INFO] [1717408263.243705409] [robot_state_publisher]: got segment lb1
1717408263.2481561 [robot_state_publisher-1] [INFO] [1717408263.243739349] [robot_state_publisher]: got segment lb2
1717408263.2488816 [robot_state_publisher-1] [INFO] [1717408263.243771974] [robot_state_publisher]: got segment lb3
1717408263.2494988 [robot_state_publisher-1] [INFO] [1717408263.243803118] [robot_state_publisher]: got segment lbfoot
1717408263.2501919 [robot_state_publisher-1] [INFO] [1717408263.243835706] [robot_state_publisher]: got segment lf1
1717408263.2519505 [robot_state_publisher-1] [INFO] [1717408263.243865035] [robot_state_publisher]: got segment lf2
1717408263.2525568 [robot_state_publisher-1] [INFO] [1717408263.243895660] [robot_state_publisher]: got segment lf3
1717408263.2531524 [robot_state_publisher-1] [INFO] [1717408263.243925637] [robot_state_publisher]: got segment lffoot
1717408263.2561858 [robot_state_publisher-1] [INFO] [1717408263.243955799] [robot_state_publisher]: got segment lidar_link
1717408263.2577229 [robot_state_publisher-1] [INFO] [1717408263.243986925] [robot_state_publisher]: got segment lpb1
1717408263.2701938 [robot_state_publisher-1] [INFO] [1717408263.244017957] [robot_state_publisher]: got segment lpb2
1717408263.2708969 [robot_state_publisher-1] [INFO] [1717408263.244047675] [robot_state_publisher]: got segment lpf1
1717408263.2714849 [robot_state_publisher-1] [INFO] [1717408263.244078411] [robot_state_publisher]: got segment lpf2
1717408263.2876229 [robot_state_publisher-1] [INFO] [1717408263.244380813] [robot_state_publisher]: got segment rb1
1717408263.2986896 [robot_state_publisher-1] [INFO] [1717408263.244443137] [robot_state_publisher]: got segment rb2
1717408263.2995341 [robot_state_publisher-1] [INFO] [1717408263.244474799] [robot_state_publisher]: got segment rb3
1717408263.3003137 [robot_state_publisher-1] [INFO] [1717408263.244505961] [robot_state_publisher]: got segment rbfoot
1717408263.3012536 [robot_state_publisher-1] [INFO] [1717408263.244536790] [robot_state_publisher]: got segment rf1
1717408263.3021104 [robot_state_publisher-1] [INFO] [1717408263.244566212] [robot_state_publisher]: got segment rf2
1717408263.3031960 [robot_state_publisher-1] [INFO] [1717408263.244595874] [robot_state_publisher]: got segment rf3
1717408263.3040092 [robot_state_publisher-1] [INFO] [1717408263.244624666] [robot_state_publisher]: got segment rffoot
1717408263.3049595 [robot_state_publisher-1] [INFO] [1717408263.244653773] [robot_state_publisher]: got segment rpb1
1717408263.3058047 [robot_state_publisher-1] [INFO] [1717408263.244683806] [robot_state_publisher]: got segment rpb2
1717408263.3067057 [robot_state_publisher-1] [INFO] [1717408263.244713080] [robot_state_publisher]: got segment rpf1
1717408263.3074958 [robot_state_publisher-1] [INFO] [1717408263.244741742] [robot_state_publisher]: got segment rpf2
1717408263.3083799 [robot_state_publisher-1] [INFO] [1717408263.244772275] [robot_state_publisher]: got segment yellow_plate
1717408308.8078997 [WARNING] [launch]: user interrupted with ctrl-c (SIGINT)
1717408308.8891885 [robot_state_publisher-1] [INFO] [1717408308.793622651] [rclcpp]: signal_handler(signum=2)
1717408309.0898914 [INFO] [robot_state_publisher-1]: process has finished cleanly [pid 2073]
1717408309.1828001 [INFO] [ekf_node-5]: process has finished cleanly [pid 2081]
1717408309.1980753 [ERROR] [servo_interface-6]: process has died [pid 2094, exit code -2, cmd '/home/ubuntu/ros2_ws/install/mini_pupper_driver/lib/mini_pupper_driver/servo_interface --ros-args -r __node:=servo_interface'].
1717408309.2203677 [INFO] [state_estimation_node-3]: process has finished cleanly [pid 2077]
1717408309.2354038 [INFO] [quadruped_controller_node-2]: process has finished cleanly [pid 2075]
1717408309.2452044 [INFO] [ldlidar_stl_ros2_node-7]: process has finished cleanly [pid 2103]
1717408309.2562909 [INFO] [ekf_node-4]: process has finished cleanly [pid 2079]
