1717404353.3158495 [INFO] [launch]: All log files can be found below /home/ubuntu/.ros/log/2024-06-03-08-45-53-312469-minipupperv2-1444
1717404353.3164463 [INFO] [launch]: Default logging verbosity is set to INFO
1717404357.3371887 [INFO] [robot_state_publisher-1]: process started with pid [1448]
1717404357.3428411 [INFO] [quadruped_controller_node-2]: process started with pid [1450]
1717404357.3461783 [INFO] [state_estimation_node-3]: process started with pid [1452]
1717404357.3516586 [INFO] [ekf_node-4]: process started with pid [1454]
1717404357.3554170 [INFO] [ekf_node-5]: process started with pid [1457]
1717404357.3593082 [INFO] [servo_interface-6]: process started with pid [1467]
1717404357.3646123 [INFO] [ldlidar_stl_ros2_node-7]: process started with pid [1477]
1717404357.5222039 [robot_state_publisher-1] [INFO] [1717404357.521044325] [robot_state_publisher]: got segment base_inertia
1717404357.5420666 [robot_state_publisher-1] [INFO] [1717404357.540793938] [robot_state_publisher]: got segment base_link
1717404357.5444236 [robot_state_publisher-1] [INFO] [1717404357.543307672] [robot_state_publisher]: got segment imu_link
1717404357.5457165 [robot_state_publisher-1] [INFO] [1717404357.543370690] [robot_state_publisher]: got segment lb1
1717404357.5465286 [robot_state_publisher-1] [INFO] [1717404357.543405578] [robot_state_publisher]: got segment lb2
1717404357.5472629 [robot_state_publisher-1] [INFO] [1717404357.543437781] [robot_state_publisher]: got segment lb3
1717404357.5501215 [robot_state_publisher-1] [INFO] [1717404357.545063580] [robot_state_publisher]: got segment lbfoot
1717404357.5540595 [robot_state_publisher-1] [INFO] [1717404357.545230911] [robot_state_publisher]: got segment lf1
1717404357.5580382 [robot_state_publisher-1] [INFO] [1717404357.545277096] [robot_state_publisher]: got segment lf2
1717404357.5621145 [robot_state_publisher-1] [INFO] [1717404357.545310281] [robot_state_publisher]: got segment lf3
1717404357.5651486 [robot_state_publisher-1] [INFO] [1717404357.545341781] [robot_state_publisher]: got segment lffoot
1717404357.5713449 [robot_state_publisher-1] [INFO] [1717404357.545371947] [robot_state_publisher]: got segment lidar_link
1717404357.5768154 [robot_state_publisher-1] [INFO] [1717404357.546235160] [robot_state_publisher]: got segment lpb1
1717404357.5798032 [robot_state_publisher-1] [INFO] [1717404357.546507750] [robot_state_publisher]: got segment lpb2
1717404357.5878232 [robot_state_publisher-1] [INFO] [1717404357.546559805] [robot_state_publisher]: got segment lpf1
1717404357.6029363 [robot_state_publisher-1] [INFO] [1717404357.546592990] [robot_state_publisher]: got segment lpf2
1717404357.6073396 [robot_state_publisher-1] [INFO] [1717404357.546625286] [robot_state_publisher]: got segment rb1
1717404357.6127613 [robot_state_publisher-1] [INFO] [1717404357.547460111] [robot_state_publisher]: got segment rb2
1717404357.6207683 [robot_state_publisher-1] [INFO] [1717404357.547722719] [robot_state_publisher]: got segment rb3
1717404357.6413333 [robot_state_publisher-1] [INFO] [1717404357.547770719] [robot_state_publisher]: got segment rbfoot
1717404357.6484764 [robot_state_publisher-1] [INFO] [1717404357.547802700] [robot_state_publisher]: got segment rf1
1717404357.6555450 [robot_state_publisher-1] [INFO] [1717404357.547833644] [robot_state_publisher]: got segment rf2
1717404357.6620712 [robot_state_publisher-1] [INFO] [1717404357.547862384] [robot_state_publisher]: got segment rf3
1717404357.6669121 [robot_state_publisher-1] [INFO] [1717404357.547891125] [robot_state_publisher]: got segment rffoot
1717404357.6936455 [robot_state_publisher-1] [INFO] [1717404357.547921587] [robot_state_publisher]: got segment rpb1
1717404357.7059236 [robot_state_publisher-1] [INFO] [1717404357.547950809] [robot_state_publisher]: got segment rpb2
1717404357.7565088 [robot_state_publisher-1] [INFO] [1717404357.548960466] [robot_state_publisher]: got segment rpf1
1717404357.7595859 [robot_state_publisher-1] [INFO] [1717404357.549045780] [robot_state_publisher]: got segment rpf2
1717404357.7634161 [robot_state_publisher-1] [INFO] [1717404357.549088076] [robot_state_publisher]: got segment yellow_plate
