1717408398.7109957 [INFO] [launch]: All log files can be found below /home/ubuntu/.ros/log/2024-06-03-09-53-18-707363-minipupperv2-2159
1717408398.7117207 [INFO] [launch]: Default logging verbosity is set to INFO
1717408402.8595433 [INFO] [robot_state_publisher-1]: process started with pid [2163]
1717408402.8613915 [INFO] [quadruped_controller_node-2]: process started with pid [2165]
1717408402.8626306 [INFO] [state_estimation_node-3]: process started with pid [2167]
1717408402.8634083 [INFO] [ekf_node-4]: process started with pid [2169]
1717408402.8686531 [INFO] [ekf_node-5]: process started with pid [2172]
1717408402.8758643 [INFO] [servo_interface-6]: process started with pid [2188]
1717408402.8775935 [INFO] [ldlidar_stl_ros2_node-7]: process started with pid [2196]
1717408403.0910246 [robot_state_publisher-1] [INFO] [1717408403.089558508] [robot_state_publisher]: got segment base_inertia
1717408403.0964451 [robot_state_publisher-1] [INFO] [1717408403.090969073] [robot_state_publisher]: got segment base_link
1717408403.0989056 [robot_state_publisher-1] [INFO] [1717408403.091242115] [robot_state_publisher]: got segment imu_link
1717408403.1008742 [robot_state_publisher-1] [INFO] [1717408403.091304339] [robot_state_publisher]: got segment lb1
1717408403.1046534 [robot_state_publisher-1] [INFO] [1717408403.091343459] [robot_state_publisher]: got segment lb2
1717408403.1064579 [robot_state_publisher-1] [INFO] [1717408403.091378802] [robot_state_publisher]: got segment lb3
1717408403.1108441 [robot_state_publisher-1] [INFO] [1717408403.091410275] [robot_state_publisher]: got segment lbfoot
1717408403.1115332 [robot_state_publisher-1] [INFO] [1717408403.091440860] [robot_state_publisher]: got segment lf1
1717408403.1121221 [robot_state_publisher-1] [INFO] [1717408403.091472130] [robot_state_publisher]: got segment lf2
1717408403.1125646 [robot_state_publisher-1] [INFO] [1717408403.091501974] [robot_state_publisher]: got segment lf3
1717408403.1130385 [robot_state_publisher-1] [INFO] [1717408403.091566735] [robot_state_publisher]: got segment lffoot
1717408403.1318455 [robot_state_publisher-1] [INFO] [1717408403.091621943] [robot_state_publisher]: got segment lidar_link
1717408403.1324611 [robot_state_publisher-1] [INFO] [1717408403.091676152] [robot_state_publisher]: got segment lpb1
1717408403.1429248 [robot_state_publisher-1] [INFO] [1717408403.091726065] [robot_state_publisher]: got segment lpb2
1717408403.1457646 [robot_state_publisher-1] [INFO] [1717408403.091931383] [robot_state_publisher]: got segment lpf1
1717408403.1463115 [robot_state_publisher-1] [INFO] [1717408403.091968281] [robot_state_publisher]: got segment lpf2
1717408403.1468720 [robot_state_publisher-1] [INFO] [1717408403.092000180] [robot_state_publisher]: got segment rb1
1717408403.1473522 [robot_state_publisher-1] [INFO] [1717408403.092030839] [robot_state_publisher]: got segment rb2
1717408403.1791482 [robot_state_publisher-1] [INFO] [1717408403.092060831] [robot_state_publisher]: got segment rb3
1717408403.2009313 [robot_state_publisher-1] [INFO] [1717408403.092107560] [robot_state_publisher]: got segment rbfoot
1717408403.2045352 [robot_state_publisher-1] [INFO] [1717408403.092314155] [robot_state_publisher]: got segment rf1
1717408403.2073600 [robot_state_publisher-1] [INFO] [1717408403.092372140] [robot_state_publisher]: got segment rf2
1717408403.2079706 [robot_state_publisher-1] [INFO] [1717408403.092420276] [robot_state_publisher]: got segment rf3
1717408403.2084758 [robot_state_publisher-1] [INFO] [1717408403.092453897] [robot_state_publisher]: got segment rffoot
1717408403.2113807 [robot_state_publisher-1] [INFO] [1717408403.092485371] [robot_state_publisher]: got segment rpb1
1717408403.2122505 [robot_state_publisher-1] [INFO] [1717408403.092516678] [robot_state_publisher]: got segment rpb2
1717408403.2137194 [robot_state_publisher-1] [INFO] [1717408403.092546151] [robot_state_publisher]: got segment rpf1
1717408403.2142889 [robot_state_publisher-1] [INFO] [1717408403.092586326] [robot_state_publisher]: got segment rpf2
1717408403.2168076 [robot_state_publisher-1] [INFO] [1717408403.092621151] [robot_state_publisher]: got segment yellow_plate
1717408422.1477530 [WARNING] [launch]: user interrupted with ctrl-c (SIGINT)
1717408422.4353445 [INFO] [quadruped_controller_node-2]: process has finished cleanly [pid 2165]
1717408422.4369330 [INFO] [state_estimation_node-3]: process has finished cleanly [pid 2167]
1717408422.4503953 [robot_state_publisher-1] [INFO] [1717408422.206458701] [rclcpp]: signal_handler(signum=2)
1717408422.5072515 [INFO] [robot_state_publisher-1]: process has finished cleanly [pid 2163]
1717408422.5731084 [ERROR] [servo_interface-6]: process has died [pid 2188, exit code -2, cmd '/home/ubuntu/ros2_ws/install/mini_pupper_driver/lib/mini_pupper_driver/servo_interface --ros-args -r __node:=servo_interface'].
1717408422.5777249 [INFO] [ekf_node-5]: process has finished cleanly [pid 2172]
1717408422.5848386 [INFO] [ldlidar_stl_ros2_node-7]: process has finished cleanly [pid 2196]
1717408422.6121461 [INFO] [ekf_node-4]: process has finished cleanly [pid 2169]
