1717408640.9773731 [INFO] [launch]: All log files can be found below /home/ubuntu/.ros/log/2024-06-03-09-57-20-974120-minipupperv2-2649
1717408640.9779735 [INFO] [launch]: Default logging verbosity is set to INFO
1717408644.9640689 [INFO] [robot_state_publisher-1]: process started with pid [2653]
1717408644.9723356 [INFO] [quadruped_controller_node-2]: process started with pid [2655]
1717408644.9888294 [INFO] [state_estimation_node-3]: process started with pid [2657]
1717408645.0022149 [INFO] [ekf_node-4]: process started with pid [2659]
1717408645.0136471 [INFO] [ekf_node-5]: process started with pid [2662]
1717408645.0309117 [INFO] [servo_interface-6]: process started with pid [2673]
1717408645.0413213 [INFO] [ldlidar_stl_ros2_node-7]: process started with pid [2683]
1717408645.1712375 [robot_state_publisher-1] [INFO] [1717408645.077833487] [robot_state_publisher]: got segment base_inertia
1717408645.1746378 [robot_state_publisher-1] [INFO] [1717408645.078672532] [robot_state_publisher]: got segment base_link
1717408645.1823602 [robot_state_publisher-1] [INFO] [1717408645.084099559] [robot_state_publisher]: got segment imu_link
1717408645.1854477 [robot_state_publisher-1] [INFO] [1717408645.084292393] [robot_state_publisher]: got segment lb1
1717408645.1885328 [robot_state_publisher-1] [INFO] [1717408645.084335996] [robot_state_publisher]: got segment lb2
1717408645.1912184 [robot_state_publisher-1] [INFO] [1717408645.084372100] [robot_state_publisher]: got segment lb3
1717408645.1949296 [robot_state_publisher-1] [INFO] [1717408645.084402891] [robot_state_publisher]: got segment lbfoot
1717408645.1981122 [robot_state_publisher-1] [INFO] [1717408645.084433774] [robot_state_publisher]: got segment lf1
1717408645.2012148 [robot_state_publisher-1] [INFO] [1717408645.084463231] [robot_state_publisher]: got segment lf2
1717408645.2039104 [robot_state_publisher-1] [INFO] [1717408645.084492652] [robot_state_publisher]: got segment lf3
1717408645.2073042 [robot_state_publisher-1] [INFO] [1717408645.084522683] [robot_state_publisher]: got segment lffoot
1717408645.2103007 [robot_state_publisher-1] [INFO] [1717408645.084699353] [robot_state_publisher]: got segment lidar_link
1717408645.2129812 [robot_state_publisher-1] [INFO] [1717408645.084843844] [robot_state_publisher]: got segment lpb1
1717408645.2159662 [robot_state_publisher-1] [INFO] [1717408645.084891113] [robot_state_publisher]: got segment lpb2
1717408645.2192893 [robot_state_publisher-1] [INFO] [1717408645.084927995] [robot_state_publisher]: got segment lpf1
1717408645.2218821 [robot_state_publisher-1] [INFO] [1717408645.084959711] [robot_state_publisher]: got segment lpf2
1717408645.2245066 [robot_state_publisher-1] [INFO] [1717408645.084989298] [robot_state_publisher]: got segment rb1
1717408645.2271802 [robot_state_publisher-1] [INFO] [1717408645.085018404] [robot_state_publisher]: got segment rb2
1717408645.2296958 [robot_state_publisher-1] [INFO] [1717408645.085046806] [robot_state_publisher]: got segment rb3
1717408645.2328072 [robot_state_publisher-1] [INFO] [1717408645.085076263] [robot_state_publisher]: got segment rbfoot
1717408645.2353878 [robot_state_publisher-1] [INFO] [1717408645.085105295] [robot_state_publisher]: got segment rf1
1717408645.2379427 [robot_state_publisher-1] [INFO] [1717408645.085134197] [robot_state_publisher]: got segment rf2
1717408645.2409511 [robot_state_publisher-1] [INFO] [1717408645.085222587] [robot_state_publisher]: got segment rf3
1717408645.2436161 [robot_state_publisher-1] [INFO] [1717408645.085267375] [robot_state_publisher]: got segment rffoot
1717408645.2461481 [robot_state_publisher-1] [INFO] [1717408645.085443490] [robot_state_publisher]: got segment rpb1
1717408645.2486248 [robot_state_publisher-1] [INFO] [1717408645.085535269] [robot_state_publisher]: got segment rpb2
1717408645.2510943 [robot_state_publisher-1] [INFO] [1717408645.085569744] [robot_state_publisher]: got segment rpf1
1717408645.2536192 [robot_state_publisher-1] [INFO] [1717408645.085599645] [robot_state_publisher]: got segment rpf2
1717408645.2582645 [robot_state_publisher-1] [INFO] [1717408645.085629066] [robot_state_publisher]: got segment yellow_plate
