[5.314s] Invoking command in '/home/ubuntu/ros2_ws/build/mini_pupper_music': PYTHONPATH=/home/ubuntu/ros2_ws/build/mini_pupper_music/prefix_override:/home/ubuntu/ros2_ws/install/mini_pupper_music/lib/python3.10/site-packages:${PYTHONPATH} /usr/bin/python3 -W ignore:setup.py install is deprecated setup.py develop --editable --build-directory /home/ubuntu/ros2_ws/build/mini_pupper_music/build --no-deps symlink_data --force
[7.590s] running develop
[8.901s] running egg_info
[8.902s] writing mini_pupper_music.egg-info/PKG-INFO
[8.905s] writing dependency_links to mini_pupper_music.egg-info/dependency_links.txt
[8.906s] writing entry points to mini_pupper_music.egg-info/entry_points.txt
[8.907s] writing requirements to mini_pupper_music.egg-info/requires.txt
[8.908s] writing top-level names to mini_pupper_music.egg-info/top_level.txt
[8.917s] reading manifest file 'mini_pupper_music.egg-info/SOURCES.txt'
[8.927s] writing manifest file 'mini_pupper_music.egg-info/SOURCES.txt'
[8.951s] running build_ext
[8.956s] Creating /home/ubuntu/ros2_ws/install/mini_pupper_music/lib/python3.10/site-packages/mini-pupper-music.egg-link (link to .)
[8.967s] Installing service script to /home/ubuntu/ros2_ws/install/mini_pupper_music/lib/mini_pupper_music
[8.973s] 
[8.974s] Installed /home/ubuntu/ros2_ws/build/mini_pupper_music
[8.978s] running symlink_data
[8.982s] symbolically linking /home/ubuntu/ros2_ws/build/mini_pupper_music/resource/mini_pupper_music -> /home/ubuntu/ros2_ws/install/mini_pupper_music/share/ament_index/resource_index/packages
[8.987s] symbolically linking /home/ubuntu/ros2_ws/build/mini_pupper_music/package.xml -> /home/ubuntu/ros2_ws/install/mini_pupper_music/share/mini_pupper_music
[8.991s] symbolically linking /home/ubuntu/ros2_ws/build/mini_pupper_music/resource/mini_pupper_music -> /home/ubuntu/ros2_ws/install/mini_pupper_music/share/mini_pupper_music/resource
[8.995s] symbolically linking /home/ubuntu/ros2_ws/build/mini_pupper_music/resource/robot1.wav -> /home/ubuntu/ros2_ws/install/mini_pupper_music/share/mini_pupper_music/resource
[9.000s] symbolically linking /home/ubuntu/ros2_ws/build/mini_pupper_music/resource/robot1.mp3 -> /home/ubuntu/ros2_ws/install/mini_pupper_music/share/mini_pupper_music/resource
[9.005s] symbolically linking /home/ubuntu/ros2_ws/build/mini_pupper_music/launch/music.launch.py -> /home/ubuntu/ros2_ws/install/mini_pupper_music/share/mini_pupper_music
[9.320s] Invoked command in '/home/ubuntu/ros2_ws/build/mini_pupper_music' returned '0': PYTHONPATH=/home/ubuntu/ros2_ws/build/mini_pupper_music/prefix_override:/home/ubuntu/ros2_ws/install/mini_pupper_music/lib/python3.10/site-packages:${PYTHONPATH} /usr/bin/python3 -W ignore:setup.py install is deprecated setup.py develop --editable --build-directory /home/ubuntu/ros2_ws/build/mini_pupper_music/build --no-deps symlink_data --force
