[0.106s] Invoking command in '/home/ubuntu/ros2_ws/build/champ_teleop': CMAKE_PREFIX_PATH=${CMAKE_PREFIX_PATH}:/home/ubuntu/ros2_ws/install/mini_pupper_music:/home/ubuntu/ros2_ws/install/mini_pupper_dance:/home/ubuntu/ros2_ws/install/mini_pupper_driver:/opt/ros/humble /usr/bin/cmake /home/ubuntu/ros2_ws/src/champ/champ_teleop -DCMAKE_INSTALL_PREFIX=/home/ubuntu/ros2_ws/install/champ_teleop
[0.255s] -- Found ament_cmake: 1.3.9 (/opt/ros/humble/share/ament_cmake/cmake)
[1.477s] -- Override CMake install command with custom implementation using symlinks instead of copying resources
[2.314s] -- Configuring done
[2.368s] -- Generating done
[2.376s] -- Build files have been written to: /home/ubuntu/ros2_ws/build/champ_teleop
[2.392s] Invoked command in '/home/ubuntu/ros2_ws/build/champ_teleop' returned '0': CMAKE_PREFIX_PATH=${CMAKE_PREFIX_PATH}:/home/ubuntu/ros2_ws/install/mini_pupper_music:/home/ubuntu/ros2_ws/install/mini_pupper_dance:/home/ubuntu/ros2_ws/install/mini_pupper_driver:/opt/ros/humble /usr/bin/cmake /home/ubuntu/ros2_ws/src/champ/champ_teleop -DCMAKE_INSTALL_PREFIX=/home/ubuntu/ros2_ws/install/champ_teleop
[2.394s] Invoking command in '/home/ubuntu/ros2_ws/build/champ_teleop': CMAKE_PREFIX_PATH=${CMAKE_PREFIX_PATH}:/home/ubuntu/ros2_ws/install/mini_pupper_music:/home/ubuntu/ros2_ws/install/mini_pupper_dance:/home/ubuntu/ros2_ws/install/mini_pupper_driver:/opt/ros/humble /usr/bin/cmake --build /home/ubuntu/ros2_ws/build/champ_teleop -- -j4 -l4
[2.645s] Invoked command in '/home/ubuntu/ros2_ws/build/champ_teleop' returned '0': CMAKE_PREFIX_PATH=${CMAKE_PREFIX_PATH}:/home/ubuntu/ros2_ws/install/mini_pupper_music:/home/ubuntu/ros2_ws/install/mini_pupper_dance:/home/ubuntu/ros2_ws/install/mini_pupper_driver:/opt/ros/humble /usr/bin/cmake --build /home/ubuntu/ros2_ws/build/champ_teleop -- -j4 -l4
[2.805s] Invoking command in '/home/ubuntu/ros2_ws/build/champ_teleop': CMAKE_PREFIX_PATH=${CMAKE_PREFIX_PATH}:/home/ubuntu/ros2_ws/install/mini_pupper_music:/home/ubuntu/ros2_ws/install/mini_pupper_dance:/home/ubuntu/ros2_ws/install/mini_pupper_driver:/opt/ros/humble /usr/bin/cmake --install /home/ubuntu/ros2_ws/build/champ_teleop
[2.850s] -- Install configuration: ""
[2.854s] -- Execute custom install script
[2.863s] -- Up-to-date symlink: /home/ubuntu/ros2_ws/install/champ_teleop/share/champ_teleop/launch/teleop.launch.py
[2.868s] -- Up-to-date symlink: /home/ubuntu/ros2_ws/install/champ_teleop/lib/champ_teleop/champ_teleop.py
[2.872s] -- Up-to-date symlink: /home/ubuntu/ros2_ws/install/champ_teleop/share/ament_index/resource_index/package_run_dependencies/champ_teleop
[2.877s] -- Up-to-date symlink: /home/ubuntu/ros2_ws/install/champ_teleop/share/ament_index/resource_index/parent_prefix_path/champ_teleop
[2.881s] -- Up-to-date symlink: /home/ubuntu/ros2_ws/install/champ_teleop/share/champ_teleop/environment/ament_prefix_path.sh
[2.886s] -- Up-to-date symlink: /home/ubuntu/ros2_ws/install/champ_teleop/share/champ_teleop/environment/ament_prefix_path.dsv
[2.892s] -- Up-to-date symlink: /home/ubuntu/ros2_ws/install/champ_teleop/share/champ_teleop/environment/path.sh
[2.896s] -- Up-to-date symlink: /home/ubuntu/ros2_ws/install/champ_teleop/share/champ_teleop/environment/path.dsv
[2.900s] -- Up-to-date symlink: /home/ubuntu/ros2_ws/install/champ_teleop/share/champ_teleop/local_setup.bash
[2.906s] -- Up-to-date symlink: /home/ubuntu/ros2_ws/install/champ_teleop/share/champ_teleop/local_setup.sh
[2.910s] -- Up-to-date symlink: /home/ubuntu/ros2_ws/install/champ_teleop/share/champ_teleop/local_setup.zsh
[2.913s] -- Up-to-date symlink: /home/ubuntu/ros2_ws/install/champ_teleop/share/champ_teleop/local_setup.dsv
[2.914s] -- Symlinking: /home/ubuntu/ros2_ws/install/champ_teleop/share/champ_teleop/package.dsv
[2.971s] -- Up-to-date symlink: /home/ubuntu/ros2_ws/install/champ_teleop/share/ament_index/resource_index/packages/champ_teleop
[2.974s] -- Up-to-date symlink: /home/ubuntu/ros2_ws/install/champ_teleop/share/champ_teleop/cmake/champ_teleopConfig.cmake
[2.976s] -- Up-to-date symlink: /home/ubuntu/ros2_ws/install/champ_teleop/share/champ_teleop/cmake/champ_teleopConfig-version.cmake
[2.977s] -- Up-to-date symlink: /home/ubuntu/ros2_ws/install/champ_teleop/share/champ_teleop/package.xml
[2.992s] Invoked command in '/home/ubuntu/ros2_ws/build/champ_teleop' returned '0': CMAKE_PREFIX_PATH=${CMAKE_PREFIX_PATH}:/home/ubuntu/ros2_ws/install/mini_pupper_music:/home/ubuntu/ros2_ws/install/mini_pupper_dance:/home/ubuntu/ros2_ws/install/mini_pupper_driver:/opt/ros/humble /usr/bin/cmake --install /home/ubuntu/ros2_ws/build/champ_teleop
