[0.497s] Invoking command in '/home/ubuntu/ros2_ws/build/mini_pupper_interfaces': CMAKE_PREFIX_PATH=${CMAKE_PREFIX_PATH}:/home/ubuntu/ros2_ws/install/mini_pupper_music:/home/ubuntu/ros2_ws/install/mini_pupper_dance:/home/ubuntu/ros2_ws/install/mini_pupper_driver:/opt/ros/humble /usr/bin/cmake /home/ubuntu/ros2_ws/src/mini_pupper_ros/mini_pupper_interfaces -DCMAKE_INSTALL_PREFIX=/home/ubuntu/ros2_ws/install/mini_pupper_interfaces
[4.552s] -- Found ament_cmake: 1.3.9 (/opt/ros/humble/share/ament_cmake/cmake)
[6.233s] -- Override CMake install command with custom implementation using symlinks instead of copying resources
[6.337s] -- Found std_msgs: 4.2.3 (/opt/ros/humble/share/std_msgs/cmake)
[7.882s] -- Found rosidl_generator_c: 3.1.5 (/opt/ros/humble/share/rosidl_generator_c/cmake)
[7.883s] -- Found rosidl_adapter: 3.1.5 (/opt/ros/humble/share/rosidl_adapter/cmake)
[8.191s] -- Found rosidl_generator_cpp: 3.1.5 (/opt/ros/humble/share/rosidl_generator_cpp/cmake)
[8.446s] -- Using all available rosidl_typesupport_c: rosidl_typesupport_fastrtps_c;rosidl_typesupport_introspection_c
[8.543s] -- Using all available rosidl_typesupport_cpp: rosidl_typesupport_fastrtps_cpp;rosidl_typesupport_introspection_cpp
[8.917s] -- Found rosidl_default_generators: 1.2.0 (/opt/ros/humble/share/rosidl_default_generators/cmake)
[12.181s] -- Found ament_cmake_ros: 0.10.0 (/opt/ros/humble/share/ament_cmake_ros/cmake)
[15.430s] -- Using all available rosidl_typesupport_c: rosidl_typesupport_fastrtps_c;rosidl_typesupport_introspection_c
[17.392s] -- Using all available rosidl_typesupport_cpp: rosidl_typesupport_fastrtps_cpp;rosidl_typesupport_introspection_cpp
[17.579s] -- Found python_cmake_module: 0.10.0 (/opt/ros/humble/share/python_cmake_module/cmake)
[17.754s] -- Using PYTHON_EXECUTABLE: /usr/bin/python3
[17.755s] -- Using PYTHON_INCLUDE_DIRS: /usr/include/python3.10
[17.756s] -- Using PYTHON_LIBRARIES: /usr/lib/aarch64-linux-gnu/libpython3.10.so
[17.961s] -- Found ament_lint_auto: 0.12.11 (/opt/ros/humble/share/ament_lint_auto/cmake)
[18.121s] -- Added test 'lint_cmake' to check CMake code style
[18.137s] -- Added test 'xmllint' to check XML markup files
[18.208s] -- Configuring done
[19.610s] -- Generating done
[19.642s] -- Build files have been written to: /home/ubuntu/ros2_ws/build/mini_pupper_interfaces
[19.688s] Invoked command in '/home/ubuntu/ros2_ws/build/mini_pupper_interfaces' returned '0': CMAKE_PREFIX_PATH=${CMAKE_PREFIX_PATH}:/home/ubuntu/ros2_ws/install/mini_pupper_music:/home/ubuntu/ros2_ws/install/mini_pupper_dance:/home/ubuntu/ros2_ws/install/mini_pupper_driver:/opt/ros/humble /usr/bin/cmake /home/ubuntu/ros2_ws/src/mini_pupper_ros/mini_pupper_interfaces -DCMAKE_INSTALL_PREFIX=/home/ubuntu/ros2_ws/install/mini_pupper_interfaces
[19.690s] Invoking command in '/home/ubuntu/ros2_ws/build/mini_pupper_interfaces': CMAKE_PREFIX_PATH=${CMAKE_PREFIX_PATH}:/home/ubuntu/ros2_ws/install/mini_pupper_music:/home/ubuntu/ros2_ws/install/mini_pupper_dance:/home/ubuntu/ros2_ws/install/mini_pupper_driver:/opt/ros/humble /usr/bin/cmake --build /home/ubuntu/ros2_ws/build/mini_pupper_interfaces -- -j4 -l4
[19.982s] [35m[1mConsolidate compiler generated dependencies of target mini_pupper_interfaces__rosidl_generator_c[0m
[20.030s] [  2%] Built target mini_pupper_interfaces__cpp
[20.159s] [35m[1mConsolidate compiler generated dependencies of target mini_pupper_interfaces__rosidl_typesupport_cpp[0m
[20.173s] [35m[1mConsolidate compiler generated dependencies of target mini_pupper_interfaces__rosidl_typesupport_fastrtps_cpp[0m
[20.181s] [  2%] Built target ament_cmake_python_symlink_mini_pupper_interfaces
[20.253s] [ 12%] Built target mini_pupper_interfaces__rosidl_generator_c
[20.415s] [35m[1mConsolidate compiler generated dependencies of target mini_pupper_interfaces__rosidl_typesupport_introspection_cpp[0m
[20.597s] [ 23%] Built target mini_pupper_interfaces__rosidl_typesupport_cpp
[20.609s] [ 34%] Built target mini_pupper_interfaces__rosidl_typesupport_fastrtps_cpp
[20.726s] [ 44%] Built target mini_pupper_interfaces__rosidl_typesupport_introspection_cpp
[20.879s] [35m[1mConsolidate compiler generated dependencies of target mini_pupper_interfaces__rosidl_typesupport_fastrtps_c[0m
[20.886s] [35m[1mConsolidate compiler generated dependencies of target mini_pupper_interfaces__rosidl_typesupport_c[0m
[20.895s] [35m[1mConsolidate compiler generated dependencies of target mini_pupper_interfaces__rosidl_typesupport_introspection_c[0m
[21.105s] [ 55%] Built target mini_pupper_interfaces__rosidl_typesupport_c
[21.125s] [ 65%] Built target mini_pupper_interfaces__rosidl_typesupport_fastrtps_c
[21.205s] [ 76%] Built target mini_pupper_interfaces__rosidl_typesupport_introspection_c
[21.450s] [ 76%] Built target mini_pupper_interfaces
[21.776s] [ 78%] Built target mini_pupper_interfaces__py
[21.909s] [35m[1mConsolidate compiler generated dependencies of target mini_pupper_interfaces__rosidl_generator_py[0m
[22.262s] [ 87%] Built target mini_pupper_interfaces__rosidl_generator_py
[22.587s] [35m[1mConsolidate compiler generated dependencies of target mini_pupper_interfaces__rosidl_typesupport_fastrtps_c__pyext[0m
[22.588s] [35m[1mConsolidate compiler generated dependencies of target mini_pupper_interfaces__rosidl_typesupport_c__pyext[0m
[22.589s] [35m[1mConsolidate compiler generated dependencies of target mini_pupper_interfaces__rosidl_typesupport_introspection_c__pyext[0m
[22.751s] [ 91%] Built target mini_pupper_interfaces__rosidl_typesupport_introspection_c__pyext
[22.857s] [ 95%] Built target mini_pupper_interfaces__rosidl_typesupport_fastrtps_c__pyext
[22.941s] [100%] Built target mini_pupper_interfaces__rosidl_typesupport_c__pyext
[24.071s] running egg_info
[24.075s] writing mini_pupper_interfaces.egg-info/PKG-INFO
[24.076s] writing dependency_links to mini_pupper_interfaces.egg-info/dependency_links.txt
[24.078s] writing top-level names to mini_pupper_interfaces.egg-info/top_level.txt
[24.090s] reading manifest file 'mini_pupper_interfaces.egg-info/SOURCES.txt'
[24.099s] writing manifest file 'mini_pupper_interfaces.egg-info/SOURCES.txt'
[24.386s] [100%] Built target ament_cmake_python_build_mini_pupper_interfaces_egg
[24.476s] Invoked command in '/home/ubuntu/ros2_ws/build/mini_pupper_interfaces' returned '0': CMAKE_PREFIX_PATH=${CMAKE_PREFIX_PATH}:/home/ubuntu/ros2_ws/install/mini_pupper_music:/home/ubuntu/ros2_ws/install/mini_pupper_dance:/home/ubuntu/ros2_ws/install/mini_pupper_driver:/opt/ros/humble /usr/bin/cmake --build /home/ubuntu/ros2_ws/build/mini_pupper_interfaces -- -j4 -l4
[25.417s] Invoking command in '/home/ubuntu/ros2_ws/build/mini_pupper_interfaces': CMAKE_PREFIX_PATH=${CMAKE_PREFIX_PATH}:/home/ubuntu/ros2_ws/install/mini_pupper_music:/home/ubuntu/ros2_ws/install/mini_pupper_dance:/home/ubuntu/ros2_ws/install/mini_pupper_driver:/opt/ros/humble /usr/bin/cmake --install /home/ubuntu/ros2_ws/build/mini_pupper_interfaces
[25.485s] -- Install configuration: ""
[25.492s] -- Execute custom install script
[25.497s] -- Up-to-date symlink: /home/ubuntu/ros2_ws/install/mini_pupper_interfaces/share/ament_index/resource_index/rosidl_interfaces/mini_pupper_interfaces
[25.511s] -- Up-to-date symlink: /home/ubuntu/ros2_ws/install/mini_pupper_interfaces/include/mini_pupper_interfaces/mini_pupper_interfaces/msg/rosidl_generator_c__visibility_control.h
[25.515s] -- Up-to-date symlink: /home/ubuntu/ros2_ws/install/mini_pupper_interfaces/include/mini_pupper_interfaces/mini_pupper_interfaces/srv/dance_command.h
[25.519s] -- Up-to-date symlink: /home/ubuntu/ros2_ws/install/mini_pupper_interfaces/include/mini_pupper_interfaces/mini_pupper_interfaces/srv/detail/dance_command__functions.h
[25.526s] -- Up-to-date symlink: /home/ubuntu/ros2_ws/install/mini_pupper_interfaces/include/mini_pupper_interfaces/mini_pupper_interfaces/srv/detail/dance_command__struct.h
[25.528s] -- Up-to-date symlink: /home/ubuntu/ros2_ws/install/mini_pupper_interfaces/include/mini_pupper_interfaces/mini_pupper_interfaces/srv/detail/dance_command__type_support.h
[25.529s] -- Up-to-date symlink: /home/ubuntu/ros2_ws/install/mini_pupper_interfaces/include/mini_pupper_interfaces/mini_pupper_interfaces/srv/detail/play_music__functions.h
[25.531s] -- Up-to-date symlink: /home/ubuntu/ros2_ws/install/mini_pupper_interfaces/include/mini_pupper_interfaces/mini_pupper_interfaces/srv/detail/play_music__struct.h
[25.534s] -- Up-to-date symlink: /home/ubuntu/ros2_ws/install/mini_pupper_interfaces/include/mini_pupper_interfaces/mini_pupper_interfaces/srv/detail/play_music__type_support.h
[25.537s] -- Up-to-date symlink: /home/ubuntu/ros2_ws/install/mini_pupper_interfaces/include/mini_pupper_interfaces/mini_pupper_interfaces/srv/detail/stop_music__functions.h
[25.539s] -- Up-to-date symlink: /home/ubuntu/ros2_ws/install/mini_pupper_interfaces/include/mini_pupper_interfaces/mini_pupper_interfaces/srv/detail/stop_music__struct.h
[25.542s] -- Up-to-date symlink: /home/ubuntu/ros2_ws/install/mini_pupper_interfaces/include/mini_pupper_interfaces/mini_pupper_interfaces/srv/detail/stop_music__type_support.h
[25.545s] -- Up-to-date symlink: /home/ubuntu/ros2_ws/install/mini_pupper_interfaces/include/mini_pupper_interfaces/mini_pupper_interfaces/srv/play_music.h
[25.547s] -- Up-to-date symlink: /home/ubuntu/ros2_ws/install/mini_pupper_interfaces/include/mini_pupper_interfaces/mini_pupper_interfaces/srv/stop_music.h
[25.550s] -- Up-to-date symlink: /home/ubuntu/ros2_ws/install/mini_pupper_interfaces/share/mini_pupper_interfaces/environment/library_path.sh
[25.555s] -- Up-to-date symlink: /home/ubuntu/ros2_ws/install/mini_pupper_interfaces/share/mini_pupper_interfaces/environment/library_path.dsv
[25.563s] -- Up-to-date symlink: /home/ubuntu/ros2_ws/install/mini_pupper_interfaces/include/mini_pupper_interfaces/mini_pupper_interfaces/msg/rosidl_typesupport_fastrtps_c__visibility_control.h
[25.566s] -- Up-to-date symlink: /home/ubuntu/ros2_ws/install/mini_pupper_interfaces/include/mini_pupper_interfaces/mini_pupper_interfaces/srv/detail/dance_command__rosidl_typesupport_fastrtps_c.h
[25.569s] -- Up-to-date symlink: /home/ubuntu/ros2_ws/install/mini_pupper_interfaces/include/mini_pupper_interfaces/mini_pupper_interfaces/srv/detail/play_music__rosidl_typesupport_fastrtps_c.h
[25.572s] -- Up-to-date symlink: /home/ubuntu/ros2_ws/install/mini_pupper_interfaces/include/mini_pupper_interfaces/mini_pupper_interfaces/srv/detail/stop_music__rosidl_typesupport_fastrtps_c.h
[25.578s] -- Up-to-date symlink: /home/ubuntu/ros2_ws/install/mini_pupper_interfaces/include/mini_pupper_interfaces/mini_pupper_interfaces/srv/dance_command.hpp
[25.581s] -- Up-to-date symlink: /home/ubuntu/ros2_ws/install/mini_pupper_interfaces/include/mini_pupper_interfaces/mini_pupper_interfaces/srv/detail/dance_command__builder.hpp
[25.584s] -- Up-to-date symlink: /home/ubuntu/ros2_ws/install/mini_pupper_interfaces/include/mini_pupper_interfaces/mini_pupper_interfaces/srv/detail/dance_command__struct.hpp
[25.587s] -- Up-to-date symlink: /home/ubuntu/ros2_ws/install/mini_pupper_interfaces/include/mini_pupper_interfaces/mini_pupper_interfaces/srv/detail/dance_command__traits.hpp
[25.590s] -- Up-to-date symlink: /home/ubuntu/ros2_ws/install/mini_pupper_interfaces/include/mini_pupper_interfaces/mini_pupper_interfaces/srv/detail/play_music__builder.hpp
[25.593s] -- Up-to-date symlink: /home/ubuntu/ros2_ws/install/mini_pupper_interfaces/include/mini_pupper_interfaces/mini_pupper_interfaces/srv/detail/play_music__struct.hpp
[25.596s] -- Up-to-date symlink: /home/ubuntu/ros2_ws/install/mini_pupper_interfaces/include/mini_pupper_interfaces/mini_pupper_interfaces/srv/detail/play_music__traits.hpp
[25.598s] -- Up-to-date symlink: /home/ubuntu/ros2_ws/install/mini_pupper_interfaces/include/mini_pupper_interfaces/mini_pupper_interfaces/srv/detail/stop_music__builder.hpp
[25.601s] -- Up-to-date symlink: /home/ubuntu/ros2_ws/install/mini_pupper_interfaces/include/mini_pupper_interfaces/mini_pupper_interfaces/srv/detail/stop_music__struct.hpp
[25.603s] -- Up-to-date symlink: /home/ubuntu/ros2_ws/install/mini_pupper_interfaces/include/mini_pupper_interfaces/mini_pupper_interfaces/srv/detail/stop_music__traits.hpp
[25.605s] -- Up-to-date symlink: /home/ubuntu/ros2_ws/install/mini_pupper_interfaces/include/mini_pupper_interfaces/mini_pupper_interfaces/srv/play_music.hpp
[25.607s] -- Up-to-date symlink: /home/ubuntu/ros2_ws/install/mini_pupper_interfaces/include/mini_pupper_interfaces/mini_pupper_interfaces/srv/stop_music.hpp
[25.615s] -- Up-to-date symlink: /home/ubuntu/ros2_ws/install/mini_pupper_interfaces/include/mini_pupper_interfaces/mini_pupper_interfaces/msg/rosidl_typesupport_fastrtps_cpp__visibility_control.h
[25.617s] -- Up-to-date symlink: /home/ubuntu/ros2_ws/install/mini_pupper_interfaces/include/mini_pupper_interfaces/mini_pupper_interfaces/srv/detail/dance_command__rosidl_typesupport_fastrtps_cpp.hpp
[25.620s] -- Up-to-date symlink: /home/ubuntu/ros2_ws/install/mini_pupper_interfaces/include/mini_pupper_interfaces/mini_pupper_interfaces/srv/detail/play_music__rosidl_typesupport_fastrtps_cpp.hpp
[25.622s] -- Up-to-date symlink: /home/ubuntu/ros2_ws/install/mini_pupper_interfaces/include/mini_pupper_interfaces/mini_pupper_interfaces/srv/detail/stop_music__rosidl_typesupport_fastrtps_cpp.hpp
[25.628s] -- Up-to-date symlink: /home/ubuntu/ros2_ws/install/mini_pupper_interfaces/include/mini_pupper_interfaces/mini_pupper_interfaces/msg/rosidl_typesupport_introspection_c__visibility_control.h
[25.631s] -- Up-to-date symlink: /home/ubuntu/ros2_ws/install/mini_pupper_interfaces/include/mini_pupper_interfaces/mini_pupper_interfaces/srv/detail/dance_command__rosidl_typesupport_introspection_c.h
[25.633s] -- Up-to-date symlink: /home/ubuntu/ros2_ws/install/mini_pupper_interfaces/include/mini_pupper_interfaces/mini_pupper_interfaces/srv/detail/play_music__rosidl_typesupport_introspection_c.h
[25.637s] -- Up-to-date symlink: /home/ubuntu/ros2_ws/install/mini_pupper_interfaces/include/mini_pupper_interfaces/mini_pupper_interfaces/srv/detail/stop_music__rosidl_typesupport_introspection_c.h
[25.642s] -- Up-to-date symlink: /home/ubuntu/ros2_ws/install/mini_pupper_interfaces/include/mini_pupper_interfaces/mini_pupper_interfaces/srv/detail/dance_command__rosidl_typesupport_introspection_cpp.hpp
[25.645s] -- Up-to-date symlink: /home/ubuntu/ros2_ws/install/mini_pupper_interfaces/include/mini_pupper_interfaces/mini_pupper_interfaces/srv/detail/play_music__rosidl_typesupport_introspection_cpp.hpp
[25.648s] -- Up-to-date symlink: /home/ubuntu/ros2_ws/install/mini_pupper_interfaces/include/mini_pupper_interfaces/mini_pupper_interfaces/srv/detail/stop_music__rosidl_typesupport_introspection_cpp.hpp
[25.650s] -- Up-to-date symlink: /home/ubuntu/ros2_ws/install/mini_pupper_interfaces/share/mini_pupper_interfaces/environment/pythonpath.sh
[25.652s] -- Up-to-date symlink: /home/ubuntu/ros2_ws/install/mini_pupper_interfaces/share/mini_pupper_interfaces/environment/pythonpath.dsv
[25.656s] -- Up-to-date symlink: /home/ubuntu/ros2_ws/install/mini_pupper_interfaces/local/lib/python3.10/dist-packages/mini_pupper_interfaces-0.0.0-py3.10.egg-info/PKG-INFO
[25.659s] -- Up-to-date symlink: /home/ubuntu/ros2_ws/install/mini_pupper_interfaces/local/lib/python3.10/dist-packages/mini_pupper_interfaces-0.0.0-py3.10.egg-info/SOURCES.txt
[25.662s] -- Up-to-date symlink: /home/ubuntu/ros2_ws/install/mini_pupper_interfaces/local/lib/python3.10/dist-packages/mini_pupper_interfaces-0.0.0-py3.10.egg-info/dependency_links.txt
[25.664s] -- Up-to-date symlink: /home/ubuntu/ros2_ws/install/mini_pupper_interfaces/local/lib/python3.10/dist-packages/mini_pupper_interfaces-0.0.0-py3.10.egg-info/top_level.txt
[25.676s] -- Up-to-date symlink: /home/ubuntu/ros2_ws/install/mini_pupper_interfaces/local/lib/python3.10/dist-packages/mini_pupper_interfaces/__init__.py
[25.678s] -- Up-to-date symlink: /home/ubuntu/ros2_ws/install/mini_pupper_interfaces/local/lib/python3.10/dist-packages/mini_pupper_interfaces/_mini_pupper_interfaces_s.ep.rosidl_typesupport_c.c
[25.681s] -- Up-to-date symlink: /home/ubuntu/ros2_ws/install/mini_pupper_interfaces/local/lib/python3.10/dist-packages/mini_pupper_interfaces/_mini_pupper_interfaces_s.ep.rosidl_typesupport_fastrtps_c.c
[25.684s] -- Up-to-date symlink: /home/ubuntu/ros2_ws/install/mini_pupper_interfaces/local/lib/python3.10/dist-packages/mini_pupper_interfaces/_mini_pupper_interfaces_s.ep.rosidl_typesupport_introspection_c.c
[25.686s] -- Up-to-date symlink: /home/ubuntu/ros2_ws/install/mini_pupper_interfaces/local/lib/python3.10/dist-packages/mini_pupper_interfaces/libmini_pupper_interfaces__rosidl_generator_py.so
[25.689s] -- Up-to-date symlink: /home/ubuntu/ros2_ws/install/mini_pupper_interfaces/local/lib/python3.10/dist-packages/mini_pupper_interfaces/mini_pupper_interfaces_s__rosidl_typesupport_c.cpython-310-aarch64-linux-gnu.so
[25.691s] -- Up-to-date symlink: /home/ubuntu/ros2_ws/install/mini_pupper_interfaces/local/lib/python3.10/dist-packages/mini_pupper_interfaces/mini_pupper_interfaces_s__rosidl_typesupport_fastrtps_c.cpython-310-aarch64-linux-gnu.so
[25.694s] -- Up-to-date symlink: /home/ubuntu/ros2_ws/install/mini_pupper_interfaces/local/lib/python3.10/dist-packages/mini_pupper_interfaces/mini_pupper_interfaces_s__rosidl_typesupport_introspection_c.cpython-310-aarch64-linux-gnu.so
[25.697s] -- Up-to-date symlink: /home/ubuntu/ros2_ws/install/mini_pupper_interfaces/local/lib/python3.10/dist-packages/mini_pupper_interfaces/srv/__init__.py
[25.699s] -- Up-to-date symlink: /home/ubuntu/ros2_ws/install/mini_pupper_interfaces/local/lib/python3.10/dist-packages/mini_pupper_interfaces/srv/_dance_command.py
[25.702s] -- Up-to-date symlink: /home/ubuntu/ros2_ws/install/mini_pupper_interfaces/local/lib/python3.10/dist-packages/mini_pupper_interfaces/srv/_dance_command_s.c
[25.704s] -- Up-to-date symlink: /home/ubuntu/ros2_ws/install/mini_pupper_interfaces/local/lib/python3.10/dist-packages/mini_pupper_interfaces/srv/_play_music.py
[25.707s] -- Up-to-date symlink: /home/ubuntu/ros2_ws/install/mini_pupper_interfaces/local/lib/python3.10/dist-packages/mini_pupper_interfaces/srv/_play_music_s.c
[25.710s] -- Up-to-date symlink: /home/ubuntu/ros2_ws/install/mini_pupper_interfaces/local/lib/python3.10/dist-packages/mini_pupper_interfaces/srv/_stop_music.py
[25.713s] -- Up-to-date symlink: /home/ubuntu/ros2_ws/install/mini_pupper_interfaces/local/lib/python3.10/dist-packages/mini_pupper_interfaces/srv/_stop_music_s.c
[25.718s] -- Up-to-date symlink: /home/ubuntu/ros2_ws/install/mini_pupper_interfaces/local/lib/python3.10/dist-packages/mini_pupper_interfaces/mini_pupper_interfaces_s__rosidl_typesupport_fastrtps_c.cpython-310-aarch64-linux-gnu.so
[25.721s] -- Up-to-date symlink: /home/ubuntu/ros2_ws/install/mini_pupper_interfaces/local/lib/python3.10/dist-packages/mini_pupper_interfaces/mini_pupper_interfaces_s__rosidl_typesupport_introspection_c.cpython-310-aarch64-linux-gnu.so
[25.724s] -- Up-to-date symlink: /home/ubuntu/ros2_ws/install/mini_pupper_interfaces/local/lib/python3.10/dist-packages/mini_pupper_interfaces/mini_pupper_interfaces_s__rosidl_typesupport_c.cpython-310-aarch64-linux-gnu.so
[25.727s] -- Up-to-date symlink: /home/ubuntu/ros2_ws/install/mini_pupper_interfaces/share/mini_pupper_interfaces/srv/DanceCommand.idl
[25.730s] -- Up-to-date symlink: /home/ubuntu/ros2_ws/install/mini_pupper_interfaces/share/mini_pupper_interfaces/srv/PlayMusic.idl
[25.733s] -- Up-to-date symlink: /home/ubuntu/ros2_ws/install/mini_pupper_interfaces/share/mini_pupper_interfaces/srv/StopMusic.idl
[25.736s] -- Up-to-date symlink: /home/ubuntu/ros2_ws/install/mini_pupper_interfaces/share/mini_pupper_interfaces/srv/DanceCommand.srv
[25.739s] -- Up-to-date symlink: /home/ubuntu/ros2_ws/install/mini_pupper_interfaces/share/mini_pupper_interfaces/srv/DanceCommand_Request.msg
[25.741s] -- Up-to-date symlink: /home/ubuntu/ros2_ws/install/mini_pupper_interfaces/share/mini_pupper_interfaces/srv/DanceCommand_Response.msg
[25.744s] -- Up-to-date symlink: /home/ubuntu/ros2_ws/install/mini_pupper_interfaces/share/mini_pupper_interfaces/srv/PlayMusic.srv
[25.747s] -- Up-to-date symlink: /home/ubuntu/ros2_ws/install/mini_pupper_interfaces/share/mini_pupper_interfaces/srv/PlayMusic_Request.msg
[25.750s] -- Up-to-date symlink: /home/ubuntu/ros2_ws/install/mini_pupper_interfaces/share/mini_pupper_interfaces/srv/PlayMusic_Response.msg
[25.753s] -- Up-to-date symlink: /home/ubuntu/ros2_ws/install/mini_pupper_interfaces/share/mini_pupper_interfaces/srv/StopMusic.srv
[25.756s] -- Up-to-date symlink: /home/ubuntu/ros2_ws/install/mini_pupper_interfaces/share/mini_pupper_interfaces/srv/StopMusic_Request.msg
[25.758s] -- Up-to-date symlink: /home/ubuntu/ros2_ws/install/mini_pupper_interfaces/share/mini_pupper_interfaces/srv/StopMusic_Response.msg
[25.761s] -- Up-to-date symlink: /home/ubuntu/ros2_ws/install/mini_pupper_interfaces/share/ament_index/resource_index/package_run_dependencies/mini_pupper_interfaces
[25.764s] -- Up-to-date symlink: /home/ubuntu/ros2_ws/install/mini_pupper_interfaces/share/ament_index/resource_index/parent_prefix_path/mini_pupper_interfaces
[25.768s] -- Up-to-date symlink: /home/ubuntu/ros2_ws/install/mini_pupper_interfaces/share/mini_pupper_interfaces/environment/ament_prefix_path.sh
[25.770s] -- Up-to-date symlink: /home/ubuntu/ros2_ws/install/mini_pupper_interfaces/share/mini_pupper_interfaces/environment/ament_prefix_path.dsv
[25.773s] -- Up-to-date symlink: /home/ubuntu/ros2_ws/install/mini_pupper_interfaces/share/mini_pupper_interfaces/environment/path.sh
[25.775s] -- Up-to-date symlink: /home/ubuntu/ros2_ws/install/mini_pupper_interfaces/share/mini_pupper_interfaces/environment/path.dsv
[25.777s] -- Up-to-date symlink: /home/ubuntu/ros2_ws/install/mini_pupper_interfaces/share/mini_pupper_interfaces/local_setup.bash
[25.780s] -- Up-to-date symlink: /home/ubuntu/ros2_ws/install/mini_pupper_interfaces/share/mini_pupper_interfaces/local_setup.sh
[25.783s] -- Up-to-date symlink: /home/ubuntu/ros2_ws/install/mini_pupper_interfaces/share/mini_pupper_interfaces/local_setup.zsh
[25.786s] -- Up-to-date symlink: /home/ubuntu/ros2_ws/install/mini_pupper_interfaces/share/mini_pupper_interfaces/local_setup.dsv
[25.788s] -- Symlinking: /home/ubuntu/ros2_ws/install/mini_pupper_interfaces/share/mini_pupper_interfaces/package.dsv
[25.855s] -- Up-to-date symlink: /home/ubuntu/ros2_ws/install/mini_pupper_interfaces/share/ament_index/resource_index/packages/mini_pupper_interfaces
[25.860s] -- Up-to-date symlink: /home/ubuntu/ros2_ws/install/mini_pupper_interfaces/share/mini_pupper_interfaces/cmake/rosidl_cmake-extras.cmake
[25.864s] -- Up-to-date symlink: /home/ubuntu/ros2_ws/install/mini_pupper_interfaces/share/mini_pupper_interfaces/cmake/ament_cmake_export_dependencies-extras.cmake
[25.869s] -- Up-to-date symlink: /home/ubuntu/ros2_ws/install/mini_pupper_interfaces/share/mini_pupper_interfaces/cmake/ament_cmake_export_include_directories-extras.cmake
[25.872s] -- Up-to-date symlink: /home/ubuntu/ros2_ws/install/mini_pupper_interfaces/share/mini_pupper_interfaces/cmake/ament_cmake_export_libraries-extras.cmake
[25.876s] -- Up-to-date symlink: /home/ubuntu/ros2_ws/install/mini_pupper_interfaces/share/mini_pupper_interfaces/cmake/ament_cmake_export_targets-extras.cmake
[25.912s] -- Up-to-date symlink: /home/ubuntu/ros2_ws/install/mini_pupper_interfaces/share/mini_pupper_interfaces/cmake/rosidl_cmake_export_typesupport_targets-extras.cmake
[25.969s] -- Up-to-date symlink: /home/ubuntu/ros2_ws/install/mini_pupper_interfaces/share/mini_pupper_interfaces/cmake/rosidl_cmake_export_typesupport_libraries-extras.cmake
[25.999s] -- Up-to-date symlink: /home/ubuntu/ros2_ws/install/mini_pupper_interfaces/share/mini_pupper_interfaces/cmake/mini_pupper_interfacesConfig.cmake
[26.028s] -- Up-to-date symlink: /home/ubuntu/ros2_ws/install/mini_pupper_interfaces/share/mini_pupper_interfaces/cmake/mini_pupper_interfacesConfig-version.cmake
[26.057s] -- Up-to-date symlink: /home/ubuntu/ros2_ws/install/mini_pupper_interfaces/share/mini_pupper_interfaces/package.xml
[26.077s] -- Up-to-date: /home/ubuntu/ros2_ws/install/mini_pupper_interfaces/lib/libmini_pupper_interfaces__rosidl_generator_c.so
[26.082s] -- Up-to-date: /home/ubuntu/ros2_ws/install/mini_pupper_interfaces/lib/libmini_pupper_interfaces__rosidl_typesupport_fastrtps_c.so
[26.087s] -- Up-to-date: /home/ubuntu/ros2_ws/install/mini_pupper_interfaces/lib/libmini_pupper_interfaces__rosidl_typesupport_fastrtps_cpp.so
[26.092s] -- Up-to-date: /home/ubuntu/ros2_ws/install/mini_pupper_interfaces/lib/libmini_pupper_interfaces__rosidl_typesupport_introspection_c.so
[26.096s] -- Up-to-date: /home/ubuntu/ros2_ws/install/mini_pupper_interfaces/lib/libmini_pupper_interfaces__rosidl_typesupport_c.so
[26.102s] -- Up-to-date: /home/ubuntu/ros2_ws/install/mini_pupper_interfaces/lib/libmini_pupper_interfaces__rosidl_typesupport_introspection_cpp.so
[26.107s] -- Up-to-date: /home/ubuntu/ros2_ws/install/mini_pupper_interfaces/lib/libmini_pupper_interfaces__rosidl_typesupport_cpp.so
[26.369s] Listing '/home/ubuntu/ros2_ws/install/mini_pupper_interfaces/local/lib/python3.10/dist-packages/mini_pupper_interfaces'...
[26.371s] Compiling '/home/ubuntu/ros2_ws/install/mini_pupper_interfaces/local/lib/python3.10/dist-packages/mini_pupper_interfaces/__init__.py'...
[26.373s] Listing '/home/ubuntu/ros2_ws/install/mini_pupper_interfaces/local/lib/python3.10/dist-packages/mini_pupper_interfaces/srv'...
[26.402s] -- Up-to-date: /home/ubuntu/ros2_ws/install/mini_pupper_interfaces/lib/libmini_pupper_interfaces__rosidl_generator_py.so
[26.405s] -- Up-to-date: /home/ubuntu/ros2_ws/install/mini_pupper_interfaces/share/mini_pupper_interfaces/cmake/export_mini_pupper_interfaces__rosidl_generator_cExport.cmake
[26.406s] -- Up-to-date: /home/ubuntu/ros2_ws/install/mini_pupper_interfaces/share/mini_pupper_interfaces/cmake/export_mini_pupper_interfaces__rosidl_generator_cExport-noconfig.cmake
[26.408s] -- Up-to-date: /home/ubuntu/ros2_ws/install/mini_pupper_interfaces/share/mini_pupper_interfaces/cmake/export_mini_pupper_interfaces__rosidl_typesupport_fastrtps_cExport.cmake
[26.409s] -- Up-to-date: /home/ubuntu/ros2_ws/install/mini_pupper_interfaces/share/mini_pupper_interfaces/cmake/export_mini_pupper_interfaces__rosidl_typesupport_fastrtps_cExport-noconfig.cmake
[26.410s] -- Up-to-date: /home/ubuntu/ros2_ws/install/mini_pupper_interfaces/share/mini_pupper_interfaces/cmake/export_mini_pupper_interfaces__rosidl_generator_cppExport.cmake
[26.413s] -- Up-to-date: /home/ubuntu/ros2_ws/install/mini_pupper_interfaces/share/mini_pupper_interfaces/cmake/export_mini_pupper_interfaces__rosidl_typesupport_fastrtps_cppExport.cmake
[26.413s] -- Up-to-date: /home/ubuntu/ros2_ws/install/mini_pupper_interfaces/share/mini_pupper_interfaces/cmake/export_mini_pupper_interfaces__rosidl_typesupport_fastrtps_cppExport-noconfig.cmake
[26.415s] -- Up-to-date: /home/ubuntu/ros2_ws/install/mini_pupper_interfaces/share/mini_pupper_interfaces/cmake/mini_pupper_interfaces__rosidl_typesupport_introspection_cExport.cmake
[26.416s] -- Up-to-date: /home/ubuntu/ros2_ws/install/mini_pupper_interfaces/share/mini_pupper_interfaces/cmake/mini_pupper_interfaces__rosidl_typesupport_introspection_cExport-noconfig.cmake
[26.418s] -- Up-to-date: /home/ubuntu/ros2_ws/install/mini_pupper_interfaces/share/mini_pupper_interfaces/cmake/mini_pupper_interfaces__rosidl_typesupport_cExport.cmake
[26.419s] -- Up-to-date: /home/ubuntu/ros2_ws/install/mini_pupper_interfaces/share/mini_pupper_interfaces/cmake/mini_pupper_interfaces__rosidl_typesupport_cExport-noconfig.cmake
[26.421s] -- Up-to-date: /home/ubuntu/ros2_ws/install/mini_pupper_interfaces/share/mini_pupper_interfaces/cmake/mini_pupper_interfaces__rosidl_typesupport_introspection_cppExport.cmake
[26.422s] -- Up-to-date: /home/ubuntu/ros2_ws/install/mini_pupper_interfaces/share/mini_pupper_interfaces/cmake/mini_pupper_interfaces__rosidl_typesupport_introspection_cppExport-noconfig.cmake
[26.423s] -- Up-to-date: /home/ubuntu/ros2_ws/install/mini_pupper_interfaces/share/mini_pupper_interfaces/cmake/mini_pupper_interfaces__rosidl_typesupport_cppExport.cmake
[26.424s] -- Up-to-date: /home/ubuntu/ros2_ws/install/mini_pupper_interfaces/share/mini_pupper_interfaces/cmake/mini_pupper_interfaces__rosidl_typesupport_cppExport-noconfig.cmake
[26.426s] -- Up-to-date: /home/ubuntu/ros2_ws/install/mini_pupper_interfaces/share/mini_pupper_interfaces/cmake/export_mini_pupper_interfaces__rosidl_generator_pyExport.cmake
[26.428s] -- Up-to-date: /home/ubuntu/ros2_ws/install/mini_pupper_interfaces/share/mini_pupper_interfaces/cmake/export_mini_pupper_interfaces__rosidl_generator_pyExport-noconfig.cmake
[27.229s] Invoked command in '/home/ubuntu/ros2_ws/build/mini_pupper_interfaces' returned '0': CMAKE_PREFIX_PATH=${CMAKE_PREFIX_PATH}:/home/ubuntu/ros2_ws/install/mini_pupper_music:/home/ubuntu/ros2_ws/install/mini_pupper_dance:/home/ubuntu/ros2_ws/install/mini_pupper_driver:/opt/ros/humble /usr/bin/cmake --install /home/ubuntu/ros2_ws/build/mini_pupper_interfaces
