2024-12-06 23:01:55.349 [info] [main] Log level: Info
2024-12-06 23:01:55.349 [info] [main] Validating found git in: "git"
2024-12-06 23:01:55.349 [info] [main] Using git "2.34.1" from "git"
2024-12-06 23:01:55.350 [info] [Model][doInitialScan] Initial repository scan started
2024-12-06 23:01:55.410 [info] > git rev-parse --show-toplevel [99ms]
2024-12-06 23:01:55.410 [info] fatal: not a git repository (or any of the parent directories): .git
2024-12-06 23:01:55.438 [info] > git rev-parse --show-toplevel [5ms]
2024-12-06 23:01:55.438 [info] fatal: not a git repository (or any of the parent directories): .git
2024-12-06 23:01:55.468 [info] > git rev-parse --show-toplevel [7ms]
2024-12-06 23:01:55.468 [info] fatal: not a git repository (or any of the parent directories): .git
2024-12-06 23:01:55.498 [info] > git rev-parse --show-toplevel [8ms]
2024-12-06 23:01:55.498 [info] fatal: not a git repository (or any of the parent directories): .git
2024-12-06 23:01:55.534 [info] > git rev-parse --show-toplevel [11ms]
2024-12-06 23:01:55.534 [info] fatal: not a git repository (or any of the parent directories): .git
2024-12-06 23:01:55.566 [info] > git rev-parse --show-toplevel [9ms]
2024-12-06 23:01:55.566 [info] fatal: not a git repository (or any of the parent directories): .git
2024-12-06 23:01:55.594 [info] > git rev-parse --show-toplevel [7ms]
2024-12-06 23:01:55.594 [info] fatal: not a git repository (or any of the parent directories): .git
2024-12-06 23:01:55.639 [info] > git rev-parse --show-toplevel [21ms]
2024-12-06 23:01:55.674 [info] > git rev-parse --git-dir --git-common-dir [12ms]
2024-12-06 23:01:55.739 [info] [Model][openRepository] Opened repository: /home/ubuntu/PS4Joystick
2024-12-06 23:01:55.803 [info] > git config --get commit.template [27ms]
2024-12-06 23:01:55.834 [info] > git rev-parse --show-toplevel [36ms]
2024-12-06 23:01:55.990 [info] > git for-each-ref --format=%(refname)%00%(upstream:short)%00%(objectname)%00%(upstream:track)%00%(upstream:remotename)%00%(upstream:remoteref) refs/heads/master refs/remotes/master [163ms]
2024-12-06 23:01:55.993 [info] > git rev-parse --git-dir --git-common-dir [138ms]
2024-12-06 23:01:56.014 [info] [Model][openRepository] Opened repository: /home/ubuntu/PupperCommand
2024-12-06 23:01:56.053 [warning] [Git][revParse] Unable to read file: ENOENT: no such file or directory, open '/home/ubuntu/PS4Joystick/.git/refs/remotes/origin/master'
2024-12-06 23:01:56.192 [info] > git rev-parse --show-toplevel [86ms]
2024-12-06 23:01:56.196 [info] > git config --get commit.template [109ms]
2024-12-06 23:01:56.197 [info] > git rev-parse refs/remotes/origin/master [145ms]
2024-12-06 23:01:56.327 [info] > git status -z -uall [101ms]
2024-12-06 23:01:56.331 [info] > git for-each-ref --sort -committerdate --format %(refname) %(objectname) %(*objectname) [71ms]
2024-12-06 23:01:56.458 [info] > git for-each-ref --format=%(refname)%00%(upstream:short)%00%(objectname)%00%(upstream:track)%00%(upstream:remotename)%00%(upstream:remoteref) refs/heads/master refs/remotes/master [136ms]
2024-12-06 23:01:56.460 [info] > git rev-parse --git-dir --git-common-dir [166ms]
2024-12-06 23:01:56.479 [info] [Model][openRepository] Opened repository: /home/ubuntu/StanfordQuadruped
2024-12-06 23:01:56.520 [warning] [Git][revParse] Unable to read file: ENOENT: no such file or directory, open '/home/ubuntu/PupperCommand/.git/refs/remotes/origin/master'
2024-12-06 23:01:56.576 [info] > git config --get commit.template [126ms]
2024-12-06 23:01:56.577 [info] > git for-each-ref --format=%(refname)%00%(upstream:short)%00%(objectname)%00%(upstream:track)%00%(upstream:remotename)%00%(upstream:remoteref) refs/heads/master refs/remotes/master [172ms]
2024-12-06 23:01:56.703 [info] > git check-ignore -v -z --stdin [61ms]
2024-12-06 23:01:56.707 [info] > git check-ignore -v -z --stdin [39ms]
2024-12-06 23:01:56.711 [info] > git config --local branch.master.vscode-merge-base [94ms]
2024-12-06 23:01:56.737 [info] > git rev-parse --show-toplevel [165ms]
2024-12-06 23:01:56.739 [info] > git config --get commit.template [196ms]
2024-12-06 23:01:56.740 [info] > git rev-parse refs/remotes/origin/master [219ms]
2024-12-06 23:01:56.922 [info] > git status -z -uall [153ms]
2024-12-06 23:01:56.924 [info] > git for-each-ref --format=%(refname)%00%(upstream:short)%00%(objectname)%00%(upstream:track)%00%(upstream:remotename)%00%(upstream:remoteref) refs/heads/origin/master refs/remotes/origin/master [188ms]
2024-12-06 23:01:57.079 [info] > git merge-base refs/heads/master refs/remotes/origin/master [129ms]
2024-12-06 23:01:57.114 [info] > git rev-parse --git-dir --git-common-dir [211ms]
2024-12-06 23:01:57.141 [info] [Model][openRepository] Opened repository: /home/ubuntu/UDPComms
2024-12-06 23:01:57.143 [info] > git for-each-ref --format=%(refname)%00%(upstream:short)%00%(objectname)%00%(upstream:track)%00%(upstream:remotename)%00%(upstream:remoteref) refs/heads/master refs/remotes/master [270ms]
2024-12-06 23:01:57.144 [info] > git for-each-ref --sort -committerdate --format %(refname) %(objectname) %(*objectname) [319ms]
2024-12-06 23:01:57.249 [warning] [Git][revParse] Unable to read file: ENOENT: no such file or directory, open '/home/ubuntu/PS4Joystick/.git/refs/remotes/origin/master'
2024-12-06 23:01:57.277 [info] > git for-each-ref --format=%(refname)%00%(upstream:short)%00%(objectname)%00%(upstream:track)%00%(upstream:remotename)%00%(upstream:remoteref) refs/heads/master refs/remotes/master [103ms]
2024-12-06 23:01:57.317 [info] > git diff --name-status -z --diff-filter=ADMR defa868598cc91924683d328a1da1856bf9f0791...refs/remotes/origin/master [206ms]
2024-12-06 23:01:57.323 [info] > git for-each-ref --format=%(refname)%00%(upstream:short)%00%(objectname)%00%(upstream:track)%00%(upstream:remotename)%00%(upstream:remoteref) refs/heads/mini_pupper refs/remotes/mini_pupper [263ms]
2024-12-06 23:01:57.438 [info] > git check-ignore -v -z --stdin [86ms]
2024-12-06 23:01:57.748 [info] > git check-ignore -v -z --stdin [372ms]
2024-12-06 23:01:57.749 [info] > git check-ignore -v -z --stdin [344ms]
2024-12-06 23:01:57.751 [info] > git config --local branch.master.vscode-merge-base [435ms]
2024-12-06 23:01:57.780 [info] > git config --get commit.template [508ms]
2024-12-06 23:01:57.781 [info] > git rev-parse refs/remotes/origin/master [533ms]
2024-12-06 23:01:57.857 [info] > git rev-parse --show-toplevel [629ms]
2024-12-06 23:01:57.864 [info] > git config --get commit.template [660ms]
2024-12-06 23:01:57.917 [info] > git status -z -uall [100ms]
2024-12-06 23:01:57.919 [info] > git for-each-ref --format=%(refname)%00%(upstream:short)%00%(objectname)%00%(upstream:track)%00%(upstream:remotename)%00%(upstream:remoteref) refs/heads/origin/master refs/remotes/origin/master [139ms]
2024-12-06 23:01:58.121 [info] > git check-ignore -v -z --stdin [143ms]
2024-12-06 23:01:58.123 [info] > git check-ignore -v -z --stdin [117ms]
2024-12-06 23:01:58.124 [info] > git check-ignore -v -z --stdin [92ms]
2024-12-06 23:01:58.132 [info] > git check-ignore -v -z --stdin [77ms]
2024-12-06 23:01:58.137 [info] > git merge-base refs/heads/master refs/remotes/origin/master [184ms]
2024-12-06 23:01:58.169 [info] > git rev-parse --git-dir --git-common-dir [260ms]
2024-12-06 23:01:58.199 [info] [Model][openRepository] Opened repository: /home/ubuntu/apps-md-robots
2024-12-06 23:01:58.203 [info] > git for-each-ref --sort -committerdate --format %(refname) %(objectname) %(*objectname) [348ms]
2024-12-06 23:01:58.357 [info] > git status -z -uall [114ms]
2024-12-06 23:01:58.359 [info] > git diff --name-status -z --diff-filter=ADMR 4b7b3dfd50cc0e66d0e815114c1b6b01a7aa1183...refs/remotes/origin/master [191ms]
2024-12-06 23:01:58.363 [info] > git for-each-ref --format=%(refname)%00%(upstream:short)%00%(objectname)%00%(upstream:track)%00%(upstream:remotename)%00%(upstream:remoteref) refs/heads/master refs/remotes/master [253ms]
2024-12-06 23:01:58.367 [info] > git for-each-ref --format=%(refname)%00%(upstream:short)%00%(objectname)%00%(upstream:track)%00%(upstream:remotename)%00%(upstream:remoteref) refs/heads/master refs/remotes/master [283ms]
2024-12-06 23:01:58.408 [warning] [Git][revParse] Unable to read file: ENOENT: no such file or directory, open '/home/ubuntu/UDPComms/.git/refs/remotes/origin/master'
2024-12-06 23:01:58.440 [warning] [Git][revParse] Unable to read file: ENOENT: no such file or directory, open '/home/ubuntu/PupperCommand/.git/refs/remotes/origin/master'
2024-12-06 23:01:58.481 [info] > git rev-parse --show-toplevel [142ms]
2024-12-06 23:01:58.485 [info] > git config --get commit.template [170ms]
2024-12-06 23:01:58.486 [info] > git for-each-ref --sort -committerdate --format %(refname) %(objectname) %(*objectname) [201ms]
2024-12-06 23:01:58.592 [info] > git rev-parse refs/remotes/origin/master [153ms]
2024-12-06 23:01:58.641 [info] > git rev-parse refs/remotes/origin/master [233ms]
2024-12-06 23:01:58.757 [info] > git status -z -uall [141ms]
2024-12-06 23:01:58.758 [info] > git status -z -uall [92ms]
2024-12-06 23:01:58.764 [info] > git for-each-ref --sort -committerdate --format %(refname) %(objectname) %(*objectname) [71ms]
2024-12-06 23:01:58.839 [info] > git for-each-ref --sort -committerdate --format %(refname) %(objectname) %(*objectname) [199ms]
2024-12-06 23:01:58.853 [info] > git config --get commit.template [264ms]
2024-12-06 23:01:58.853 [info] > git rev-parse --git-dir --git-common-dir [287ms]
2024-12-06 23:01:58.868 [info] [Model][openRepository] Opened repository: /home/ubuntu/mini_pupper_bsp
2024-12-06 23:01:58.875 [info] > git for-each-ref --format=%(refname)%00%(upstream:short)%00%(objectname)%00%(upstream:track)%00%(upstream:remotename)%00%(upstream:remoteref) refs/heads/mini_pupper refs/remotes/mini_pupper [348ms]
2024-12-06 23:01:58.976 [info] > git for-each-ref --format=%(refname)%00%(upstream:short)%00%(objectname)%00%(upstream:track)%00%(upstream:remotename)%00%(upstream:remoteref) refs/heads/master refs/remotes/master [152ms]
2024-12-06 23:01:59.001 [info] > git for-each-ref --format=%(refname)%00%(upstream:short)%00%(objectname)%00%(upstream:track)%00%(upstream:remotename)%00%(upstream:remoteref) refs/heads/main refs/remotes/main [259ms]
2024-12-06 23:01:59.191 [info] > git check-ignore -v -z --stdin [159ms]
2024-12-06 23:01:59.200 [info] > git check-ignore -v -z --stdin [145ms]
2024-12-06 23:01:59.201 [info] > git check-ignore -v -z --stdin [125ms]
2024-12-06 23:01:59.205 [info] > git check-ignore -v -z --stdin [105ms]
2024-12-06 23:01:59.207 [info] > git check-ignore -v -z --stdin [72ms]
2024-12-06 23:01:59.209 [info] > git config --local branch.master.vscode-merge-base [209ms]
2024-12-06 23:01:59.239 [info] > git rev-parse --show-toplevel [267ms]
2024-12-06 23:01:59.243 [info] > git config --get commit.template [298ms]
2024-12-06 23:01:59.244 [info] > git config --get commit.template [321ms]
2024-12-06 23:01:59.245 [info] > git config --local branch.mini_pupper.vscode-merge-base [346ms]
2024-12-06 23:01:59.329 [info] > git for-each-ref --format=%(refname)%00%(upstream:short)%00%(objectname)%00%(upstream:track)%00%(upstream:remotename)%00%(upstream:remoteref) refs/heads/origin/master refs/remotes/origin/master [90ms]
2024-12-06 23:01:59.363 [info] > git for-each-ref --format=%(refname)%00%(upstream:short)%00%(objectname)%00%(upstream:track)%00%(upstream:remotename)%00%(upstream:remoteref) refs/heads/mini_pupper refs/remotes/mini_pupper [193ms]
2024-12-06 23:01:59.417 [info] > git merge-base refs/heads/master refs/remotes/origin/master [58ms]
2024-12-06 23:01:59.440 [info] > git rev-parse --git-dir --git-common-dir [126ms]
2024-12-06 23:01:59.471 [info] [Model][openRepository] Opened repository: /home/ubuntu/mini_pupper_ros
2024-12-06 23:01:59.474 [info] > git for-each-ref --format=%(refname)%00%(upstream:short)%00%(objectname)%00%(upstream:track)%00%(upstream:remotename)%00%(upstream:remoteref) refs/heads/origin/mini_pupper refs/remotes/origin/mini_pupper [188ms]
2024-12-06 23:01:59.620 [info] > git status -z -uall [94ms]
2024-12-06 23:01:59.621 [info] > git diff --name-status -z --diff-filter=ADMR 6737d6c6089146fb239f5cd03d8e3c5515344be1...refs/remotes/origin/master [180ms]
2024-12-06 23:01:59.623 [info] > git for-each-ref --format=%(refname)%00%(upstream:short)%00%(objectname)%00%(upstream:track)%00%(upstream:remotename)%00%(upstream:remoteref) refs/heads/master refs/remotes/master [232ms]
2024-12-06 23:01:59.651 [warning] [Git][revParse] Unable to read file: ENOENT: no such file or directory, open '/home/ubuntu/UDPComms/.git/refs/remotes/origin/master'
2024-12-06 23:01:59.676 [info] > git config --get commit.template [85ms]
2024-12-06 23:01:59.676 [info] > git for-each-ref --sort -committerdate --format %(refname) %(objectname) %(*objectname) [114ms]
2024-12-06 23:01:59.753 [info] > git for-each-ref --format=%(refname)%00%(upstream:short)%00%(objectname)%00%(upstream:track)%00%(upstream:remotename)%00%(upstream:remoteref) refs/heads/main refs/remotes/main [340ms]
2024-12-06 23:01:59.756 [info] > git merge-base refs/heads/mini_pupper refs/remotes/origin/mini_pupper [258ms]
2024-12-06 23:01:59.894 [info] > git status -z -uall [63ms]
2024-12-06 23:01:59.895 [info] > git diff --name-status -z --diff-filter=ADMR dd5cb4bc2bf9584003513c9235d7af234ffad316...refs/remotes/origin/mini_pupper [107ms]
2024-12-06 23:01:59.898 [info] > git for-each-ref --format=%(refname)%00%(upstream:short)%00%(objectname)%00%(upstream:track)%00%(upstream:remotename)%00%(upstream:remoteref) refs/heads/main refs/remotes/main [157ms]
2024-12-06 23:01:59.924 [info] > git rev-parse refs/remotes/origin/master [272ms]
2024-12-06 23:02:00.000 [info] > git rev-parse --show-toplevel [381ms]
2024-12-06 23:02:00.033 [info] > git status -z -uall [65ms]
2024-12-06 23:02:00.034 [info] > git config --local branch.main.vscode-merge-base [112ms]
2024-12-06 23:02:00.076 [info] > git config --get commit.template [193ms]
2024-12-06 23:02:00.078 [info] > git for-each-ref --sort -committerdate --format %(refname) %(objectname) %(*objectname) [225ms]
2024-12-06 23:02:00.167 [info] > git for-each-ref --format=%(refname)%00%(upstream:short)%00%(objectname)%00%(upstream:track)%00%(upstream:remotename)%00%(upstream:remoteref) refs/heads/origin/main refs/remotes/origin/main [94ms]
2024-12-06 23:02:00.199 [info] > git for-each-ref --format=%(refname)%00%(upstream:short)%00%(objectname)%00%(upstream:track)%00%(upstream:remotename)%00%(upstream:remoteref) refs/heads/ros2-dev refs/remotes/ros2-dev [174ms]
2024-12-06 23:02:00.200 [info] > git for-each-ref --sort -committerdate --format %(refname) %(objectname) %(*objectname) [202ms]
2024-12-06 23:02:00.506 [info] > git check-ignore -v -z --stdin [252ms]
2024-12-06 23:02:00.508 [info] > git check-ignore -v -z --stdin [233ms]
2024-12-06 23:02:00.510 [info] > git check-ignore -v -z --stdin [210ms]
2024-12-06 23:02:00.511 [info] > git check-ignore -v -z --stdin [190ms]
2024-12-06 23:02:00.513 [info] > git check-ignore -v -z --stdin [168ms]
2024-12-06 23:02:00.514 [info] > git check-ignore -v -z --stdin [147ms]
2024-12-06 23:02:00.516 [info] > git check-ignore -v -z --stdin [121ms]
2024-12-06 23:02:00.518 [info] > git status -z -uall [58ms]
2024-12-06 23:02:00.519 [info] > git merge-base refs/heads/main refs/remotes/origin/main [323ms]
2024-12-06 23:02:00.546 [info] > git rev-parse --git-dir --git-common-dir [395ms]
2024-12-06 23:02:00.564 [info] [Model][openRepository] Opened repository: /home/ubuntu/ros2_setup_scripts_ubuntu
2024-12-06 23:02:00.643 [info] > git diff --name-status -z --diff-filter=ADMR dd14a0dfe75f4621a9c862edf27d700f052145cf...refs/remotes/origin/main [97ms]
2024-12-06 23:02:00.646 [info] > git for-each-ref --sort -committerdate --format %(refname) %(objectname) %(*objectname) [157ms]
2024-12-06 23:02:00.687 [info] > git for-each-ref --format=%(refname)%00%(upstream:short)%00%(objectname)%00%(upstream:track)%00%(upstream:remotename)%00%(upstream:remoteref) refs/heads/main refs/remotes/main [251ms]
2024-12-06 23:02:00.737 [info] > git rev-parse --show-toplevel [98ms]
2024-12-06 23:02:00.737 [info] fatal: not a git repository (or any of the parent directories): .git
2024-12-06 23:02:00.751 [info] [Model][doInitialScan] Initial repository scan completed - repositories (8), closed repositories (0), parent repositories (0), unsafe repositories (0)
2024-12-06 23:02:00.752 [info] > git config --get commit.template [141ms]
2024-12-06 23:02:00.818 [info] > git config --get commit.template [98ms]
2024-12-06 23:02:00.819 [info] > git for-each-ref --format=%(refname)%00%(upstream:short)%00%(objectname)%00%(upstream:track)%00%(upstream:remotename)%00%(upstream:remoteref) refs/heads/main refs/remotes/main [138ms]
2024-12-06 23:02:00.972 [info] > git status -z -uall [28ms]
2024-12-06 23:02:00.979 [info] > git config --local branch.main.vscode-merge-base [126ms]
2024-12-06 23:02:01.019 [info] > git status -z -uall [238ms]
2024-12-06 23:02:01.019 [info] > git for-each-ref --sort -committerdate --format %(refname) %(objectname) %(*objectname) [50ms]
2024-12-06 23:02:01.037 [info] > git for-each-ref --format=%(refname)%00%(upstream:short)%00%(objectname)%00%(upstream:track)%00%(upstream:remotename)%00%(upstream:remoteref) refs/heads/main refs/remotes/main [126ms]
2024-12-06 23:02:01.040 [info] > git for-each-ref --sort -committerdate --format %(refname) %(objectname) %(*objectname) [225ms]
2024-12-06 23:02:01.115 [info] > git for-each-ref --format=%(refname)%00%(upstream:short)%00%(objectname)%00%(upstream:track)%00%(upstream:remotename)%00%(upstream:remoteref) refs/heads/ros2-dev refs/remotes/ros2-dev [39ms]
2024-12-06 23:02:01.142 [info] > git for-each-ref --format=%(refname)%00%(upstream:short)%00%(objectname)%00%(upstream:track)%00%(upstream:remotename)%00%(upstream:remoteref) refs/heads/origin/main refs/remotes/origin/main [130ms]
2024-12-06 23:02:01.206 [info] > git merge-base refs/heads/main refs/remotes/origin/main [40ms]
2024-12-06 23:02:01.229 [info] > git config --local branch.ros2-dev.vscode-merge-base [87ms]
2024-12-06 23:02:01.262 [info] > git config --get commit.template [147ms]
2024-12-06 23:02:01.483 [info] > git check-ignore -v -z --stdin [185ms]
2024-12-06 23:02:01.484 [info] > git check-ignore -v -z --stdin [165ms]
2024-12-06 23:02:01.485 [info] > git check-ignore -v -z --stdin [143ms]
2024-12-06 23:02:01.486 [info] > git check-ignore -v -z --stdin [119ms]
2024-12-06 23:02:01.487 [info] > git check-ignore -v -z --stdin [93ms]
2024-12-06 23:02:01.488 [info] > git check-ignore -v -z --stdin [66ms]
2024-12-06 23:02:01.489 [info] > git check-ignore -v -z --stdin [43ms]
2024-12-06 23:02:01.491 [info] > git check-ignore -v -z --stdin [21ms]
2024-12-06 23:02:01.493 [info] > git for-each-ref --format=%(refname)%00%(upstream:short)%00%(objectname)%00%(upstream:track)%00%(upstream:remotename)%00%(upstream:remoteref) refs/heads/origin/ros2-dev refs/remotes/origin/ros2-dev [234ms]
2024-12-06 23:02:01.600 [info] > git status -z -uall [56ms]
2024-12-06 23:02:01.600 [info] > git for-each-ref --format=%(refname)%00%(upstream:short)%00%(objectname)%00%(upstream:track)%00%(upstream:remotename)%00%(upstream:remoteref) refs/heads/main refs/remotes/main [721ms]
2024-12-06 23:02:01.608 [info] > git for-each-ref --sort -committerdate --format %(refname) %(objectname) %(*objectname) [41ms]
2024-12-06 23:02:01.648 [info] > git merge-base refs/heads/ros2-dev refs/remotes/origin/ros2-dev [129ms]
2024-12-06 23:02:01.676 [info] > git diff --name-status -z --diff-filter=ADMR 4576ca9da14cd109f0f810d9e0a77d2f7b28d417...refs/remotes/origin/main [448ms]
2024-12-06 23:02:01.684 [info] > git merge-base refs/heads/main refs/remotes/origin/main [39ms]
2024-12-06 23:02:01.722 [info] > git for-each-ref --format=%(refname)%00%(upstream:short)%00%(objectname)%00%(upstream:track)%00%(upstream:remotename)%00%(upstream:remoteref) refs/heads/ros2-dev refs/remotes/ros2-dev [128ms]
2024-12-06 23:02:01.796 [info] > git diff --name-status -z --diff-filter=ADMR 4576ca9da14cd109f0f810d9e0a77d2f7b28d417...refs/remotes/origin/main [75ms]
2024-12-06 23:02:01.860 [info] > git for-each-ref --sort -committerdate --format %(refname) %(objectname) %(*objectname) [70ms]
2024-12-06 23:02:01.876 [info] > git status -z -uall [113ms]
2024-12-06 23:02:01.974 [info] > git status -z -uall [146ms]
2024-12-06 23:02:01.976 [info] > git for-each-ref --sort -committerdate --format %(refname) %(objectname) %(*objectname) [120ms]
2024-12-06 23:02:02.010 [info] > git config --get commit.template [52ms]
2024-12-06 23:02:02.011 [info] > git for-each-ref --format=%(refname)%00%(upstream:short)%00%(objectname)%00%(upstream:track)%00%(upstream:remotename)%00%(upstream:remoteref) refs/heads/main refs/remotes/main [87ms]
2024-12-06 23:02:02.041 [info] > git merge-base refs/heads/ros2-dev refs/remotes/origin/ros2-dev [38ms]
2024-12-06 23:02:02.123 [info] > git config --local branch.main.vscode-merge-base [89ms]
2024-12-06 23:02:02.172 [info] > git for-each-ref --format=%(refname)%00%(upstream:short)%00%(objectname)%00%(upstream:track)%00%(upstream:remotename)%00%(upstream:remoteref) refs/heads/origin/main refs/remotes/origin/main [10ms]
2024-12-06 23:02:02.202 [info] > git for-each-ref --format=%(refname)%00%(upstream:short)%00%(objectname)%00%(upstream:track)%00%(upstream:remotename)%00%(upstream:remoteref) refs/heads/main refs/remotes/main [80ms]
2024-12-06 23:02:02.209 [info] > git merge-base refs/heads/main refs/remotes/origin/main [10ms]
2024-12-06 23:02:02.275 [info] > git status -z -uall [24ms]
2024-12-06 23:02:02.282 [info] > git for-each-ref --sort -committerdate --format %(refname) %(objectname) %(*objectname) [9ms]
2024-12-06 23:02:02.318 [info] > git merge-base refs/heads/main refs/remotes/origin/main [5ms]
2024-12-06 23:02:02.352 [info] > git diff --name-status -z --diff-filter=ADMR 610ebcc490c6a63468a056cc4ecb6e090691c9bb...refs/remotes/origin/main [120ms]
2024-12-06 23:02:02.360 [info] > git diff --name-status -z --diff-filter=ADMR 610ebcc490c6a63468a056cc4ecb6e090691c9bb...refs/remotes/origin/main [15ms]
2024-12-06 23:02:03.039 [info] > git rev-parse --show-toplevel [187ms]
2024-12-06 23:02:03.553 [info] > git diff --name-status -z --diff-filter=ADMR abb7dd9ede17485d9bf7df5635ebe758074356bb...refs/remotes/origin/ros2-dev [1877ms]
2024-12-06 23:02:03.565 [info] > git diff --name-status -z --diff-filter=ADMR abb7dd9ede17485d9bf7df5635ebe758074356bb...refs/remotes/origin/ros2-dev [1491ms]
2024-12-06 23:02:03.573 [info] > git rev-parse --show-toplevel [486ms]
2024-12-06 23:02:03.620 [info] > git rev-parse --show-toplevel [19ms]
2024-12-06 23:03:01.755 [info] > git check-ignore -v -z --stdin [6ms]
2024-12-06 23:03:03.433 [info] > git check-ignore -v -z --stdin [6ms]
2024-12-06 23:03:05.399 [info] > git show --textconv :api/movement_api.py [27ms]
2024-12-06 23:03:05.404 [info] > git ls-files --stage -- /home/ubuntu/apps-md-robots/api/movement_api.py [9ms]
2024-12-06 23:05:21.100 [info] > git check-ignore -v -z --stdin [6ms]
