1716798145.2548652 [INFO] [launch]: All log files can be found below /home/ubuntu/.ros/log/2024-05-27-08-22-25-251032-minipupperv2-1328
1716798145.2555349 [INFO] [launch]: Default logging verbosity is set to INFO
1716798149.4713137 [INFO] [robot_state_publisher-1]: process started with pid [1332]
1716798149.4729819 [INFO] [quadruped_controller_node-2]: process started with pid [1334]
1716798149.4736507 [INFO] [state_estimation_node-3]: process started with pid [1336]
1716798149.4744294 [INFO] [ekf_node-4]: process started with pid [1338]
1716798149.4749522 [INFO] [ekf_node-5]: process started with pid [1340]
1716798149.4757457 [INFO] [servo_interface-6]: process started with pid [1342]
1716798149.4780991 [INFO] [ldlidar_stl_ros2_node-7]: process started with pid [1344]
1716798150.5175967 [robot_state_publisher-1] [INFO] [1716798150.516386210] [robot_state_publisher]: got segment base_inertia
1716798150.5204058 [robot_state_publisher-1] [INFO] [1716798150.517672960] [robot_state_publisher]: got segment base_link
1716798150.5210664 [robot_state_publisher-1] [INFO] [1716798150.517895014] [robot_state_publisher]: got segment imu_link
1716798150.5216446 [robot_state_publisher-1] [INFO] [1716798150.518430612] [robot_state_publisher]: got segment lb1
1716798150.5229864 [robot_state_publisher-1] [INFO] [1716798150.518517693] [robot_state_publisher]: got segment lb2
1716798150.5241554 [robot_state_publisher-1] [INFO] [1716798150.518557529] [robot_state_publisher]: got segment lb3
1716798150.5315535 [robot_state_publisher-1] [INFO] [1716798150.519138742] [robot_state_publisher]: got segment lbfoot
1716798150.5399537 [robot_state_publisher-1] [INFO] [1716798150.519783830] [robot_state_publisher]: got segment lf1
1716798150.5478694 [robot_state_publisher-1] [INFO] [1716798150.519837186] [robot_state_publisher]: got segment lf2
1716798150.5536554 [robot_state_publisher-1] [INFO] [1716798150.520266516] [robot_state_publisher]: got segment lf3
1716798150.5542984 [robot_state_publisher-1] [INFO] [1716798150.520398675] [robot_state_publisher]: got segment lffoot
1716798150.5593705 [robot_state_publisher-1] [INFO] [1716798150.520441752] [robot_state_publisher]: got segment lidar_link
1716798150.5652201 [robot_state_publisher-1] [INFO] [1716798150.520474199] [robot_state_publisher]: got segment lpb1
1716798150.5923765 [robot_state_publisher-1] [INFO] [1716798150.520505739] [robot_state_publisher]: got segment lpb2
1716798150.5948775 [robot_state_publisher-1] [INFO] [1716798150.520959849] [robot_state_publisher]: got segment lpf1
1716798150.5959537 [robot_state_publisher-1] [INFO] [1716798150.521040114] [robot_state_publisher]: got segment lpf2
1716798150.5983562 [robot_state_publisher-1] [INFO] [1716798150.521077469] [robot_state_publisher]: got segment rb1
1716798150.5996947 [robot_state_publisher-1] [INFO] [1716798150.521150716] [robot_state_publisher]: got segment rb2
1716798150.6019011 [robot_state_publisher-1] [INFO] [1716798150.521626901] [robot_state_publisher]: got segment rb3
1716798150.6037691 [robot_state_publisher-1] [INFO] [1716798150.521669275] [robot_state_publisher]: got segment rbfoot
1716798150.6052747 [robot_state_publisher-1] [INFO] [1716798150.521702092] [robot_state_publisher]: got segment rf1
1716798150.6062932 [robot_state_publisher-1] [INFO] [1716798150.521732836] [robot_state_publisher]: got segment rf2
1716798150.6080279 [robot_state_publisher-1] [INFO] [1716798150.521762949] [robot_state_publisher]: got segment rf3
1716798150.6095057 [robot_state_publisher-1] [INFO] [1716798150.521792285] [robot_state_publisher]: got segment rffoot
1716798150.6108041 [robot_state_publisher-1] [INFO] [1716798150.522358681] [robot_state_publisher]: got segment rpb1
1716798150.6119685 [robot_state_publisher-1] [INFO] [1716798150.522758583] [robot_state_publisher]: got segment rpb2
1716798150.6132300 [robot_state_publisher-1] [INFO] [1716798150.522888371] [robot_state_publisher]: got segment rpf1
1716798150.6151316 [robot_state_publisher-1] [INFO] [1716798150.522934449] [robot_state_publisher]: got segment rpf2
1716798150.6166329 [robot_state_publisher-1] [INFO] [1716798150.522966044] [robot_state_publisher]: got segment yellow_plate
