[0.029s] Invoking command in '/home/ubuntu/ros2_ws/build/mini_pupper_slam': CMAKE_PREFIX_PATH=/opt/ros/humble /usr/bin/cmake /home/ubuntu/ros2_ws/src/mini_pupper_ros/mini_pupper_slam -DAMENT_CMAKE_SYMLINK_INSTALL=1 -DCMAKE_INSTALL_PREFIX=/home/ubuntu/ros2_ws/install/mini_pupper_slam
[0.805s] -- The C compiler identification is GNU 11.4.0
[1.459s] -- The CXX compiler identification is GNU 11.4.0
[1.501s] -- Detecting C compiler ABI info
[1.839s] -- Detecting C compiler ABI info - done
[1.871s] -- Check for working C compiler: /usr/bin/cc - skipped
[1.873s] -- Detecting C compile features
[1.875s] -- Detecting C compile features - done
[1.891s] -- Detecting CXX compiler ABI info
[2.256s] -- Detecting CXX compiler ABI info - done
[2.285s] -- Check for working CXX compiler: /usr/bin/c++ - skipped
[2.286s] -- Detecting CXX compile features
[2.288s] -- Detecting CXX compile features - done
[2.311s] -- Found ament_cmake: 1.3.9 (/opt/ros/humble/share/ament_cmake/cmake)
[3.103s] -- Found Python3: /usr/bin/python3 (found version "3.10.12") found components: Interpreter 
[3.419s] -- Override CMake install command with custom implementation using symlinks instead of copying resources
[3.683s] -- Found ament_lint_auto: 0.12.11 (/opt/ros/humble/share/ament_lint_auto/cmake)
[4.195s] -- Added test 'copyright' to check source files copyright and LICENSE
[4.214s] -- Added test 'flake8' to check Python code syntax and style conventions
[4.218s] -- Added test 'lint_cmake' to check CMake code style
[4.221s] -- Added test 'pep257' to check Python code against some of the docstring style conventions in PEP 257
[4.231s] -- Added test 'xmllint' to check XML markup files
[4.241s] -- Configuring done
[4.264s] -- Generating done
[4.269s] -- Build files have been written to: /home/ubuntu/ros2_ws/build/mini_pupper_slam
[4.290s] Invoked command in '/home/ubuntu/ros2_ws/build/mini_pupper_slam' returned '0': CMAKE_PREFIX_PATH=/opt/ros/humble /usr/bin/cmake /home/ubuntu/ros2_ws/src/mini_pupper_ros/mini_pupper_slam -DAMENT_CMAKE_SYMLINK_INSTALL=1 -DCMAKE_INSTALL_PREFIX=/home/ubuntu/ros2_ws/install/mini_pupper_slam
[4.298s] Invoking command in '/home/ubuntu/ros2_ws/build/mini_pupper_slam': CMAKE_PREFIX_PATH=/opt/ros/humble /usr/bin/cmake --build /home/ubuntu/ros2_ws/build/mini_pupper_slam
[4.451s] Invoked command in '/home/ubuntu/ros2_ws/build/mini_pupper_slam' returned '0': CMAKE_PREFIX_PATH=/opt/ros/humble /usr/bin/cmake --build /home/ubuntu/ros2_ws/build/mini_pupper_slam
[4.561s] Invoking command in '/home/ubuntu/ros2_ws/build/mini_pupper_slam': CMAKE_PREFIX_PATH=/opt/ros/humble /usr/bin/cmake --install /home/ubuntu/ros2_ws/build/mini_pupper_slam
[4.587s] -- Install configuration: ""
[4.589s] -- Execute custom install script
[4.591s] -- Symlinking: /home/ubuntu/ros2_ws/install/mini_pupper_slam/share/mini_pupper_slam/launch/slam.launch.py
[4.627s] -- Symlinking: /home/ubuntu/ros2_ws/install/mini_pupper_slam/share/mini_pupper_slam/config/slam.lua
[4.660s] -- Symlinking: /home/ubuntu/ros2_ws/install/mini_pupper_slam/share/mini_pupper_slam/rviz/slam.rviz
[4.692s] -- Symlinking: /home/ubuntu/ros2_ws/install/mini_pupper_slam/share/ament_index/resource_index/package_run_dependencies/mini_pupper_slam
[4.725s] -- Symlinking: /home/ubuntu/ros2_ws/install/mini_pupper_slam/share/ament_index/resource_index/parent_prefix_path/mini_pupper_slam
[4.758s] -- Symlinking: /home/ubuntu/ros2_ws/install/mini_pupper_slam/share/mini_pupper_slam/environment/ament_prefix_path.sh
[4.793s] -- Symlinking: /home/ubuntu/ros2_ws/install/mini_pupper_slam/share/mini_pupper_slam/environment/ament_prefix_path.dsv
[4.825s] -- Symlinking: /home/ubuntu/ros2_ws/install/mini_pupper_slam/share/mini_pupper_slam/environment/path.sh
[4.857s] -- Symlinking: /home/ubuntu/ros2_ws/install/mini_pupper_slam/share/mini_pupper_slam/environment/path.dsv
[4.889s] -- Symlinking: /home/ubuntu/ros2_ws/install/mini_pupper_slam/share/mini_pupper_slam/local_setup.bash
[4.925s] -- Symlinking: /home/ubuntu/ros2_ws/install/mini_pupper_slam/share/mini_pupper_slam/local_setup.sh
[4.957s] -- Symlinking: /home/ubuntu/ros2_ws/install/mini_pupper_slam/share/mini_pupper_slam/local_setup.zsh
[4.989s] -- Symlinking: /home/ubuntu/ros2_ws/install/mini_pupper_slam/share/mini_pupper_slam/local_setup.dsv
[5.021s] -- Symlinking: /home/ubuntu/ros2_ws/install/mini_pupper_slam/share/mini_pupper_slam/package.dsv
[5.054s] -- Symlinking: /home/ubuntu/ros2_ws/install/mini_pupper_slam/share/ament_index/resource_index/packages/mini_pupper_slam
[5.089s] -- Symlinking: /home/ubuntu/ros2_ws/install/mini_pupper_slam/share/mini_pupper_slam/cmake/mini_pupper_slamConfig.cmake
[5.125s] -- Symlinking: /home/ubuntu/ros2_ws/install/mini_pupper_slam/share/mini_pupper_slam/cmake/mini_pupper_slamConfig-version.cmake
[5.157s] -- Symlinking: /home/ubuntu/ros2_ws/install/mini_pupper_slam/share/mini_pupper_slam/package.xml
[5.196s] Invoked command in '/home/ubuntu/ros2_ws/build/mini_pupper_slam' returned '0': CMAKE_PREFIX_PATH=/opt/ros/humble /usr/bin/cmake --install /home/ubuntu/ros2_ws/build/mini_pupper_slam
