[0.057s] Invoking command in '/home/ubuntu/ros2_ws/build/mini_pupper_bringup': AMENT_PREFIX_PATH=/home/ubuntu/ros2_ws/install/champ_base:/home/ubuntu/ros2_ws/install/champ_msgs:/home/ubuntu/ros2_ws/install/champ:${AMENT_PREFIX_PATH} CMAKE_PREFIX_PATH=/home/ubuntu/ros2_ws/install/champ_base:/home/ubuntu/ros2_ws/install/champ_msgs:/home/ubuntu/ros2_ws/install/champ:/opt/ros/humble LD_LIBRARY_PATH=/home/ubuntu/ros2_ws/install/champ_base/lib:/home/ubuntu/ros2_ws/install/champ_msgs/lib:${LD_LIBRARY_PATH} PATH=/home/ubuntu/ros2_ws/install/champ_base/bin:${PATH} PYTHONPATH=/home/ubuntu/ros2_ws/install/champ_msgs/local/lib/python3.10/dist-packages:${PYTHONPATH} /usr/bin/cmake --build /home/ubuntu/ros2_ws/build/mini_pupper_bringup
[0.158s] -- Found ament_cmake: 1.3.9 (/opt/ros/humble/share/ament_cmake/cmake)
[0.776s] -- Override CMake install command with custom implementation using symlinks instead of copying resources
[0.815s] -- Found ament_lint_auto: 0.12.11 (/opt/ros/humble/share/ament_lint_auto/cmake)
[1.162s] -- Added test 'copyright' to check source files copyright and LICENSE
[1.178s] -- Added test 'flake8' to check Python code syntax and style conventions
[1.181s] -- Added test 'lint_cmake' to check CMake code style
[1.184s] -- Added test 'pep257' to check Python code against some of the docstring style conventions in PEP 257
[1.192s] -- Added test 'xmllint' to check XML markup files
[1.200s] -- Configuring done
[1.228s] -- Generating done
[1.234s] -- Build files have been written to: /home/ubuntu/ros2_ws/build/mini_pupper_bringup
[1.325s] Invoked command in '/home/ubuntu/ros2_ws/build/mini_pupper_bringup' returned '0': AMENT_PREFIX_PATH=/home/ubuntu/ros2_ws/install/champ_base:/home/ubuntu/ros2_ws/install/champ_msgs:/home/ubuntu/ros2_ws/install/champ:${AMENT_PREFIX_PATH} CMAKE_PREFIX_PATH=/home/ubuntu/ros2_ws/install/champ_base:/home/ubuntu/ros2_ws/install/champ_msgs:/home/ubuntu/ros2_ws/install/champ:/opt/ros/humble LD_LIBRARY_PATH=/home/ubuntu/ros2_ws/install/champ_base/lib:/home/ubuntu/ros2_ws/install/champ_msgs/lib:${LD_LIBRARY_PATH} PATH=/home/ubuntu/ros2_ws/install/champ_base/bin:${PATH} PYTHONPATH=/home/ubuntu/ros2_ws/install/champ_msgs/local/lib/python3.10/dist-packages:${PYTHONPATH} /usr/bin/cmake --build /home/ubuntu/ros2_ws/build/mini_pupper_bringup
[1.431s] Invoking command in '/home/ubuntu/ros2_ws/build/mini_pupper_bringup': AMENT_PREFIX_PATH=/home/ubuntu/ros2_ws/install/champ_base:/home/ubuntu/ros2_ws/install/champ_msgs:/home/ubuntu/ros2_ws/install/champ:${AMENT_PREFIX_PATH} CMAKE_PREFIX_PATH=/home/ubuntu/ros2_ws/install/champ_base:/home/ubuntu/ros2_ws/install/champ_msgs:/home/ubuntu/ros2_ws/install/champ:/opt/ros/humble LD_LIBRARY_PATH=/home/ubuntu/ros2_ws/install/champ_base/lib:/home/ubuntu/ros2_ws/install/champ_msgs/lib:${LD_LIBRARY_PATH} PATH=/home/ubuntu/ros2_ws/install/champ_base/bin:${PATH} PYTHONPATH=/home/ubuntu/ros2_ws/install/champ_msgs/local/lib/python3.10/dist-packages:${PYTHONPATH} /usr/bin/cmake --install /home/ubuntu/ros2_ws/build/mini_pupper_bringup
[1.458s] -- Install configuration: ""
[1.460s] -- Execute custom install script
[1.463s] -- Up-to-date symlink: /home/ubuntu/ros2_ws/install/mini_pupper_bringup/share/mini_pupper_bringup/launch/bringup.launch.py
[1.463s] -- Symlinking: /home/ubuntu/ros2_ws/install/mini_pupper_bringup/share/mini_pupper_bringup/launch/hardware_interface.launch.py
[1.501s] -- Symlinking: /home/ubuntu/ros2_ws/install/mini_pupper_bringup/share/mini_pupper_bringup/launch/rviz.launch.py
[1.536s] -- Symlinking: /home/ubuntu/ros2_ws/install/mini_pupper_bringup/share/mini_pupper_bringup/config/mini_pupper.yaml
[1.570s] -- Symlinking: /home/ubuntu/ros2_ws/install/mini_pupper_bringup/share/mini_pupper_bringup/config/mini_pupper_2.yaml
[1.610s] -- Up-to-date symlink: /home/ubuntu/ros2_ws/install/mini_pupper_bringup/share/ament_index/resource_index/package_run_dependencies/mini_pupper_bringup
[1.612s] -- Up-to-date symlink: /home/ubuntu/ros2_ws/install/mini_pupper_bringup/share/ament_index/resource_index/parent_prefix_path/mini_pupper_bringup
[1.613s] -- Up-to-date symlink: /home/ubuntu/ros2_ws/install/mini_pupper_bringup/share/mini_pupper_bringup/environment/ament_prefix_path.sh
[1.614s] -- Up-to-date symlink: /home/ubuntu/ros2_ws/install/mini_pupper_bringup/share/mini_pupper_bringup/environment/ament_prefix_path.dsv
[1.615s] -- Up-to-date symlink: /home/ubuntu/ros2_ws/install/mini_pupper_bringup/share/mini_pupper_bringup/environment/path.sh
[1.616s] -- Up-to-date symlink: /home/ubuntu/ros2_ws/install/mini_pupper_bringup/share/mini_pupper_bringup/environment/path.dsv
[1.617s] -- Up-to-date symlink: /home/ubuntu/ros2_ws/install/mini_pupper_bringup/share/mini_pupper_bringup/local_setup.bash
[1.618s] -- Up-to-date symlink: /home/ubuntu/ros2_ws/install/mini_pupper_bringup/share/mini_pupper_bringup/local_setup.sh
[1.620s] -- Up-to-date symlink: /home/ubuntu/ros2_ws/install/mini_pupper_bringup/share/mini_pupper_bringup/local_setup.zsh
[1.621s] -- Up-to-date symlink: /home/ubuntu/ros2_ws/install/mini_pupper_bringup/share/mini_pupper_bringup/local_setup.dsv
[1.621s] -- Symlinking: /home/ubuntu/ros2_ws/install/mini_pupper_bringup/share/mini_pupper_bringup/package.dsv
[1.660s] -- Up-to-date symlink: /home/ubuntu/ros2_ws/install/mini_pupper_bringup/share/ament_index/resource_index/packages/mini_pupper_bringup
[1.661s] -- Up-to-date symlink: /home/ubuntu/ros2_ws/install/mini_pupper_bringup/share/mini_pupper_bringup/cmake/mini_pupper_bringupConfig.cmake
[1.662s] -- Up-to-date symlink: /home/ubuntu/ros2_ws/install/mini_pupper_bringup/share/mini_pupper_bringup/cmake/mini_pupper_bringupConfig-version.cmake
[1.663s] -- Up-to-date symlink: /home/ubuntu/ros2_ws/install/mini_pupper_bringup/share/mini_pupper_bringup/package.xml
[1.671s] Invoked command in '/home/ubuntu/ros2_ws/build/mini_pupper_bringup' returned '0': AMENT_PREFIX_PATH=/home/ubuntu/ros2_ws/install/champ_base:/home/ubuntu/ros2_ws/install/champ_msgs:/home/ubuntu/ros2_ws/install/champ:${AMENT_PREFIX_PATH} CMAKE_PREFIX_PATH=/home/ubuntu/ros2_ws/install/champ_base:/home/ubuntu/ros2_ws/install/champ_msgs:/home/ubuntu/ros2_ws/install/champ:/opt/ros/humble LD_LIBRARY_PATH=/home/ubuntu/ros2_ws/install/champ_base/lib:/home/ubuntu/ros2_ws/install/champ_msgs/lib:${LD_LIBRARY_PATH} PATH=/home/ubuntu/ros2_ws/install/champ_base/bin:${PATH} PYTHONPATH=/home/ubuntu/ros2_ws/install/champ_msgs/local/lib/python3.10/dist-packages:${PYTHONPATH} /usr/bin/cmake --install /home/ubuntu/ros2_ws/build/mini_pupper_bringup
