1717409251.7731433 [INFO] [launch]: All log files can be found below /home/ubuntu/.ros/log/2024-06-03-10-07-31-769960-minipupperv2-1313
1717409251.7737553 [INFO] [launch]: Default logging verbosity is set to INFO
1717409255.7993448 [INFO] [robot_state_publisher-1]: process started with pid [1317]
1717409255.8017330 [INFO] [quadruped_controller_node-2]: process started with pid [1319]
1717409255.8036232 [INFO] [state_estimation_node-3]: process started with pid [1321]
1717409255.8056087 [INFO] [ekf_node-4]: process started with pid [1323]
1717409255.8070242 [INFO] [ekf_node-5]: process started with pid [1325]
1717409255.8109696 [INFO] [servo_interface-6]: process started with pid [1328]
1717409255.8147147 [INFO] [ldlidar_stl_ros2_node-7]: process started with pid [1340]
1717409256.1297200 [robot_state_publisher-1] [INFO] [1717409256.125191387] [robot_state_publisher]: got segment base_inertia
1717409256.1310637 [robot_state_publisher-1] [INFO] [1717409256.125886840] [robot_state_publisher]: got segment base_link
1717409256.1323614 [robot_state_publisher-1] [INFO] [1717409256.126078199] [robot_state_publisher]: got segment imu_link
1717409256.1342211 [robot_state_publisher-1] [INFO] [1717409256.126310968] [robot_state_publisher]: got segment lb1
1717409256.1355247 [robot_state_publisher-1] [INFO] [1717409256.126364618] [robot_state_publisher]: got segment lb2
1717409256.1372478 [robot_state_publisher-1] [INFO] [1717409256.126402564] [robot_state_publisher]: got segment lb3
1717409256.1387112 [robot_state_publisher-1] [INFO] [1717409256.126438695] [robot_state_publisher]: got segment lbfoot
1717409256.1404965 [robot_state_publisher-1] [INFO] [1717409256.126471085] [robot_state_publisher]: got segment lf1
1717409256.1424930 [robot_state_publisher-1] [INFO] [1717409256.126502068] [robot_state_publisher]: got segment lf2
1717409256.1557617 [robot_state_publisher-1] [INFO] [1717409256.126532143] [robot_state_publisher]: got segment lf3
1717409256.1593673 [robot_state_publisher-1] [INFO] [1717409256.126564977] [robot_state_publisher]: got segment lffoot
1717409256.1622539 [robot_state_publisher-1] [INFO] [1717409256.127015643] [robot_state_publisher]: got segment lidar_link
1717409256.1661413 [robot_state_publisher-1] [INFO] [1717409256.127069830] [robot_state_publisher]: got segment lpb1
1717409256.1679690 [robot_state_publisher-1] [INFO] [1717409256.127102795] [robot_state_publisher]: got segment lpb2
1717409256.1696563 [robot_state_publisher-1] [INFO] [1717409256.127134018] [robot_state_publisher]: got segment lpf1
1717409256.1710532 [robot_state_publisher-1] [INFO] [1717409256.127163964] [robot_state_publisher]: got segment lpf2
1717409256.1775773 [robot_state_publisher-1] [INFO] [1717409256.127193724] [robot_state_publisher]: got segment rb1
1717409256.1801989 [robot_state_publisher-1] [INFO] [1717409256.127223522] [robot_state_publisher]: got segment rb2
1717409256.1898754 [robot_state_publisher-1] [INFO] [1717409256.127466198] [robot_state_publisher]: got segment rb3
1717409256.1913371 [robot_state_publisher-1] [INFO] [1717409256.127547479] [robot_state_publisher]: got segment rbfoot
1717409256.1931343 [robot_state_publisher-1] [INFO] [1717409256.127726856] [robot_state_publisher]: got segment rf1
1717409256.1950510 [robot_state_publisher-1] [INFO] [1717409256.127775321] [robot_state_publisher]: got segment rf2
1717409256.1979980 [robot_state_publisher-1] [INFO] [1717409256.127807711] [robot_state_publisher]: got segment rf3
1717409256.2024386 [robot_state_publisher-1] [INFO] [1717409256.127838101] [robot_state_publisher]: got segment rffoot
1717409256.2043502 [robot_state_publisher-1] [INFO] [1717409256.127870991] [robot_state_publisher]: got segment rpb1
1717409256.2058675 [robot_state_publisher-1] [INFO] [1717409256.127930679] [robot_state_publisher]: got segment rpb2
1717409256.2075064 [robot_state_publisher-1] [INFO] [1717409256.127983681] [robot_state_publisher]: got segment rpf1
1717409256.2089226 [robot_state_publisher-1] [INFO] [1717409256.128084351] [robot_state_publisher]: got segment rpf2
1717409256.2102292 [robot_state_publisher-1] [INFO] [1717409256.128121982] [robot_state_publisher]: got segment yellow_plate
1717409282.8034198 [WARNING] [launch]: user interrupted with ctrl-c (SIGINT)
1717409282.9154429 [robot_state_publisher-1] [INFO] [1717409282.798372122] [rclcpp]: signal_handler(signum=2)
1717409283.0580621 [INFO] [quadruped_controller_node-2]: process has finished cleanly [pid 1319]
1717409283.0882244 [INFO] [robot_state_publisher-1]: process has finished cleanly [pid 1317]
1717409283.1151695 [INFO] [state_estimation_node-3]: process has finished cleanly [pid 1321]
1717409283.1666074 [INFO] [ldlidar_stl_ros2_node-7]: process has finished cleanly [pid 1340]
1717409283.1775384 [INFO] [ekf_node-5]: process has finished cleanly [pid 1325]
1717409283.2258923 [INFO] [ekf_node-4]: process has finished cleanly [pid 1323]
1717409283.4582963 [ERROR] [servo_interface-6]: process has died [pid 1328, exit code 1, cmd '/home/ubuntu/ros2_ws/install/mini_pupper_driver/lib/mini_pupper_driver/servo_interface --ros-args -r __node:=servo_interface'].
