1718700735.0556896 [INFO] [launch]: All log files can be found below /home/ubuntu/.ros/log/2024-06-18-08-52-15-052495-minipupperv2-1417
1718700735.0562856 [INFO] [launch]: Default logging verbosity is set to INFO
1718700740.0133345 [INFO] [robot_state_publisher-1]: process started with pid [1421]
1718700740.0148206 [INFO] [quadruped_controller_node-2]: process started with pid [1423]
1718700740.0202403 [INFO] [state_estimation_node-3]: process started with pid [1425]
1718700740.0211396 [INFO] [ekf_node-4]: process started with pid [1427]
1718700740.0275280 [INFO] [ekf_node-5]: process started with pid [1429]
1718700740.0351598 [INFO] [servo_interface-6]: process started with pid [1432]
1718700740.0382700 [INFO] [ldlidar_stl_ros2_node-7]: process started with pid [1443]
1718700740.0414319 [INFO] [imu_interface-8]: process started with pid [1451]
1718700740.0925982 [robot_state_publisher-1] [INFO] [1718700740.090999007] [robot_state_publisher]: got segment Board_PCB
1718700740.0956302 [robot_state_publisher-1] [INFO] [1718700740.091875919] [robot_state_publisher]: got segment Board_connectors_1
1718700740.0966325 [robot_state_publisher-1] [INFO] [1718700740.092012653] [robot_state_publisher]: got segment Board_connectors_2
1718700740.0973935 [robot_state_publisher-1] [INFO] [1718700740.092058237] [robot_state_publisher]: got segment Body_front
1718700740.0982330 [robot_state_publisher-1] [INFO] [1718700740.092091379] [robot_state_publisher]: got segment Shell_Side
1718700740.0989876 [robot_state_publisher-1] [INFO] [1718700740.092123039] [robot_state_publisher]: got segment base_inertia
1718700740.0996146 [robot_state_publisher-1] [INFO] [1718700740.092247294] [robot_state_publisher]: got segment base_link
1718700740.1003582 [robot_state_publisher-1] [INFO] [1718700740.092293526] [robot_state_publisher]: got segment imu_link
1718700740.1010528 [robot_state_publisher-1] [INFO] [1718700740.092329371] [robot_state_publisher]: got segment lb1
1718700740.1017506 [robot_state_publisher-1] [INFO] [1718700740.092361069] [robot_state_publisher]: got segment lb2
1718700740.1024268 [robot_state_publisher-1] [INFO] [1718700740.092393989] [robot_state_publisher]: got segment lb3
1718700740.1104982 [robot_state_publisher-1] [INFO] [1718700740.092583972] [robot_state_publisher]: got segment lbfoot
1718700740.1111841 [robot_state_publisher-1] [INFO] [1718700740.092625650] [robot_state_publisher]: got segment lf1
1718700740.1117921 [robot_state_publisher-1] [INFO] [1718700740.092662180] [robot_state_publisher]: got segment lf2
1718700740.1123087 [robot_state_publisher-1] [INFO] [1718700740.092697136] [robot_state_publisher]: got segment lf3
1718700740.1150806 [robot_state_publisher-1] [INFO] [1718700740.092727649] [robot_state_publisher]: got segment lffoot
1718700740.1161091 [robot_state_publisher-1] [INFO] [1718700740.092757162] [robot_state_publisher]: got segment lidar_link
1718700740.1171618 [robot_state_publisher-1] [INFO] [1718700740.092789268] [robot_state_publisher]: got segment lpb1
1718700740.1185808 [robot_state_publisher-1] [INFO] [1718700740.092855811] [robot_state_publisher]: got segment lpb2
1718700740.1196468 [robot_state_publisher-1] [INFO] [1718700740.092886749] [robot_state_publisher]: got segment lpf1
1718700740.1205244 [robot_state_publisher-1] [INFO] [1718700740.092918873] [robot_state_publisher]: got segment lpf2
1718700740.1213624 [robot_state_publisher-1] [INFO] [1718700740.092950145] [robot_state_publisher]: got segment rb1
1718700740.1228631 [robot_state_publisher-1] [INFO] [1718700740.092981195] [robot_state_publisher]: got segment rb2
1718700740.1236880 [robot_state_publisher-1] [INFO] [1718700740.093012522] [robot_state_publisher]: got segment rb3
1718700740.1246545 [robot_state_publisher-1] [INFO] [1718700740.093041924] [robot_state_publisher]: got segment rbfoot
1718700740.1255794 [robot_state_publisher-1] [INFO] [1718700740.093071697] [robot_state_publisher]: got segment rf1
1718700740.1269746 [robot_state_publisher-1] [INFO] [1718700740.093102894] [robot_state_publisher]: got segment rf2
1718700740.1283267 [robot_state_publisher-1] [INFO] [1718700740.093132963] [robot_state_publisher]: got segment rf3
1718700740.1292696 [robot_state_publisher-1] [INFO] [1718700740.093163291] [robot_state_publisher]: got segment rffoot
1718700740.1305840 [robot_state_publisher-1] [INFO] [1718700740.093193322] [robot_state_publisher]: got segment rpb1
1718700740.1314085 [robot_state_publisher-1] [INFO] [1718700740.093223816] [robot_state_publisher]: got segment rpb2
1718700740.1322255 [robot_state_publisher-1] [INFO] [1718700740.093662605] [robot_state_publisher]: got segment rpf1
1718700740.1329050 [robot_state_publisher-1] [INFO] [1718700740.093761272] [robot_state_publisher]: got segment rpf2
