[0.062s] Invoking command in '/home/ubuntu/ros2_ws/build/champ_bringup': AMENT_PREFIX_PATH=/home/ubuntu/ros2_ws/install/champ_base:/home/ubuntu/ros2_ws/install/champ_msgs:/home/ubuntu/ros2_ws/install/champ_description:/home/ubuntu/ros2_ws/install/champ:${AMENT_PREFIX_PATH} CMAKE_PREFIX_PATH=/home/ubuntu/ros2_ws/install/champ_base:/home/ubuntu/ros2_ws/install/champ_msgs:/home/ubuntu/ros2_ws/install/champ_description:/home/ubuntu/ros2_ws/install/champ:/opt/ros/humble LD_LIBRARY_PATH=/home/ubuntu/ros2_ws/install/champ_base/lib:/home/ubuntu/ros2_ws/install/champ_msgs/lib:${LD_LIBRARY_PATH} PATH=/home/ubuntu/ros2_ws/install/champ_base/bin:${PATH} PYTHONPATH=/home/ubuntu/ros2_ws/install/champ_msgs/local/lib/python3.10/dist-packages:${PYTHONPATH} /usr/bin/cmake --build /home/ubuntu/ros2_ws/build/champ_bringup
[0.315s] Built target ament_cmake_python_symlink_champ_bringup
[1.524s] running egg_info
[1.527s] writing champ_bringup.egg-info/PKG-INFO
[1.528s] writing dependency_links to champ_bringup.egg-info/dependency_links.txt
[1.530s] writing top-level names to champ_bringup.egg-info/top_level.txt
[1.540s] reading manifest file 'champ_bringup.egg-info/SOURCES.txt'
[1.543s] writing manifest file 'champ_bringup.egg-info/SOURCES.txt'
[1.672s] Built target ament_cmake_python_build_champ_bringup_egg
[1.714s] Invoked command in '/home/ubuntu/ros2_ws/build/champ_bringup' returned '0': AMENT_PREFIX_PATH=/home/ubuntu/ros2_ws/install/champ_base:/home/ubuntu/ros2_ws/install/champ_msgs:/home/ubuntu/ros2_ws/install/champ_description:/home/ubuntu/ros2_ws/install/champ:${AMENT_PREFIX_PATH} CMAKE_PREFIX_PATH=/home/ubuntu/ros2_ws/install/champ_base:/home/ubuntu/ros2_ws/install/champ_msgs:/home/ubuntu/ros2_ws/install/champ_description:/home/ubuntu/ros2_ws/install/champ:/opt/ros/humble LD_LIBRARY_PATH=/home/ubuntu/ros2_ws/install/champ_base/lib:/home/ubuntu/ros2_ws/install/champ_msgs/lib:${LD_LIBRARY_PATH} PATH=/home/ubuntu/ros2_ws/install/champ_base/bin:${PATH} PYTHONPATH=/home/ubuntu/ros2_ws/install/champ_msgs/local/lib/python3.10/dist-packages:${PYTHONPATH} /usr/bin/cmake --build /home/ubuntu/ros2_ws/build/champ_bringup
[1.828s] Invoking command in '/home/ubuntu/ros2_ws/build/champ_bringup': AMENT_PREFIX_PATH=/home/ubuntu/ros2_ws/install/champ_base:/home/ubuntu/ros2_ws/install/champ_msgs:/home/ubuntu/ros2_ws/install/champ_description:/home/ubuntu/ros2_ws/install/champ:${AMENT_PREFIX_PATH} CMAKE_PREFIX_PATH=/home/ubuntu/ros2_ws/install/champ_base:/home/ubuntu/ros2_ws/install/champ_msgs:/home/ubuntu/ros2_ws/install/champ_description:/home/ubuntu/ros2_ws/install/champ:/opt/ros/humble LD_LIBRARY_PATH=/home/ubuntu/ros2_ws/install/champ_base/lib:/home/ubuntu/ros2_ws/install/champ_msgs/lib:${LD_LIBRARY_PATH} PATH=/home/ubuntu/ros2_ws/install/champ_base/bin:${PATH} PYTHONPATH=/home/ubuntu/ros2_ws/install/champ_msgs/local/lib/python3.10/dist-packages:${PYTHONPATH} /usr/bin/cmake --install /home/ubuntu/ros2_ws/build/champ_bringup
[1.857s] -- Install configuration: ""
[1.860s] -- Execute custom install script
[1.865s] -- Up-to-date symlink: /home/ubuntu/ros2_ws/install/champ_bringup/share/champ_bringup/launch/bringup.launch
[1.866s] -- Up-to-date symlink: /home/ubuntu/ros2_ws/install/champ_bringup/share/champ_bringup/launch/bringup.launch.py
[1.869s] -- Up-to-date symlink: /home/ubuntu/ros2_ws/install/champ_bringup/share/champ_bringup/launch/include/laser/d435.launch
[1.870s] -- Up-to-date symlink: /home/ubuntu/ros2_ws/install/champ_bringup/share/champ_bringup/launch/include/laser/hokuyo.launch
[1.872s] -- Up-to-date symlink: /home/ubuntu/ros2_ws/install/champ_bringup/share/champ_bringup/launch/include/laser/kinect.launch
[1.873s] -- Up-to-date symlink: /home/ubuntu/ros2_ws/install/champ_bringup/share/champ_bringup/launch/include/laser/lms1xx.launch
[1.875s] -- Up-to-date symlink: /home/ubuntu/ros2_ws/install/champ_bringup/share/champ_bringup/launch/include/laser/realsense.launch
[1.876s] -- Up-to-date symlink: /home/ubuntu/ros2_ws/install/champ_bringup/share/champ_bringup/launch/include/laser/rplidar.launch
[1.878s] -- Up-to-date symlink: /home/ubuntu/ros2_ws/install/champ_bringup/share/champ_bringup/launch/include/laser/sim.launch
[1.880s] -- Up-to-date symlink: /home/ubuntu/ros2_ws/install/champ_bringup/share/champ_bringup/launch/include/laser/sweep.launch
[1.881s] -- Up-to-date symlink: /home/ubuntu/ros2_ws/install/champ_bringup/share/champ_bringup/launch/include/laser/xv11.launch
[1.883s] -- Up-to-date symlink: /home/ubuntu/ros2_ws/install/champ_bringup/share/champ_bringup/launch/include/laser/ydlidar.launch
[1.884s] -- Up-to-date symlink: /home/ubuntu/ros2_ws/install/champ_bringup/share/champ_bringup/launch/include/velocity_smoother.launch
[1.886s] -- Up-to-date symlink: /home/ubuntu/ros2_ws/install/champ_bringup/share/champ_bringup/launch/joints_gui.launch
[1.887s] -- Up-to-date symlink: /home/ubuntu/ros2_ws/install/champ_bringup/share/champ_bringup/launch/joints_gui.launch.py
[1.889s] -- Up-to-date symlink: /home/ubuntu/ros2_ws/install/champ_bringup/share/champ_bringup/environment/pythonpath.sh
[1.890s] -- Up-to-date symlink: /home/ubuntu/ros2_ws/install/champ_bringup/share/champ_bringup/environment/pythonpath.dsv
[1.892s] -- Up-to-date symlink: /home/ubuntu/ros2_ws/install/champ_bringup/local/lib/python3.10/dist-packages/champ_bringup-0.1.0-py3.10.egg-info/PKG-INFO
[1.894s] -- Up-to-date symlink: /home/ubuntu/ros2_ws/install/champ_bringup/local/lib/python3.10/dist-packages/champ_bringup-0.1.0-py3.10.egg-info/SOURCES.txt
[1.896s] -- Up-to-date symlink: /home/ubuntu/ros2_ws/install/champ_bringup/local/lib/python3.10/dist-packages/champ_bringup-0.1.0-py3.10.egg-info/dependency_links.txt
[1.897s] -- Up-to-date symlink: /home/ubuntu/ros2_ws/install/champ_bringup/local/lib/python3.10/dist-packages/champ_bringup-0.1.0-py3.10.egg-info/top_level.txt
[1.901s] -- Up-to-date symlink: /home/ubuntu/ros2_ws/install/champ_bringup/local/lib/python3.10/dist-packages/champ_bringup/__init__.py
[1.902s] -- Up-to-date symlink: /home/ubuntu/ros2_ws/install/champ_bringup/local/lib/python3.10/dist-packages/champ_bringup/joint_calibrator_relay.py
[1.905s] -- Up-to-date symlink: /home/ubuntu/ros2_ws/install/champ_bringup/lib/champ_bringup/joint_calibrator_relay.py
[1.907s] -- Up-to-date symlink: /home/ubuntu/ros2_ws/install/champ_bringup/share/ament_index/resource_index/package_run_dependencies/champ_bringup
[1.909s] -- Up-to-date symlink: /home/ubuntu/ros2_ws/install/champ_bringup/share/ament_index/resource_index/parent_prefix_path/champ_bringup
[1.911s] -- Up-to-date symlink: /home/ubuntu/ros2_ws/install/champ_bringup/share/champ_bringup/environment/ament_prefix_path.sh
[1.912s] -- Up-to-date symlink: /home/ubuntu/ros2_ws/install/champ_bringup/share/champ_bringup/environment/ament_prefix_path.dsv
[1.914s] -- Up-to-date symlink: /home/ubuntu/ros2_ws/install/champ_bringup/share/champ_bringup/environment/path.sh
[1.915s] -- Up-to-date symlink: /home/ubuntu/ros2_ws/install/champ_bringup/share/champ_bringup/environment/path.dsv
[1.916s] -- Up-to-date symlink: /home/ubuntu/ros2_ws/install/champ_bringup/share/champ_bringup/local_setup.bash
[1.918s] -- Up-to-date symlink: /home/ubuntu/ros2_ws/install/champ_bringup/share/champ_bringup/local_setup.sh
[1.919s] -- Up-to-date symlink: /home/ubuntu/ros2_ws/install/champ_bringup/share/champ_bringup/local_setup.zsh
[1.920s] -- Up-to-date symlink: /home/ubuntu/ros2_ws/install/champ_bringup/share/champ_bringup/local_setup.dsv
[1.921s] -- Symlinking: /home/ubuntu/ros2_ws/install/champ_bringup/share/champ_bringup/package.dsv
[1.956s] -- Up-to-date symlink: /home/ubuntu/ros2_ws/install/champ_bringup/share/ament_index/resource_index/packages/champ_bringup
[1.959s] -- Up-to-date symlink: /home/ubuntu/ros2_ws/install/champ_bringup/share/champ_bringup/cmake/champ_bringupConfig.cmake
[1.960s] -- Up-to-date symlink: /home/ubuntu/ros2_ws/install/champ_bringup/share/champ_bringup/cmake/champ_bringupConfig-version.cmake
[1.962s] -- Up-to-date symlink: /home/ubuntu/ros2_ws/install/champ_bringup/share/champ_bringup/package.xml
[2.112s] Listing '/home/ubuntu/ros2_ws/install/champ_bringup/local/lib/python3.10/dist-packages/champ_bringup'...
[2.143s] Invoked command in '/home/ubuntu/ros2_ws/build/champ_bringup' returned '0': AMENT_PREFIX_PATH=/home/ubuntu/ros2_ws/install/champ_base:/home/ubuntu/ros2_ws/install/champ_msgs:/home/ubuntu/ros2_ws/install/champ_description:/home/ubuntu/ros2_ws/install/champ:${AMENT_PREFIX_PATH} CMAKE_PREFIX_PATH=/home/ubuntu/ros2_ws/install/champ_base:/home/ubuntu/ros2_ws/install/champ_msgs:/home/ubuntu/ros2_ws/install/champ_description:/home/ubuntu/ros2_ws/install/champ:/opt/ros/humble LD_LIBRARY_PATH=/home/ubuntu/ros2_ws/install/champ_base/lib:/home/ubuntu/ros2_ws/install/champ_msgs/lib:${LD_LIBRARY_PATH} PATH=/home/ubuntu/ros2_ws/install/champ_base/bin:${PATH} PYTHONPATH=/home/ubuntu/ros2_ws/install/champ_msgs/local/lib/python3.10/dist-packages:${PYTHONPATH} /usr/bin/cmake --install /home/ubuntu/ros2_ws/build/champ_bringup
