[3.523s] Invoking command in '/home/ubuntu/ros2_ws/build/mini_pupper_driver': PYTHONPATH=/home/ubuntu/ros2_ws/build/mini_pupper_driver/prefix_override:/home/ubuntu/ros2_ws/install/mini_pupper_driver/lib/python3.10/site-packages:${PYTHONPATH} /usr/bin/python3 -W ignore:setup.py install is deprecated setup.py develop --editable --build-directory /home/ubuntu/ros2_ws/build/mini_pupper_driver/build --no-deps symlink_data
[4.965s] running develop
[5.693s] running egg_info
[5.694s] writing mini_pupper_driver.egg-info/PKG-INFO
[5.695s] writing dependency_links to mini_pupper_driver.egg-info/dependency_links.txt
[5.696s] writing entry points to mini_pupper_driver.egg-info/entry_points.txt
[5.697s] writing requirements to mini_pupper_driver.egg-info/requires.txt
[5.698s] writing top-level names to mini_pupper_driver.egg-info/top_level.txt
[5.706s] reading manifest file 'mini_pupper_driver.egg-info/SOURCES.txt'
[5.710s] writing manifest file 'mini_pupper_driver.egg-info/SOURCES.txt'
[5.716s] running build_ext
[5.717s] Creating /home/ubuntu/ros2_ws/install/mini_pupper_driver/lib/python3.10/site-packages/mini-pupper-driver.egg-link (link to .)
[5.721s] Installing display_interface script to /home/ubuntu/ros2_ws/install/mini_pupper_driver/lib/mini_pupper_driver
[5.722s] Installing imu_interface script to /home/ubuntu/ros2_ws/install/mini_pupper_driver/lib/mini_pupper_driver
[5.723s] Installing servo_interface script to /home/ubuntu/ros2_ws/install/mini_pupper_driver/lib/mini_pupper_driver
[5.724s] 
[5.725s] Installed /home/ubuntu/ros2_ws/build/mini_pupper_driver
[5.725s] running symlink_data
[5.727s] symbolically linking /home/ubuntu/ros2_ws/build/mini_pupper_driver/launch/lidar_ld06.launch.py -> /home/ubuntu/ros2_ws/install/mini_pupper_driver/share/mini_pupper_driver/launch
[5.878s] Invoked command in '/home/ubuntu/ros2_ws/build/mini_pupper_driver' returned '0': PYTHONPATH=/home/ubuntu/ros2_ws/build/mini_pupper_driver/prefix_override:/home/ubuntu/ros2_ws/install/mini_pupper_driver/lib/python3.10/site-packages:${PYTHONPATH} /usr/bin/python3 -W ignore:setup.py install is deprecated setup.py develop --editable --build-directory /home/ubuntu/ros2_ws/build/mini_pupper_driver/build --no-deps symlink_data
