[0.025s] Invoking command in '/home/ubuntu/ros2_ws/build/champ_config': CMAKE_PREFIX_PATH=/opt/ros/humble /usr/bin/cmake /home/ubuntu/ros2_ws/src/champ/champ/champ_config -DAMENT_CMAKE_SYMLINK_INSTALL=1 -DCMAKE_INSTALL_PREFIX=/home/ubuntu/ros2_ws/install/champ_config
[0.251s] -- The C compiler identification is GNU 11.4.0
[0.482s] -- The CXX compiler identification is GNU 11.4.0
[0.507s] -- Detecting C compiler ABI info
[0.783s] -- Detecting C compiler ABI info - done
[0.806s] -- Check for working C compiler: /usr/bin/cc - skipped
[0.807s] -- Detecting C compile features
[0.809s] -- Detecting C compile features - done
[0.819s] -- Detecting CXX compiler ABI info
[1.127s] -- Detecting CXX compiler ABI info - done
[1.152s] -- Check for working CXX compiler: /usr/bin/c++ - skipped
[1.153s] -- Detecting CXX compile features
[1.154s] -- Detecting CXX compile features - done
[1.171s] -- Found ament_cmake: 1.3.9 (/opt/ros/humble/share/ament_cmake/cmake)
[1.835s] -- Found Python3: /usr/bin/python3 (found version "3.10.12") found components: Interpreter 
[2.096s] -- Override CMake install command with custom implementation using symlinks instead of copying resources
[2.552s] -- Configuring done
[2.569s] -- Generating done
[2.573s] -- Build files have been written to: /home/ubuntu/ros2_ws/build/champ_config
[2.587s] Invoked command in '/home/ubuntu/ros2_ws/build/champ_config' returned '0': CMAKE_PREFIX_PATH=/opt/ros/humble /usr/bin/cmake /home/ubuntu/ros2_ws/src/champ/champ/champ_config -DAMENT_CMAKE_SYMLINK_INSTALL=1 -DCMAKE_INSTALL_PREFIX=/home/ubuntu/ros2_ws/install/champ_config
[2.594s] Invoking command in '/home/ubuntu/ros2_ws/build/champ_config': CMAKE_PREFIX_PATH=/opt/ros/humble /usr/bin/cmake --build /home/ubuntu/ros2_ws/build/champ_config
[2.720s] Invoked command in '/home/ubuntu/ros2_ws/build/champ_config' returned '0': CMAKE_PREFIX_PATH=/opt/ros/humble /usr/bin/cmake --build /home/ubuntu/ros2_ws/build/champ_config
[2.810s] Invoking command in '/home/ubuntu/ros2_ws/build/champ_config': CMAKE_PREFIX_PATH=/opt/ros/humble /usr/bin/cmake --install /home/ubuntu/ros2_ws/build/champ_config
[2.833s] -- Install configuration: ""
[2.835s] -- Execute custom install script
[2.837s] -- Symlinking: /home/ubuntu/ros2_ws/install/champ_config/share/champ_config/launch/bringup.launch.py
[2.865s] -- Symlinking: /home/ubuntu/ros2_ws/install/champ_config/share/champ_config/launch/gazebo.launch.py
[2.893s] -- Symlinking: /home/ubuntu/ros2_ws/install/champ_config/share/champ_config/launch/navigate.launch.py
[2.921s] -- Symlinking: /home/ubuntu/ros2_ws/install/champ_config/share/champ_config/launch/slam.launch.py
[2.951s] -- Symlinking: /home/ubuntu/ros2_ws/install/champ_config/share/champ_config/config/autonomy/navigation.yaml
[2.979s] -- Symlinking: /home/ubuntu/ros2_ws/install/champ_config/share/champ_config/config/autonomy/slam.yaml
[3.008s] -- Symlinking: /home/ubuntu/ros2_ws/install/champ_config/share/champ_config/config/gait/gait.yaml
[3.037s] -- Symlinking: /home/ubuntu/ros2_ws/install/champ_config/share/champ_config/config/joints/joints.yaml
[3.065s] -- Symlinking: /home/ubuntu/ros2_ws/install/champ_config/share/champ_config/config/links/links.yaml
[3.094s] -- Symlinking: /home/ubuntu/ros2_ws/install/champ_config/share/champ_config/maps/map.pgm
[3.123s] -- Symlinking: /home/ubuntu/ros2_ws/install/champ_config/share/champ_config/maps/map.yaml
[3.151s] -- Symlinking: /home/ubuntu/ros2_ws/install/champ_config/share/champ_config/maps/playground.pgm
[3.179s] -- Symlinking: /home/ubuntu/ros2_ws/install/champ_config/share/champ_config/maps/playground.yaml
[3.209s] -- Symlinking: /home/ubuntu/ros2_ws/install/champ_config/share/champ_config/worlds/default.world
[3.237s] -- Symlinking: /home/ubuntu/ros2_ws/install/champ_config/share/champ_config/worlds/outdoor.world
[3.264s] -- Symlinking: /home/ubuntu/ros2_ws/install/champ_config/share/champ_config/worlds/playground.world
[3.293s] -- Symlinking: /home/ubuntu/ros2_ws/install/champ_config/share/ament_index/resource_index/package_run_dependencies/champ_config
[3.322s] -- Symlinking: /home/ubuntu/ros2_ws/install/champ_config/share/ament_index/resource_index/parent_prefix_path/champ_config
[3.352s] -- Symlinking: /home/ubuntu/ros2_ws/install/champ_config/share/champ_config/environment/ament_prefix_path.sh
[3.380s] -- Symlinking: /home/ubuntu/ros2_ws/install/champ_config/share/champ_config/environment/ament_prefix_path.dsv
[3.408s] -- Symlinking: /home/ubuntu/ros2_ws/install/champ_config/share/champ_config/environment/path.sh
[3.437s] -- Symlinking: /home/ubuntu/ros2_ws/install/champ_config/share/champ_config/environment/path.dsv
[3.465s] -- Symlinking: /home/ubuntu/ros2_ws/install/champ_config/share/champ_config/local_setup.bash
[3.494s] -- Symlinking: /home/ubuntu/ros2_ws/install/champ_config/share/champ_config/local_setup.sh
[3.522s] -- Symlinking: /home/ubuntu/ros2_ws/install/champ_config/share/champ_config/local_setup.zsh
[3.551s] -- Symlinking: /home/ubuntu/ros2_ws/install/champ_config/share/champ_config/local_setup.dsv
[3.580s] -- Symlinking: /home/ubuntu/ros2_ws/install/champ_config/share/champ_config/package.dsv
[3.608s] -- Symlinking: /home/ubuntu/ros2_ws/install/champ_config/share/ament_index/resource_index/packages/champ_config
[3.637s] -- Symlinking: /home/ubuntu/ros2_ws/install/champ_config/share/champ_config/cmake/champ_configConfig.cmake
[3.665s] -- Symlinking: /home/ubuntu/ros2_ws/install/champ_config/share/champ_config/cmake/champ_configConfig-version.cmake
[3.693s] -- Symlinking: /home/ubuntu/ros2_ws/install/champ_config/share/champ_config/package.xml
[3.728s] Invoked command in '/home/ubuntu/ros2_ws/build/champ_config' returned '0': CMAKE_PREFIX_PATH=/opt/ros/humble /usr/bin/cmake --install /home/ubuntu/ros2_ws/build/champ_config
