1717408899.9560435 [INFO] [launch]: All log files can be found below /home/ubuntu/.ros/log/2024-06-03-10-01-39-952786-minipupperv2-3031
1717408899.9566445 [INFO] [launch]: Default logging verbosity is set to INFO
1717408904.0524149 [INFO] [robot_state_publisher-1]: process started with pid [3035]
1717408904.0539219 [INFO] [quadruped_controller_node-2]: process started with pid [3037]
1717408904.0554512 [INFO] [state_estimation_node-3]: process started with pid [3039]
1717408904.0568016 [INFO] [ekf_node-4]: process started with pid [3041]
1717408904.0586283 [INFO] [ekf_node-5]: process started with pid [3043]
1717408904.0620794 [INFO] [servo_interface-6]: process started with pid [3050]
1717408904.0635545 [INFO] [ldlidar_stl_ros2_node-7]: process started with pid [3063]
1717408904.3415906 [robot_state_publisher-1] [INFO] [1717408904.335200356] [robot_state_publisher]: got segment base_inertia
1717408904.3685238 [robot_state_publisher-1] [INFO] [1717408904.367479600] [robot_state_publisher]: got segment base_link
1717408904.3745866 [robot_state_publisher-1] [INFO] [1717408904.373196434] [robot_state_publisher]: got segment imu_link
1717408904.3814812 [robot_state_publisher-1] [INFO] [1717408904.379548509] [robot_state_publisher]: got segment lb1
1717408904.3945642 [robot_state_publisher-1] [INFO] [1717408904.382285519] [robot_state_publisher]: got segment lb2
1717408904.3986676 [robot_state_publisher-1] [INFO] [1717408904.382816110] [robot_state_publisher]: got segment lb3
1717408904.4028490 [robot_state_publisher-1] [INFO] [1717408904.382943418] [robot_state_publisher]: got segment lbfoot
1717408904.4071898 [robot_state_publisher-1] [INFO] [1717408904.383068114] [robot_state_publisher]: got segment lf1
1717408904.4144540 [robot_state_publisher-1] [INFO] [1717408904.383108555] [robot_state_publisher]: got segment lf2
1717408904.4163065 [robot_state_publisher-1] [INFO] [1717408904.386505965] [robot_state_publisher]: got segment lf3
1717408904.4219048 [robot_state_publisher-1] [INFO] [1717408904.386600353] [robot_state_publisher]: got segment lffoot
1717408904.4271395 [robot_state_publisher-1] [INFO] [1717408904.386643295] [robot_state_publisher]: got segment lidar_link
1717408904.4309177 [robot_state_publisher-1] [INFO] [1717408904.386677401] [robot_state_publisher]: got segment lpb1
1717408904.4393842 [robot_state_publisher-1] [INFO] [1717408904.386708894] [robot_state_publisher]: got segment lpb2
1717408904.4434352 [robot_state_publisher-1] [INFO] [1717408904.386739814] [robot_state_publisher]: got segment lpf1
1717408904.4475541 [robot_state_publisher-1] [INFO] [1717408904.386769510] [robot_state_publisher]: got segment lpf2
1717408904.4535816 [robot_state_publisher-1] [INFO] [1717408904.386799021] [robot_state_publisher]: got segment rb1
1717408904.4627719 [robot_state_publisher-1] [INFO] [1717408904.386829607] [robot_state_publisher]: got segment rb2
1717408904.4678144 [robot_state_publisher-1] [INFO] [1717408904.386860323] [robot_state_publisher]: got segment rb3
1717408904.4723008 [robot_state_publisher-1] [INFO] [1717408904.386892224] [robot_state_publisher]: got segment rbfoot
1717408904.4761283 [robot_state_publisher-1] [INFO] [1717408904.386927626] [robot_state_publisher]: got segment rf1
1717408904.4834695 [robot_state_publisher-1] [INFO] [1717408904.386960157] [robot_state_publisher]: got segment rf2
1717408904.4876494 [robot_state_publisher-1] [INFO] [1717408904.386991428] [robot_state_publisher]: got segment rf3
1717408904.4935107 [robot_state_publisher-1] [INFO] [1717408904.387022737] [robot_state_publisher]: got segment rffoot
1717408904.4994040 [robot_state_publisher-1] [INFO] [1717408904.387054045] [robot_state_publisher]: got segment rpb1
1717408904.5015991 [robot_state_publisher-1] [INFO] [1717408904.387084223] [robot_state_publisher]: got segment rpb2
1717408904.5056369 [robot_state_publisher-1] [INFO] [1717408904.387114364] [robot_state_publisher]: got segment rpf1
1717408904.5098145 [robot_state_publisher-1] [INFO] [1717408904.387143060] [robot_state_publisher]: got segment rpf2
1717408904.5116885 [robot_state_publisher-1] [INFO] [1717408904.387172127] [robot_state_publisher]: got segment yellow_plate
1717408957.6899641 [WARNING] [launch]: user interrupted with ctrl-c (SIGINT)
1717408957.7960324 [robot_state_publisher-1] [INFO] [1717408957.688154712] [rclcpp]: signal_handler(signum=2)
1717408957.9969540 [INFO] [quadruped_controller_node-2]: process has finished cleanly [pid 3037]
1717408957.9988401 [INFO] [state_estimation_node-3]: process has finished cleanly [pid 3039]
1717408958.0589931 [INFO] [robot_state_publisher-1]: process has finished cleanly [pid 3035]
1717408958.1083632 [ERROR] [servo_interface-6]: process has died [pid 3050, exit code -2, cmd '/home/ubuntu/ros2_ws/install/mini_pupper_driver/lib/mini_pupper_driver/servo_interface --ros-args -r __node:=servo_interface'].
1717408958.1173503 [INFO] [ldlidar_stl_ros2_node-7]: process has finished cleanly [pid 3063]
1717408958.1979201 [INFO] [ekf_node-5]: process has finished cleanly [pid 3043]
1717408958.2238767 [INFO] [ekf_node-4]: process has finished cleanly [pid 3041]
