1717409477.3171234 [INFO] [launch]: All log files can be found below /home/ubuntu/.ros/log/2024-06-03-10-11-17-313929-minipupperv2-1506
1717409477.3177772 [INFO] [launch]: Default logging verbosity is set to INFO
1717409481.3641822 [INFO] [robot_state_publisher-1]: process started with pid [1510]
1717409481.3652225 [INFO] [quadruped_controller_node-2]: process started with pid [1512]
1717409481.3661947 [INFO] [state_estimation_node-3]: process started with pid [1514]
1717409481.3676176 [INFO] [ekf_node-4]: process started with pid [1516]
1717409481.3685637 [INFO] [ekf_node-5]: process started with pid [1518]
1717409481.3695214 [INFO] [servo_interface-6]: process started with pid [1520]
1717409481.3706253 [INFO] [ldlidar_stl_ros2_node-7]: process started with pid [1534]
1717409481.8779924 [robot_state_publisher-1] [INFO] [1717409481.876891877] [robot_state_publisher]: got segment base_inertia
1717409481.8830755 [robot_state_publisher-1] [INFO] [1717409481.881990302] [robot_state_publisher]: got segment base_link
1717409481.8870916 [robot_state_publisher-1] [INFO] [1717409481.885159474] [robot_state_publisher]: got segment imu_link
1717409481.8903739 [robot_state_publisher-1] [INFO] [1717409481.889049178] [robot_state_publisher]: got segment lb1
1717409481.8961837 [robot_state_publisher-1] [INFO] [1717409481.893434587] [robot_state_publisher]: got segment lb2
1717409481.8980086 [robot_state_publisher-1] [INFO] [1717409481.893502889] [robot_state_publisher]: got segment lb3
1717409481.8987076 [robot_state_publisher-1] [INFO] [1717409481.893538420] [robot_state_publisher]: got segment lbfoot
1717409481.9014277 [robot_state_publisher-1] [INFO] [1717409481.893569988] [robot_state_publisher]: got segment lf1
1717409481.9082561 [robot_state_publisher-1] [INFO] [1717409481.893600575] [robot_state_publisher]: got segment lf2
1717409481.9128218 [robot_state_publisher-1] [INFO] [1717409481.893631217] [robot_state_publisher]: got segment lf3
1717409481.9138272 [robot_state_publisher-1] [INFO] [1717409481.893660675] [robot_state_publisher]: got segment lffoot
1717409481.9143572 [robot_state_publisher-1] [INFO] [1717409481.893691169] [robot_state_publisher]: got segment lidar_link
1717409481.9166086 [robot_state_publisher-1] [INFO] [1717409481.893720941] [robot_state_publisher]: got segment lpb1
1717409481.9178133 [robot_state_publisher-1] [INFO] [1717409481.893750510] [robot_state_publisher]: got segment lpb2
1717409481.9183576 [robot_state_publisher-1] [INFO] [1717409481.893779264] [robot_state_publisher]: got segment lpf1
1717409481.9221110 [robot_state_publisher-1] [INFO] [1717409481.893810480] [robot_state_publisher]: got segment lpf2
1717409481.9288142 [robot_state_publisher-1] [INFO] [1717409481.893840549] [robot_state_publisher]: got segment rb1
1717409481.9294183 [robot_state_publisher-1] [INFO] [1717409481.893871358] [robot_state_publisher]: got segment rb2
1717409481.9304335 [robot_state_publisher-1] [INFO] [1717409481.893900167] [robot_state_publisher]: got segment rb3
1717409481.9310760 [robot_state_publisher-1] [INFO] [1717409481.893929699] [robot_state_publisher]: got segment rbfoot
1717409481.9373143 [robot_state_publisher-1] [INFO] [1717409481.893960749] [robot_state_publisher]: got segment rf1
1717409481.9378991 [robot_state_publisher-1] [INFO] [1717409481.893989929] [robot_state_publisher]: got segment rf2
1717409481.9425752 [robot_state_publisher-1] [INFO] [1717409481.894020053] [robot_state_publisher]: got segment rf3
1717409481.9446964 [robot_state_publisher-1] [INFO] [1717409481.894049399] [robot_state_publisher]: got segment rffoot
1717409481.9453235 [robot_state_publisher-1] [INFO] [1717409481.894079375] [robot_state_publisher]: got segment rpb1
1717409481.9511640 [robot_state_publisher-1] [INFO] [1717409481.894109036] [robot_state_publisher]: got segment rpb2
1717409481.9528270 [robot_state_publisher-1] [INFO] [1717409481.894137864] [robot_state_publisher]: got segment rpf1
1717409481.9534190 [robot_state_publisher-1] [INFO] [1717409481.894167118] [robot_state_publisher]: got segment rpf2
1717409481.9565902 [robot_state_publisher-1] [INFO] [1717409481.894195446] [robot_state_publisher]: got segment yellow_plate
1717409493.1363423 [WARNING] [launch]: user interrupted with ctrl-c (SIGINT)
1717409493.3376310 [robot_state_publisher-1] [INFO] [1717409493.123220296] [rclcpp]: signal_handler(signum=2)
1717409493.3846867 [INFO] [state_estimation_node-3]: process has finished cleanly [pid 1514]
1717409493.3861370 [INFO] [robot_state_publisher-1]: process has finished cleanly [pid 1510]
1717409493.4072835 [INFO] [ekf_node-4]: process has finished cleanly [pid 1516]
1717409493.4582555 [INFO] [ldlidar_stl_ros2_node-7]: process has finished cleanly [pid 1534]
1717409493.4729660 [INFO] [quadruped_controller_node-2]: process has finished cleanly [pid 1512]
1717409493.5156910 [ERROR] [servo_interface-6]: process has died [pid 1520, exit code -2, cmd '/home/ubuntu/ros2_ws/install/mini_pupper_driver/lib/mini_pupper_driver/servo_interface --ros-args -r __node:=servo_interface'].
1717409493.5186620 [INFO] [ekf_node-5]: process has finished cleanly [pid 1518]
