1733542173.7714016 [INFO] [launch]: All log files can be found below /home/ubuntu/.ros/log/2024-12-07-03-29-33-767419-minipupperv2-15502
1733542173.7722855 [INFO] [launch]: Default logging verbosity is set to INFO
1733542179.5134082 [INFO] [robot_state_publisher-1]: process started with pid [15582]
1733542179.5149436 [INFO] [quadruped_controller_node-2]: process started with pid [15584]
1733542179.5176849 [INFO] [state_estimation_node-3]: process started with pid [15586]
1733542179.5296891 [INFO] [ekf_node-4]: process started with pid [15588]
1733542179.5361583 [INFO] [ekf_node-5]: process started with pid [15590]
1733542179.5524204 [INFO] [servo_interface-6]: process started with pid [15600]
1733542179.5558953 [INFO] [ldlidar_stl_ros2_node-7]: process started with pid [15605]
1733542179.5581603 [INFO] [imu_interface-8]: process started with pid [15620]
1733542180.7719519 [robot_state_publisher-1] [INFO] [1733542180.769841110] [robot_state_publisher]: got segment Board_PCB
1733542180.7774591 [robot_state_publisher-1] [INFO] [1733542180.773825232] [robot_state_publisher]: got segment Board_connectors_1
1733542180.7787981 [robot_state_publisher-1] [INFO] [1733542180.774602798] [robot_state_publisher]: got segment Board_connectors_2
1733542180.7803571 [robot_state_publisher-1] [INFO] [1733542180.774703852] [robot_state_publisher]: got segment Body_front
1733542180.7817051 [robot_state_publisher-1] [INFO] [1733542180.774741704] [robot_state_publisher]: got segment Shell_Side
1733542180.7832263 [robot_state_publisher-1] [INFO] [1733542180.774772685] [robot_state_publisher]: got segment base_inertia
1733542180.7851851 [robot_state_publisher-1] [INFO] [1733542180.774802759] [robot_state_publisher]: got segment base_link
1733542180.7881346 [robot_state_publisher-1] [INFO] [1733542180.774833221] [robot_state_publisher]: got segment imu_link
1733542180.7910156 [robot_state_publisher-1] [INFO] [1733542180.774863832] [robot_state_publisher]: got segment lb1
1733542180.7937133 [robot_state_publisher-1] [INFO] [1733542180.774893128] [robot_state_publisher]: got segment lb2
1733542180.7973552 [robot_state_publisher-1] [INFO] [1733542180.774922405] [robot_state_publisher]: got segment lb3
1733542180.8000138 [robot_state_publisher-1] [INFO] [1733542180.774951461] [robot_state_publisher]: got segment lbfoot
1733542180.8036292 [robot_state_publisher-1] [INFO] [1733542180.774981627] [robot_state_publisher]: got segment lf1
1733542180.8144786 [robot_state_publisher-1] [INFO] [1733542180.775010756] [robot_state_publisher]: got segment lf2
1733542180.8171694 [robot_state_publisher-1] [INFO] [1733542180.775043071] [robot_state_publisher]: got segment lf3
1733542180.8259971 [robot_state_publisher-1] [INFO] [1733542180.775071867] [robot_state_publisher]: got segment lffoot
1733542180.8288040 [robot_state_publisher-1] [INFO] [1733542180.777020067] [robot_state_publisher]: got segment lidar_link
1733542180.8316495 [robot_state_publisher-1] [INFO] [1733542180.777074641] [robot_state_publisher]: got segment lpb1
1733542180.8348622 [robot_state_publisher-1] [INFO] [1733542180.777106844] [robot_state_publisher]: got segment lpb2
1733542180.8383138 [robot_state_publisher-1] [INFO] [1733542180.777136973] [robot_state_publisher]: got segment lpf1
1733542180.8470087 [robot_state_publisher-1] [INFO] [1733542180.777167177] [robot_state_publisher]: got segment lpf2
1733542180.8525078 [robot_state_publisher-1] [INFO] [1733542180.777195714] [robot_state_publisher]: got segment rb1
1733542180.8574116 [robot_state_publisher-1] [INFO] [1733542180.777224621] [robot_state_publisher]: got segment rb2
1733542180.8607080 [robot_state_publisher-1] [INFO] [1733542180.777255009] [robot_state_publisher]: got segment rb3
1733542180.8667343 [robot_state_publisher-1] [INFO] [1733542180.777283638] [robot_state_publisher]: got segment rbfoot
1733542180.8722978 [robot_state_publisher-1] [INFO] [1733542180.777314971] [robot_state_publisher]: got segment rf1
1733542180.8760059 [robot_state_publisher-1] [INFO] [1733542180.777346860] [robot_state_publisher]: got segment rf2
1733542180.8801939 [robot_state_publisher-1] [INFO] [1733542180.777376026] [robot_state_publisher]: got segment rf3
1733542180.8854241 [robot_state_publisher-1] [INFO] [1733542180.777405378] [robot_state_publisher]: got segment rffoot
1733542180.8904648 [robot_state_publisher-1] [INFO] [1733542180.777434859] [robot_state_publisher]: got segment rpb1
1733542180.8910902 [robot_state_publisher-1] [INFO] [1733542180.777464322] [robot_state_publisher]: got segment rpb2
1733542180.8959701 [robot_state_publisher-1] [INFO] [1733542180.777493710] [robot_state_publisher]: got segment rpf1
1733542180.8965342 [robot_state_publisher-1] [INFO] [1733542180.777523358] [robot_state_publisher]: got segment rpf2
1733542182.9032702 [ERROR] [ldlidar_stl_ros2_node-7]: process has died [pid 15605, exit code 1, cmd '/home/ubuntu/ros2_ws/install/ldlidar_stl_ros2/lib/ldlidar_stl_ros2/ldlidar_stl_ros2_node --ros-args -r __node:=LD06 --params-file /tmp/launch_params_5eqo8i5i --params-file /tmp/launch_params_el8707cn --params-file /tmp/launch_params_t_to0all --params-file /tmp/launch_params_u8jd4qjr --params-file /tmp/launch_params_l1khgjef --params-file /tmp/launch_params_plv8b8h_ --params-file /tmp/launch_params_bsxdyuip --params-file /tmp/launch_params_7a8hvcl8 --params-file /tmp/launch_params_0lp2uu05'].
1733542288.9388933 [WARNING] [launch]: user interrupted with ctrl-c (SIGINT)
1733542289.2183683 [robot_state_publisher-1] [INFO] [1733542288.937700832] [rclcpp]: signal_handler(signum=2)
1733542289.3968792 [INFO] [ekf_node-4]: process has finished cleanly [pid 15588]
1733542289.3991954 [INFO] [robot_state_publisher-1]: process has finished cleanly [pid 15582]
1733542289.4031365 [INFO] [quadruped_controller_node-2]: process has finished cleanly [pid 15584]
1733542289.4921327 [INFO] [state_estimation_node-3]: process has finished cleanly [pid 15586]
1733542289.5245788 [INFO] [ekf_node-5]: process has finished cleanly [pid 15590]
1733542289.5808587 [ERROR] [imu_interface-8]: process has died [pid 15620, exit code -2, cmd '/home/ubuntu/ros2_ws/install/mini_pupper_driver/lib/mini_pupper_driver/imu_interface --ros-args -r __node:=imu_interface -r __ns:=/'].
1733542289.5816331 [ERROR] [servo_interface-6]: process has died [pid 15600, exit code -2, cmd '/home/ubuntu/ros2_ws/install/mini_pupper_driver/lib/mini_pupper_driver/servo_interface --ros-args -r __node:=servo_interface'].
