1731020942.6721845 [INFO] [launch]: All log files can be found below /home/ubuntu/.ros/log/2024-11-07-23-09-02-668881-minipupperv2-2876
1731020942.6728108 [INFO] [launch]: Default logging verbosity is set to INFO
1731020948.2621453 [INFO] [robot_state_publisher-1]: process started with pid [2881]
1731020948.2657487 [INFO] [quadruped_controller_node-2]: process started with pid [2883]
1731020948.2688620 [INFO] [state_estimation_node-3]: process started with pid [2885]
1731020948.2721121 [INFO] [ekf_node-4]: process started with pid [2888]
1731020948.2758098 [INFO] [ekf_node-5]: process started with pid [2890]
1731020948.2786272 [INFO] [servo_interface-6]: process started with pid [2892]
1731020948.2794394 [INFO] [ldlidar_stl_ros2_node-7]: process started with pid [2894]
1731020948.2802179 [INFO] [imu_interface-8]: process started with pid [2896]
1731020952.5805321 [robot_state_publisher-1] [INFO] [1731020952.579438868] [robot_state_publisher]: got segment Board_PCB
1731020952.6189027 [robot_state_publisher-1] [INFO] [1731020952.580093704] [robot_state_publisher]: got segment Board_connectors_1
1731020952.6194327 [robot_state_publisher-1] [INFO] [1731020952.580221831] [robot_state_publisher]: got segment Board_connectors_2
1731020952.6198215 [robot_state_publisher-1] [INFO] [1731020952.580258385] [robot_state_publisher]: got segment Body_front
1731020952.6202562 [robot_state_publisher-1] [INFO] [1731020952.580288570] [robot_state_publisher]: got segment Shell_Side
1731020952.6206880 [robot_state_publisher-1] [INFO] [1731020952.580317662] [robot_state_publisher]: got segment base_inertia
1731020952.6213772 [robot_state_publisher-1] [INFO] [1731020952.580347179] [robot_state_publisher]: got segment base_link
1731020952.6219051 [robot_state_publisher-1] [INFO] [1731020952.580376123] [robot_state_publisher]: got segment imu_link
1731020952.6223345 [robot_state_publisher-1] [INFO] [1731020952.580423992] [robot_state_publisher]: got segment lb1
1731020952.6227674 [robot_state_publisher-1] [INFO] [1731020952.580459288] [robot_state_publisher]: got segment lb2
1731020952.6231713 [robot_state_publisher-1] [INFO] [1731020952.580503639] [robot_state_publisher]: got segment lb3
1731020952.6236582 [robot_state_publisher-1] [INFO] [1731020952.580546138] [robot_state_publisher]: got segment lbfoot
1731020952.6241331 [robot_state_publisher-1] [INFO] [1731020952.580589322] [robot_state_publisher]: got segment lf1
1731020952.6246865 [robot_state_publisher-1] [INFO] [1731020952.580623228] [robot_state_publisher]: got segment lf2
1731020952.6251800 [robot_state_publisher-1] [INFO] [1731020952.580668246] [robot_state_publisher]: got segment lf3
1731020952.6256435 [robot_state_publisher-1] [INFO] [1731020952.580701171] [robot_state_publisher]: got segment lffoot
1731020952.6261342 [robot_state_publisher-1] [INFO] [1731020952.580730559] [robot_state_publisher]: got segment lidar_link
1731020952.6266592 [robot_state_publisher-1] [INFO] [1731020952.580769688] [robot_state_publisher]: got segment lpb1
1731020952.6271853 [robot_state_publisher-1] [INFO] [1731020952.580802761] [robot_state_publisher]: got segment lpb2
1731020952.6277511 [robot_state_publisher-1] [INFO] [1731020952.580832075] [robot_state_publisher]: got segment lpf1
1731020952.6282127 [robot_state_publisher-1] [INFO] [1731020952.580860963] [robot_state_publisher]: got segment lpf2
1731020952.6287460 [robot_state_publisher-1] [INFO] [1731020952.580889870] [robot_state_publisher]: got segment rb1
1731020952.6292238 [robot_state_publisher-1] [INFO] [1731020952.580918740] [robot_state_publisher]: got segment rb2
1731020952.6304185 [robot_state_publisher-1] [INFO] [1731020952.580947980] [robot_state_publisher]: got segment rb3
1731020952.6310720 [robot_state_publisher-1] [INFO] [1731020952.580977812] [robot_state_publisher]: got segment rbfoot
1731020952.6315720 [robot_state_publisher-1] [INFO] [1731020952.581023645] [robot_state_publisher]: got segment rf1
1731020952.6319788 [robot_state_publisher-1] [INFO] [1731020952.581058459] [robot_state_publisher]: got segment rf2
1731020952.6328678 [robot_state_publisher-1] [INFO] [1731020952.581101828] [robot_state_publisher]: got segment rf3
1731020952.6334076 [robot_state_publisher-1] [INFO] [1731020952.581144345] [robot_state_publisher]: got segment rffoot
1731020952.6339552 [robot_state_publisher-1] [INFO] [1731020952.581188252] [robot_state_publisher]: got segment rpb1
1731020952.6344087 [robot_state_publisher-1] [INFO] [1731020952.581222603] [robot_state_publisher]: got segment rpb2
1731020952.6350102 [robot_state_publisher-1] [INFO] [1731020952.581710739] [robot_state_publisher]: got segment rpf1
1731020952.6354599 [robot_state_publisher-1] [INFO] [1731020952.581765960] [robot_state_publisher]: got segment rpf2
1731020953.5704570 [ERROR] [ldlidar_stl_ros2_node-7]: process has died [pid 2894, exit code 1, cmd '/home/ubuntu/ros2_ws/install/ldlidar_stl_ros2/lib/ldlidar_stl_ros2/ldlidar_stl_ros2_node --ros-args -r __node:=LD06 --params-file /tmp/launch_params_zoio2g2a --params-file /tmp/launch_params_f0rwpbys --params-file /tmp/launch_params_b7r0avpb --params-file /tmp/launch_params_cq9811zl --params-file /tmp/launch_params_e8j9p8n4 --params-file /tmp/launch_params_pjoz8haz --params-file /tmp/launch_params_tlfi63fj --params-file /tmp/launch_params_0zvoc9qq --params-file /tmp/launch_params_ia3mxnge'].
1731021519.4109643 [WARNING] [launch]: user interrupted with ctrl-c (SIGINT)
1731021519.5078330 [robot_state_publisher-1] [INFO] [1731021519.408952107] [rclcpp]: signal_handler(signum=2)
1731021519.6235948 [INFO] [robot_state_publisher-1]: process has finished cleanly [pid 2881]
1731021519.7631285 [INFO] [quadruped_controller_node-2]: process has finished cleanly [pid 2883]
1731021519.8284194 [INFO] [ekf_node-4]: process has finished cleanly [pid 2888]
1731021519.8500502 [INFO] [state_estimation_node-3]: process has finished cleanly [pid 2885]
1731021519.8616571 [ERROR] [servo_interface-6]: process has died [pid 2892, exit code -2, cmd '/home/ubuntu/ros2_ws/install/mini_pupper_driver/lib/mini_pupper_driver/servo_interface --ros-args -r __node:=servo_interface'].
1731021519.8853595 [INFO] [ekf_node-5]: process has finished cleanly [pid 2890]
1731021519.9631443 [ERROR] [imu_interface-8]: process has died [pid 2896, exit code -2, cmd '/home/ubuntu/ros2_ws/install/mini_pupper_driver/lib/mini_pupper_driver/imu_interface --ros-args -r __node:=imu_interface -r __ns:=/'].
