[0.140s] Invoking command in '/home/ubuntu/ros2_ws/build/mini_pupper_slam': CMAKE_PREFIX_PATH=${CMAKE_PREFIX_PATH}:/home/ubuntu/ros2_ws/install/mini_pupper_music:/home/ubuntu/ros2_ws/install/mini_pupper_dance:/home/ubuntu/ros2_ws/install/mini_pupper_driver:/opt/ros/humble /usr/bin/cmake /home/ubuntu/ros2_ws/src/mini_pupper_ros/mini_pupper_slam -DCMAKE_INSTALL_PREFIX=/home/ubuntu/ros2_ws/install/mini_pupper_slam
[0.275s] -- Found ament_cmake: 1.3.9 (/opt/ros/humble/share/ament_cmake/cmake)
[1.119s] -- Override CMake install command with custom implementation using symlinks instead of copying resources
[1.244s] -- Found ament_lint_auto: 0.12.11 (/opt/ros/humble/share/ament_lint_auto/cmake)
[1.799s] -- Added test 'copyright' to check source files copyright and LICENSE
[1.886s] -- Added test 'flake8' to check Python code syntax and style conventions
[1.891s] -- Added test 'lint_cmake' to check CMake code style
[1.895s] -- Added test 'pep257' to check Python code against some of the docstring style conventions in PEP 257
[1.905s] -- Added test 'xmllint' to check XML markup files
[1.917s] -- Configuring done
[2.071s] -- Generating done
[2.079s] -- Build files have been written to: /home/ubuntu/ros2_ws/build/mini_pupper_slam
[2.092s] Invoked command in '/home/ubuntu/ros2_ws/build/mini_pupper_slam' returned '0': CMAKE_PREFIX_PATH=${CMAKE_PREFIX_PATH}:/home/ubuntu/ros2_ws/install/mini_pupper_music:/home/ubuntu/ros2_ws/install/mini_pupper_dance:/home/ubuntu/ros2_ws/install/mini_pupper_driver:/opt/ros/humble /usr/bin/cmake /home/ubuntu/ros2_ws/src/mini_pupper_ros/mini_pupper_slam -DCMAKE_INSTALL_PREFIX=/home/ubuntu/ros2_ws/install/mini_pupper_slam
[2.102s] Invoking command in '/home/ubuntu/ros2_ws/build/mini_pupper_slam': CMAKE_PREFIX_PATH=${CMAKE_PREFIX_PATH}:/home/ubuntu/ros2_ws/install/mini_pupper_music:/home/ubuntu/ros2_ws/install/mini_pupper_dance:/home/ubuntu/ros2_ws/install/mini_pupper_driver:/opt/ros/humble /usr/bin/cmake --build /home/ubuntu/ros2_ws/build/mini_pupper_slam -- -j4 -l4
[2.313s] Invoked command in '/home/ubuntu/ros2_ws/build/mini_pupper_slam' returned '0': CMAKE_PREFIX_PATH=${CMAKE_PREFIX_PATH}:/home/ubuntu/ros2_ws/install/mini_pupper_music:/home/ubuntu/ros2_ws/install/mini_pupper_dance:/home/ubuntu/ros2_ws/install/mini_pupper_driver:/opt/ros/humble /usr/bin/cmake --build /home/ubuntu/ros2_ws/build/mini_pupper_slam -- -j4 -l4
[2.499s] Invoking command in '/home/ubuntu/ros2_ws/build/mini_pupper_slam': CMAKE_PREFIX_PATH=${CMAKE_PREFIX_PATH}:/home/ubuntu/ros2_ws/install/mini_pupper_music:/home/ubuntu/ros2_ws/install/mini_pupper_dance:/home/ubuntu/ros2_ws/install/mini_pupper_driver:/opt/ros/humble /usr/bin/cmake --install /home/ubuntu/ros2_ws/build/mini_pupper_slam
[2.541s] -- Install configuration: ""
[2.544s] -- Execute custom install script
[2.553s] -- Up-to-date symlink: /home/ubuntu/ros2_ws/install/mini_pupper_slam/share/mini_pupper_slam/launch/slam.launch.py
[2.557s] -- Up-to-date symlink: /home/ubuntu/ros2_ws/install/mini_pupper_slam/share/mini_pupper_slam/config/slam.lua
[2.562s] -- Up-to-date symlink: /home/ubuntu/ros2_ws/install/mini_pupper_slam/share/mini_pupper_slam/rviz/slam.rviz
[2.565s] -- Up-to-date symlink: /home/ubuntu/ros2_ws/install/mini_pupper_slam/share/ament_index/resource_index/package_run_dependencies/mini_pupper_slam
[2.596s] -- Up-to-date symlink: /home/ubuntu/ros2_ws/install/mini_pupper_slam/share/ament_index/resource_index/parent_prefix_path/mini_pupper_slam
[2.601s] -- Up-to-date symlink: /home/ubuntu/ros2_ws/install/mini_pupper_slam/share/mini_pupper_slam/environment/ament_prefix_path.sh
[2.604s] -- Up-to-date symlink: /home/ubuntu/ros2_ws/install/mini_pupper_slam/share/mini_pupper_slam/environment/ament_prefix_path.dsv
[2.609s] -- Up-to-date symlink: /home/ubuntu/ros2_ws/install/mini_pupper_slam/share/mini_pupper_slam/environment/path.sh
[2.611s] -- Up-to-date symlink: /home/ubuntu/ros2_ws/install/mini_pupper_slam/share/mini_pupper_slam/environment/path.dsv
[2.708s] -- Up-to-date symlink: /home/ubuntu/ros2_ws/install/mini_pupper_slam/share/mini_pupper_slam/local_setup.bash
[2.710s] -- Up-to-date symlink: /home/ubuntu/ros2_ws/install/mini_pupper_slam/share/mini_pupper_slam/local_setup.sh
[2.712s] -- Up-to-date symlink: /home/ubuntu/ros2_ws/install/mini_pupper_slam/share/mini_pupper_slam/local_setup.zsh
[2.713s] -- Up-to-date symlink: /home/ubuntu/ros2_ws/install/mini_pupper_slam/share/mini_pupper_slam/local_setup.dsv
[2.714s] -- Symlinking: /home/ubuntu/ros2_ws/install/mini_pupper_slam/share/mini_pupper_slam/package.dsv
[2.759s] -- Up-to-date symlink: /home/ubuntu/ros2_ws/install/mini_pupper_slam/share/ament_index/resource_index/packages/mini_pupper_slam
[2.794s] -- Up-to-date symlink: /home/ubuntu/ros2_ws/install/mini_pupper_slam/share/mini_pupper_slam/cmake/mini_pupper_slamConfig.cmake
[2.796s] -- Up-to-date symlink: /home/ubuntu/ros2_ws/install/mini_pupper_slam/share/mini_pupper_slam/cmake/mini_pupper_slamConfig-version.cmake
[2.799s] -- Up-to-date symlink: /home/ubuntu/ros2_ws/install/mini_pupper_slam/share/mini_pupper_slam/package.xml
[2.818s] Invoked command in '/home/ubuntu/ros2_ws/build/mini_pupper_slam' returned '0': CMAKE_PREFIX_PATH=${CMAKE_PREFIX_PATH}:/home/ubuntu/ros2_ws/install/mini_pupper_music:/home/ubuntu/ros2_ws/install/mini_pupper_dance:/home/ubuntu/ros2_ws/install/mini_pupper_driver:/opt/ros/humble /usr/bin/cmake --install /home/ubuntu/ros2_ws/build/mini_pupper_slam
