[0.079s] Invoking command in '/home/ubuntu/ros2_ws/build/champ_bringup': CMAKE_PREFIX_PATH=/home/ubuntu/ros2_ws/install/champ_base:/home/ubuntu/ros2_ws/install/champ_msgs:/home/ubuntu/ros2_ws/install/champ_description:/home/ubuntu/ros2_ws/install/champ:/home/ubuntu/ros2_ws/install/mini_pupper_slam:/home/ubuntu/ros2_ws/install/mini_pupper_interfaces:/home/ubuntu/ros2_ws/install/mini_pupper_description:/home/ubuntu/ros2_ws/install/mini_pupper_bringup:/home/ubuntu/ros2_ws/install/mini_pupper_2_description:/home/ubuntu/ros2_ws/install/ldlidar_stl_ros2:/home/ubuntu/ros2_ws/install/champ_teleop:/home/ubuntu/ros2_ws/install/champ_bringup:/home/ubuntu/ros2_ws/install/champ_config:/home/ubuntu/ros2_ws/install/mini_pupper_music:/home/ubuntu/ros2_ws/install/mini_pupper_dance:/home/ubuntu/ros2_ws/install/mini_pupper_driver:/opt/ros/humble LD_LIBRARY_PATH=/home/ubuntu/ros2_ws/install/champ_base/lib:/home/ubuntu/ros2_ws/install/champ_msgs/lib:/home/ubuntu/ros2_ws/install/mini_pupper_interfaces/lib:/opt/ros/humble/lib/aarch64-linux-gnu:/opt/ros/humble/lib /usr/bin/cmake /home/ubuntu/ros2_ws/src/champ/champ/champ_bringup -DAMENT_CMAKE_SYMLINK_INSTALL=1 -DCMAKE_INSTALL_PREFIX=/home/ubuntu/ros2_ws/install/champ_bringup
[0.148s] -- Found ament_cmake: 1.3.9 (/opt/ros/humble/share/ament_cmake/cmake)
[0.890s] -- Override CMake install command with custom implementation using symlinks instead of copying resources
[2.153s] -- Configuring done
[2.198s] -- Generating done
[2.207s] -- Build files have been written to: /home/ubuntu/ros2_ws/build/champ_bringup
[2.217s] Invoked command in '/home/ubuntu/ros2_ws/build/champ_bringup' returned '0': CMAKE_PREFIX_PATH=/home/ubuntu/ros2_ws/install/champ_base:/home/ubuntu/ros2_ws/install/champ_msgs:/home/ubuntu/ros2_ws/install/champ_description:/home/ubuntu/ros2_ws/install/champ:/home/ubuntu/ros2_ws/install/mini_pupper_slam:/home/ubuntu/ros2_ws/install/mini_pupper_interfaces:/home/ubuntu/ros2_ws/install/mini_pupper_description:/home/ubuntu/ros2_ws/install/mini_pupper_bringup:/home/ubuntu/ros2_ws/install/mini_pupper_2_description:/home/ubuntu/ros2_ws/install/ldlidar_stl_ros2:/home/ubuntu/ros2_ws/install/champ_teleop:/home/ubuntu/ros2_ws/install/champ_bringup:/home/ubuntu/ros2_ws/install/champ_config:/home/ubuntu/ros2_ws/install/mini_pupper_music:/home/ubuntu/ros2_ws/install/mini_pupper_dance:/home/ubuntu/ros2_ws/install/mini_pupper_driver:/opt/ros/humble LD_LIBRARY_PATH=/home/ubuntu/ros2_ws/install/champ_base/lib:/home/ubuntu/ros2_ws/install/champ_msgs/lib:/home/ubuntu/ros2_ws/install/mini_pupper_interfaces/lib:/opt/ros/humble/lib/aarch64-linux-gnu:/opt/ros/humble/lib /usr/bin/cmake /home/ubuntu/ros2_ws/src/champ/champ/champ_bringup -DAMENT_CMAKE_SYMLINK_INSTALL=1 -DCMAKE_INSTALL_PREFIX=/home/ubuntu/ros2_ws/install/champ_bringup
[2.226s] Invoking command in '/home/ubuntu/ros2_ws/build/champ_bringup': CMAKE_PREFIX_PATH=/home/ubuntu/ros2_ws/install/champ_base:/home/ubuntu/ros2_ws/install/champ_msgs:/home/ubuntu/ros2_ws/install/champ_description:/home/ubuntu/ros2_ws/install/champ:/home/ubuntu/ros2_ws/install/mini_pupper_slam:/home/ubuntu/ros2_ws/install/mini_pupper_interfaces:/home/ubuntu/ros2_ws/install/mini_pupper_description:/home/ubuntu/ros2_ws/install/mini_pupper_bringup:/home/ubuntu/ros2_ws/install/mini_pupper_2_description:/home/ubuntu/ros2_ws/install/ldlidar_stl_ros2:/home/ubuntu/ros2_ws/install/champ_teleop:/home/ubuntu/ros2_ws/install/champ_bringup:/home/ubuntu/ros2_ws/install/champ_config:/home/ubuntu/ros2_ws/install/mini_pupper_music:/home/ubuntu/ros2_ws/install/mini_pupper_dance:/home/ubuntu/ros2_ws/install/mini_pupper_driver:/opt/ros/humble LD_LIBRARY_PATH=/home/ubuntu/ros2_ws/install/champ_base/lib:/home/ubuntu/ros2_ws/install/champ_msgs/lib:/home/ubuntu/ros2_ws/install/mini_pupper_interfaces/lib:/opt/ros/humble/lib/aarch64-linux-gnu:/opt/ros/humble/lib /usr/bin/cmake --build /home/ubuntu/ros2_ws/build/champ_bringup -- -j4 -l4
[2.489s] Built target ament_cmake_python_symlink_champ_bringup
[3.872s] running egg_info
[3.875s] writing champ_bringup.egg-info/PKG-INFO
[3.876s] writing dependency_links to champ_bringup.egg-info/dependency_links.txt
[3.877s] writing top-level names to champ_bringup.egg-info/top_level.txt
[3.888s] reading manifest file 'champ_bringup.egg-info/SOURCES.txt'
[3.892s] writing manifest file 'champ_bringup.egg-info/SOURCES.txt'
[4.023s] Built target ament_cmake_python_build_champ_bringup_egg
[4.066s] Invoked command in '/home/ubuntu/ros2_ws/build/champ_bringup' returned '0': CMAKE_PREFIX_PATH=/home/ubuntu/ros2_ws/install/champ_base:/home/ubuntu/ros2_ws/install/champ_msgs:/home/ubuntu/ros2_ws/install/champ_description:/home/ubuntu/ros2_ws/install/champ:/home/ubuntu/ros2_ws/install/mini_pupper_slam:/home/ubuntu/ros2_ws/install/mini_pupper_interfaces:/home/ubuntu/ros2_ws/install/mini_pupper_description:/home/ubuntu/ros2_ws/install/mini_pupper_bringup:/home/ubuntu/ros2_ws/install/mini_pupper_2_description:/home/ubuntu/ros2_ws/install/ldlidar_stl_ros2:/home/ubuntu/ros2_ws/install/champ_teleop:/home/ubuntu/ros2_ws/install/champ_bringup:/home/ubuntu/ros2_ws/install/champ_config:/home/ubuntu/ros2_ws/install/mini_pupper_music:/home/ubuntu/ros2_ws/install/mini_pupper_dance:/home/ubuntu/ros2_ws/install/mini_pupper_driver:/opt/ros/humble LD_LIBRARY_PATH=/home/ubuntu/ros2_ws/install/champ_base/lib:/home/ubuntu/ros2_ws/install/champ_msgs/lib:/home/ubuntu/ros2_ws/install/mini_pupper_interfaces/lib:/opt/ros/humble/lib/aarch64-linux-gnu:/opt/ros/humble/lib /usr/bin/cmake --build /home/ubuntu/ros2_ws/build/champ_bringup -- -j4 -l4
[4.212s] Invoking command in '/home/ubuntu/ros2_ws/build/champ_bringup': CMAKE_PREFIX_PATH=/home/ubuntu/ros2_ws/install/champ_base:/home/ubuntu/ros2_ws/install/champ_msgs:/home/ubuntu/ros2_ws/install/champ_description:/home/ubuntu/ros2_ws/install/champ:/home/ubuntu/ros2_ws/install/mini_pupper_slam:/home/ubuntu/ros2_ws/install/mini_pupper_interfaces:/home/ubuntu/ros2_ws/install/mini_pupper_description:/home/ubuntu/ros2_ws/install/mini_pupper_bringup:/home/ubuntu/ros2_ws/install/mini_pupper_2_description:/home/ubuntu/ros2_ws/install/ldlidar_stl_ros2:/home/ubuntu/ros2_ws/install/champ_teleop:/home/ubuntu/ros2_ws/install/champ_bringup:/home/ubuntu/ros2_ws/install/champ_config:/home/ubuntu/ros2_ws/install/mini_pupper_music:/home/ubuntu/ros2_ws/install/mini_pupper_dance:/home/ubuntu/ros2_ws/install/mini_pupper_driver:/opt/ros/humble LD_LIBRARY_PATH=/home/ubuntu/ros2_ws/install/champ_base/lib:/home/ubuntu/ros2_ws/install/champ_msgs/lib:/home/ubuntu/ros2_ws/install/mini_pupper_interfaces/lib:/opt/ros/humble/lib/aarch64-linux-gnu:/opt/ros/humble/lib /usr/bin/cmake --install /home/ubuntu/ros2_ws/build/champ_bringup
[4.245s] -- Install configuration: ""
[4.247s] -- Execute custom install script
[4.255s] -- Up-to-date symlink: /home/ubuntu/ros2_ws/install/champ_bringup/share/champ_bringup/launch/bringup.launch
[4.257s] -- Up-to-date symlink: /home/ubuntu/ros2_ws/install/champ_bringup/share/champ_bringup/launch/bringup.launch.py
[4.260s] -- Up-to-date symlink: /home/ubuntu/ros2_ws/install/champ_bringup/share/champ_bringup/launch/include/laser/d435.launch
[4.261s] -- Up-to-date symlink: /home/ubuntu/ros2_ws/install/champ_bringup/share/champ_bringup/launch/include/laser/hokuyo.launch
[4.263s] -- Up-to-date symlink: /home/ubuntu/ros2_ws/install/champ_bringup/share/champ_bringup/launch/include/laser/kinect.launch
[4.265s] -- Up-to-date symlink: /home/ubuntu/ros2_ws/install/champ_bringup/share/champ_bringup/launch/include/laser/lms1xx.launch
[4.267s] -- Up-to-date symlink: /home/ubuntu/ros2_ws/install/champ_bringup/share/champ_bringup/launch/include/laser/realsense.launch
[4.269s] -- Up-to-date symlink: /home/ubuntu/ros2_ws/install/champ_bringup/share/champ_bringup/launch/include/laser/rplidar.launch
[4.271s] -- Up-to-date symlink: /home/ubuntu/ros2_ws/install/champ_bringup/share/champ_bringup/launch/include/laser/sim.launch
[4.273s] -- Up-to-date symlink: /home/ubuntu/ros2_ws/install/champ_bringup/share/champ_bringup/launch/include/laser/sweep.launch
[4.274s] -- Up-to-date symlink: /home/ubuntu/ros2_ws/install/champ_bringup/share/champ_bringup/launch/include/laser/xv11.launch
[4.276s] -- Up-to-date symlink: /home/ubuntu/ros2_ws/install/champ_bringup/share/champ_bringup/launch/include/laser/ydlidar.launch
[4.278s] -- Up-to-date symlink: /home/ubuntu/ros2_ws/install/champ_bringup/share/champ_bringup/launch/include/velocity_smoother.launch
[4.280s] -- Up-to-date symlink: /home/ubuntu/ros2_ws/install/champ_bringup/share/champ_bringup/launch/joints_gui.launch
[4.282s] -- Up-to-date symlink: /home/ubuntu/ros2_ws/install/champ_bringup/share/champ_bringup/launch/joints_gui.launch.py
[4.284s] -- Up-to-date symlink: /home/ubuntu/ros2_ws/install/champ_bringup/share/champ_bringup/environment/pythonpath.sh
[4.285s] -- Up-to-date symlink: /home/ubuntu/ros2_ws/install/champ_bringup/share/champ_bringup/environment/pythonpath.dsv
[4.287s] -- Up-to-date symlink: /home/ubuntu/ros2_ws/install/champ_bringup/local/lib/python3.10/dist-packages/champ_bringup-0.1.0-py3.10.egg-info/PKG-INFO
[4.289s] -- Up-to-date symlink: /home/ubuntu/ros2_ws/install/champ_bringup/local/lib/python3.10/dist-packages/champ_bringup-0.1.0-py3.10.egg-info/SOURCES.txt
[4.291s] -- Up-to-date symlink: /home/ubuntu/ros2_ws/install/champ_bringup/local/lib/python3.10/dist-packages/champ_bringup-0.1.0-py3.10.egg-info/dependency_links.txt
[4.292s] -- Up-to-date symlink: /home/ubuntu/ros2_ws/install/champ_bringup/local/lib/python3.10/dist-packages/champ_bringup-0.1.0-py3.10.egg-info/top_level.txt
[4.296s] -- Up-to-date symlink: /home/ubuntu/ros2_ws/install/champ_bringup/local/lib/python3.10/dist-packages/champ_bringup/__init__.py
[4.298s] -- Up-to-date symlink: /home/ubuntu/ros2_ws/install/champ_bringup/local/lib/python3.10/dist-packages/champ_bringup/joint_calibrator_relay.py
[4.301s] -- Up-to-date symlink: /home/ubuntu/ros2_ws/install/champ_bringup/lib/champ_bringup/joint_calibrator_relay.py
[4.302s] -- Up-to-date symlink: /home/ubuntu/ros2_ws/install/champ_bringup/share/ament_index/resource_index/package_run_dependencies/champ_bringup
[4.305s] -- Up-to-date symlink: /home/ubuntu/ros2_ws/install/champ_bringup/share/ament_index/resource_index/parent_prefix_path/champ_bringup
[4.309s] -- Up-to-date symlink: /home/ubuntu/ros2_ws/install/champ_bringup/share/champ_bringup/environment/ament_prefix_path.sh
[4.310s] -- Up-to-date symlink: /home/ubuntu/ros2_ws/install/champ_bringup/share/champ_bringup/environment/ament_prefix_path.dsv
[4.311s] -- Up-to-date symlink: /home/ubuntu/ros2_ws/install/champ_bringup/share/champ_bringup/environment/path.sh
[4.314s] -- Up-to-date symlink: /home/ubuntu/ros2_ws/install/champ_bringup/share/champ_bringup/environment/path.dsv
[4.317s] -- Up-to-date symlink: /home/ubuntu/ros2_ws/install/champ_bringup/share/champ_bringup/local_setup.bash
[4.320s] -- Up-to-date symlink: /home/ubuntu/ros2_ws/install/champ_bringup/share/champ_bringup/local_setup.sh
[4.322s] -- Up-to-date symlink: /home/ubuntu/ros2_ws/install/champ_bringup/share/champ_bringup/local_setup.zsh
[4.324s] -- Up-to-date symlink: /home/ubuntu/ros2_ws/install/champ_bringup/share/champ_bringup/local_setup.dsv
[4.326s] -- Symlinking: /home/ubuntu/ros2_ws/install/champ_bringup/share/champ_bringup/package.dsv
[4.369s] -- Up-to-date symlink: /home/ubuntu/ros2_ws/install/champ_bringup/share/ament_index/resource_index/packages/champ_bringup
[4.372s] -- Up-to-date symlink: /home/ubuntu/ros2_ws/install/champ_bringup/share/champ_bringup/cmake/champ_bringupConfig.cmake
[4.374s] -- Up-to-date symlink: /home/ubuntu/ros2_ws/install/champ_bringup/share/champ_bringup/cmake/champ_bringupConfig-version.cmake
[4.375s] -- Up-to-date symlink: /home/ubuntu/ros2_ws/install/champ_bringup/share/champ_bringup/package.xml
[4.597s] Listing '/home/ubuntu/ros2_ws/install/champ_bringup/local/lib/python3.10/dist-packages/champ_bringup'...
[4.633s] Invoked command in '/home/ubuntu/ros2_ws/build/champ_bringup' returned '0': CMAKE_PREFIX_PATH=/home/ubuntu/ros2_ws/install/champ_base:/home/ubuntu/ros2_ws/install/champ_msgs:/home/ubuntu/ros2_ws/install/champ_description:/home/ubuntu/ros2_ws/install/champ:/home/ubuntu/ros2_ws/install/mini_pupper_slam:/home/ubuntu/ros2_ws/install/mini_pupper_interfaces:/home/ubuntu/ros2_ws/install/mini_pupper_description:/home/ubuntu/ros2_ws/install/mini_pupper_bringup:/home/ubuntu/ros2_ws/install/mini_pupper_2_description:/home/ubuntu/ros2_ws/install/ldlidar_stl_ros2:/home/ubuntu/ros2_ws/install/champ_teleop:/home/ubuntu/ros2_ws/install/champ_bringup:/home/ubuntu/ros2_ws/install/champ_config:/home/ubuntu/ros2_ws/install/mini_pupper_music:/home/ubuntu/ros2_ws/install/mini_pupper_dance:/home/ubuntu/ros2_ws/install/mini_pupper_driver:/opt/ros/humble LD_LIBRARY_PATH=/home/ubuntu/ros2_ws/install/champ_base/lib:/home/ubuntu/ros2_ws/install/champ_msgs/lib:/home/ubuntu/ros2_ws/install/mini_pupper_interfaces/lib:/opt/ros/humble/lib/aarch64-linux-gnu:/opt/ros/humble/lib /usr/bin/cmake --install /home/ubuntu/ros2_ws/build/champ_bringup
