1733518374.0293136 [INFO] [launch]: All log files can be found below /home/ubuntu/.ros/log/2024-12-06-20-52-54-025760-minipupperv2-8037
1733518374.0301788 [INFO] [launch]: Default logging verbosity is set to INFO
1733518379.7146122 [INFO] [robot_state_publisher-1]: process started with pid [8045]
1733518379.7187388 [INFO] [quadruped_controller_node-2]: process started with pid [8047]
1733518379.7240443 [INFO] [state_estimation_node-3]: process started with pid [8049]
1733518379.7303586 [INFO] [ekf_node-4]: process started with pid [8051]
1733518379.7356105 [INFO] [ekf_node-5]: process started with pid [8053]
1733518379.7411361 [INFO] [servo_interface-6]: process started with pid [8057]
1733518379.7455544 [INFO] [ldlidar_stl_ros2_node-7]: process started with pid [8066]
1733518379.7511070 [INFO] [imu_interface-8]: process started with pid [8069]
1733518380.4916658 [robot_state_publisher-1] [INFO] [1733518380.489075421] [robot_state_publisher]: got segment Board_PCB
1733518380.4940767 [robot_state_publisher-1] [INFO] [1733518380.489711008] [robot_state_publisher]: got segment Board_connectors_1
1733518380.4992290 [robot_state_publisher-1] [INFO] [1733518380.489852914] [robot_state_publisher]: got segment Board_connectors_2
1733518380.5013723 [robot_state_publisher-1] [INFO] [1733518380.489901747] [robot_state_publisher]: got segment Body_front
1733518380.5037439 [robot_state_publisher-1] [INFO] [1733518380.489935469] [robot_state_publisher]: got segment Shell_Side
1733518380.5063696 [robot_state_publisher-1] [INFO] [1733518380.489967228] [robot_state_publisher]: got segment base_inertia
1733518380.5093300 [robot_state_publisher-1] [INFO] [1733518380.489999653] [robot_state_publisher]: got segment base_link
1733518380.5126629 [robot_state_publisher-1] [INFO] [1733518380.490031116] [robot_state_publisher]: got segment imu_link
1733518380.5165057 [robot_state_publisher-1] [INFO] [1733518380.490060857] [robot_state_publisher]: got segment lb1
1733518380.5221238 [robot_state_publisher-1] [INFO] [1733518380.490091023] [robot_state_publisher]: got segment lb2
1733518380.5259619 [robot_state_publisher-1] [INFO] [1733518380.490121819] [robot_state_publisher]: got segment lb3
1733518380.5298214 [robot_state_publisher-1] [INFO] [1733518380.490151189] [robot_state_publisher]: got segment lbfoot
1733518380.5329938 [robot_state_publisher-1] [INFO] [1733518380.490183967] [robot_state_publisher]: got segment lf1
1733518380.5364075 [robot_state_publisher-1] [INFO] [1733518380.490214041] [robot_state_publisher]: got segment lf2
1733518380.5425119 [robot_state_publisher-1] [INFO] [1733518380.490245466] [robot_state_publisher]: got segment lf3
1733518380.5456672 [robot_state_publisher-1] [INFO] [1733518380.490275503] [robot_state_publisher]: got segment lffoot
1733518380.5484195 [robot_state_publisher-1] [INFO] [1733518380.490306614] [robot_state_publisher]: got segment lidar_link
1733518380.5509639 [robot_state_publisher-1] [INFO] [1733518380.490337817] [robot_state_publisher]: got segment lpb1
1733518380.5535212 [robot_state_publisher-1] [INFO] [1733518380.490369169] [robot_state_publisher]: got segment lpb2
1733518380.5559559 [robot_state_publisher-1] [INFO] [1733518380.490399872] [robot_state_publisher]: got segment lpf1
1733518380.5585599 [robot_state_publisher-1] [INFO] [1733518380.490430020] [robot_state_publisher]: got segment lpf2
1733518380.5606165 [robot_state_publisher-1] [INFO] [1733518380.490459501] [robot_state_publisher]: got segment rb1
1733518380.5635605 [robot_state_publisher-1] [INFO] [1733518380.490489816] [robot_state_publisher]: got segment rb2
1733518380.5662167 [robot_state_publisher-1] [INFO] [1733518380.490520631] [robot_state_publisher]: got segment rb3
1733518380.5689764 [robot_state_publisher-1] [INFO] [1733518380.490551130] [robot_state_publisher]: got segment rbfoot
1733518380.5709405 [robot_state_publisher-1] [INFO] [1733518380.490580778] [robot_state_publisher]: got segment rf1
1733518380.5744889 [robot_state_publisher-1] [INFO] [1733518380.490610574] [robot_state_publisher]: got segment rf2
1733518380.5770345 [robot_state_publisher-1] [INFO] [1733518380.490639352] [robot_state_publisher]: got segment rf3
1733518380.5784554 [robot_state_publisher-1] [INFO] [1733518380.490667685] [robot_state_publisher]: got segment rffoot
1733518380.5795171 [robot_state_publisher-1] [INFO] [1733518380.490696592] [robot_state_publisher]: got segment rpb1
1733518380.5820878 [robot_state_publisher-1] [INFO] [1733518380.519930509] [robot_state_publisher]: got segment rpb2
1733518380.5832503 [robot_state_publisher-1] [INFO] [1733518380.520041638] [robot_state_publisher]: got segment rpf1
1733518380.5843556 [robot_state_publisher-1] [INFO] [1733518380.520082934] [robot_state_publisher]: got segment rpf2
1733518383.7609746 [ERROR] [ldlidar_stl_ros2_node-7]: process has died [pid 8066, exit code 1, cmd '/home/ubuntu/ros2_ws/install/ldlidar_stl_ros2/lib/ldlidar_stl_ros2/ldlidar_stl_ros2_node --ros-args -r __node:=LD06 --params-file /tmp/launch_params_b6ilskzz --params-file /tmp/launch_params_o1i5kwxw --params-file /tmp/launch_params_pjcp8994 --params-file /tmp/launch_params_mdj2wujn --params-file /tmp/launch_params_zufdgy3b --params-file /tmp/launch_params_xbme3o04 --params-file /tmp/launch_params_a2ptbgbv --params-file /tmp/launch_params_ddi21wvw --params-file /tmp/launch_params_ory2st3n'].
1733518439.1219714 [WARNING] [launch]: user interrupted with ctrl-c (SIGINT)
1733518439.2987466 [robot_state_publisher-1] [INFO] [1733518439.123390213] [rclcpp]: signal_handler(signum=2)
1733518439.4621413 [INFO] [quadruped_controller_node-2]: process has finished cleanly [pid 8047]
1733518439.5017850 [INFO] [state_estimation_node-3]: process has finished cleanly [pid 8049]
1733518439.5212977 [INFO] [robot_state_publisher-1]: process has finished cleanly [pid 8045]
1733518439.5294235 [ERROR] [servo_interface-6]: process has died [pid 8057, exit code -2, cmd '/home/ubuntu/ros2_ws/install/mini_pupper_driver/lib/mini_pupper_driver/servo_interface --ros-args -r __node:=servo_interface'].
1733518439.5352771 [INFO] [ekf_node-5]: process has finished cleanly [pid 8053]
1733518439.5561953 [INFO] [ekf_node-4]: process has finished cleanly [pid 8051]
1733518439.6253858 [ERROR] [imu_interface-8]: process has died [pid 8069, exit code -2, cmd '/home/ubuntu/ros2_ws/install/mini_pupper_driver/lib/mini_pupper_driver/imu_interface --ros-args -r __node:=imu_interface -r __ns:=/'].
