[1.848s] Invoking command in '/home/ubuntu/ros2_ws/build/mini_pupper_slam': CMAKE_PREFIX_PATH=${CMAKE_PREFIX_PATH}:/home/ubuntu/ros2_ws/install/mini_pupper_music:/home/ubuntu/ros2_ws/install/mini_pupper_dance:/home/ubuntu/ros2_ws/install/mini_pupper_driver:/opt/ros/humble /usr/bin/cmake /home/ubuntu/ros2_ws/src/mini_pupper_ros/mini_pupper_slam -DAMENT_CMAKE_SYMLINK_INSTALL=1 -DCMAKE_INSTALL_PREFIX=/home/ubuntu/ros2_ws/install/mini_pupper_slam
[1.934s] -- Found ament_cmake: 1.3.9 (/opt/ros/humble/share/ament_cmake/cmake)
[2.907s] -- Override CMake install command with custom implementation using symlinks instead of copying resources
[3.007s] -- Found ament_lint_auto: 0.12.11 (/opt/ros/humble/share/ament_lint_auto/cmake)
[3.991s] -- Added test 'copyright' to check source files copyright and LICENSE
[4.043s] -- Added test 'flake8' to check Python code syntax and style conventions
[4.048s] -- Added test 'lint_cmake' to check CMake code style
[4.053s] -- Added test 'pep257' to check Python code against some of the docstring style conventions in PEP 257
[4.065s] -- Added test 'xmllint' to check XML markup files
[4.083s] -- Configuring done
[4.123s] -- Generating done
[4.143s] -- Build files have been written to: /home/ubuntu/ros2_ws/build/mini_pupper_slam
[4.168s] Invoked command in '/home/ubuntu/ros2_ws/build/mini_pupper_slam' returned '0': CMAKE_PREFIX_PATH=${CMAKE_PREFIX_PATH}:/home/ubuntu/ros2_ws/install/mini_pupper_music:/home/ubuntu/ros2_ws/install/mini_pupper_dance:/home/ubuntu/ros2_ws/install/mini_pupper_driver:/opt/ros/humble /usr/bin/cmake /home/ubuntu/ros2_ws/src/mini_pupper_ros/mini_pupper_slam -DAMENT_CMAKE_SYMLINK_INSTALL=1 -DCMAKE_INSTALL_PREFIX=/home/ubuntu/ros2_ws/install/mini_pupper_slam
[4.180s] Invoking command in '/home/ubuntu/ros2_ws/build/mini_pupper_slam': CMAKE_PREFIX_PATH=${CMAKE_PREFIX_PATH}:/home/ubuntu/ros2_ws/install/mini_pupper_music:/home/ubuntu/ros2_ws/install/mini_pupper_dance:/home/ubuntu/ros2_ws/install/mini_pupper_driver:/opt/ros/humble /usr/bin/cmake --build /home/ubuntu/ros2_ws/build/mini_pupper_slam -- -j4 -l4
[4.454s] Invoked command in '/home/ubuntu/ros2_ws/build/mini_pupper_slam' returned '0': CMAKE_PREFIX_PATH=${CMAKE_PREFIX_PATH}:/home/ubuntu/ros2_ws/install/mini_pupper_music:/home/ubuntu/ros2_ws/install/mini_pupper_dance:/home/ubuntu/ros2_ws/install/mini_pupper_driver:/opt/ros/humble /usr/bin/cmake --build /home/ubuntu/ros2_ws/build/mini_pupper_slam -- -j4 -l4
[4.670s] Invoking command in '/home/ubuntu/ros2_ws/build/mini_pupper_slam': CMAKE_PREFIX_PATH=${CMAKE_PREFIX_PATH}:/home/ubuntu/ros2_ws/install/mini_pupper_music:/home/ubuntu/ros2_ws/install/mini_pupper_dance:/home/ubuntu/ros2_ws/install/mini_pupper_driver:/opt/ros/humble /usr/bin/cmake --install /home/ubuntu/ros2_ws/build/mini_pupper_slam
[4.722s] -- Install configuration: ""
[4.725s] -- Execute custom install script
[4.730s] -- Up-to-date symlink: /home/ubuntu/ros2_ws/install/mini_pupper_slam/share/mini_pupper_slam/launch/slam.launch.py
[4.733s] -- Up-to-date symlink: /home/ubuntu/ros2_ws/install/mini_pupper_slam/share/mini_pupper_slam/config/slam.lua
[4.737s] -- Up-to-date symlink: /home/ubuntu/ros2_ws/install/mini_pupper_slam/share/mini_pupper_slam/rviz/slam.rviz
[4.739s] -- Up-to-date symlink: /home/ubuntu/ros2_ws/install/mini_pupper_slam/share/ament_index/resource_index/package_run_dependencies/mini_pupper_slam
[4.743s] -- Up-to-date symlink: /home/ubuntu/ros2_ws/install/mini_pupper_slam/share/ament_index/resource_index/parent_prefix_path/mini_pupper_slam
[4.745s] -- Up-to-date symlink: /home/ubuntu/ros2_ws/install/mini_pupper_slam/share/mini_pupper_slam/environment/ament_prefix_path.sh
[4.746s] -- Up-to-date symlink: /home/ubuntu/ros2_ws/install/mini_pupper_slam/share/mini_pupper_slam/environment/ament_prefix_path.dsv
[4.750s] -- Up-to-date symlink: /home/ubuntu/ros2_ws/install/mini_pupper_slam/share/mini_pupper_slam/environment/path.sh
[4.751s] -- Up-to-date symlink: /home/ubuntu/ros2_ws/install/mini_pupper_slam/share/mini_pupper_slam/environment/path.dsv
[4.754s] -- Up-to-date symlink: /home/ubuntu/ros2_ws/install/mini_pupper_slam/share/mini_pupper_slam/local_setup.bash
[4.756s] -- Up-to-date symlink: /home/ubuntu/ros2_ws/install/mini_pupper_slam/share/mini_pupper_slam/local_setup.sh
[4.759s] -- Up-to-date symlink: /home/ubuntu/ros2_ws/install/mini_pupper_slam/share/mini_pupper_slam/local_setup.zsh
[4.761s] -- Up-to-date symlink: /home/ubuntu/ros2_ws/install/mini_pupper_slam/share/mini_pupper_slam/local_setup.dsv
[4.762s] -- Symlinking: /home/ubuntu/ros2_ws/install/mini_pupper_slam/share/mini_pupper_slam/package.dsv
[4.858s] -- Up-to-date symlink: /home/ubuntu/ros2_ws/install/mini_pupper_slam/share/ament_index/resource_index/packages/mini_pupper_slam
[4.863s] -- Up-to-date symlink: /home/ubuntu/ros2_ws/install/mini_pupper_slam/share/mini_pupper_slam/cmake/mini_pupper_slamConfig.cmake
[4.867s] -- Up-to-date symlink: /home/ubuntu/ros2_ws/install/mini_pupper_slam/share/mini_pupper_slam/cmake/mini_pupper_slamConfig-version.cmake
[4.872s] -- Up-to-date symlink: /home/ubuntu/ros2_ws/install/mini_pupper_slam/share/mini_pupper_slam/package.xml
[4.890s] Invoked command in '/home/ubuntu/ros2_ws/build/mini_pupper_slam' returned '0': CMAKE_PREFIX_PATH=${CMAKE_PREFIX_PATH}:/home/ubuntu/ros2_ws/install/mini_pupper_music:/home/ubuntu/ros2_ws/install/mini_pupper_dance:/home/ubuntu/ros2_ws/install/mini_pupper_driver:/opt/ros/humble /usr/bin/cmake --install /home/ubuntu/ros2_ws/build/mini_pupper_slam
