[0.026s] Invoking command in '/home/ubuntu/ros2_ws/build/champ_description': CMAKE_PREFIX_PATH=/opt/ros/humble /usr/bin/cmake /home/ubuntu/ros2_ws/src/champ/champ/champ_description -DAMENT_CMAKE_SYMLINK_INSTALL=1 -DCMAKE_INSTALL_PREFIX=/home/ubuntu/ros2_ws/install/champ_description
[0.251s] -- The C compiler identification is GNU 11.4.0
[0.484s] -- The CXX compiler identification is GNU 11.4.0
[0.509s] -- Detecting C compiler ABI info
[0.785s] -- Detecting C compiler ABI info - done
[0.809s] -- Check for working C compiler: /usr/bin/cc - skipped
[0.809s] -- Detecting C compile features
[0.811s] -- Detecting C compile features - done
[0.821s] -- Detecting CXX compiler ABI info
[1.140s] -- Detecting CXX compiler ABI info - done
[1.164s] -- Check for working CXX compiler: /usr/bin/c++ - skipped
[1.165s] -- Detecting CXX compile features
[1.167s] -- Detecting CXX compile features - done
[1.184s] -- Found ament_cmake: 1.3.9 (/opt/ros/humble/share/ament_cmake/cmake)
[1.843s] -- Found Python3: /usr/bin/python3 (found version "3.10.12") found components: Interpreter 
[2.103s] -- Override CMake install command with custom implementation using symlinks instead of copying resources
[2.297s] -- Found ament_lint_auto: 0.12.11 (/opt/ros/humble/share/ament_lint_auto/cmake)
[2.587s] -- Configuring done
[2.605s] -- Generating done
[2.609s] -- Build files have been written to: /home/ubuntu/ros2_ws/build/champ_description
[2.624s] Invoked command in '/home/ubuntu/ros2_ws/build/champ_description' returned '0': CMAKE_PREFIX_PATH=/opt/ros/humble /usr/bin/cmake /home/ubuntu/ros2_ws/src/champ/champ/champ_description -DAMENT_CMAKE_SYMLINK_INSTALL=1 -DCMAKE_INSTALL_PREFIX=/home/ubuntu/ros2_ws/install/champ_description
[2.631s] Invoking command in '/home/ubuntu/ros2_ws/build/champ_description': CMAKE_PREFIX_PATH=/opt/ros/humble /usr/bin/cmake --build /home/ubuntu/ros2_ws/build/champ_description
[2.762s] Invoked command in '/home/ubuntu/ros2_ws/build/champ_description' returned '0': CMAKE_PREFIX_PATH=/opt/ros/humble /usr/bin/cmake --build /home/ubuntu/ros2_ws/build/champ_description
[2.855s] Invoking command in '/home/ubuntu/ros2_ws/build/champ_description': CMAKE_PREFIX_PATH=/opt/ros/humble /usr/bin/cmake --install /home/ubuntu/ros2_ws/build/champ_description
[2.879s] -- Install configuration: ""
[2.880s] -- Execute custom install script
[2.882s] -- Symlinking: /home/ubuntu/ros2_ws/install/champ_description/share/champ_description/launch/description.launch
[2.911s] -- Symlinking: /home/ubuntu/ros2_ws/install/champ_description/share/champ_description/launch/description.launch.py
[2.940s] -- Symlinking: /home/ubuntu/ros2_ws/install/champ_description/share/champ_description/launch/view_urdf.launch
[2.969s] -- Symlinking: /home/ubuntu/ros2_ws/install/champ_description/share/champ_description/rviz/urdf_viewer.rviz
[3.001s] -- Symlinking: /home/ubuntu/ros2_ws/install/champ_description/share/champ_description/meshes/arm/base.stl
[3.030s] -- Symlinking: /home/ubuntu/ros2_ws/install/champ_description/share/champ_description/meshes/arm/lower_arm.stl
[3.059s] -- Symlinking: /home/ubuntu/ros2_ws/install/champ_description/share/champ_description/meshes/arm/upper_arm.stl
[3.088s] -- Symlinking: /home/ubuntu/ros2_ws/install/champ_description/share/champ_description/meshes/arm/wrist1.stl
[3.117s] -- Symlinking: /home/ubuntu/ros2_ws/install/champ_description/share/champ_description/meshes/arm/wrist2.stl
[3.146s] -- Symlinking: /home/ubuntu/ros2_ws/install/champ_description/share/champ_description/meshes/asus_camera_simple.dae
[3.175s] -- Symlinking: /home/ubuntu/ros2_ws/install/champ_description/share/champ_description/meshes/base.stl
[3.204s] -- Symlinking: /home/ubuntu/ros2_ws/install/champ_description/share/champ_description/meshes/base_simple.stl
[3.233s] -- Symlinking: /home/ubuntu/ros2_ws/install/champ_description/share/champ_description/meshes/hip.stl
[3.262s] -- Symlinking: /home/ubuntu/ros2_ws/install/champ_description/share/champ_description/meshes/hokuyo_utm_30lx.dae
[3.290s] -- Symlinking: /home/ubuntu/ros2_ws/install/champ_description/share/champ_description/meshes/lower_leg.stl
[3.318s] -- Symlinking: /home/ubuntu/ros2_ws/install/champ_description/share/champ_description/meshes/lower_leg_simple.stl
[3.346s] -- Symlinking: /home/ubuntu/ros2_ws/install/champ_description/share/champ_description/meshes/upper_leg.stl
[3.374s] -- Symlinking: /home/ubuntu/ros2_ws/install/champ_description/share/champ_description/meshes/upper_leg_simple.stl
[3.404s] -- Symlinking: /home/ubuntu/ros2_ws/install/champ_description/share/champ_description/urdf/accessories.urdf.xacro
[3.432s] -- Symlinking: /home/ubuntu/ros2_ws/install/champ_description/share/champ_description/urdf/asus_camera.urdf.xacro
[3.461s] -- Symlinking: /home/ubuntu/ros2_ws/install/champ_description/share/champ_description/urdf/champ.urdf
[3.489s] -- Symlinking: /home/ubuntu/ros2_ws/install/champ_description/share/champ_description/urdf/champ.urdf.xacro
[3.517s] -- Symlinking: /home/ubuntu/ros2_ws/install/champ_description/share/champ_description/urdf/champ_arm.urdf
[3.546s] -- Symlinking: /home/ubuntu/ros2_ws/install/champ_description/share/champ_description/urdf/champ_velodyne.urdf
[3.574s] -- Symlinking: /home/ubuntu/ros2_ws/install/champ_description/share/champ_description/urdf/gen_urdf
[3.602s] -- Symlinking: /home/ubuntu/ros2_ws/install/champ_description/share/champ_description/urdf/hokuyo_utm30lx.urdf.xacro
[3.630s] -- Symlinking: /home/ubuntu/ros2_ws/install/champ_description/share/champ_description/urdf/leg.urdf.xacro
[3.658s] -- Symlinking: /home/ubuntu/ros2_ws/install/champ_description/share/champ_description/urdf/properties.urdf.xacro
[3.687s] -- Symlinking: /home/ubuntu/ros2_ws/install/champ_description/share/ament_index/resource_index/package_run_dependencies/champ_description
[3.716s] -- Symlinking: /home/ubuntu/ros2_ws/install/champ_description/share/ament_index/resource_index/parent_prefix_path/champ_description
[3.745s] -- Symlinking: /home/ubuntu/ros2_ws/install/champ_description/share/champ_description/environment/ament_prefix_path.sh
[3.774s] -- Symlinking: /home/ubuntu/ros2_ws/install/champ_description/share/champ_description/environment/ament_prefix_path.dsv
[3.802s] -- Symlinking: /home/ubuntu/ros2_ws/install/champ_description/share/champ_description/environment/path.sh
[3.830s] -- Symlinking: /home/ubuntu/ros2_ws/install/champ_description/share/champ_description/environment/path.dsv
[3.858s] -- Symlinking: /home/ubuntu/ros2_ws/install/champ_description/share/champ_description/local_setup.bash
[3.887s] -- Symlinking: /home/ubuntu/ros2_ws/install/champ_description/share/champ_description/local_setup.sh
[3.915s] -- Symlinking: /home/ubuntu/ros2_ws/install/champ_description/share/champ_description/local_setup.zsh
[3.944s] -- Symlinking: /home/ubuntu/ros2_ws/install/champ_description/share/champ_description/local_setup.dsv
[3.973s] -- Symlinking: /home/ubuntu/ros2_ws/install/champ_description/share/champ_description/package.dsv
[4.001s] -- Symlinking: /home/ubuntu/ros2_ws/install/champ_description/share/ament_index/resource_index/packages/champ_description
[4.030s] -- Symlinking: /home/ubuntu/ros2_ws/install/champ_description/share/champ_description/cmake/champ_descriptionConfig.cmake
[4.058s] -- Symlinking: /home/ubuntu/ros2_ws/install/champ_description/share/champ_description/cmake/champ_descriptionConfig-version.cmake
[4.087s] -- Symlinking: /home/ubuntu/ros2_ws/install/champ_description/share/champ_description/package.xml
[4.121s] Invoked command in '/home/ubuntu/ros2_ws/build/champ_description' returned '0': CMAKE_PREFIX_PATH=/opt/ros/humble /usr/bin/cmake --install /home/ubuntu/ros2_ws/build/champ_description
