1717403976.4198265 [INFO] [launch]: All log files can be found below /home/ubuntu/.ros/log/2024-06-03-08-39-36-415935-minipupperv2-1221
1717403976.4204307 [INFO] [launch]: Default logging verbosity is set to INFO
1717403980.5305314 [INFO] [robot_state_publisher-1]: process started with pid [1225]
1717403980.5322964 [INFO] [quadruped_controller_node-2]: process started with pid [1227]
1717403980.5334914 [INFO] [state_estimation_node-3]: process started with pid [1229]
1717403980.5343823 [INFO] [ekf_node-4]: process started with pid [1231]
1717403980.5351319 [INFO] [ekf_node-5]: process started with pid [1233]
1717403980.5374780 [INFO] [servo_interface-6]: process started with pid [1235]
1717403980.5384030 [INFO] [ldlidar_stl_ros2_node-7]: process started with pid [1237]
1717403981.5081041 [robot_state_publisher-1] [INFO] [1717403981.501150382] [robot_state_publisher]: got segment base_inertia
1717403981.5092716 [robot_state_publisher-1] [INFO] [1717403981.502305308] [robot_state_publisher]: got segment base_link
1717403981.5112059 [robot_state_publisher-1] [INFO] [1717403981.502428567] [robot_state_publisher]: got segment imu_link
1717403981.5119553 [robot_state_publisher-1] [INFO] [1717403981.502473215] [robot_state_publisher]: got segment lb1
1717403981.5125136 [robot_state_publisher-1] [INFO] [1717403981.502508141] [robot_state_publisher]: got segment lb2
1717403981.5134869 [robot_state_publisher-1] [INFO] [1717403981.502540937] [robot_state_publisher]: got segment lb3
1717403981.5141726 [robot_state_publisher-1] [INFO] [1717403981.502572604] [robot_state_publisher]: got segment lbfoot
1717403981.5148163 [robot_state_publisher-1] [INFO] [1717403981.502603641] [robot_state_publisher]: got segment lf1
1717403981.5153327 [robot_state_publisher-1] [INFO] [1717403981.502633493] [robot_state_publisher]: got segment lf2
1717403981.5158761 [robot_state_publisher-1] [INFO] [1717403981.502663752] [robot_state_publisher]: got segment lf3
1717403981.5163956 [robot_state_publisher-1] [INFO] [1717403981.502901345] [robot_state_publisher]: got segment lffoot
1717403981.5169635 [robot_state_publisher-1] [INFO] [1717403981.503001863] [robot_state_publisher]: got segment lidar_link
1717403981.5202057 [robot_state_publisher-1] [INFO] [1717403981.503040789] [robot_state_publisher]: got segment lpb1
1717403981.5208576 [robot_state_publisher-1] [INFO] [1717403981.503085159] [robot_state_publisher]: got segment lpb2
1717403981.5213783 [robot_state_publisher-1] [INFO] [1717403981.503117808] [robot_state_publisher]: got segment lpf1
1717403981.5219567 [robot_state_publisher-1] [INFO] [1717403981.503190696] [robot_state_publisher]: got segment lpf2
1717403981.5225198 [robot_state_publisher-1] [INFO] [1717403981.503235141] [robot_state_publisher]: got segment rb1
1717403981.5230775 [robot_state_publisher-1] [INFO] [1717403981.503270604] [robot_state_publisher]: got segment rb2
1717403981.5235810 [robot_state_publisher-1] [INFO] [1717403981.503445104] [robot_state_publisher]: got segment rb3
1717403981.5240741 [robot_state_publisher-1] [INFO] [1717403981.503512141] [robot_state_publisher]: got segment rbfoot
1717403981.5245140 [robot_state_publisher-1] [INFO] [1717403981.503563326] [robot_state_publisher]: got segment rf1
1717403981.5263221 [robot_state_publisher-1] [INFO] [1717403981.504689789] [robot_state_publisher]: got segment rf2
1717403981.5272720 [robot_state_publisher-1] [INFO] [1717403981.504991400] [robot_state_publisher]: got segment rf3
1717403981.5286167 [robot_state_publisher-1] [INFO] [1717403981.505036493] [robot_state_publisher]: got segment rffoot
1717403981.5297072 [robot_state_publisher-1] [INFO] [1717403981.505072826] [robot_state_publisher]: got segment rpb1
1717403981.5313418 [robot_state_publisher-1] [INFO] [1717403981.505190085] [robot_state_publisher]: got segment rpb2
1717403981.5323920 [robot_state_publisher-1] [INFO] [1717403981.505229585] [robot_state_publisher]: got segment rpf1
1717403981.5342534 [robot_state_publisher-1] [INFO] [1717403981.505345752] [robot_state_publisher]: got segment rpf2
1717403981.5353491 [robot_state_publisher-1] [INFO] [1717403981.505398178] [robot_state_publisher]: got segment yellow_plate
