1717408862.3412337 [INFO] [launch]: All log files can be found below /home/ubuntu/.ros/log/2024-06-03-10-01-02-338026-minipupperv2-2941
1717408862.3418372 [INFO] [launch]: Default logging verbosity is set to INFO
1717408866.3720539 [INFO] [robot_state_publisher-1]: process started with pid [2945]
1717408866.3740923 [INFO] [quadruped_controller_node-2]: process started with pid [2947]
1717408866.3850410 [INFO] [state_estimation_node-3]: process started with pid [2949]
1717408866.3901353 [INFO] [ekf_node-4]: process started with pid [2951]
1717408866.3938963 [INFO] [ekf_node-5]: process started with pid [2954]
1717408866.3961968 [INFO] [servo_interface-6]: process started with pid [2963]
1717408866.4056211 [INFO] [ldlidar_stl_ros2_node-7]: process started with pid [2976]
1717408867.3829355 [robot_state_publisher-1] [INFO] [1717408867.381753202] [robot_state_publisher]: got segment base_inertia
1717408867.3915641 [robot_state_publisher-1] [INFO] [1717408867.385750496] [robot_state_publisher]: got segment base_link
1717408867.3922265 [robot_state_publisher-1] [INFO] [1717408867.385839376] [robot_state_publisher]: got segment imu_link
1717408867.3952661 [robot_state_publisher-1] [INFO] [1717408867.385880008] [robot_state_publisher]: got segment lb1
1717408867.3957555 [robot_state_publisher-1] [INFO] [1717408867.388990950] [robot_state_publisher]: got segment lb2
1717408867.3961506 [robot_state_publisher-1] [INFO] [1717408867.389089817] [robot_state_publisher]: got segment lb3
1717408867.3965256 [robot_state_publisher-1] [INFO] [1717408867.389132246] [robot_state_publisher]: got segment lbfoot
1717408867.3968844 [robot_state_publisher-1] [INFO] [1717408867.389166987] [robot_state_publisher]: got segment lf1
1717408867.3972392 [robot_state_publisher-1] [INFO] [1717408867.389198188] [robot_state_publisher]: got segment lf2
1717408867.3976831 [robot_state_publisher-1] [INFO] [1717408867.389228056] [robot_state_publisher]: got segment lf3
1717408867.4095507 [robot_state_publisher-1] [INFO] [1717408867.403476340] [robot_state_publisher]: got segment lffoot
1717408867.4101741 [robot_state_publisher-1] [INFO] [1717408867.403578264] [robot_state_publisher]: got segment lidar_link
1717408867.4107010 [robot_state_publisher-1] [INFO] [1717408867.403617044] [robot_state_publisher]: got segment lpb1
1717408867.4111540 [robot_state_publisher-1] [INFO] [1717408867.403649987] [robot_state_publisher]: got segment lpb2
1717408867.4115543 [robot_state_publisher-1] [INFO] [1717408867.403679891] [robot_state_publisher]: got segment lpf1
1717408867.4119563 [robot_state_publisher-1] [INFO] [1717408867.403709073] [robot_state_publisher]: got segment lpf2
1717408867.4123712 [robot_state_publisher-1] [INFO] [1717408867.403738385] [robot_state_publisher]: got segment rb1
1717408867.4126749 [robot_state_publisher-1] [INFO] [1717408867.403768308] [robot_state_publisher]: got segment rb2
1717408867.4305997 [robot_state_publisher-1] [INFO] [1717408867.415078760] [robot_state_publisher]: got segment rb3
1717408867.4312503 [robot_state_publisher-1] [INFO] [1717408867.415180054] [robot_state_publisher]: got segment rbfoot
1717408867.4318707 [robot_state_publisher-1] [INFO] [1717408867.415223854] [robot_state_publisher]: got segment rf1
1717408867.4324939 [robot_state_publisher-1] [INFO] [1717408867.415256946] [robot_state_publisher]: got segment rf2
1717408867.4330826 [robot_state_publisher-1] [INFO] [1717408867.415398742] [robot_state_publisher]: got segment rf3
1717408867.4336896 [robot_state_publisher-1] [INFO] [1717408867.415443228] [robot_state_publisher]: got segment rffoot
1717408867.4342835 [robot_state_publisher-1] [INFO] [1717408867.415479859] [robot_state_publisher]: got segment rpb1
1717408867.4412961 [robot_state_publisher-1] [INFO] [1717408867.415511746] [robot_state_publisher]: got segment rpb2
1717408867.4418168 [robot_state_publisher-1] [INFO] [1717408867.415732694] [robot_state_publisher]: got segment rpf1
1717408867.4421899 [robot_state_publisher-1] [INFO] [1717408867.415785963] [robot_state_publisher]: got segment rpf2
1717408867.4429264 [robot_state_publisher-1] [INFO] [1717408867.415821593] [robot_state_publisher]: got segment yellow_plate
1717408885.8898051 [WARNING] [launch]: user interrupted with ctrl-c (SIGINT)
1717408885.9819870 [robot_state_publisher-1] [INFO] [1717408885.892373185] [rclcpp]: signal_handler(signum=2)
1717408886.1841509 [INFO] [robot_state_publisher-1]: process has finished cleanly [pid 2945]
1717408886.2237139 [INFO] [quadruped_controller_node-2]: process has finished cleanly [pid 2947]
1717408886.2810183 [ERROR] [servo_interface-6]: process has died [pid 2963, exit code -2, cmd '/home/ubuntu/ros2_ws/install/mini_pupper_driver/lib/mini_pupper_driver/servo_interface --ros-args -r __node:=servo_interface'].
1717408886.3793044 [INFO] [state_estimation_node-3]: process has finished cleanly [pid 2949]
1717408886.3976521 [INFO] [ldlidar_stl_ros2_node-7]: process has finished cleanly [pid 2976]
1717408886.4061472 [INFO] [ekf_node-5]: process has finished cleanly [pid 2954]
1717408886.4177356 [INFO] [ekf_node-4]: process has finished cleanly [pid 2951]
