1717405580.4627542 [INFO] [launch]: All log files can be found below /home/ubuntu/.ros/log/2024-06-03-09-06-20-459241-minipupperv2-2274
1717405580.4634666 [INFO] [launch]: Default logging verbosity is set to INFO
1717405584.5879428 [INFO] [robot_state_publisher-1]: process started with pid [2278]
1717405584.5895000 [INFO] [quadruped_controller_node-2]: process started with pid [2280]
1717405584.5908129 [INFO] [state_estimation_node-3]: process started with pid [2282]
1717405584.6150181 [INFO] [ekf_node-4]: process started with pid [2284]
1717405584.6158469 [INFO] [ekf_node-5]: process started with pid [2286]
1717405584.6166780 [INFO] [servo_interface-6]: process started with pid [2290]
1717405584.6175134 [INFO] [ldlidar_stl_ros2_node-7]: process started with pid [2303]
1717405585.0410464 [robot_state_publisher-1] [INFO] [1717405585.038589313] [robot_state_publisher]: got segment base_inertia
1717405585.0438676 [robot_state_publisher-1] [INFO] [1717405585.040990676] [robot_state_publisher]: got segment base_link
1717405585.0445709 [robot_state_publisher-1] [INFO] [1717405585.041242766] [robot_state_publisher]: got segment imu_link
1717405585.0451186 [robot_state_publisher-1] [INFO] [1717405585.041297432] [robot_state_publisher]: got segment lb1
1717405585.0456200 [robot_state_publisher-1] [INFO] [1717405585.041333432] [robot_state_publisher]: got segment lb2
1717405585.0461233 [robot_state_publisher-1] [INFO] [1717405585.041366080] [robot_state_publisher]: got segment lb3
1717405585.0478952 [robot_state_publisher-1] [INFO] [1717405585.041397783] [robot_state_publisher]: got segment lbfoot
1717405585.0517845 [robot_state_publisher-1] [INFO] [1717405585.042485401] [robot_state_publisher]: got segment lf1
1717405585.0526452 [robot_state_publisher-1] [INFO] [1717405585.042557438] [robot_state_publisher]: got segment lf2
1717405585.0534892 [robot_state_publisher-1] [INFO] [1717405585.042596456] [robot_state_publisher]: got segment lf3
1717405585.0843954 [robot_state_publisher-1] [INFO] [1717405585.042630233] [robot_state_publisher]: got segment lffoot
1717405585.0949740 [robot_state_publisher-1] [INFO] [1717405585.042663344] [robot_state_publisher]: got segment lidar_link
1717405585.0956209 [robot_state_publisher-1] [INFO] [1717405585.042694862] [robot_state_publisher]: got segment lpb1
1717405585.0961337 [robot_state_publisher-1] [INFO] [1717405585.043535650] [robot_state_publisher]: got segment lpb2
1717405585.1091521 [robot_state_publisher-1] [INFO] [1717405585.043741703] [robot_state_publisher]: got segment lpf1
1717405585.1219549 [robot_state_publisher-1] [INFO] [1717405585.043790814] [robot_state_publisher]: got segment lpf2
1717405585.1225827 [robot_state_publisher-1] [INFO] [1717405585.043823869] [robot_state_publisher]: got segment rb1
1717405585.1230969 [robot_state_publisher-1] [INFO] [1717405585.043854739] [robot_state_publisher]: got segment rb2
1717405585.1236415 [robot_state_publisher-1] [INFO] [1717405585.043886442] [robot_state_publisher]: got segment rb3
1717405585.1242032 [robot_state_publisher-1] [INFO] [1717405585.043918257] [robot_state_publisher]: got segment rbfoot
1717405585.1247287 [robot_state_publisher-1] [INFO] [1717405585.043950812] [robot_state_publisher]: got segment rf1
1717405585.1252453 [robot_state_publisher-1] [INFO] [1717405585.043982108] [robot_state_publisher]: got segment rf2
1717405585.1518941 [robot_state_publisher-1] [INFO] [1717405585.045010375] [robot_state_publisher]: got segment rf3
1717405585.1526129 [robot_state_publisher-1] [INFO] [1717405585.045061467] [robot_state_publisher]: got segment rffoot
1717405585.1530902 [robot_state_publisher-1] [INFO] [1717405585.045095300] [robot_state_publisher]: got segment rpb1
1717405585.1535137 [robot_state_publisher-1] [INFO] [1717405585.045126596] [robot_state_publisher]: got segment rpb2
1717405585.1539636 [robot_state_publisher-1] [INFO] [1717405585.045155929] [robot_state_publisher]: got segment rpf1
1717405585.1543350 [robot_state_publisher-1] [INFO] [1717405585.045186225] [robot_state_publisher]: got segment rpf2
1717405585.1547213 [robot_state_publisher-1] [INFO] [1717405585.045216447] [robot_state_publisher]: got segment yellow_plate
1717405616.2820864 [WARNING] [launch]: user interrupted with ctrl-c (SIGINT)
1717405616.4013040 [robot_state_publisher-1] [INFO] [1717405616.278883098] [rclcpp]: signal_handler(signum=2)
1717405616.4999738 [INFO] [state_estimation_node-3]: process has finished cleanly [pid 2282]
1717405616.5604985 [INFO] [robot_state_publisher-1]: process has finished cleanly [pid 2278]
1717405616.5793395 [INFO] [ldlidar_stl_ros2_node-7]: process has finished cleanly [pid 2303]
1717405616.6009479 [INFO] [quadruped_controller_node-2]: process has finished cleanly [pid 2280]
1717405616.6413486 [INFO] [ekf_node-4]: process has finished cleanly [pid 2284]
1717405616.6460502 [ERROR] [servo_interface-6]: process has died [pid 2290, exit code -2, cmd '/home/ubuntu/ros2_ws/install/mini_pupper_driver/lib/mini_pupper_driver/servo_interface --ros-args -r __node:=servo_interface'].
1717405616.6484482 [INFO] [ekf_node-5]: process has finished cleanly [pid 2286]
