[2.735s] Invoking command in '/home/ubuntu/ros2_ws/build/mini_pupper_dance': AMENT_PREFIX_PATH=/home/ubuntu/ros2_ws/install/mini_pupper_interfaces:${AMENT_PREFIX_PATH} CMAKE_PREFIX_PATH=/home/ubuntu/ros2_ws/install/mini_pupper_interfaces LD_LIBRARY_PATH=/home/ubuntu/ros2_ws/install/mini_pupper_interfaces/lib:${LD_LIBRARY_PATH} PYTHONPATH=/home/ubuntu/ros2_ws/build/mini_pupper_dance/prefix_override:/home/ubuntu/ros2_ws/install/mini_pupper_dance/lib/python3.10/site-packages:/home/ubuntu/ros2_ws/install/mini_pupper_interfaces/local/lib/python3.10/dist-packages:${PYTHONPATH} /usr/bin/python3 -W ignore:setup.py install is deprecated setup.py develop --editable --build-directory /home/ubuntu/ros2_ws/build/mini_pupper_dance/build --no-deps symlink_data
[3.836s] running develop
[4.423s] running egg_info
[4.423s] creating mini_pupper_dance.egg-info
[4.424s] writing mini_pupper_dance.egg-info/PKG-INFO
[4.424s] writing dependency_links to mini_pupper_dance.egg-info/dependency_links.txt
[4.425s] writing entry points to mini_pupper_dance.egg-info/entry_points.txt
[4.425s] writing requirements to mini_pupper_dance.egg-info/requires.txt
[4.426s] writing top-level names to mini_pupper_dance.egg-info/top_level.txt
[4.427s] writing manifest file 'mini_pupper_dance.egg-info/SOURCES.txt'
[4.433s] reading manifest file 'mini_pupper_dance.egg-info/SOURCES.txt'
[4.436s] writing manifest file 'mini_pupper_dance.egg-info/SOURCES.txt'
[4.441s] running build_ext
[4.442s] Creating /home/ubuntu/ros2_ws/install/mini_pupper_dance/lib/python3.10/site-packages/mini-pupper-dance.egg-link (link to .)
[4.445s] Installing client script to /home/ubuntu/ros2_ws/install/mini_pupper_dance/lib/mini_pupper_dance
[4.446s] Installing pose_controller script to /home/ubuntu/ros2_ws/install/mini_pupper_dance/lib/mini_pupper_dance
[4.447s] Installing service script to /home/ubuntu/ros2_ws/install/mini_pupper_dance/lib/mini_pupper_dance
[4.448s] 
[4.448s] Installed /home/ubuntu/ros2_ws/build/mini_pupper_dance
[4.449s] running symlink_data
[4.449s] creating /home/ubuntu/ros2_ws/install/mini_pupper_dance/share/ament_index
[4.449s] creating /home/ubuntu/ros2_ws/install/mini_pupper_dance/share/ament_index/resource_index
[4.450s] creating /home/ubuntu/ros2_ws/install/mini_pupper_dance/share/ament_index/resource_index/packages
[4.450s] symbolically linking /home/ubuntu/ros2_ws/build/mini_pupper_dance/resource/mini_pupper_dance -> /home/ubuntu/ros2_ws/install/mini_pupper_dance/share/ament_index/resource_index/packages
[4.451s] symbolically linking /home/ubuntu/ros2_ws/build/mini_pupper_dance/package.xml -> /home/ubuntu/ros2_ws/install/mini_pupper_dance/share/mini_pupper_dance
[4.452s] symbolically linking /home/ubuntu/ros2_ws/build/mini_pupper_dance/launch/dance.launch.py -> /home/ubuntu/ros2_ws/install/mini_pupper_dance/share/mini_pupper_dance
[4.590s] Invoked command in '/home/ubuntu/ros2_ws/build/mini_pupper_dance' returned '0': AMENT_PREFIX_PATH=/home/ubuntu/ros2_ws/install/mini_pupper_interfaces:${AMENT_PREFIX_PATH} CMAKE_PREFIX_PATH=/home/ubuntu/ros2_ws/install/mini_pupper_interfaces LD_LIBRARY_PATH=/home/ubuntu/ros2_ws/install/mini_pupper_interfaces/lib:${LD_LIBRARY_PATH} PYTHONPATH=/home/ubuntu/ros2_ws/build/mini_pupper_dance/prefix_override:/home/ubuntu/ros2_ws/install/mini_pupper_dance/lib/python3.10/site-packages:/home/ubuntu/ros2_ws/install/mini_pupper_interfaces/local/lib/python3.10/dist-packages:${PYTHONPATH} /usr/bin/python3 -W ignore:setup.py install is deprecated setup.py develop --editable --build-directory /home/ubuntu/ros2_ws/build/mini_pupper_dance/build --no-deps symlink_data
