1733787678.7572081 [INFO] [launch]: All log files can be found below /home/ubuntu/.ros/log/2024-12-09-23-41-18-754030-minipupperv2-4224
1733787678.7578335 [INFO] [launch]: Default logging verbosity is set to INFO
1733787684.1862547 [INFO] [robot_state_publisher-1]: process started with pid [4229]
1733787684.1872771 [INFO] [quadruped_controller_node-2]: process started with pid [4231]
1733787684.1881602 [INFO] [state_estimation_node-3]: process started with pid [4233]
1733787684.1908398 [INFO] [ekf_node-4]: process started with pid [4235]
1733787684.1936493 [INFO] [ekf_node-5]: process started with pid [4237]
1733787684.1973908 [INFO] [servo_interface-6]: process started with pid [4239]
1733787684.2036471 [INFO] [ldlidar_stl_ros2_node-7]: process started with pid [4245]
1733787684.2118485 [INFO] [imu_interface-8]: process started with pid [4255]
1733787684.3550806 [robot_state_publisher-1] [INFO] [1733787684.353741800] [robot_state_publisher]: got segment Board_PCB
1733787684.3570776 [robot_state_publisher-1] [INFO] [1733787684.354763364] [robot_state_publisher]: got segment Board_connectors_1
1733787684.3582292 [robot_state_publisher-1] [INFO] [1733787684.355160398] [robot_state_publisher]: got segment Board_connectors_2
1733787684.3592055 [robot_state_publisher-1] [INFO] [1733787684.355236267] [robot_state_publisher]: got segment Body_front
1733787684.3598518 [robot_state_publisher-1] [INFO] [1733787684.355277526] [robot_state_publisher]: got segment Shell_Side
1733787684.3604393 [robot_state_publisher-1] [INFO] [1733787684.355312915] [robot_state_publisher]: got segment base_inertia
1733787684.3610332 [robot_state_publisher-1] [INFO] [1733787684.355346581] [robot_state_publisher]: got segment base_link
1733787684.3615811 [robot_state_publisher-1] [INFO] [1733787684.355378247] [robot_state_publisher]: got segment imu_link
1733787684.3623586 [robot_state_publisher-1] [INFO] [1733787684.355408303] [robot_state_publisher]: got segment lb1
1733787684.3628964 [robot_state_publisher-1] [INFO] [1733787684.355437636] [robot_state_publisher]: got segment lb2
1733787684.3634157 [robot_state_publisher-1] [INFO] [1733787684.355468043] [robot_state_publisher]: got segment lb3
1733787684.3665552 [robot_state_publisher-1] [INFO] [1733787684.355820688] [robot_state_publisher]: got segment lbfoot
1733787684.3671665 [robot_state_publisher-1] [INFO] [1733787684.355889687] [robot_state_publisher]: got segment lf1
1733787684.3678012 [robot_state_publisher-1] [INFO] [1733787684.355930872] [robot_state_publisher]: got segment lf2
1733787684.3759842 [robot_state_publisher-1] [INFO] [1733787684.355962835] [robot_state_publisher]: got segment lf3
1733787684.3858414 [robot_state_publisher-1] [INFO] [1733787684.355992575] [robot_state_publisher]: got segment lffoot
1733787684.3889804 [robot_state_publisher-1] [INFO] [1733787684.356025871] [robot_state_publisher]: got segment lidar_link
1733787684.3915448 [robot_state_publisher-1] [INFO] [1733787684.356055871] [robot_state_publisher]: got segment lpb1
1733787684.3942165 [robot_state_publisher-1] [INFO] [1733787684.356086019] [robot_state_publisher]: got segment lpb2
1733787684.3967762 [robot_state_publisher-1] [INFO] [1733787684.356303979] [robot_state_publisher]: got segment lpf1
1733787684.3995569 [robot_state_publisher-1] [INFO] [1733787684.356460904] [robot_state_publisher]: got segment lpf2
1733787684.4022393 [robot_state_publisher-1] [INFO] [1733787684.356502459] [robot_state_publisher]: got segment rb1
1733787684.4096279 [robot_state_publisher-1] [INFO] [1733787684.356535477] [robot_state_publisher]: got segment rb2
1733787684.4122143 [robot_state_publisher-1] [INFO] [1733787684.356565884] [robot_state_publisher]: got segment rb3
1733787684.4152594 [robot_state_publisher-1] [INFO] [1733787684.356595292] [robot_state_publisher]: got segment rbfoot
1733787684.4172895 [robot_state_publisher-1] [INFO] [1733787684.356625421] [robot_state_publisher]: got segment rf1
1733787684.4203546 [robot_state_publisher-1] [INFO] [1733787684.356654347] [robot_state_publisher]: got segment rf2
1733787684.4232364 [robot_state_publisher-1] [INFO] [1733787684.356683606] [robot_state_publisher]: got segment rf3
1733787684.4253409 [robot_state_publisher-1] [INFO] [1733787684.356907029] [robot_state_publisher]: got segment rffoot
1733787684.4286182 [robot_state_publisher-1] [INFO] [1733787684.357053935] [robot_state_publisher]: got segment rpb1
1733787684.4321699 [robot_state_publisher-1] [INFO] [1733787684.357093861] [robot_state_publisher]: got segment rpb2
1733787684.4349210 [robot_state_publisher-1] [INFO] [1733787684.357124194] [robot_state_publisher]: got segment rpf1
1733787684.4374709 [robot_state_publisher-1] [INFO] [1733787684.357153268] [robot_state_publisher]: got segment rpf2
1733787687.5479209 [ERROR] [ldlidar_stl_ros2_node-7]: process has died [pid 4245, exit code 1, cmd '/home/ubuntu/ros2_ws/install/ldlidar_stl_ros2/lib/ldlidar_stl_ros2/ldlidar_stl_ros2_node --ros-args -r __node:=LD06 --params-file /tmp/launch_params_1htlmm9e --params-file /tmp/launch_params_1y6hg8_6 --params-file /tmp/launch_params_jc77tjit --params-file /tmp/launch_params_o65w22o9 --params-file /tmp/launch_params_w0f0r7l3 --params-file /tmp/launch_params_oey1d_fa --params-file /tmp/launch_params_x_4dmph_ --params-file /tmp/launch_params_nok0ezvl --params-file /tmp/launch_params__focercd'].
1733787702.1643348 [WARNING] [launch]: user interrupted with ctrl-c (SIGINT)
1733787702.3403459 [robot_state_publisher-1] [INFO] [1733787702.162968571] [rclcpp]: signal_handler(signum=2)
1733787702.4415433 [INFO] [robot_state_publisher-1]: process has finished cleanly [pid 4229]
1733787702.4631755 [INFO] [state_estimation_node-3]: process has finished cleanly [pid 4233]
1733787702.5138731 [INFO] [ekf_node-5]: process has finished cleanly [pid 4237]
1733787702.5345705 [INFO] [quadruped_controller_node-2]: process has finished cleanly [pid 4231]
1733787702.6481466 [INFO] [ekf_node-4]: process has finished cleanly [pid 4235]
1733787702.6983123 [ERROR] [imu_interface-8]: process has died [pid 4255, exit code -2, cmd '/home/ubuntu/ros2_ws/install/mini_pupper_driver/lib/mini_pupper_driver/imu_interface --ros-args -r __node:=imu_interface -r __ns:=/'].
1733787702.9512203 [ERROR] [servo_interface-6]: process has died [pid 4239, exit code 1, cmd '/home/ubuntu/ros2_ws/install/mini_pupper_driver/lib/mini_pupper_driver/servo_interface --ros-args -r __node:=servo_interface'].
