[0.128s] Invoking command in '/home/ubuntu/ros2_ws/build/champ_msgs': CMAKE_PREFIX_PATH=/opt/ros/humble /usr/bin/cmake --build /home/ubuntu/ros2_ws/build/champ_msgs
[0.391s] [  1%] Built target champ_msgs__cpp
[0.458s] [35m[1mConsolidate compiler generated dependencies of target champ_msgs__rosidl_typesupport_cpp[0m
[0.593s] [ 12%] Built target champ_msgs__rosidl_typesupport_cpp
[0.657s] [35m[1mConsolidate compiler generated dependencies of target champ_msgs__rosidl_generator_c[0m
[0.732s] [ 24%] Built target champ_msgs__rosidl_generator_c
[0.801s] [35m[1mConsolidate compiler generated dependencies of target champ_msgs__rosidl_typesupport_fastrtps_c[0m
[0.908s] [ 35%] Built target champ_msgs__rosidl_typesupport_fastrtps_c
[0.972s] [35m[1mConsolidate compiler generated dependencies of target champ_msgs__rosidl_typesupport_introspection_c[0m
[1.043s] [ 47%] Built target champ_msgs__rosidl_typesupport_introspection_c
[1.103s] [35m[1mConsolidate compiler generated dependencies of target champ_msgs__rosidl_typesupport_c[0m
[1.161s] [ 58%] Built target champ_msgs__rosidl_typesupport_c
[1.232s] [35m[1mConsolidate compiler generated dependencies of target champ_msgs__rosidl_typesupport_fastrtps_cpp[0m
[1.339s] [ 70%] Built target champ_msgs__rosidl_typesupport_fastrtps_cpp
[1.408s] [35m[1mConsolidate compiler generated dependencies of target champ_msgs__rosidl_typesupport_introspection_cpp[0m
[1.506s] [ 82%] Built target champ_msgs__rosidl_typesupport_introspection_cpp
[1.596s] [ 82%] Built target champ_msgs
[1.713s] [ 82%] Built target ament_cmake_python_symlink_champ_msgs
[2.914s] running egg_info
[2.918s] writing champ_msgs.egg-info/PKG-INFO
[2.919s] writing dependency_links to champ_msgs.egg-info/dependency_links.txt
[2.920s] writing top-level names to champ_msgs.egg-info/top_level.txt
[2.934s] reading manifest file 'champ_msgs.egg-info/SOURCES.txt'
[2.937s] writing manifest file 'champ_msgs.egg-info/SOURCES.txt'
[3.067s] [ 82%] Built target ament_cmake_python_build_champ_msgs_egg
[3.163s] [ 83%] Built target champ_msgs__py
[3.223s] [35m[1mConsolidate compiler generated dependencies of target champ_msgs__rosidl_generator_py[0m
[3.337s] [ 93%] Built target champ_msgs__rosidl_generator_py
[3.388s] [35m[1mConsolidate compiler generated dependencies of target champ_msgs__rosidl_typesupport_fastrtps_c__pyext[0m
[3.453s] [ 95%] Built target champ_msgs__rosidl_typesupport_fastrtps_c__pyext
[3.504s] [35m[1mConsolidate compiler generated dependencies of target champ_msgs__rosidl_typesupport_introspection_c__pyext[0m
[3.567s] [ 97%] Built target champ_msgs__rosidl_typesupport_introspection_c__pyext
[3.618s] [35m[1mConsolidate compiler generated dependencies of target champ_msgs__rosidl_typesupport_c__pyext[0m
[3.682s] [100%] Built target champ_msgs__rosidl_typesupport_c__pyext
[3.731s] Invoked command in '/home/ubuntu/ros2_ws/build/champ_msgs' returned '0': CMAKE_PREFIX_PATH=/opt/ros/humble /usr/bin/cmake --build /home/ubuntu/ros2_ws/build/champ_msgs
[4.880s] Invoking command in '/home/ubuntu/ros2_ws/build/champ_msgs': CMAKE_PREFIX_PATH=/opt/ros/humble /usr/bin/cmake --install /home/ubuntu/ros2_ws/build/champ_msgs
[4.910s] -- Install configuration: ""
[4.914s] -- Execute custom install script
[4.916s] -- Up-to-date symlink: /home/ubuntu/ros2_ws/install/champ_msgs/share/ament_index/resource_index/rosidl_interfaces/champ_msgs
[4.924s] -- Up-to-date symlink: /home/ubuntu/ros2_ws/install/champ_msgs/include/champ_msgs/champ_msgs/msg/contacts.h
[4.926s] -- Up-to-date symlink: /home/ubuntu/ros2_ws/install/champ_msgs/include/champ_msgs/champ_msgs/msg/contacts_stamped.h
[4.928s] -- Up-to-date symlink: /home/ubuntu/ros2_ws/install/champ_msgs/include/champ_msgs/champ_msgs/msg/detail/contacts__functions.h
[4.929s] -- Up-to-date symlink: /home/ubuntu/ros2_ws/install/champ_msgs/include/champ_msgs/champ_msgs/msg/detail/contacts__struct.h
[4.931s] -- Up-to-date symlink: /home/ubuntu/ros2_ws/install/champ_msgs/include/champ_msgs/champ_msgs/msg/detail/contacts__type_support.h
[4.932s] -- Up-to-date symlink: /home/ubuntu/ros2_ws/install/champ_msgs/include/champ_msgs/champ_msgs/msg/detail/contacts_stamped__functions.h
[4.934s] -- Up-to-date symlink: /home/ubuntu/ros2_ws/install/champ_msgs/include/champ_msgs/champ_msgs/msg/detail/contacts_stamped__struct.h
[4.936s] -- Up-to-date symlink: /home/ubuntu/ros2_ws/install/champ_msgs/include/champ_msgs/champ_msgs/msg/detail/contacts_stamped__type_support.h
[4.937s] -- Up-to-date symlink: /home/ubuntu/ros2_ws/install/champ_msgs/include/champ_msgs/champ_msgs/msg/detail/imu__functions.h
[4.939s] -- Up-to-date symlink: /home/ubuntu/ros2_ws/install/champ_msgs/include/champ_msgs/champ_msgs/msg/detail/imu__struct.h
[4.940s] -- Up-to-date symlink: /home/ubuntu/ros2_ws/install/champ_msgs/include/champ_msgs/champ_msgs/msg/detail/imu__type_support.h
[4.942s] -- Up-to-date symlink: /home/ubuntu/ros2_ws/install/champ_msgs/include/champ_msgs/champ_msgs/msg/detail/joints__functions.h
[4.944s] -- Up-to-date symlink: /home/ubuntu/ros2_ws/install/champ_msgs/include/champ_msgs/champ_msgs/msg/detail/joints__struct.h
[4.945s] -- Up-to-date symlink: /home/ubuntu/ros2_ws/install/champ_msgs/include/champ_msgs/champ_msgs/msg/detail/joints__type_support.h
[4.947s] -- Up-to-date symlink: /home/ubuntu/ros2_ws/install/champ_msgs/include/champ_msgs/champ_msgs/msg/detail/pid__functions.h
[4.948s] -- Up-to-date symlink: /home/ubuntu/ros2_ws/install/champ_msgs/include/champ_msgs/champ_msgs/msg/detail/pid__struct.h
[4.950s] -- Up-to-date symlink: /home/ubuntu/ros2_ws/install/champ_msgs/include/champ_msgs/champ_msgs/msg/detail/pid__type_support.h
[4.951s] -- Up-to-date symlink: /home/ubuntu/ros2_ws/install/champ_msgs/include/champ_msgs/champ_msgs/msg/detail/point__functions.h
[4.953s] -- Up-to-date symlink: /home/ubuntu/ros2_ws/install/champ_msgs/include/champ_msgs/champ_msgs/msg/detail/point__struct.h
[4.954s] -- Up-to-date symlink: /home/ubuntu/ros2_ws/install/champ_msgs/include/champ_msgs/champ_msgs/msg/detail/point__type_support.h
[4.956s] -- Up-to-date symlink: /home/ubuntu/ros2_ws/install/champ_msgs/include/champ_msgs/champ_msgs/msg/detail/point_array__functions.h
[4.957s] -- Up-to-date symlink: /home/ubuntu/ros2_ws/install/champ_msgs/include/champ_msgs/champ_msgs/msg/detail/point_array__struct.h
[4.959s] -- Up-to-date symlink: /home/ubuntu/ros2_ws/install/champ_msgs/include/champ_msgs/champ_msgs/msg/detail/point_array__type_support.h
[4.960s] -- Up-to-date symlink: /home/ubuntu/ros2_ws/install/champ_msgs/include/champ_msgs/champ_msgs/msg/detail/pose__functions.h
[4.962s] -- Up-to-date symlink: /home/ubuntu/ros2_ws/install/champ_msgs/include/champ_msgs/champ_msgs/msg/detail/pose__struct.h
[4.963s] -- Up-to-date symlink: /home/ubuntu/ros2_ws/install/champ_msgs/include/champ_msgs/champ_msgs/msg/detail/pose__type_support.h
[4.965s] -- Up-to-date symlink: /home/ubuntu/ros2_ws/install/champ_msgs/include/champ_msgs/champ_msgs/msg/detail/velocities__functions.h
[4.967s] -- Up-to-date symlink: /home/ubuntu/ros2_ws/install/champ_msgs/include/champ_msgs/champ_msgs/msg/detail/velocities__struct.h
[4.968s] -- Up-to-date symlink: /home/ubuntu/ros2_ws/install/champ_msgs/include/champ_msgs/champ_msgs/msg/detail/velocities__type_support.h
[4.969s] -- Up-to-date symlink: /home/ubuntu/ros2_ws/install/champ_msgs/include/champ_msgs/champ_msgs/msg/imu.h
[4.971s] -- Up-to-date symlink: /home/ubuntu/ros2_ws/install/champ_msgs/include/champ_msgs/champ_msgs/msg/joints.h
[4.972s] -- Up-to-date symlink: /home/ubuntu/ros2_ws/install/champ_msgs/include/champ_msgs/champ_msgs/msg/pid.h
[4.974s] -- Up-to-date symlink: /home/ubuntu/ros2_ws/install/champ_msgs/include/champ_msgs/champ_msgs/msg/point.h
[4.975s] -- Up-to-date symlink: /home/ubuntu/ros2_ws/install/champ_msgs/include/champ_msgs/champ_msgs/msg/point_array.h
[4.977s] -- Up-to-date symlink: /home/ubuntu/ros2_ws/install/champ_msgs/include/champ_msgs/champ_msgs/msg/pose.h
[4.978s] -- Up-to-date symlink: /home/ubuntu/ros2_ws/install/champ_msgs/include/champ_msgs/champ_msgs/msg/rosidl_generator_c__visibility_control.h
[4.980s] -- Up-to-date symlink: /home/ubuntu/ros2_ws/install/champ_msgs/include/champ_msgs/champ_msgs/msg/velocities.h
[4.981s] -- Up-to-date symlink: /home/ubuntu/ros2_ws/install/champ_msgs/share/champ_msgs/environment/library_path.sh
[4.982s] -- Up-to-date symlink: /home/ubuntu/ros2_ws/install/champ_msgs/share/champ_msgs/environment/library_path.dsv
[4.989s] -- Up-to-date symlink: /home/ubuntu/ros2_ws/install/champ_msgs/include/champ_msgs/champ_msgs/msg/detail/contacts__rosidl_typesupport_fastrtps_c.h
[4.990s] -- Up-to-date symlink: /home/ubuntu/ros2_ws/install/champ_msgs/include/champ_msgs/champ_msgs/msg/detail/contacts_stamped__rosidl_typesupport_fastrtps_c.h
[4.992s] -- Up-to-date symlink: /home/ubuntu/ros2_ws/install/champ_msgs/include/champ_msgs/champ_msgs/msg/detail/imu__rosidl_typesupport_fastrtps_c.h
[4.994s] -- Up-to-date symlink: /home/ubuntu/ros2_ws/install/champ_msgs/include/champ_msgs/champ_msgs/msg/detail/joints__rosidl_typesupport_fastrtps_c.h
[4.995s] -- Up-to-date symlink: /home/ubuntu/ros2_ws/install/champ_msgs/include/champ_msgs/champ_msgs/msg/detail/pid__rosidl_typesupport_fastrtps_c.h
[4.997s] -- Up-to-date symlink: /home/ubuntu/ros2_ws/install/champ_msgs/include/champ_msgs/champ_msgs/msg/detail/point__rosidl_typesupport_fastrtps_c.h
[4.998s] -- Up-to-date symlink: /home/ubuntu/ros2_ws/install/champ_msgs/include/champ_msgs/champ_msgs/msg/detail/point_array__rosidl_typesupport_fastrtps_c.h
[5.000s] -- Up-to-date symlink: /home/ubuntu/ros2_ws/install/champ_msgs/include/champ_msgs/champ_msgs/msg/detail/pose__rosidl_typesupport_fastrtps_c.h
[5.002s] -- Up-to-date symlink: /home/ubuntu/ros2_ws/install/champ_msgs/include/champ_msgs/champ_msgs/msg/detail/velocities__rosidl_typesupport_fastrtps_c.h
[5.003s] -- Up-to-date symlink: /home/ubuntu/ros2_ws/install/champ_msgs/include/champ_msgs/champ_msgs/msg/rosidl_typesupport_fastrtps_c__visibility_control.h
[5.008s] -- Up-to-date symlink: /home/ubuntu/ros2_ws/install/champ_msgs/include/champ_msgs/champ_msgs/msg/detail/contacts__rosidl_typesupport_introspection_c.h
[5.009s] -- Up-to-date symlink: /home/ubuntu/ros2_ws/install/champ_msgs/include/champ_msgs/champ_msgs/msg/detail/contacts_stamped__rosidl_typesupport_introspection_c.h
[5.011s] -- Up-to-date symlink: /home/ubuntu/ros2_ws/install/champ_msgs/include/champ_msgs/champ_msgs/msg/detail/imu__rosidl_typesupport_introspection_c.h
[5.012s] -- Up-to-date symlink: /home/ubuntu/ros2_ws/install/champ_msgs/include/champ_msgs/champ_msgs/msg/detail/joints__rosidl_typesupport_introspection_c.h
[5.014s] -- Up-to-date symlink: /home/ubuntu/ros2_ws/install/champ_msgs/include/champ_msgs/champ_msgs/msg/detail/pid__rosidl_typesupport_introspection_c.h
[5.016s] -- Up-to-date symlink: /home/ubuntu/ros2_ws/install/champ_msgs/include/champ_msgs/champ_msgs/msg/detail/point__rosidl_typesupport_introspection_c.h
[5.017s] -- Up-to-date symlink: /home/ubuntu/ros2_ws/install/champ_msgs/include/champ_msgs/champ_msgs/msg/detail/point_array__rosidl_typesupport_introspection_c.h
[5.019s] -- Up-to-date symlink: /home/ubuntu/ros2_ws/install/champ_msgs/include/champ_msgs/champ_msgs/msg/detail/pose__rosidl_typesupport_introspection_c.h
[5.020s] -- Up-to-date symlink: /home/ubuntu/ros2_ws/install/champ_msgs/include/champ_msgs/champ_msgs/msg/detail/velocities__rosidl_typesupport_introspection_c.h
[5.022s] -- Up-to-date symlink: /home/ubuntu/ros2_ws/install/champ_msgs/include/champ_msgs/champ_msgs/msg/rosidl_typesupport_introspection_c__visibility_control.h
[5.027s] -- Up-to-date symlink: /home/ubuntu/ros2_ws/install/champ_msgs/include/champ_msgs/champ_msgs/msg/contacts.hpp
[5.029s] -- Up-to-date symlink: /home/ubuntu/ros2_ws/install/champ_msgs/include/champ_msgs/champ_msgs/msg/contacts_stamped.hpp
[5.030s] -- Up-to-date symlink: /home/ubuntu/ros2_ws/install/champ_msgs/include/champ_msgs/champ_msgs/msg/detail/contacts__builder.hpp
[5.032s] -- Up-to-date symlink: /home/ubuntu/ros2_ws/install/champ_msgs/include/champ_msgs/champ_msgs/msg/detail/contacts__struct.hpp
[5.033s] -- Up-to-date symlink: /home/ubuntu/ros2_ws/install/champ_msgs/include/champ_msgs/champ_msgs/msg/detail/contacts__traits.hpp
[5.035s] -- Up-to-date symlink: /home/ubuntu/ros2_ws/install/champ_msgs/include/champ_msgs/champ_msgs/msg/detail/contacts_stamped__builder.hpp
[5.037s] -- Up-to-date symlink: /home/ubuntu/ros2_ws/install/champ_msgs/include/champ_msgs/champ_msgs/msg/detail/contacts_stamped__struct.hpp
[5.038s] -- Up-to-date symlink: /home/ubuntu/ros2_ws/install/champ_msgs/include/champ_msgs/champ_msgs/msg/detail/contacts_stamped__traits.hpp
[5.040s] -- Up-to-date symlink: /home/ubuntu/ros2_ws/install/champ_msgs/include/champ_msgs/champ_msgs/msg/detail/imu__builder.hpp
[5.041s] -- Up-to-date symlink: /home/ubuntu/ros2_ws/install/champ_msgs/include/champ_msgs/champ_msgs/msg/detail/imu__struct.hpp
[5.043s] -- Up-to-date symlink: /home/ubuntu/ros2_ws/install/champ_msgs/include/champ_msgs/champ_msgs/msg/detail/imu__traits.hpp
[5.045s] -- Up-to-date symlink: /home/ubuntu/ros2_ws/install/champ_msgs/include/champ_msgs/champ_msgs/msg/detail/joints__builder.hpp
[5.046s] -- Up-to-date symlink: /home/ubuntu/ros2_ws/install/champ_msgs/include/champ_msgs/champ_msgs/msg/detail/joints__struct.hpp
[5.048s] -- Up-to-date symlink: /home/ubuntu/ros2_ws/install/champ_msgs/include/champ_msgs/champ_msgs/msg/detail/joints__traits.hpp
[5.049s] -- Up-to-date symlink: /home/ubuntu/ros2_ws/install/champ_msgs/include/champ_msgs/champ_msgs/msg/detail/pid__builder.hpp
[5.051s] -- Up-to-date symlink: /home/ubuntu/ros2_ws/install/champ_msgs/include/champ_msgs/champ_msgs/msg/detail/pid__struct.hpp
[5.052s] -- Up-to-date symlink: /home/ubuntu/ros2_ws/install/champ_msgs/include/champ_msgs/champ_msgs/msg/detail/pid__traits.hpp
[5.054s] -- Up-to-date symlink: /home/ubuntu/ros2_ws/install/champ_msgs/include/champ_msgs/champ_msgs/msg/detail/point__builder.hpp
[5.056s] -- Up-to-date symlink: /home/ubuntu/ros2_ws/install/champ_msgs/include/champ_msgs/champ_msgs/msg/detail/point__struct.hpp
[5.057s] -- Up-to-date symlink: /home/ubuntu/ros2_ws/install/champ_msgs/include/champ_msgs/champ_msgs/msg/detail/point__traits.hpp
[5.059s] -- Up-to-date symlink: /home/ubuntu/ros2_ws/install/champ_msgs/include/champ_msgs/champ_msgs/msg/detail/point_array__builder.hpp
[5.060s] -- Up-to-date symlink: /home/ubuntu/ros2_ws/install/champ_msgs/include/champ_msgs/champ_msgs/msg/detail/point_array__struct.hpp
[5.062s] -- Up-to-date symlink: /home/ubuntu/ros2_ws/install/champ_msgs/include/champ_msgs/champ_msgs/msg/detail/point_array__traits.hpp
[5.063s] -- Up-to-date symlink: /home/ubuntu/ros2_ws/install/champ_msgs/include/champ_msgs/champ_msgs/msg/detail/pose__builder.hpp
[5.065s] -- Up-to-date symlink: /home/ubuntu/ros2_ws/install/champ_msgs/include/champ_msgs/champ_msgs/msg/detail/pose__struct.hpp
[5.066s] -- Up-to-date symlink: /home/ubuntu/ros2_ws/install/champ_msgs/include/champ_msgs/champ_msgs/msg/detail/pose__traits.hpp
[5.068s] -- Up-to-date symlink: /home/ubuntu/ros2_ws/install/champ_msgs/include/champ_msgs/champ_msgs/msg/detail/velocities__builder.hpp
[5.070s] -- Up-to-date symlink: /home/ubuntu/ros2_ws/install/champ_msgs/include/champ_msgs/champ_msgs/msg/detail/velocities__struct.hpp
[5.071s] -- Up-to-date symlink: /home/ubuntu/ros2_ws/install/champ_msgs/include/champ_msgs/champ_msgs/msg/detail/velocities__traits.hpp
[5.073s] -- Up-to-date symlink: /home/ubuntu/ros2_ws/install/champ_msgs/include/champ_msgs/champ_msgs/msg/imu.hpp
[5.074s] -- Up-to-date symlink: /home/ubuntu/ros2_ws/install/champ_msgs/include/champ_msgs/champ_msgs/msg/joints.hpp
[5.076s] -- Up-to-date symlink: /home/ubuntu/ros2_ws/install/champ_msgs/include/champ_msgs/champ_msgs/msg/pid.hpp
[5.077s] -- Up-to-date symlink: /home/ubuntu/ros2_ws/install/champ_msgs/include/champ_msgs/champ_msgs/msg/point.hpp
[5.078s] -- Up-to-date symlink: /home/ubuntu/ros2_ws/install/champ_msgs/include/champ_msgs/champ_msgs/msg/point_array.hpp
[5.080s] -- Up-to-date symlink: /home/ubuntu/ros2_ws/install/champ_msgs/include/champ_msgs/champ_msgs/msg/pose.hpp
[5.082s] -- Up-to-date symlink: /home/ubuntu/ros2_ws/install/champ_msgs/include/champ_msgs/champ_msgs/msg/velocities.hpp
[5.088s] -- Up-to-date symlink: /home/ubuntu/ros2_ws/install/champ_msgs/include/champ_msgs/champ_msgs/msg/detail/contacts__rosidl_typesupport_fastrtps_cpp.hpp
[5.090s] -- Up-to-date symlink: /home/ubuntu/ros2_ws/install/champ_msgs/include/champ_msgs/champ_msgs/msg/detail/contacts_stamped__rosidl_typesupport_fastrtps_cpp.hpp
[5.092s] -- Up-to-date symlink: /home/ubuntu/ros2_ws/install/champ_msgs/include/champ_msgs/champ_msgs/msg/detail/imu__rosidl_typesupport_fastrtps_cpp.hpp
[5.093s] -- Up-to-date symlink: /home/ubuntu/ros2_ws/install/champ_msgs/include/champ_msgs/champ_msgs/msg/detail/joints__rosidl_typesupport_fastrtps_cpp.hpp
[5.095s] -- Up-to-date symlink: /home/ubuntu/ros2_ws/install/champ_msgs/include/champ_msgs/champ_msgs/msg/detail/pid__rosidl_typesupport_fastrtps_cpp.hpp
[5.097s] -- Up-to-date symlink: /home/ubuntu/ros2_ws/install/champ_msgs/include/champ_msgs/champ_msgs/msg/detail/point__rosidl_typesupport_fastrtps_cpp.hpp
[5.098s] -- Up-to-date symlink: /home/ubuntu/ros2_ws/install/champ_msgs/include/champ_msgs/champ_msgs/msg/detail/point_array__rosidl_typesupport_fastrtps_cpp.hpp
[5.100s] -- Up-to-date symlink: /home/ubuntu/ros2_ws/install/champ_msgs/include/champ_msgs/champ_msgs/msg/detail/pose__rosidl_typesupport_fastrtps_cpp.hpp
[5.101s] -- Up-to-date symlink: /home/ubuntu/ros2_ws/install/champ_msgs/include/champ_msgs/champ_msgs/msg/detail/velocities__rosidl_typesupport_fastrtps_cpp.hpp
[5.103s] -- Up-to-date symlink: /home/ubuntu/ros2_ws/install/champ_msgs/include/champ_msgs/champ_msgs/msg/rosidl_typesupport_fastrtps_cpp__visibility_control.h
[5.107s] -- Up-to-date symlink: /home/ubuntu/ros2_ws/install/champ_msgs/include/champ_msgs/champ_msgs/msg/detail/contacts__rosidl_typesupport_introspection_cpp.hpp
[5.109s] -- Up-to-date symlink: /home/ubuntu/ros2_ws/install/champ_msgs/include/champ_msgs/champ_msgs/msg/detail/contacts_stamped__rosidl_typesupport_introspection_cpp.hpp
[5.111s] -- Up-to-date symlink: /home/ubuntu/ros2_ws/install/champ_msgs/include/champ_msgs/champ_msgs/msg/detail/imu__rosidl_typesupport_introspection_cpp.hpp
[5.112s] -- Up-to-date symlink: /home/ubuntu/ros2_ws/install/champ_msgs/include/champ_msgs/champ_msgs/msg/detail/joints__rosidl_typesupport_introspection_cpp.hpp
[5.114s] -- Up-to-date symlink: /home/ubuntu/ros2_ws/install/champ_msgs/include/champ_msgs/champ_msgs/msg/detail/pid__rosidl_typesupport_introspection_cpp.hpp
[5.116s] -- Up-to-date symlink: /home/ubuntu/ros2_ws/install/champ_msgs/include/champ_msgs/champ_msgs/msg/detail/point__rosidl_typesupport_introspection_cpp.hpp
[5.117s] -- Up-to-date symlink: /home/ubuntu/ros2_ws/install/champ_msgs/include/champ_msgs/champ_msgs/msg/detail/point_array__rosidl_typesupport_introspection_cpp.hpp
[5.119s] -- Up-to-date symlink: /home/ubuntu/ros2_ws/install/champ_msgs/include/champ_msgs/champ_msgs/msg/detail/pose__rosidl_typesupport_introspection_cpp.hpp
[5.121s] -- Up-to-date symlink: /home/ubuntu/ros2_ws/install/champ_msgs/include/champ_msgs/champ_msgs/msg/detail/velocities__rosidl_typesupport_introspection_cpp.hpp
[5.122s] -- Up-to-date symlink: /home/ubuntu/ros2_ws/install/champ_msgs/share/champ_msgs/environment/pythonpath.sh
[5.123s] -- Up-to-date symlink: /home/ubuntu/ros2_ws/install/champ_msgs/share/champ_msgs/environment/pythonpath.dsv
[5.126s] -- Up-to-date symlink: /home/ubuntu/ros2_ws/install/champ_msgs/local/lib/python3.10/dist-packages/champ_msgs-0.1.0-py3.10.egg-info/PKG-INFO
[5.127s] -- Up-to-date symlink: /home/ubuntu/ros2_ws/install/champ_msgs/local/lib/python3.10/dist-packages/champ_msgs-0.1.0-py3.10.egg-info/SOURCES.txt
[5.129s] -- Up-to-date symlink: /home/ubuntu/ros2_ws/install/champ_msgs/local/lib/python3.10/dist-packages/champ_msgs-0.1.0-py3.10.egg-info/dependency_links.txt
[5.130s] -- Up-to-date symlink: /home/ubuntu/ros2_ws/install/champ_msgs/local/lib/python3.10/dist-packages/champ_msgs-0.1.0-py3.10.egg-info/top_level.txt
[5.139s] -- Up-to-date symlink: /home/ubuntu/ros2_ws/install/champ_msgs/local/lib/python3.10/dist-packages/champ_msgs/__init__.py
[5.141s] -- Up-to-date symlink: /home/ubuntu/ros2_ws/install/champ_msgs/local/lib/python3.10/dist-packages/champ_msgs/_champ_msgs_s.ep.rosidl_typesupport_c.c
[5.143s] -- Up-to-date symlink: /home/ubuntu/ros2_ws/install/champ_msgs/local/lib/python3.10/dist-packages/champ_msgs/_champ_msgs_s.ep.rosidl_typesupport_fastrtps_c.c
[5.144s] -- Up-to-date symlink: /home/ubuntu/ros2_ws/install/champ_msgs/local/lib/python3.10/dist-packages/champ_msgs/_champ_msgs_s.ep.rosidl_typesupport_introspection_c.c
[5.146s] -- Up-to-date symlink: /home/ubuntu/ros2_ws/install/champ_msgs/local/lib/python3.10/dist-packages/champ_msgs/champ_msgs_s__rosidl_typesupport_c.cpython-310-aarch64-linux-gnu.so
[5.147s] -- Up-to-date symlink: /home/ubuntu/ros2_ws/install/champ_msgs/local/lib/python3.10/dist-packages/champ_msgs/champ_msgs_s__rosidl_typesupport_fastrtps_c.cpython-310-aarch64-linux-gnu.so
[5.149s] -- Up-to-date symlink: /home/ubuntu/ros2_ws/install/champ_msgs/local/lib/python3.10/dist-packages/champ_msgs/champ_msgs_s__rosidl_typesupport_introspection_c.cpython-310-aarch64-linux-gnu.so
[5.150s] -- Up-to-date symlink: /home/ubuntu/ros2_ws/install/champ_msgs/local/lib/python3.10/dist-packages/champ_msgs/libchamp_msgs__rosidl_generator_py.so
[5.152s] -- Up-to-date symlink: /home/ubuntu/ros2_ws/install/champ_msgs/local/lib/python3.10/dist-packages/champ_msgs/msg/__init__.py
[5.154s] -- Up-to-date symlink: /home/ubuntu/ros2_ws/install/champ_msgs/local/lib/python3.10/dist-packages/champ_msgs/msg/_contacts.py
[5.155s] -- Up-to-date symlink: /home/ubuntu/ros2_ws/install/champ_msgs/local/lib/python3.10/dist-packages/champ_msgs/msg/_contacts_s.c
[5.157s] -- Up-to-date symlink: /home/ubuntu/ros2_ws/install/champ_msgs/local/lib/python3.10/dist-packages/champ_msgs/msg/_contacts_stamped.py
[5.158s] -- Up-to-date symlink: /home/ubuntu/ros2_ws/install/champ_msgs/local/lib/python3.10/dist-packages/champ_msgs/msg/_contacts_stamped_s.c
[5.160s] -- Up-to-date symlink: /home/ubuntu/ros2_ws/install/champ_msgs/local/lib/python3.10/dist-packages/champ_msgs/msg/_imu.py
[5.162s] -- Up-to-date symlink: /home/ubuntu/ros2_ws/install/champ_msgs/local/lib/python3.10/dist-packages/champ_msgs/msg/_imu_s.c
[5.163s] -- Up-to-date symlink: /home/ubuntu/ros2_ws/install/champ_msgs/local/lib/python3.10/dist-packages/champ_msgs/msg/_joints.py
[5.165s] -- Up-to-date symlink: /home/ubuntu/ros2_ws/install/champ_msgs/local/lib/python3.10/dist-packages/champ_msgs/msg/_joints_s.c
[5.166s] -- Up-to-date symlink: /home/ubuntu/ros2_ws/install/champ_msgs/local/lib/python3.10/dist-packages/champ_msgs/msg/_pid.py
[5.168s] -- Up-to-date symlink: /home/ubuntu/ros2_ws/install/champ_msgs/local/lib/python3.10/dist-packages/champ_msgs/msg/_pid_s.c
[5.169s] -- Up-to-date symlink: /home/ubuntu/ros2_ws/install/champ_msgs/local/lib/python3.10/dist-packages/champ_msgs/msg/_point.py
[5.171s] -- Up-to-date symlink: /home/ubuntu/ros2_ws/install/champ_msgs/local/lib/python3.10/dist-packages/champ_msgs/msg/_point_array.py
[5.172s] -- Up-to-date symlink: /home/ubuntu/ros2_ws/install/champ_msgs/local/lib/python3.10/dist-packages/champ_msgs/msg/_point_array_s.c
[5.174s] -- Up-to-date symlink: /home/ubuntu/ros2_ws/install/champ_msgs/local/lib/python3.10/dist-packages/champ_msgs/msg/_point_s.c
[5.176s] -- Up-to-date symlink: /home/ubuntu/ros2_ws/install/champ_msgs/local/lib/python3.10/dist-packages/champ_msgs/msg/_pose.py
[5.177s] -- Up-to-date symlink: /home/ubuntu/ros2_ws/install/champ_msgs/local/lib/python3.10/dist-packages/champ_msgs/msg/_pose_s.c
[5.179s] -- Up-to-date symlink: /home/ubuntu/ros2_ws/install/champ_msgs/local/lib/python3.10/dist-packages/champ_msgs/msg/_velocities.py
[5.180s] -- Up-to-date symlink: /home/ubuntu/ros2_ws/install/champ_msgs/local/lib/python3.10/dist-packages/champ_msgs/msg/_velocities_s.c
[5.183s] -- Up-to-date symlink: /home/ubuntu/ros2_ws/install/champ_msgs/local/lib/python3.10/dist-packages/champ_msgs/champ_msgs_s__rosidl_typesupport_fastrtps_c.cpython-310-aarch64-linux-gnu.so
[5.185s] -- Up-to-date symlink: /home/ubuntu/ros2_ws/install/champ_msgs/local/lib/python3.10/dist-packages/champ_msgs/champ_msgs_s__rosidl_typesupport_introspection_c.cpython-310-aarch64-linux-gnu.so
[5.187s] -- Up-to-date symlink: /home/ubuntu/ros2_ws/install/champ_msgs/local/lib/python3.10/dist-packages/champ_msgs/champ_msgs_s__rosidl_typesupport_c.cpython-310-aarch64-linux-gnu.so
[5.189s] -- Up-to-date symlink: /home/ubuntu/ros2_ws/install/champ_msgs/share/champ_msgs/msg/Velocities.idl
[5.191s] -- Up-to-date symlink: /home/ubuntu/ros2_ws/install/champ_msgs/share/champ_msgs/msg/PID.idl
[5.193s] -- Up-to-date symlink: /home/ubuntu/ros2_ws/install/champ_msgs/share/champ_msgs/msg/Imu.idl
[5.194s] -- Up-to-date symlink: /home/ubuntu/ros2_ws/install/champ_msgs/share/champ_msgs/msg/Point.idl
[5.196s] -- Up-to-date symlink: /home/ubuntu/ros2_ws/install/champ_msgs/share/champ_msgs/msg/PointArray.idl
[5.197s] -- Up-to-date symlink: /home/ubuntu/ros2_ws/install/champ_msgs/share/champ_msgs/msg/Joints.idl
[5.199s] -- Up-to-date symlink: /home/ubuntu/ros2_ws/install/champ_msgs/share/champ_msgs/msg/Contacts.idl
[5.201s] -- Up-to-date symlink: /home/ubuntu/ros2_ws/install/champ_msgs/share/champ_msgs/msg/ContactsStamped.idl
[5.202s] -- Up-to-date symlink: /home/ubuntu/ros2_ws/install/champ_msgs/share/champ_msgs/msg/Pose.idl
[5.204s] -- Up-to-date symlink: /home/ubuntu/ros2_ws/install/champ_msgs/share/champ_msgs/msg/Velocities.msg
[5.205s] -- Up-to-date symlink: /home/ubuntu/ros2_ws/install/champ_msgs/share/champ_msgs/msg/PID.msg
[5.206s] -- Up-to-date symlink: /home/ubuntu/ros2_ws/install/champ_msgs/share/champ_msgs/msg/Imu.msg
[5.208s] -- Up-to-date symlink: /home/ubuntu/ros2_ws/install/champ_msgs/share/champ_msgs/msg/Point.msg
[5.209s] -- Up-to-date symlink: /home/ubuntu/ros2_ws/install/champ_msgs/share/champ_msgs/msg/PointArray.msg
[5.211s] -- Up-to-date symlink: /home/ubuntu/ros2_ws/install/champ_msgs/share/champ_msgs/msg/Joints.msg
[5.213s] -- Up-to-date symlink: /home/ubuntu/ros2_ws/install/champ_msgs/share/champ_msgs/msg/Contacts.msg
[5.214s] -- Up-to-date symlink: /home/ubuntu/ros2_ws/install/champ_msgs/share/champ_msgs/msg/ContactsStamped.msg
[5.216s] -- Up-to-date symlink: /home/ubuntu/ros2_ws/install/champ_msgs/share/champ_msgs/msg/Pose.msg
[5.218s] -- Up-to-date symlink: /home/ubuntu/ros2_ws/install/champ_msgs/share/ament_index/resource_index/package_run_dependencies/champ_msgs
[5.221s] -- Up-to-date symlink: /home/ubuntu/ros2_ws/install/champ_msgs/share/ament_index/resource_index/parent_prefix_path/champ_msgs
[5.222s] -- Up-to-date symlink: /home/ubuntu/ros2_ws/install/champ_msgs/share/champ_msgs/environment/ament_prefix_path.sh
[5.223s] -- Up-to-date symlink: /home/ubuntu/ros2_ws/install/champ_msgs/share/champ_msgs/environment/ament_prefix_path.dsv
[5.225s] -- Up-to-date symlink: /home/ubuntu/ros2_ws/install/champ_msgs/share/champ_msgs/environment/path.sh
[5.226s] -- Up-to-date symlink: /home/ubuntu/ros2_ws/install/champ_msgs/share/champ_msgs/environment/path.dsv
[5.228s] -- Up-to-date symlink: /home/ubuntu/ros2_ws/install/champ_msgs/share/champ_msgs/local_setup.bash
[5.229s] -- Up-to-date symlink: /home/ubuntu/ros2_ws/install/champ_msgs/share/champ_msgs/local_setup.sh
[5.231s] -- Up-to-date symlink: /home/ubuntu/ros2_ws/install/champ_msgs/share/champ_msgs/local_setup.zsh
[5.232s] -- Up-to-date symlink: /home/ubuntu/ros2_ws/install/champ_msgs/share/champ_msgs/local_setup.dsv
[5.232s] -- Symlinking: /home/ubuntu/ros2_ws/install/champ_msgs/share/champ_msgs/package.dsv
[5.266s] -- Up-to-date symlink: /home/ubuntu/ros2_ws/install/champ_msgs/share/ament_index/resource_index/packages/champ_msgs
[5.268s] -- Up-to-date symlink: /home/ubuntu/ros2_ws/install/champ_msgs/share/champ_msgs/cmake/rosidl_cmake-extras.cmake
[5.270s] -- Up-to-date symlink: /home/ubuntu/ros2_ws/install/champ_msgs/share/champ_msgs/cmake/ament_cmake_export_dependencies-extras.cmake
[5.272s] -- Up-to-date symlink: /home/ubuntu/ros2_ws/install/champ_msgs/share/champ_msgs/cmake/ament_cmake_export_include_directories-extras.cmake
[5.273s] -- Up-to-date symlink: /home/ubuntu/ros2_ws/install/champ_msgs/share/champ_msgs/cmake/ament_cmake_export_libraries-extras.cmake
[5.275s] -- Up-to-date symlink: /home/ubuntu/ros2_ws/install/champ_msgs/share/champ_msgs/cmake/ament_cmake_export_targets-extras.cmake
[5.276s] -- Up-to-date symlink: /home/ubuntu/ros2_ws/install/champ_msgs/share/champ_msgs/cmake/rosidl_cmake_export_typesupport_targets-extras.cmake
[5.278s] -- Up-to-date symlink: /home/ubuntu/ros2_ws/install/champ_msgs/share/champ_msgs/cmake/rosidl_cmake_export_typesupport_libraries-extras.cmake
[5.280s] -- Up-to-date symlink: /home/ubuntu/ros2_ws/install/champ_msgs/share/champ_msgs/cmake/champ_msgsConfig.cmake
[5.281s] -- Up-to-date symlink: /home/ubuntu/ros2_ws/install/champ_msgs/share/champ_msgs/cmake/champ_msgsConfig-version.cmake
[5.282s] -- Up-to-date symlink: /home/ubuntu/ros2_ws/install/champ_msgs/share/champ_msgs/package.xml
[5.286s] -- Up-to-date: /home/ubuntu/ros2_ws/install/champ_msgs/lib/libchamp_msgs__rosidl_generator_c.so
[5.290s] -- Up-to-date: /home/ubuntu/ros2_ws/install/champ_msgs/lib/libchamp_msgs__rosidl_typesupport_fastrtps_c.so
[5.294s] -- Up-to-date: /home/ubuntu/ros2_ws/install/champ_msgs/lib/libchamp_msgs__rosidl_typesupport_introspection_c.so
[5.298s] -- Up-to-date: /home/ubuntu/ros2_ws/install/champ_msgs/lib/libchamp_msgs__rosidl_typesupport_c.so
[5.300s] -- Up-to-date: /home/ubuntu/ros2_ws/install/champ_msgs/lib/libchamp_msgs__rosidl_typesupport_fastrtps_cpp.so
[5.302s] -- Up-to-date: /home/ubuntu/ros2_ws/install/champ_msgs/lib/libchamp_msgs__rosidl_typesupport_introspection_cpp.so
[5.305s] -- Up-to-date: /home/ubuntu/ros2_ws/install/champ_msgs/lib/libchamp_msgs__rosidl_typesupport_cpp.so
[5.467s] Listing '/home/ubuntu/ros2_ws/install/champ_msgs/local/lib/python3.10/dist-packages/champ_msgs'...
[5.469s] Listing '/home/ubuntu/ros2_ws/install/champ_msgs/local/lib/python3.10/dist-packages/champ_msgs/msg'...
[5.494s] -- Up-to-date: /home/ubuntu/ros2_ws/install/champ_msgs/lib/libchamp_msgs__rosidl_generator_py.so
[5.498s] -- Up-to-date: /home/ubuntu/ros2_ws/install/champ_msgs/share/champ_msgs/cmake/export_champ_msgs__rosidl_generator_cExport.cmake
[5.499s] -- Up-to-date: /home/ubuntu/ros2_ws/install/champ_msgs/share/champ_msgs/cmake/export_champ_msgs__rosidl_generator_cExport-noconfig.cmake
[5.501s] -- Up-to-date: /home/ubuntu/ros2_ws/install/champ_msgs/share/champ_msgs/cmake/export_champ_msgs__rosidl_typesupport_fastrtps_cExport.cmake
[5.501s] -- Up-to-date: /home/ubuntu/ros2_ws/install/champ_msgs/share/champ_msgs/cmake/export_champ_msgs__rosidl_typesupport_fastrtps_cExport-noconfig.cmake
[5.504s] -- Up-to-date: /home/ubuntu/ros2_ws/install/champ_msgs/share/champ_msgs/cmake/champ_msgs__rosidl_typesupport_introspection_cExport.cmake
[5.504s] -- Up-to-date: /home/ubuntu/ros2_ws/install/champ_msgs/share/champ_msgs/cmake/champ_msgs__rosidl_typesupport_introspection_cExport-noconfig.cmake
[5.506s] -- Up-to-date: /home/ubuntu/ros2_ws/install/champ_msgs/share/champ_msgs/cmake/champ_msgs__rosidl_typesupport_cExport.cmake
[5.507s] -- Up-to-date: /home/ubuntu/ros2_ws/install/champ_msgs/share/champ_msgs/cmake/champ_msgs__rosidl_typesupport_cExport-noconfig.cmake
[5.509s] -- Up-to-date: /home/ubuntu/ros2_ws/install/champ_msgs/share/champ_msgs/cmake/export_champ_msgs__rosidl_generator_cppExport.cmake
[5.511s] -- Up-to-date: /home/ubuntu/ros2_ws/install/champ_msgs/share/champ_msgs/cmake/export_champ_msgs__rosidl_typesupport_fastrtps_cppExport.cmake
[5.512s] -- Up-to-date: /home/ubuntu/ros2_ws/install/champ_msgs/share/champ_msgs/cmake/export_champ_msgs__rosidl_typesupport_fastrtps_cppExport-noconfig.cmake
[5.514s] -- Up-to-date: /home/ubuntu/ros2_ws/install/champ_msgs/share/champ_msgs/cmake/champ_msgs__rosidl_typesupport_introspection_cppExport.cmake
[5.514s] -- Up-to-date: /home/ubuntu/ros2_ws/install/champ_msgs/share/champ_msgs/cmake/champ_msgs__rosidl_typesupport_introspection_cppExport-noconfig.cmake
[5.516s] -- Up-to-date: /home/ubuntu/ros2_ws/install/champ_msgs/share/champ_msgs/cmake/champ_msgs__rosidl_typesupport_cppExport.cmake
[5.517s] -- Up-to-date: /home/ubuntu/ros2_ws/install/champ_msgs/share/champ_msgs/cmake/champ_msgs__rosidl_typesupport_cppExport-noconfig.cmake
[5.519s] -- Up-to-date: /home/ubuntu/ros2_ws/install/champ_msgs/share/champ_msgs/cmake/export_champ_msgs__rosidl_generator_pyExport.cmake
[5.520s] -- Up-to-date: /home/ubuntu/ros2_ws/install/champ_msgs/share/champ_msgs/cmake/export_champ_msgs__rosidl_generator_pyExport-noconfig.cmake
[5.529s] Invoked command in '/home/ubuntu/ros2_ws/build/champ_msgs' returned '0': CMAKE_PREFIX_PATH=/opt/ros/humble /usr/bin/cmake --install /home/ubuntu/ros2_ws/build/champ_msgs
