[0.088s] Invoking command in '/home/ubuntu/ros2_ws/build/mini_pupper_bringup': CMAKE_PREFIX_PATH=/home/ubuntu/ros2_ws/install/champ_base:/home/ubuntu/ros2_ws/install/champ_msgs:/home/ubuntu/ros2_ws/install/champ:/home/ubuntu/ros2_ws/install/mini_pupper_slam:/home/ubuntu/ros2_ws/install/mini_pupper_interfaces:/home/ubuntu/ros2_ws/install/mini_pupper_description:/home/ubuntu/ros2_ws/install/mini_pupper_bringup:/home/ubuntu/ros2_ws/install/mini_pupper_2_description:/home/ubuntu/ros2_ws/install/ldlidar_stl_ros2:/home/ubuntu/ros2_ws/install/champ_teleop:/home/ubuntu/ros2_ws/install/champ_bringup:/home/ubuntu/ros2_ws/install/champ_description:/home/ubuntu/ros2_ws/install/champ_config:/home/ubuntu/ros2_ws/install/mini_pupper_music:/home/ubuntu/ros2_ws/install/mini_pupper_dance:/home/ubuntu/ros2_ws/install/mini_pupper_driver:/opt/ros/humble LD_LIBRARY_PATH=/home/ubuntu/ros2_ws/install/champ_base/lib:/home/ubuntu/ros2_ws/install/champ_msgs/lib:/home/ubuntu/ros2_ws/install/mini_pupper_interfaces/lib:/opt/ros/humble/lib/aarch64-linux-gnu:/opt/ros/humble/lib /usr/bin/cmake /home/ubuntu/ros2_ws/src/mini_pupper_ros/mini_pupper_bringup -DAMENT_CMAKE_SYMLINK_INSTALL=1 -DCMAKE_INSTALL_PREFIX=/home/ubuntu/ros2_ws/install/mini_pupper_bringup
[0.143s] -- Found ament_cmake: 1.3.9 (/opt/ros/humble/share/ament_cmake/cmake)
[1.063s] -- Override CMake install command with custom implementation using symlinks instead of copying resources
[1.262s] -- Found ament_lint_auto: 0.12.11 (/opt/ros/humble/share/ament_lint_auto/cmake)
[1.915s] -- Added test 'copyright' to check source files copyright and LICENSE
[1.977s] -- Added test 'flake8' to check Python code syntax and style conventions
[1.980s] -- Added test 'lint_cmake' to check CMake code style
[1.982s] -- Added test 'pep257' to check Python code against some of the docstring style conventions in PEP 257
[1.991s] -- Added test 'xmllint' to check XML markup files
[2.030s] -- Configuring done
[2.088s] -- Generating done
[2.096s] -- Build files have been written to: /home/ubuntu/ros2_ws/build/mini_pupper_bringup
[2.109s] Invoked command in '/home/ubuntu/ros2_ws/build/mini_pupper_bringup' returned '0': CMAKE_PREFIX_PATH=/home/ubuntu/ros2_ws/install/champ_base:/home/ubuntu/ros2_ws/install/champ_msgs:/home/ubuntu/ros2_ws/install/champ:/home/ubuntu/ros2_ws/install/mini_pupper_slam:/home/ubuntu/ros2_ws/install/mini_pupper_interfaces:/home/ubuntu/ros2_ws/install/mini_pupper_description:/home/ubuntu/ros2_ws/install/mini_pupper_bringup:/home/ubuntu/ros2_ws/install/mini_pupper_2_description:/home/ubuntu/ros2_ws/install/ldlidar_stl_ros2:/home/ubuntu/ros2_ws/install/champ_teleop:/home/ubuntu/ros2_ws/install/champ_bringup:/home/ubuntu/ros2_ws/install/champ_description:/home/ubuntu/ros2_ws/install/champ_config:/home/ubuntu/ros2_ws/install/mini_pupper_music:/home/ubuntu/ros2_ws/install/mini_pupper_dance:/home/ubuntu/ros2_ws/install/mini_pupper_driver:/opt/ros/humble LD_LIBRARY_PATH=/home/ubuntu/ros2_ws/install/champ_base/lib:/home/ubuntu/ros2_ws/install/champ_msgs/lib:/home/ubuntu/ros2_ws/install/mini_pupper_interfaces/lib:/opt/ros/humble/lib/aarch64-linux-gnu:/opt/ros/humble/lib /usr/bin/cmake /home/ubuntu/ros2_ws/src/mini_pupper_ros/mini_pupper_bringup -DAMENT_CMAKE_SYMLINK_INSTALL=1 -DCMAKE_INSTALL_PREFIX=/home/ubuntu/ros2_ws/install/mini_pupper_bringup
[2.118s] Invoking command in '/home/ubuntu/ros2_ws/build/mini_pupper_bringup': CMAKE_PREFIX_PATH=/home/ubuntu/ros2_ws/install/champ_base:/home/ubuntu/ros2_ws/install/champ_msgs:/home/ubuntu/ros2_ws/install/champ:/home/ubuntu/ros2_ws/install/mini_pupper_slam:/home/ubuntu/ros2_ws/install/mini_pupper_interfaces:/home/ubuntu/ros2_ws/install/mini_pupper_description:/home/ubuntu/ros2_ws/install/mini_pupper_bringup:/home/ubuntu/ros2_ws/install/mini_pupper_2_description:/home/ubuntu/ros2_ws/install/ldlidar_stl_ros2:/home/ubuntu/ros2_ws/install/champ_teleop:/home/ubuntu/ros2_ws/install/champ_bringup:/home/ubuntu/ros2_ws/install/champ_description:/home/ubuntu/ros2_ws/install/champ_config:/home/ubuntu/ros2_ws/install/mini_pupper_music:/home/ubuntu/ros2_ws/install/mini_pupper_dance:/home/ubuntu/ros2_ws/install/mini_pupper_driver:/opt/ros/humble LD_LIBRARY_PATH=/home/ubuntu/ros2_ws/install/champ_base/lib:/home/ubuntu/ros2_ws/install/champ_msgs/lib:/home/ubuntu/ros2_ws/install/mini_pupper_interfaces/lib:/opt/ros/humble/lib/aarch64-linux-gnu:/opt/ros/humble/lib /usr/bin/cmake --build /home/ubuntu/ros2_ws/build/mini_pupper_bringup -- -j4 -l4
[2.297s] Invoked command in '/home/ubuntu/ros2_ws/build/mini_pupper_bringup' returned '0': CMAKE_PREFIX_PATH=/home/ubuntu/ros2_ws/install/champ_base:/home/ubuntu/ros2_ws/install/champ_msgs:/home/ubuntu/ros2_ws/install/champ:/home/ubuntu/ros2_ws/install/mini_pupper_slam:/home/ubuntu/ros2_ws/install/mini_pupper_interfaces:/home/ubuntu/ros2_ws/install/mini_pupper_description:/home/ubuntu/ros2_ws/install/mini_pupper_bringup:/home/ubuntu/ros2_ws/install/mini_pupper_2_description:/home/ubuntu/ros2_ws/install/ldlidar_stl_ros2:/home/ubuntu/ros2_ws/install/champ_teleop:/home/ubuntu/ros2_ws/install/champ_bringup:/home/ubuntu/ros2_ws/install/champ_description:/home/ubuntu/ros2_ws/install/champ_config:/home/ubuntu/ros2_ws/install/mini_pupper_music:/home/ubuntu/ros2_ws/install/mini_pupper_dance:/home/ubuntu/ros2_ws/install/mini_pupper_driver:/opt/ros/humble LD_LIBRARY_PATH=/home/ubuntu/ros2_ws/install/champ_base/lib:/home/ubuntu/ros2_ws/install/champ_msgs/lib:/home/ubuntu/ros2_ws/install/mini_pupper_interfaces/lib:/opt/ros/humble/lib/aarch64-linux-gnu:/opt/ros/humble/lib /usr/bin/cmake --build /home/ubuntu/ros2_ws/build/mini_pupper_bringup -- -j4 -l4
[2.432s] Invoking command in '/home/ubuntu/ros2_ws/build/mini_pupper_bringup': CMAKE_PREFIX_PATH=/home/ubuntu/ros2_ws/install/champ_base:/home/ubuntu/ros2_ws/install/champ_msgs:/home/ubuntu/ros2_ws/install/champ:/home/ubuntu/ros2_ws/install/mini_pupper_slam:/home/ubuntu/ros2_ws/install/mini_pupper_interfaces:/home/ubuntu/ros2_ws/install/mini_pupper_description:/home/ubuntu/ros2_ws/install/mini_pupper_bringup:/home/ubuntu/ros2_ws/install/mini_pupper_2_description:/home/ubuntu/ros2_ws/install/ldlidar_stl_ros2:/home/ubuntu/ros2_ws/install/champ_teleop:/home/ubuntu/ros2_ws/install/champ_bringup:/home/ubuntu/ros2_ws/install/champ_description:/home/ubuntu/ros2_ws/install/champ_config:/home/ubuntu/ros2_ws/install/mini_pupper_music:/home/ubuntu/ros2_ws/install/mini_pupper_dance:/home/ubuntu/ros2_ws/install/mini_pupper_driver:/opt/ros/humble LD_LIBRARY_PATH=/home/ubuntu/ros2_ws/install/champ_base/lib:/home/ubuntu/ros2_ws/install/champ_msgs/lib:/home/ubuntu/ros2_ws/install/mini_pupper_interfaces/lib:/opt/ros/humble/lib/aarch64-linux-gnu:/opt/ros/humble/lib /usr/bin/cmake --install /home/ubuntu/ros2_ws/build/mini_pupper_bringup
[2.462s] -- Install configuration: ""
[2.466s] -- Execute custom install script
[2.469s] -- Up-to-date symlink: /home/ubuntu/ros2_ws/install/mini_pupper_bringup/share/mini_pupper_bringup/launch/bringup.launch.py
[2.471s] -- Up-to-date symlink: /home/ubuntu/ros2_ws/install/mini_pupper_bringup/share/mini_pupper_bringup/launch/hardware_interface.launch.py
[2.472s] -- Up-to-date symlink: /home/ubuntu/ros2_ws/install/mini_pupper_bringup/share/mini_pupper_bringup/launch/rviz.launch.py
[2.475s] -- Up-to-date symlink: /home/ubuntu/ros2_ws/install/mini_pupper_bringup/share/mini_pupper_bringup/config/mini_pupper.yaml
[2.476s] -- Up-to-date symlink: /home/ubuntu/ros2_ws/install/mini_pupper_bringup/share/mini_pupper_bringup/config/mini_pupper_2.yaml
[2.478s] -- Up-to-date symlink: /home/ubuntu/ros2_ws/install/mini_pupper_bringup/share/ament_index/resource_index/package_run_dependencies/mini_pupper_bringup
[2.481s] -- Up-to-date symlink: /home/ubuntu/ros2_ws/install/mini_pupper_bringup/share/ament_index/resource_index/parent_prefix_path/mini_pupper_bringup
[2.483s] -- Up-to-date symlink: /home/ubuntu/ros2_ws/install/mini_pupper_bringup/share/mini_pupper_bringup/environment/ament_prefix_path.sh
[2.484s] -- Up-to-date symlink: /home/ubuntu/ros2_ws/install/mini_pupper_bringup/share/mini_pupper_bringup/environment/ament_prefix_path.dsv
[2.486s] -- Up-to-date symlink: /home/ubuntu/ros2_ws/install/mini_pupper_bringup/share/mini_pupper_bringup/environment/path.sh
[2.487s] -- Up-to-date symlink: /home/ubuntu/ros2_ws/install/mini_pupper_bringup/share/mini_pupper_bringup/environment/path.dsv
[2.488s] -- Up-to-date symlink: /home/ubuntu/ros2_ws/install/mini_pupper_bringup/share/mini_pupper_bringup/local_setup.bash
[2.491s] -- Up-to-date symlink: /home/ubuntu/ros2_ws/install/mini_pupper_bringup/share/mini_pupper_bringup/local_setup.sh
[2.494s] -- Up-to-date symlink: /home/ubuntu/ros2_ws/install/mini_pupper_bringup/share/mini_pupper_bringup/local_setup.zsh
[2.496s] -- Up-to-date symlink: /home/ubuntu/ros2_ws/install/mini_pupper_bringup/share/mini_pupper_bringup/local_setup.dsv
[2.497s] -- Symlinking: /home/ubuntu/ros2_ws/install/mini_pupper_bringup/share/mini_pupper_bringup/package.dsv
[2.539s] -- Up-to-date symlink: /home/ubuntu/ros2_ws/install/mini_pupper_bringup/share/ament_index/resource_index/packages/mini_pupper_bringup
[2.542s] -- Up-to-date symlink: /home/ubuntu/ros2_ws/install/mini_pupper_bringup/share/mini_pupper_bringup/cmake/mini_pupper_bringupConfig.cmake
[2.543s] -- Up-to-date symlink: /home/ubuntu/ros2_ws/install/mini_pupper_bringup/share/mini_pupper_bringup/cmake/mini_pupper_bringupConfig-version.cmake
[2.545s] -- Up-to-date symlink: /home/ubuntu/ros2_ws/install/mini_pupper_bringup/share/mini_pupper_bringup/package.xml
[2.555s] Invoked command in '/home/ubuntu/ros2_ws/build/mini_pupper_bringup' returned '0': CMAKE_PREFIX_PATH=/home/ubuntu/ros2_ws/install/champ_base:/home/ubuntu/ros2_ws/install/champ_msgs:/home/ubuntu/ros2_ws/install/champ:/home/ubuntu/ros2_ws/install/mini_pupper_slam:/home/ubuntu/ros2_ws/install/mini_pupper_interfaces:/home/ubuntu/ros2_ws/install/mini_pupper_description:/home/ubuntu/ros2_ws/install/mini_pupper_bringup:/home/ubuntu/ros2_ws/install/mini_pupper_2_description:/home/ubuntu/ros2_ws/install/ldlidar_stl_ros2:/home/ubuntu/ros2_ws/install/champ_teleop:/home/ubuntu/ros2_ws/install/champ_bringup:/home/ubuntu/ros2_ws/install/champ_description:/home/ubuntu/ros2_ws/install/champ_config:/home/ubuntu/ros2_ws/install/mini_pupper_music:/home/ubuntu/ros2_ws/install/mini_pupper_dance:/home/ubuntu/ros2_ws/install/mini_pupper_driver:/opt/ros/humble LD_LIBRARY_PATH=/home/ubuntu/ros2_ws/install/champ_base/lib:/home/ubuntu/ros2_ws/install/champ_msgs/lib:/home/ubuntu/ros2_ws/install/mini_pupper_interfaces/lib:/opt/ros/humble/lib/aarch64-linux-gnu:/opt/ros/humble/lib /usr/bin/cmake --install /home/ubuntu/ros2_ws/build/mini_pupper_bringup
